[2026-02-06T21:33:17.225+0000] {processor.py:161} INFO - Started process (PID=44) to work on /opt/airflow/dags/src/model_development.py
[2026-02-06T21:33:17.226+0000] {processor.py:830} INFO - Processing file /opt/airflow/dags/src/model_development.py for tasks to queue
[2026-02-06T21:33:17.227+0000] {logging_mixin.py:188} INFO - [2026-02-06T21:33:17.227+0000] {dagbag.py:545} INFO - Filling up the DagBag from /opt/airflow/dags/src/model_development.py
[2026-02-06T21:33:19.106+0000] {processor.py:842} WARNING - No viable dags retrieved from /opt/airflow/dags/src/model_development.py
[2026-02-06T21:33:19.117+0000] {processor.py:183} INFO - Processing /opt/airflow/dags/src/model_development.py took 1.896 seconds
[2026-02-06T21:33:49.385+0000] {processor.py:161} INFO - Started process (PID=62) to work on /opt/airflow/dags/src/model_development.py
[2026-02-06T21:33:49.386+0000] {processor.py:830} INFO - Processing file /opt/airflow/dags/src/model_development.py for tasks to queue
[2026-02-06T21:33:49.387+0000] {logging_mixin.py:188} INFO - [2026-02-06T21:33:49.387+0000] {dagbag.py:545} INFO - Filling up the DagBag from /opt/airflow/dags/src/model_development.py
[2026-02-06T21:33:50.112+0000] {processor.py:842} WARNING - No viable dags retrieved from /opt/airflow/dags/src/model_development.py
[2026-02-06T21:33:50.120+0000] {processor.py:183} INFO - Processing /opt/airflow/dags/src/model_development.py took 0.739 seconds
[2026-02-06T21:34:20.502+0000] {processor.py:161} INFO - Started process (PID=80) to work on /opt/airflow/dags/src/model_development.py
[2026-02-06T21:34:20.503+0000] {processor.py:830} INFO - Processing file /opt/airflow/dags/src/model_development.py for tasks to queue
[2026-02-06T21:34:20.504+0000] {logging_mixin.py:188} INFO - [2026-02-06T21:34:20.504+0000] {dagbag.py:545} INFO - Filling up the DagBag from /opt/airflow/dags/src/model_development.py
[2026-02-06T21:34:21.151+0000] {processor.py:842} WARNING - No viable dags retrieved from /opt/airflow/dags/src/model_development.py
[2026-02-06T21:34:21.157+0000] {processor.py:183} INFO - Processing /opt/airflow/dags/src/model_development.py took 0.661 seconds
[2026-02-06T21:34:51.764+0000] {processor.py:161} INFO - Started process (PID=104) to work on /opt/airflow/dags/src/model_development.py
[2026-02-06T21:34:51.765+0000] {processor.py:830} INFO - Processing file /opt/airflow/dags/src/model_development.py for tasks to queue
[2026-02-06T21:34:51.766+0000] {logging_mixin.py:188} INFO - [2026-02-06T21:34:51.766+0000] {dagbag.py:545} INFO - Filling up the DagBag from /opt/airflow/dags/src/model_development.py
[2026-02-06T21:34:52.447+0000] {processor.py:842} WARNING - No viable dags retrieved from /opt/airflow/dags/src/model_development.py
[2026-02-06T21:34:52.454+0000] {processor.py:183} INFO - Processing /opt/airflow/dags/src/model_development.py took 0.697 seconds
[2026-02-06T21:35:23.031+0000] {processor.py:161} INFO - Started process (PID=123) to work on /opt/airflow/dags/src/model_development.py
[2026-02-06T21:35:23.032+0000] {processor.py:830} INFO - Processing file /opt/airflow/dags/src/model_development.py for tasks to queue
[2026-02-06T21:35:23.033+0000] {logging_mixin.py:188} INFO - [2026-02-06T21:35:23.032+0000] {dagbag.py:545} INFO - Filling up the DagBag from /opt/airflow/dags/src/model_development.py
[2026-02-06T21:35:23.682+0000] {processor.py:842} WARNING - No viable dags retrieved from /opt/airflow/dags/src/model_development.py
[2026-02-06T21:35:23.688+0000] {processor.py:183} INFO - Processing /opt/airflow/dags/src/model_development.py took 0.660 seconds
[2026-02-06T21:35:54.303+0000] {processor.py:161} INFO - Started process (PID=141) to work on /opt/airflow/dags/src/model_development.py
[2026-02-06T21:35:54.304+0000] {processor.py:830} INFO - Processing file /opt/airflow/dags/src/model_development.py for tasks to queue
[2026-02-06T21:35:54.304+0000] {logging_mixin.py:188} INFO - [2026-02-06T21:35:54.304+0000] {dagbag.py:545} INFO - Filling up the DagBag from /opt/airflow/dags/src/model_development.py
[2026-02-06T21:35:55.132+0000] {processor.py:842} WARNING - No viable dags retrieved from /opt/airflow/dags/src/model_development.py
[2026-02-06T21:35:55.178+0000] {processor.py:183} INFO - Processing /opt/airflow/dags/src/model_development.py took 0.879 seconds
[2026-02-06T21:36:25.452+0000] {processor.py:161} INFO - Started process (PID=159) to work on /opt/airflow/dags/src/model_development.py
[2026-02-06T21:36:25.453+0000] {processor.py:830} INFO - Processing file /opt/airflow/dags/src/model_development.py for tasks to queue
[2026-02-06T21:36:25.454+0000] {logging_mixin.py:188} INFO - [2026-02-06T21:36:25.453+0000] {dagbag.py:545} INFO - Filling up the DagBag from /opt/airflow/dags/src/model_development.py
[2026-02-06T21:36:26.136+0000] {processor.py:842} WARNING - No viable dags retrieved from /opt/airflow/dags/src/model_development.py
[2026-02-06T21:36:26.143+0000] {processor.py:183} INFO - Processing /opt/airflow/dags/src/model_development.py took 0.695 seconds
[2026-02-06T21:36:56.703+0000] {processor.py:161} INFO - Started process (PID=177) to work on /opt/airflow/dags/src/model_development.py
[2026-02-06T21:36:56.703+0000] {processor.py:830} INFO - Processing file /opt/airflow/dags/src/model_development.py for tasks to queue
[2026-02-06T21:36:56.704+0000] {logging_mixin.py:188} INFO - [2026-02-06T21:36:56.704+0000] {dagbag.py:545} INFO - Filling up the DagBag from /opt/airflow/dags/src/model_development.py
[2026-02-06T21:36:57.346+0000] {processor.py:842} WARNING - No viable dags retrieved from /opt/airflow/dags/src/model_development.py
[2026-02-06T21:36:57.352+0000] {processor.py:183} INFO - Processing /opt/airflow/dags/src/model_development.py took 0.654 seconds
[2026-02-06T21:37:27.972+0000] {processor.py:161} INFO - Started process (PID=195) to work on /opt/airflow/dags/src/model_development.py
[2026-02-06T21:37:27.973+0000] {processor.py:830} INFO - Processing file /opt/airflow/dags/src/model_development.py for tasks to queue
[2026-02-06T21:37:27.974+0000] {logging_mixin.py:188} INFO - [2026-02-06T21:37:27.974+0000] {dagbag.py:545} INFO - Filling up the DagBag from /opt/airflow/dags/src/model_development.py
[2026-02-06T21:37:28.575+0000] {processor.py:842} WARNING - No viable dags retrieved from /opt/airflow/dags/src/model_development.py
[2026-02-06T21:37:28.582+0000] {processor.py:183} INFO - Processing /opt/airflow/dags/src/model_development.py took 0.614 seconds
[2026-02-06T21:37:59.264+0000] {processor.py:161} INFO - Started process (PID=213) to work on /opt/airflow/dags/src/model_development.py
[2026-02-06T21:37:59.265+0000] {processor.py:830} INFO - Processing file /opt/airflow/dags/src/model_development.py for tasks to queue
[2026-02-06T21:37:59.266+0000] {logging_mixin.py:188} INFO - [2026-02-06T21:37:59.266+0000] {dagbag.py:545} INFO - Filling up the DagBag from /opt/airflow/dags/src/model_development.py
[2026-02-06T21:37:59.934+0000] {processor.py:842} WARNING - No viable dags retrieved from /opt/airflow/dags/src/model_development.py
[2026-02-06T21:37:59.940+0000] {processor.py:183} INFO - Processing /opt/airflow/dags/src/model_development.py took 0.681 seconds
[2026-02-06T21:57:36.132+0000] {processor.py:186} INFO - Started process (PID=45) to work on /opt/airflow/dags/src/model_development.py
[2026-02-06T21:57:36.133+0000] {processor.py:914} INFO - Processing file /opt/airflow/dags/src/model_development.py for tasks to queue
[2026-02-06T21:57:36.134+0000] {logging_mixin.py:190} INFO - [2026-02-06T21:57:36.134+0000] {dagbag.py:588} INFO - Filling up the DagBag from /opt/airflow/dags/src/model_development.py
[2026-02-06T21:57:37.973+0000] {processor.py:927} WARNING - No viable dags retrieved from /opt/airflow/dags/src/model_development.py
[2026-02-06T21:57:37.981+0000] {processor.py:208} INFO - Processing /opt/airflow/dags/src/model_development.py took 1.856 seconds
[2026-02-06T21:58:08.310+0000] {processor.py:186} INFO - Started process (PID=63) to work on /opt/airflow/dags/src/model_development.py
[2026-02-06T21:58:08.310+0000] {processor.py:914} INFO - Processing file /opt/airflow/dags/src/model_development.py for tasks to queue
[2026-02-06T21:58:08.311+0000] {logging_mixin.py:190} INFO - [2026-02-06T21:58:08.311+0000] {dagbag.py:588} INFO - Filling up the DagBag from /opt/airflow/dags/src/model_development.py
[2026-02-06T21:58:09.155+0000] {processor.py:927} WARNING - No viable dags retrieved from /opt/airflow/dags/src/model_development.py
[2026-02-06T21:58:09.163+0000] {processor.py:208} INFO - Processing /opt/airflow/dags/src/model_development.py took 0.856 seconds
[2026-02-06T21:58:39.410+0000] {processor.py:186} INFO - Started process (PID=81) to work on /opt/airflow/dags/src/model_development.py
[2026-02-06T21:58:39.410+0000] {processor.py:914} INFO - Processing file /opt/airflow/dags/src/model_development.py for tasks to queue
[2026-02-06T21:58:39.412+0000] {logging_mixin.py:190} INFO - [2026-02-06T21:58:39.412+0000] {dagbag.py:588} INFO - Filling up the DagBag from /opt/airflow/dags/src/model_development.py
[2026-02-06T21:58:40.144+0000] {processor.py:927} WARNING - No viable dags retrieved from /opt/airflow/dags/src/model_development.py
[2026-02-06T21:58:40.152+0000] {processor.py:208} INFO - Processing /opt/airflow/dags/src/model_development.py took 0.747 seconds
[2026-02-06T21:59:10.571+0000] {processor.py:186} INFO - Started process (PID=105) to work on /opt/airflow/dags/src/model_development.py
[2026-02-06T21:59:10.572+0000] {processor.py:914} INFO - Processing file /opt/airflow/dags/src/model_development.py for tasks to queue
[2026-02-06T21:59:10.574+0000] {logging_mixin.py:190} INFO - [2026-02-06T21:59:10.574+0000] {dagbag.py:588} INFO - Filling up the DagBag from /opt/airflow/dags/src/model_development.py
[2026-02-06T21:59:11.307+0000] {processor.py:927} WARNING - No viable dags retrieved from /opt/airflow/dags/src/model_development.py
[2026-02-06T21:59:11.313+0000] {processor.py:208} INFO - Processing /opt/airflow/dags/src/model_development.py took 0.746 seconds
[2026-02-06T21:59:41.682+0000] {processor.py:186} INFO - Started process (PID=123) to work on /opt/airflow/dags/src/model_development.py
[2026-02-06T21:59:41.683+0000] {processor.py:914} INFO - Processing file /opt/airflow/dags/src/model_development.py for tasks to queue
[2026-02-06T21:59:41.684+0000] {logging_mixin.py:190} INFO - [2026-02-06T21:59:41.684+0000] {dagbag.py:588} INFO - Filling up the DagBag from /opt/airflow/dags/src/model_development.py
[2026-02-06T21:59:42.445+0000] {processor.py:927} WARNING - No viable dags retrieved from /opt/airflow/dags/src/model_development.py
[2026-02-06T21:59:42.452+0000] {processor.py:208} INFO - Processing /opt/airflow/dags/src/model_development.py took 0.772 seconds
[2026-02-06T22:00:12.806+0000] {processor.py:186} INFO - Started process (PID=141) to work on /opt/airflow/dags/src/model_development.py
[2026-02-06T22:00:12.807+0000] {processor.py:914} INFO - Processing file /opt/airflow/dags/src/model_development.py for tasks to queue
[2026-02-06T22:00:12.808+0000] {logging_mixin.py:190} INFO - [2026-02-06T22:00:12.808+0000] {dagbag.py:588} INFO - Filling up the DagBag from /opt/airflow/dags/src/model_development.py
[2026-02-06T22:00:13.508+0000] {processor.py:927} WARNING - No viable dags retrieved from /opt/airflow/dags/src/model_development.py
[2026-02-06T22:00:13.514+0000] {processor.py:208} INFO - Processing /opt/airflow/dags/src/model_development.py took 0.715 seconds
[2026-02-06T22:00:43.889+0000] {processor.py:186} INFO - Started process (PID=159) to work on /opt/airflow/dags/src/model_development.py
[2026-02-06T22:00:43.890+0000] {processor.py:914} INFO - Processing file /opt/airflow/dags/src/model_development.py for tasks to queue
[2026-02-06T22:00:43.892+0000] {logging_mixin.py:190} INFO - [2026-02-06T22:00:43.892+0000] {dagbag.py:588} INFO - Filling up the DagBag from /opt/airflow/dags/src/model_development.py
[2026-02-06T22:00:44.644+0000] {processor.py:927} WARNING - No viable dags retrieved from /opt/airflow/dags/src/model_development.py
[2026-02-06T22:00:44.650+0000] {processor.py:208} INFO - Processing /opt/airflow/dags/src/model_development.py took 0.766 seconds
[2026-02-06T22:01:15.121+0000] {processor.py:186} INFO - Started process (PID=177) to work on /opt/airflow/dags/src/model_development.py
[2026-02-06T22:01:15.122+0000] {processor.py:914} INFO - Processing file /opt/airflow/dags/src/model_development.py for tasks to queue
[2026-02-06T22:01:15.124+0000] {logging_mixin.py:190} INFO - [2026-02-06T22:01:15.124+0000] {dagbag.py:588} INFO - Filling up the DagBag from /opt/airflow/dags/src/model_development.py
[2026-02-06T22:01:15.860+0000] {processor.py:927} WARNING - No viable dags retrieved from /opt/airflow/dags/src/model_development.py
[2026-02-06T22:01:15.868+0000] {processor.py:208} INFO - Processing /opt/airflow/dags/src/model_development.py took 0.752 seconds
[2026-02-06T22:01:46.249+0000] {processor.py:186} INFO - Started process (PID=195) to work on /opt/airflow/dags/src/model_development.py
[2026-02-06T22:01:46.250+0000] {processor.py:914} INFO - Processing file /opt/airflow/dags/src/model_development.py for tasks to queue
[2026-02-06T22:01:46.253+0000] {logging_mixin.py:190} INFO - [2026-02-06T22:01:46.253+0000] {dagbag.py:588} INFO - Filling up the DagBag from /opt/airflow/dags/src/model_development.py
[2026-02-06T22:01:47.038+0000] {processor.py:927} WARNING - No viable dags retrieved from /opt/airflow/dags/src/model_development.py
[2026-02-06T22:01:47.047+0000] {processor.py:208} INFO - Processing /opt/airflow/dags/src/model_development.py took 0.805 seconds
[2026-02-06T22:02:17.431+0000] {processor.py:186} INFO - Started process (PID=213) to work on /opt/airflow/dags/src/model_development.py
[2026-02-06T22:02:17.432+0000] {processor.py:914} INFO - Processing file /opt/airflow/dags/src/model_development.py for tasks to queue
[2026-02-06T22:02:17.433+0000] {logging_mixin.py:190} INFO - [2026-02-06T22:02:17.433+0000] {dagbag.py:588} INFO - Filling up the DagBag from /opt/airflow/dags/src/model_development.py
[2026-02-06T22:02:18.096+0000] {processor.py:927} WARNING - No viable dags retrieved from /opt/airflow/dags/src/model_development.py
[2026-02-06T22:02:18.103+0000] {processor.py:208} INFO - Processing /opt/airflow/dags/src/model_development.py took 0.675 seconds
[2026-02-06T22:02:48.521+0000] {processor.py:186} INFO - Started process (PID=231) to work on /opt/airflow/dags/src/model_development.py
[2026-02-06T22:02:48.521+0000] {processor.py:914} INFO - Processing file /opt/airflow/dags/src/model_development.py for tasks to queue
[2026-02-06T22:02:48.523+0000] {logging_mixin.py:190} INFO - [2026-02-06T22:02:48.523+0000] {dagbag.py:588} INFO - Filling up the DagBag from /opt/airflow/dags/src/model_development.py
[2026-02-06T22:02:49.220+0000] {processor.py:927} WARNING - No viable dags retrieved from /opt/airflow/dags/src/model_development.py
[2026-02-06T22:02:49.226+0000] {processor.py:208} INFO - Processing /opt/airflow/dags/src/model_development.py took 0.709 seconds
[2026-02-06T22:03:19.613+0000] {processor.py:186} INFO - Started process (PID=250) to work on /opt/airflow/dags/src/model_development.py
[2026-02-06T22:03:19.614+0000] {processor.py:914} INFO - Processing file /opt/airflow/dags/src/model_development.py for tasks to queue
[2026-02-06T22:03:19.616+0000] {logging_mixin.py:190} INFO - [2026-02-06T22:03:19.616+0000] {dagbag.py:588} INFO - Filling up the DagBag from /opt/airflow/dags/src/model_development.py
[2026-02-06T22:03:20.307+0000] {processor.py:927} WARNING - No viable dags retrieved from /opt/airflow/dags/src/model_development.py
[2026-02-06T22:03:20.314+0000] {processor.py:208} INFO - Processing /opt/airflow/dags/src/model_development.py took 0.705 seconds
[2026-02-06T22:03:50.682+0000] {processor.py:186} INFO - Started process (PID=270) to work on /opt/airflow/dags/src/model_development.py
[2026-02-06T22:03:50.683+0000] {processor.py:914} INFO - Processing file /opt/airflow/dags/src/model_development.py for tasks to queue
[2026-02-06T22:03:50.686+0000] {logging_mixin.py:190} INFO - [2026-02-06T22:03:50.686+0000] {dagbag.py:588} INFO - Filling up the DagBag from /opt/airflow/dags/src/model_development.py
[2026-02-06T22:03:51.408+0000] {processor.py:927} WARNING - No viable dags retrieved from /opt/airflow/dags/src/model_development.py
[2026-02-06T22:03:51.415+0000] {processor.py:208} INFO - Processing /opt/airflow/dags/src/model_development.py took 0.740 seconds
[2026-02-06T22:04:52.021+0000] {processor.py:186} INFO - Started process (PID=45) to work on /opt/airflow/dags/src/model_development.py
[2026-02-06T22:04:52.023+0000] {processor.py:914} INFO - Processing file /opt/airflow/dags/src/model_development.py for tasks to queue
[2026-02-06T22:04:52.026+0000] {logging_mixin.py:190} INFO - [2026-02-06T22:04:52.026+0000] {dagbag.py:588} INFO - Filling up the DagBag from /opt/airflow/dags/src/model_development.py
[2026-02-06T22:04:53.835+0000] {processor.py:927} WARNING - No viable dags retrieved from /opt/airflow/dags/src/model_development.py
[2026-02-06T22:04:53.843+0000] {processor.py:208} INFO - Processing /opt/airflow/dags/src/model_development.py took 1.828 seconds
[2026-02-06T22:05:24.191+0000] {processor.py:186} INFO - Started process (PID=63) to work on /opt/airflow/dags/src/model_development.py
[2026-02-06T22:05:24.192+0000] {processor.py:914} INFO - Processing file /opt/airflow/dags/src/model_development.py for tasks to queue
[2026-02-06T22:05:24.193+0000] {logging_mixin.py:190} INFO - [2026-02-06T22:05:24.193+0000] {dagbag.py:588} INFO - Filling up the DagBag from /opt/airflow/dags/src/model_development.py
[2026-02-06T22:05:25.009+0000] {processor.py:927} WARNING - No viable dags retrieved from /opt/airflow/dags/src/model_development.py
[2026-02-06T22:05:25.015+0000] {processor.py:208} INFO - Processing /opt/airflow/dags/src/model_development.py took 0.830 seconds
[2026-02-06T22:05:55.357+0000] {processor.py:186} INFO - Started process (PID=81) to work on /opt/airflow/dags/src/model_development.py
[2026-02-06T22:05:55.358+0000] {processor.py:914} INFO - Processing file /opt/airflow/dags/src/model_development.py for tasks to queue
[2026-02-06T22:05:55.359+0000] {logging_mixin.py:190} INFO - [2026-02-06T22:05:55.359+0000] {dagbag.py:588} INFO - Filling up the DagBag from /opt/airflow/dags/src/model_development.py
[2026-02-06T22:05:56.167+0000] {processor.py:927} WARNING - No viable dags retrieved from /opt/airflow/dags/src/model_development.py
[2026-02-06T22:05:56.174+0000] {processor.py:208} INFO - Processing /opt/airflow/dags/src/model_development.py took 0.820 seconds
[2026-02-06T22:13:04.458+0000] {processor.py:186} INFO - Started process (PID=45) to work on /opt/airflow/dags/src/model_development.py
[2026-02-06T22:13:04.459+0000] {processor.py:914} INFO - Processing file /opt/airflow/dags/src/model_development.py for tasks to queue
[2026-02-06T22:13:04.462+0000] {logging_mixin.py:190} INFO - [2026-02-06T22:13:04.461+0000] {dagbag.py:588} INFO - Filling up the DagBag from /opt/airflow/dags/src/model_development.py
[2026-02-06T22:13:06.265+0000] {processor.py:927} WARNING - No viable dags retrieved from /opt/airflow/dags/src/model_development.py
[2026-02-06T22:13:06.276+0000] {processor.py:208} INFO - Processing /opt/airflow/dags/src/model_development.py took 1.824 seconds
[2026-02-06T22:13:36.581+0000] {processor.py:186} INFO - Started process (PID=63) to work on /opt/airflow/dags/src/model_development.py
[2026-02-06T22:13:36.582+0000] {processor.py:914} INFO - Processing file /opt/airflow/dags/src/model_development.py for tasks to queue
[2026-02-06T22:13:36.584+0000] {logging_mixin.py:190} INFO - [2026-02-06T22:13:36.583+0000] {dagbag.py:588} INFO - Filling up the DagBag from /opt/airflow/dags/src/model_development.py
[2026-02-06T22:13:37.632+0000] {processor.py:927} WARNING - No viable dags retrieved from /opt/airflow/dags/src/model_development.py
[2026-02-06T22:13:37.640+0000] {processor.py:208} INFO - Processing /opt/airflow/dags/src/model_development.py took 1.064 seconds
[2026-02-06T22:14:07.987+0000] {processor.py:186} INFO - Started process (PID=81) to work on /opt/airflow/dags/src/model_development.py
[2026-02-06T22:14:07.988+0000] {processor.py:914} INFO - Processing file /opt/airflow/dags/src/model_development.py for tasks to queue
[2026-02-06T22:14:07.990+0000] {logging_mixin.py:190} INFO - [2026-02-06T22:14:07.990+0000] {dagbag.py:588} INFO - Filling up the DagBag from /opt/airflow/dags/src/model_development.py
[2026-02-06T22:14:08.687+0000] {processor.py:927} WARNING - No viable dags retrieved from /opt/airflow/dags/src/model_development.py
[2026-02-06T22:14:08.694+0000] {processor.py:208} INFO - Processing /opt/airflow/dags/src/model_development.py took 0.714 seconds
[2026-02-06T22:15:58.784+0000] {processor.py:186} INFO - Started process (PID=45) to work on /opt/airflow/dags/src/model_development.py
[2026-02-06T22:15:58.786+0000] {processor.py:914} INFO - Processing file /opt/airflow/dags/src/model_development.py for tasks to queue
[2026-02-06T22:15:58.788+0000] {logging_mixin.py:190} INFO - [2026-02-06T22:15:58.788+0000] {dagbag.py:588} INFO - Filling up the DagBag from /opt/airflow/dags/src/model_development.py
[2026-02-06T22:16:00.568+0000] {processor.py:927} WARNING - No viable dags retrieved from /opt/airflow/dags/src/model_development.py
[2026-02-06T22:16:00.580+0000] {processor.py:208} INFO - Processing /opt/airflow/dags/src/model_development.py took 1.800 seconds
[2026-02-06T22:16:31.140+0000] {processor.py:186} INFO - Started process (PID=71) to work on /opt/airflow/dags/src/model_development.py
[2026-02-06T22:16:31.141+0000] {processor.py:914} INFO - Processing file /opt/airflow/dags/src/model_development.py for tasks to queue
[2026-02-06T22:16:31.142+0000] {logging_mixin.py:190} INFO - [2026-02-06T22:16:31.142+0000] {dagbag.py:588} INFO - Filling up the DagBag from /opt/airflow/dags/src/model_development.py
[2026-02-06T22:16:31.931+0000] {processor.py:927} WARNING - No viable dags retrieved from /opt/airflow/dags/src/model_development.py
[2026-02-06T22:16:31.942+0000] {processor.py:208} INFO - Processing /opt/airflow/dags/src/model_development.py took 0.805 seconds
[2026-02-06T22:17:02.276+0000] {processor.py:186} INFO - Started process (PID=102) to work on /opt/airflow/dags/src/model_development.py
[2026-02-06T22:17:02.276+0000] {processor.py:914} INFO - Processing file /opt/airflow/dags/src/model_development.py for tasks to queue
[2026-02-06T22:17:02.278+0000] {logging_mixin.py:190} INFO - [2026-02-06T22:17:02.277+0000] {dagbag.py:588} INFO - Filling up the DagBag from /opt/airflow/dags/src/model_development.py
[2026-02-06T22:17:03.088+0000] {processor.py:927} WARNING - No viable dags retrieved from /opt/airflow/dags/src/model_development.py
[2026-02-06T22:17:03.097+0000] {processor.py:208} INFO - Processing /opt/airflow/dags/src/model_development.py took 0.825 seconds
[2026-02-06T22:17:33.480+0000] {processor.py:186} INFO - Started process (PID=135) to work on /opt/airflow/dags/src/model_development.py
[2026-02-06T22:17:33.481+0000] {processor.py:914} INFO - Processing file /opt/airflow/dags/src/model_development.py for tasks to queue
[2026-02-06T22:17:33.482+0000] {logging_mixin.py:190} INFO - [2026-02-06T22:17:33.482+0000] {dagbag.py:588} INFO - Filling up the DagBag from /opt/airflow/dags/src/model_development.py
[2026-02-06T22:17:34.207+0000] {processor.py:927} WARNING - No viable dags retrieved from /opt/airflow/dags/src/model_development.py
[2026-02-06T22:17:34.215+0000] {processor.py:208} INFO - Processing /opt/airflow/dags/src/model_development.py took 0.738 seconds
[2026-02-06T22:18:04.609+0000] {processor.py:186} INFO - Started process (PID=162) to work on /opt/airflow/dags/src/model_development.py
[2026-02-06T22:18:04.609+0000] {processor.py:914} INFO - Processing file /opt/airflow/dags/src/model_development.py for tasks to queue
[2026-02-06T22:18:04.611+0000] {logging_mixin.py:190} INFO - [2026-02-06T22:18:04.611+0000] {dagbag.py:588} INFO - Filling up the DagBag from /opt/airflow/dags/src/model_development.py
[2026-02-06T22:18:05.443+0000] {processor.py:927} WARNING - No viable dags retrieved from /opt/airflow/dags/src/model_development.py
[2026-02-06T22:18:05.449+0000] {processor.py:208} INFO - Processing /opt/airflow/dags/src/model_development.py took 0.844 seconds
[2026-02-06T22:18:35.801+0000] {processor.py:186} INFO - Started process (PID=189) to work on /opt/airflow/dags/src/model_development.py
[2026-02-06T22:18:35.802+0000] {processor.py:914} INFO - Processing file /opt/airflow/dags/src/model_development.py for tasks to queue
[2026-02-06T22:18:35.803+0000] {logging_mixin.py:190} INFO - [2026-02-06T22:18:35.803+0000] {dagbag.py:588} INFO - Filling up the DagBag from /opt/airflow/dags/src/model_development.py
[2026-02-06T22:18:36.621+0000] {processor.py:927} WARNING - No viable dags retrieved from /opt/airflow/dags/src/model_development.py
[2026-02-06T22:18:36.633+0000] {processor.py:208} INFO - Processing /opt/airflow/dags/src/model_development.py took 0.835 seconds
[2026-02-06T22:19:06.973+0000] {processor.py:186} INFO - Started process (PID=216) to work on /opt/airflow/dags/src/model_development.py
[2026-02-06T22:19:06.974+0000] {processor.py:914} INFO - Processing file /opt/airflow/dags/src/model_development.py for tasks to queue
[2026-02-06T22:19:06.975+0000] {logging_mixin.py:190} INFO - [2026-02-06T22:19:06.975+0000] {dagbag.py:588} INFO - Filling up the DagBag from /opt/airflow/dags/src/model_development.py
[2026-02-06T22:19:07.806+0000] {processor.py:927} WARNING - No viable dags retrieved from /opt/airflow/dags/src/model_development.py
[2026-02-06T22:19:07.812+0000] {processor.py:208} INFO - Processing /opt/airflow/dags/src/model_development.py took 0.842 seconds
[2026-02-06T22:19:38.164+0000] {processor.py:186} INFO - Started process (PID=252) to work on /opt/airflow/dags/src/model_development.py
[2026-02-06T22:19:38.165+0000] {processor.py:914} INFO - Processing file /opt/airflow/dags/src/model_development.py for tasks to queue
[2026-02-06T22:19:38.167+0000] {logging_mixin.py:190} INFO - [2026-02-06T22:19:38.167+0000] {dagbag.py:588} INFO - Filling up the DagBag from /opt/airflow/dags/src/model_development.py
[2026-02-06T22:19:38.930+0000] {processor.py:927} WARNING - No viable dags retrieved from /opt/airflow/dags/src/model_development.py
[2026-02-06T22:19:38.937+0000] {processor.py:208} INFO - Processing /opt/airflow/dags/src/model_development.py took 0.777 seconds
[2026-02-06T22:20:09.221+0000] {processor.py:186} INFO - Started process (PID=279) to work on /opt/airflow/dags/src/model_development.py
[2026-02-06T22:20:09.222+0000] {processor.py:914} INFO - Processing file /opt/airflow/dags/src/model_development.py for tasks to queue
[2026-02-06T22:20:09.223+0000] {logging_mixin.py:190} INFO - [2026-02-06T22:20:09.223+0000] {dagbag.py:588} INFO - Filling up the DagBag from /opt/airflow/dags/src/model_development.py
[2026-02-06T22:20:09.883+0000] {processor.py:927} WARNING - No viable dags retrieved from /opt/airflow/dags/src/model_development.py
[2026-02-06T22:20:09.890+0000] {processor.py:208} INFO - Processing /opt/airflow/dags/src/model_development.py took 0.672 seconds
