[2026-02-09T17:08:14.611+0000] {local_task_job_runner.py:123} INFO - ::group::Pre task execution logs
[2026-02-09T17:08:14.620+0000] {taskinstance.py:2612} INFO - Dependencies all met for dep_context=non-requeueable deps ti=<TaskInstance: Airflow_Lab2.separate_data_outputs_task scheduled__2026-02-08T00:00:00+00:00 [queued]>
[2026-02-09T17:08:14.624+0000] {taskinstance.py:2612} INFO - Dependencies all met for dep_context=requeueable deps ti=<TaskInstance: Airflow_Lab2.separate_data_outputs_task scheduled__2026-02-08T00:00:00+00:00 [queued]>
[2026-02-09T17:08:14.625+0000] {taskinstance.py:2865} INFO - Starting attempt 1 of 1
[2026-02-09T17:08:14.631+0000] {taskinstance.py:2888} INFO - Executing <Task(PythonOperator): separate_data_outputs_task> on 2026-02-08 00:00:00+00:00
[2026-02-09T17:08:14.635+0000] {warnings.py:112} WARNING - /home/***/.local/lib/python3.12/site-packages/***/task/task_runner/standard_task_runner.py:70: DeprecationWarning: This process (pid=148) is multi-threaded, use of fork() may lead to deadlocks in the child.
  pid = os.fork()

[2026-02-09T17:08:14.636+0000] {standard_task_runner.py:72} INFO - Started process 158 to run task
[2026-02-09T17:08:14.636+0000] {standard_task_runner.py:104} INFO - Running: ['***', 'tasks', 'run', 'Airflow_Lab2', 'separate_data_outputs_task', 'scheduled__2026-02-08T00:00:00+00:00', '--job-id', '6', '--raw', '--subdir', 'DAGS_FOLDER/main.py', '--cfg-path', '/tmp/tmp2sz4tuff']
[2026-02-09T17:08:14.638+0000] {standard_task_runner.py:105} INFO - Job 6: Subtask separate_data_outputs_task
[2026-02-09T17:08:14.662+0000] {task_command.py:467} INFO - Running <TaskInstance: Airflow_Lab2.separate_data_outputs_task scheduled__2026-02-08T00:00:00+00:00 [running]> on host 8249ecf5051c
[2026-02-09T17:08:14.701+0000] {taskinstance.py:3131} INFO - Exporting env vars: AIRFLOW_CTX_DAG_OWNER='***' AIRFLOW_CTX_DAG_ID='Airflow_Lab2' AIRFLOW_CTX_TASK_ID='separate_data_outputs_task' AIRFLOW_CTX_EXECUTION_DATE='2026-02-08T00:00:00+00:00' AIRFLOW_CTX_TRY_NUMBER='1' AIRFLOW_CTX_DAG_RUN_ID='scheduled__2026-02-08T00:00:00+00:00'
[2026-02-09T17:08:14.702+0000] {taskinstance.py:731} INFO - ::endgroup::
[2026-02-09T17:08:14.708+0000] {python.py:240} INFO - Done. Returned value was: /opt/***/working_data/preprocessed.pkl
[2026-02-09T17:08:14.718+0000] {taskinstance.py:340} INFO - ::group::Post task execution logs
[2026-02-09T17:08:14.718+0000] {taskinstance.py:352} INFO - Marking task as SUCCESS. dag_id=Airflow_Lab2, task_id=separate_data_outputs_task, run_id=scheduled__2026-02-08T00:00:00+00:00, execution_date=20260208T000000, start_date=20260209T170814, end_date=20260209T170814
[2026-02-09T17:08:14.733+0000] {local_task_job_runner.py:266} INFO - Task exited with return code 0
[2026-02-09T17:08:14.746+0000] {taskinstance.py:3900} INFO - 1 downstream tasks scheduled from follow-on schedule check
[2026-02-09T17:08:14.746+0000] {local_task_job_runner.py:245} INFO - ::endgroup::
[2026-02-09T17:18:13.770+0000] {local_task_job_runner.py:123} INFO - ::group::Pre task execution logs
[2026-02-09T17:18:13.778+0000] {taskinstance.py:2612} INFO - Dependencies all met for dep_context=non-requeueable deps ti=<TaskInstance: Airflow_Lab2.separate_data_outputs_task scheduled__2026-02-08T00:00:00+00:00 [queued]>
[2026-02-09T17:18:13.781+0000] {taskinstance.py:2612} INFO - Dependencies all met for dep_context=requeueable deps ti=<TaskInstance: Airflow_Lab2.separate_data_outputs_task scheduled__2026-02-08T00:00:00+00:00 [queued]>
[2026-02-09T17:18:13.781+0000] {taskinstance.py:2865} INFO - Starting attempt 1 of 1
[2026-02-09T17:18:13.786+0000] {taskinstance.py:2888} INFO - Executing <Task(PythonOperator): separate_data_outputs_task> on 2026-02-08 00:00:00+00:00
[2026-02-09T17:18:13.791+0000] {warnings.py:112} WARNING - /home/***/.local/lib/python3.12/site-packages/***/task/task_runner/standard_task_runner.py:70: DeprecationWarning: This process (pid=134) is multi-threaded, use of fork() may lead to deadlocks in the child.
  pid = os.fork()

[2026-02-09T17:18:13.791+0000] {standard_task_runner.py:72} INFO - Started process 144 to run task
[2026-02-09T17:18:13.792+0000] {standard_task_runner.py:104} INFO - Running: ['***', 'tasks', 'run', 'Airflow_Lab2', 'separate_data_outputs_task', 'scheduled__2026-02-08T00:00:00+00:00', '--job-id', '6', '--raw', '--subdir', 'DAGS_FOLDER/main.py', '--cfg-path', '/tmp/tmpnotzj9rr']
[2026-02-09T17:18:13.794+0000] {standard_task_runner.py:105} INFO - Job 6: Subtask separate_data_outputs_task
[2026-02-09T17:18:13.816+0000] {task_command.py:467} INFO - Running <TaskInstance: Airflow_Lab2.separate_data_outputs_task scheduled__2026-02-08T00:00:00+00:00 [running]> on host 910a2320de3d
[2026-02-09T17:18:13.854+0000] {taskinstance.py:3131} INFO - Exporting env vars: AIRFLOW_CTX_DAG_OWNER='***' AIRFLOW_CTX_DAG_ID='Airflow_Lab2' AIRFLOW_CTX_TASK_ID='separate_data_outputs_task' AIRFLOW_CTX_EXECUTION_DATE='2026-02-08T00:00:00+00:00' AIRFLOW_CTX_TRY_NUMBER='1' AIRFLOW_CTX_DAG_RUN_ID='scheduled__2026-02-08T00:00:00+00:00'
[2026-02-09T17:18:13.854+0000] {taskinstance.py:731} INFO - ::endgroup::
[2026-02-09T17:18:13.861+0000] {python.py:240} INFO - Done. Returned value was: /opt/***/working_data/preprocessed.pkl
[2026-02-09T17:18:13.870+0000] {taskinstance.py:340} INFO - ::group::Post task execution logs
[2026-02-09T17:18:13.870+0000] {taskinstance.py:352} INFO - Marking task as SUCCESS. dag_id=Airflow_Lab2, task_id=separate_data_outputs_task, run_id=scheduled__2026-02-08T00:00:00+00:00, execution_date=20260208T000000, start_date=20260209T171813, end_date=20260209T171813
[2026-02-09T17:18:13.892+0000] {local_task_job_runner.py:266} INFO - Task exited with return code 0
[2026-02-09T17:18:13.905+0000] {taskinstance.py:3900} INFO - 1 downstream tasks scheduled from follow-on schedule check
[2026-02-09T17:18:13.906+0000] {local_task_job_runner.py:245} INFO - ::endgroup::
