[2026-02-07T19:53:55.761+0000] {local_task_job_runner.py:123} INFO - ::group::Pre task execution logs
[2026-02-07T19:53:55.773+0000] {taskinstance.py:2612} INFO - Dependencies all met for dep_context=non-requeueable deps ti=<TaskInstance: Airflow_Lab2_Flask.start_Flask_API manual__2026-02-07T19:49:53.311153+00:00 [queued]>
[2026-02-07T19:53:55.779+0000] {taskinstance.py:2612} INFO - Dependencies all met for dep_context=requeueable deps ti=<TaskInstance: Airflow_Lab2_Flask.start_Flask_API manual__2026-02-07T19:49:53.311153+00:00 [queued]>
[2026-02-07T19:53:55.779+0000] {taskinstance.py:2865} INFO - Starting attempt 1 of 1
[2026-02-07T19:53:55.786+0000] {taskinstance.py:2888} INFO - Executing <Task(PythonOperator): start_Flask_API> on 2026-02-07 19:49:53.311153+00:00
[2026-02-07T19:53:55.789+0000] {warnings.py:112} WARNING - /home/***/.local/lib/python3.12/site-packages/***/task/task_runner/standard_task_runner.py:70: DeprecationWarning: This process (pid=211) is multi-threaded, use of fork() may lead to deadlocks in the child.
  pid = os.fork()

[2026-02-07T19:53:55.790+0000] {standard_task_runner.py:72} INFO - Started process 212 to run task
[2026-02-07T19:53:55.790+0000] {standard_task_runner.py:104} INFO - Running: ['***', 'tasks', 'run', 'Airflow_Lab2_Flask', 'start_Flask_API', 'manual__2026-02-07T19:49:53.311153+00:00', '--job-id', '21', '--raw', '--subdir', 'DAGS_FOLDER/Flask_API.py', '--cfg-path', '/tmp/tmpu4d6qons']
[2026-02-07T19:53:55.792+0000] {standard_task_runner.py:105} INFO - Job 21: Subtask start_Flask_API
[2026-02-07T19:53:55.821+0000] {task_command.py:467} INFO - Running <TaskInstance: Airflow_Lab2_Flask.start_Flask_API manual__2026-02-07T19:49:53.311153+00:00 [running]> on host c5c853953877
[2026-02-07T19:53:55.861+0000] {taskinstance.py:3131} INFO - Exporting env vars: AIRFLOW_CTX_DAG_OWNER='***' AIRFLOW_CTX_DAG_ID='Airflow_Lab2_Flask' AIRFLOW_CTX_TASK_ID='start_Flask_API' AIRFLOW_CTX_EXECUTION_DATE='2026-02-07T19:49:53.311153+00:00' AIRFLOW_CTX_TRY_NUMBER='1' AIRFLOW_CTX_DAG_RUN_ID='manual__2026-02-07T19:49:53.311153+00:00'
[2026-02-07T19:53:55.862+0000] {taskinstance.py:731} INFO - ::endgroup::
[2026-02-07T19:53:55.870+0000] {logging_mixin.py:190} INFO - Starting Flask on 0.0.0.0:5555 ...
[2026-02-07T19:53:55.880+0000] {logging_mixin.py:190} INFO -  * Serving Flask app 'unusual_prefix_fb1fa9258fa1ad786b4829a3672e98fa2e7542a0_Flask_API'
[2026-02-07T19:53:55.881+0000] {logging_mixin.py:190} INFO -  * Debug mode: off
[2026-02-07T19:53:55.883+0000] {_internal.py:224} INFO - [31m[1mWARNING: This is a development server. Do not use it in a production deployment. Use a production WSGI server instead.[0m
 * Running on all addresses (0.0.0.0)
 * Running on http://127.0.0.1:5555
 * Running on http://172.18.0.6:5555
[2026-02-07T19:53:55.883+0000] {_internal.py:224} INFO - [33mPress CTRL+C to quit[0m
