[2026-02-09T17:08:18.715+0000] {local_task_job_runner.py:123} INFO - ::group::Pre task execution logs
[2026-02-09T17:08:18.726+0000] {taskinstance.py:2612} INFO - Dependencies all met for dep_context=non-requeueable deps ti=<TaskInstance: Airflow_Lab2.send_email scheduled__2026-02-08T00:00:00+00:00 [queued]>
[2026-02-09T17:08:18.732+0000] {taskinstance.py:2612} INFO - Dependencies all met for dep_context=requeueable deps ti=<TaskInstance: Airflow_Lab2.send_email scheduled__2026-02-08T00:00:00+00:00 [queued]>
[2026-02-09T17:08:18.732+0000] {taskinstance.py:2865} INFO - Starting attempt 1 of 1
[2026-02-09T17:08:18.740+0000] {taskinstance.py:2888} INFO - Executing <Task(EmailOperator): send_email> on 2026-02-08 00:00:00+00:00
[2026-02-09T17:08:18.744+0000] {warnings.py:112} WARNING - /home/***/.local/lib/python3.12/site-packages/***/task/task_runner/standard_task_runner.py:70: DeprecationWarning: This process (pid=192) is multi-threaded, use of fork() may lead to deadlocks in the child.
  pid = os.fork()

[2026-02-09T17:08:18.746+0000] {standard_task_runner.py:72} INFO - Started process 213 to run task
[2026-02-09T17:08:18.746+0000] {standard_task_runner.py:104} INFO - Running: ['***', 'tasks', 'run', 'Airflow_Lab2', 'send_email', 'scheduled__2026-02-08T00:00:00+00:00', '--job-id', '10', '--raw', '--subdir', 'DAGS_FOLDER/main.py', '--cfg-path', '/tmp/tmpm4u892mk']
[2026-02-09T17:08:18.749+0000] {standard_task_runner.py:105} INFO - Job 10: Subtask send_email
[2026-02-09T17:08:18.779+0000] {task_command.py:467} INFO - Running <TaskInstance: Airflow_Lab2.send_email scheduled__2026-02-08T00:00:00+00:00 [running]> on host 8249ecf5051c
[2026-02-09T17:08:18.817+0000] {taskinstance.py:3131} INFO - Exporting env vars: AIRFLOW_CTX_DAG_OWNER='***' AIRFLOW_CTX_DAG_ID='Airflow_Lab2' AIRFLOW_CTX_TASK_ID='send_email' AIRFLOW_CTX_EXECUTION_DATE='2026-02-08T00:00:00+00:00' AIRFLOW_CTX_TRY_NUMBER='1' AIRFLOW_CTX_DAG_RUN_ID='scheduled__2026-02-08T00:00:00+00:00'
[2026-02-09T17:08:18.819+0000] {taskinstance.py:731} INFO - ::endgroup::
[2026-02-09T17:08:18.827+0000] {crypto.py:82} WARNING - empty cryptography key - values will not be stored encrypted.
[2026-02-09T17:08:18.830+0000] {base.py:84} INFO - Retrieving connection 'smtp_default'
[2026-02-09T17:08:18.830+0000] {email.py:272} INFO - Email alerting: attempt 1
[2026-02-09T17:08:19.132+0000] {email.py:283} INFO - Sent an alert email to ['murtaza.sn786@gmail.com']
[2026-02-09T17:08:19.796+0000] {taskinstance.py:340} INFO - ::group::Post task execution logs
[2026-02-09T17:08:19.797+0000] {taskinstance.py:352} INFO - Marking task as SUCCESS. dag_id=Airflow_Lab2, task_id=send_email, run_id=scheduled__2026-02-08T00:00:00+00:00, execution_date=20260208T000000, start_date=20260209T170818, end_date=20260209T170819
[2026-02-09T17:08:19.838+0000] {local_task_job_runner.py:266} INFO - Task exited with return code 0
[2026-02-09T17:08:19.855+0000] {taskinstance.py:3900} INFO - 0 downstream tasks scheduled from follow-on schedule check
[2026-02-09T17:08:19.856+0000] {local_task_job_runner.py:245} INFO - ::endgroup::
[2026-02-09T17:18:17.126+0000] {local_task_job_runner.py:123} INFO - ::group::Pre task execution logs
[2026-02-09T17:18:17.135+0000] {taskinstance.py:2612} INFO - Dependencies all met for dep_context=non-requeueable deps ti=<TaskInstance: Airflow_Lab2.send_email scheduled__2026-02-08T00:00:00+00:00 [queued]>
[2026-02-09T17:18:17.141+0000] {taskinstance.py:2612} INFO - Dependencies all met for dep_context=requeueable deps ti=<TaskInstance: Airflow_Lab2.send_email scheduled__2026-02-08T00:00:00+00:00 [queued]>
[2026-02-09T17:18:17.141+0000] {taskinstance.py:2865} INFO - Starting attempt 1 of 1
[2026-02-09T17:18:17.147+0000] {taskinstance.py:2888} INFO - Executing <Task(EmailOperator): send_email> on 2026-02-08 00:00:00+00:00
[2026-02-09T17:18:17.153+0000] {warnings.py:112} WARNING - /home/***/.local/lib/python3.12/site-packages/***/task/task_runner/standard_task_runner.py:70: DeprecationWarning: This process (pid=178) is multi-threaded, use of fork() may lead to deadlocks in the child.
  pid = os.fork()

[2026-02-09T17:18:17.154+0000] {standard_task_runner.py:72} INFO - Started process 197 to run task
[2026-02-09T17:18:17.155+0000] {standard_task_runner.py:104} INFO - Running: ['***', 'tasks', 'run', 'Airflow_Lab2', 'send_email', 'scheduled__2026-02-08T00:00:00+00:00', '--job-id', '9', '--raw', '--subdir', 'DAGS_FOLDER/main.py', '--cfg-path', '/tmp/tmp521ni5ex']
[2026-02-09T17:18:17.157+0000] {standard_task_runner.py:105} INFO - Job 9: Subtask send_email
[2026-02-09T17:18:17.190+0000] {task_command.py:467} INFO - Running <TaskInstance: Airflow_Lab2.send_email scheduled__2026-02-08T00:00:00+00:00 [running]> on host 910a2320de3d
[2026-02-09T17:18:17.230+0000] {taskinstance.py:3131} INFO - Exporting env vars: AIRFLOW_CTX_DAG_OWNER='***' AIRFLOW_CTX_DAG_ID='Airflow_Lab2' AIRFLOW_CTX_TASK_ID='send_email' AIRFLOW_CTX_EXECUTION_DATE='2026-02-08T00:00:00+00:00' AIRFLOW_CTX_TRY_NUMBER='1' AIRFLOW_CTX_DAG_RUN_ID='scheduled__2026-02-08T00:00:00+00:00'
[2026-02-09T17:18:17.232+0000] {taskinstance.py:731} INFO - ::endgroup::
[2026-02-09T17:18:17.241+0000] {crypto.py:82} WARNING - empty cryptography key - values will not be stored encrypted.
[2026-02-09T17:18:17.243+0000] {base.py:84} INFO - Retrieving connection 'smtp_default'
[2026-02-09T17:18:17.243+0000] {email.py:272} INFO - Email alerting: attempt 1
[2026-02-09T17:18:17.534+0000] {email.py:283} INFO - Sent an alert email to ['murtaza.sn786@gmail.com']
[2026-02-09T17:18:18.359+0000] {taskinstance.py:340} INFO - ::group::Post task execution logs
[2026-02-09T17:18:18.359+0000] {taskinstance.py:352} INFO - Marking task as SUCCESS. dag_id=Airflow_Lab2, task_id=send_email, run_id=scheduled__2026-02-08T00:00:00+00:00, execution_date=20260208T000000, start_date=20260209T171817, end_date=20260209T171818
[2026-02-09T17:18:18.377+0000] {local_task_job_runner.py:266} INFO - Task exited with return code 0
[2026-02-09T17:18:18.387+0000] {taskinstance.py:3900} INFO - 0 downstream tasks scheduled from follow-on schedule check
[2026-02-09T17:18:18.388+0000] {local_task_job_runner.py:245} INFO - ::endgroup::
