[2026-02-07T18:37:13.608+0000] {local_task_job_runner.py:123} INFO - ::group::Pre task execution logs
[2026-02-07T18:37:13.616+0000] {taskinstance.py:2612} INFO - Dependencies all met for dep_context=non-requeueable deps ti=<TaskInstance: Airflow_Lab2.separate_data_outputs_task scheduled__2026-02-06T00:00:00+00:00 [queued]>
[2026-02-07T18:37:13.621+0000] {taskinstance.py:2612} INFO - Dependencies all met for dep_context=requeueable deps ti=<TaskInstance: Airflow_Lab2.separate_data_outputs_task scheduled__2026-02-06T00:00:00+00:00 [queued]>
[2026-02-07T18:37:13.621+0000] {taskinstance.py:2865} INFO - Starting attempt 1 of 1
[2026-02-07T18:37:13.628+0000] {taskinstance.py:2888} INFO - Executing <Task(PythonOperator): separate_data_outputs_task> on 2026-02-06 00:00:00+00:00
[2026-02-07T18:37:13.635+0000] {warnings.py:112} WARNING - /home/***/.local/lib/python3.12/site-packages/***/task/task_runner/standard_task_runner.py:70: DeprecationWarning: This process (pid=115) is multi-threaded, use of fork() may lead to deadlocks in the child.
  pid = os.fork()

[2026-02-07T18:37:13.636+0000] {standard_task_runner.py:72} INFO - Started process 125 to run task
[2026-02-07T18:37:13.636+0000] {standard_task_runner.py:104} INFO - Running: ['***', 'tasks', 'run', 'Airflow_Lab2', 'separate_data_outputs_task', 'scheduled__2026-02-06T00:00:00+00:00', '--job-id', '19', '--raw', '--subdir', 'DAGS_FOLDER/main.py', '--cfg-path', '/tmp/tmpx2vn2ss4']
[2026-02-07T18:37:13.638+0000] {standard_task_runner.py:105} INFO - Job 19: Subtask separate_data_outputs_task
[2026-02-07T18:37:13.664+0000] {task_command.py:467} INFO - Running <TaskInstance: Airflow_Lab2.separate_data_outputs_task scheduled__2026-02-06T00:00:00+00:00 [running]> on host b5a737c6612d
[2026-02-07T18:37:13.704+0000] {taskinstance.py:3131} INFO - Exporting env vars: AIRFLOW_CTX_DAG_OWNER='***' AIRFLOW_CTX_DAG_ID='Airflow_Lab2' AIRFLOW_CTX_TASK_ID='separate_data_outputs_task' AIRFLOW_CTX_EXECUTION_DATE='2026-02-06T00:00:00+00:00' AIRFLOW_CTX_TRY_NUMBER='1' AIRFLOW_CTX_DAG_RUN_ID='scheduled__2026-02-06T00:00:00+00:00'
[2026-02-07T18:37:13.705+0000] {taskinstance.py:731} INFO - ::endgroup::
[2026-02-07T18:37:13.711+0000] {python.py:240} INFO - Done. Returned value was: /opt/***/working_data/preprocessed.pkl
[2026-02-07T18:37:13.721+0000] {taskinstance.py:340} INFO - ::group::Post task execution logs
[2026-02-07T18:37:13.721+0000] {taskinstance.py:352} INFO - Marking task as SUCCESS. dag_id=Airflow_Lab2, task_id=separate_data_outputs_task, run_id=scheduled__2026-02-06T00:00:00+00:00, execution_date=20260206T000000, start_date=20260207T183713, end_date=20260207T183713
[2026-02-07T18:37:13.737+0000] {local_task_job_runner.py:266} INFO - Task exited with return code 0
[2026-02-07T18:37:13.750+0000] {taskinstance.py:3900} INFO - 1 downstream tasks scheduled from follow-on schedule check
[2026-02-07T18:37:13.751+0000] {local_task_job_runner.py:245} INFO - ::endgroup::
[2026-02-07T19:02:59.189+0000] {local_task_job_runner.py:123} INFO - ::group::Pre task execution logs
[2026-02-07T19:02:59.197+0000] {taskinstance.py:2612} INFO - Dependencies all met for dep_context=non-requeueable deps ti=<TaskInstance: Airflow_Lab2.separate_data_outputs_task scheduled__2026-02-06T00:00:00+00:00 [queued]>
[2026-02-07T19:02:59.202+0000] {taskinstance.py:2612} INFO - Dependencies all met for dep_context=requeueable deps ti=<TaskInstance: Airflow_Lab2.separate_data_outputs_task scheduled__2026-02-06T00:00:00+00:00 [queued]>
[2026-02-07T19:02:59.202+0000] {taskinstance.py:2865} INFO - Starting attempt 1 of 1
[2026-02-07T19:02:59.211+0000] {taskinstance.py:2888} INFO - Executing <Task(PythonOperator): separate_data_outputs_task> on 2026-02-06 00:00:00+00:00
[2026-02-07T19:02:59.217+0000] {warnings.py:112} WARNING - /home/***/.local/lib/python3.12/site-packages/***/task/task_runner/standard_task_runner.py:70: DeprecationWarning: This process (pid=115) is multi-threaded, use of fork() may lead to deadlocks in the child.
  pid = os.fork()

[2026-02-07T19:02:59.218+0000] {standard_task_runner.py:72} INFO - Started process 125 to run task
[2026-02-07T19:02:59.219+0000] {standard_task_runner.py:104} INFO - Running: ['***', 'tasks', 'run', 'Airflow_Lab2', 'separate_data_outputs_task', 'scheduled__2026-02-06T00:00:00+00:00', '--job-id', '6', '--raw', '--subdir', 'DAGS_FOLDER/main.py', '--cfg-path', '/tmp/tmp3qv_t63v']
[2026-02-07T19:02:59.221+0000] {standard_task_runner.py:105} INFO - Job 6: Subtask separate_data_outputs_task
[2026-02-07T19:02:59.248+0000] {task_command.py:467} INFO - Running <TaskInstance: Airflow_Lab2.separate_data_outputs_task scheduled__2026-02-06T00:00:00+00:00 [running]> on host 96e0b0316054
[2026-02-07T19:02:59.294+0000] {taskinstance.py:3131} INFO - Exporting env vars: AIRFLOW_CTX_DAG_OWNER='***' AIRFLOW_CTX_DAG_ID='Airflow_Lab2' AIRFLOW_CTX_TASK_ID='separate_data_outputs_task' AIRFLOW_CTX_EXECUTION_DATE='2026-02-06T00:00:00+00:00' AIRFLOW_CTX_TRY_NUMBER='1' AIRFLOW_CTX_DAG_RUN_ID='scheduled__2026-02-06T00:00:00+00:00'
[2026-02-07T19:02:59.295+0000] {taskinstance.py:731} INFO - ::endgroup::
[2026-02-07T19:02:59.302+0000] {python.py:240} INFO - Done. Returned value was: /opt/***/working_data/preprocessed.pkl
[2026-02-07T19:02:59.313+0000] {taskinstance.py:340} INFO - ::group::Post task execution logs
[2026-02-07T19:02:59.313+0000] {taskinstance.py:352} INFO - Marking task as SUCCESS. dag_id=Airflow_Lab2, task_id=separate_data_outputs_task, run_id=scheduled__2026-02-06T00:00:00+00:00, execution_date=20260206T000000, start_date=20260207T190259, end_date=20260207T190259
[2026-02-07T19:02:59.361+0000] {local_task_job_runner.py:266} INFO - Task exited with return code 0
[2026-02-07T19:02:59.376+0000] {taskinstance.py:3900} INFO - 1 downstream tasks scheduled from follow-on schedule check
[2026-02-07T19:02:59.377+0000] {local_task_job_runner.py:245} INFO - ::endgroup::
[2026-02-07T19:06:09.361+0000] {local_task_job_runner.py:123} INFO - ::group::Pre task execution logs
[2026-02-07T19:06:09.369+0000] {taskinstance.py:2612} INFO - Dependencies all met for dep_context=non-requeueable deps ti=<TaskInstance: Airflow_Lab2.separate_data_outputs_task scheduled__2026-02-06T00:00:00+00:00 [queued]>
[2026-02-07T19:06:09.372+0000] {taskinstance.py:2612} INFO - Dependencies all met for dep_context=requeueable deps ti=<TaskInstance: Airflow_Lab2.separate_data_outputs_task scheduled__2026-02-06T00:00:00+00:00 [queued]>
[2026-02-07T19:06:09.373+0000] {taskinstance.py:2865} INFO - Starting attempt 1 of 1
[2026-02-07T19:06:09.378+0000] {taskinstance.py:2888} INFO - Executing <Task(PythonOperator): separate_data_outputs_task> on 2026-02-06 00:00:00+00:00
[2026-02-07T19:06:09.382+0000] {warnings.py:112} WARNING - /home/***/.local/lib/python3.12/site-packages/***/task/task_runner/standard_task_runner.py:70: DeprecationWarning: This process (pid=100) is multi-threaded, use of fork() may lead to deadlocks in the child.
  pid = os.fork()

[2026-02-07T19:06:09.382+0000] {standard_task_runner.py:72} INFO - Started process 110 to run task
[2026-02-07T19:06:09.383+0000] {standard_task_runner.py:104} INFO - Running: ['***', 'tasks', 'run', 'Airflow_Lab2', 'separate_data_outputs_task', 'scheduled__2026-02-06T00:00:00+00:00', '--job-id', '6', '--raw', '--subdir', 'DAGS_FOLDER/main.py', '--cfg-path', '/tmp/tmp7ik5lw6_']
[2026-02-07T19:06:09.384+0000] {standard_task_runner.py:105} INFO - Job 6: Subtask separate_data_outputs_task
[2026-02-07T19:06:09.408+0000] {task_command.py:467} INFO - Running <TaskInstance: Airflow_Lab2.separate_data_outputs_task scheduled__2026-02-06T00:00:00+00:00 [running]> on host dbe77a8ae8d3
[2026-02-07T19:06:09.445+0000] {taskinstance.py:3131} INFO - Exporting env vars: AIRFLOW_CTX_DAG_OWNER='***' AIRFLOW_CTX_DAG_ID='Airflow_Lab2' AIRFLOW_CTX_TASK_ID='separate_data_outputs_task' AIRFLOW_CTX_EXECUTION_DATE='2026-02-06T00:00:00+00:00' AIRFLOW_CTX_TRY_NUMBER='1' AIRFLOW_CTX_DAG_RUN_ID='scheduled__2026-02-06T00:00:00+00:00'
[2026-02-07T19:06:09.446+0000] {taskinstance.py:731} INFO - ::endgroup::
[2026-02-07T19:06:09.453+0000] {python.py:240} INFO - Done. Returned value was: /opt/***/working_data/preprocessed.pkl
[2026-02-07T19:06:09.463+0000] {taskinstance.py:340} INFO - ::group::Post task execution logs
[2026-02-07T19:06:09.463+0000] {taskinstance.py:352} INFO - Marking task as SUCCESS. dag_id=Airflow_Lab2, task_id=separate_data_outputs_task, run_id=scheduled__2026-02-06T00:00:00+00:00, execution_date=20260206T000000, start_date=20260207T190609, end_date=20260207T190609
[2026-02-07T19:06:09.483+0000] {local_task_job_runner.py:266} INFO - Task exited with return code 0
[2026-02-07T19:06:09.496+0000] {taskinstance.py:3900} INFO - 1 downstream tasks scheduled from follow-on schedule check
[2026-02-07T19:06:09.497+0000] {local_task_job_runner.py:245} INFO - ::endgroup::
[2026-02-07T19:11:10.290+0000] {local_task_job_runner.py:123} INFO - ::group::Pre task execution logs
[2026-02-07T19:11:10.299+0000] {taskinstance.py:2612} INFO - Dependencies all met for dep_context=non-requeueable deps ti=<TaskInstance: Airflow_Lab2.separate_data_outputs_task scheduled__2026-02-06T00:00:00+00:00 [queued]>
[2026-02-07T19:11:10.304+0000] {taskinstance.py:2612} INFO - Dependencies all met for dep_context=requeueable deps ti=<TaskInstance: Airflow_Lab2.separate_data_outputs_task scheduled__2026-02-06T00:00:00+00:00 [queued]>
[2026-02-07T19:11:10.304+0000] {taskinstance.py:2865} INFO - Starting attempt 1 of 1
[2026-02-07T19:11:10.310+0000] {taskinstance.py:2888} INFO - Executing <Task(PythonOperator): separate_data_outputs_task> on 2026-02-06 00:00:00+00:00
[2026-02-07T19:11:10.315+0000] {warnings.py:112} WARNING - /home/***/.local/lib/python3.12/site-packages/***/task/task_runner/standard_task_runner.py:70: DeprecationWarning: This process (pid=108) is multi-threaded, use of fork() may lead to deadlocks in the child.
  pid = os.fork()

[2026-02-07T19:11:10.316+0000] {standard_task_runner.py:72} INFO - Started process 118 to run task
[2026-02-07T19:11:10.316+0000] {standard_task_runner.py:104} INFO - Running: ['***', 'tasks', 'run', 'Airflow_Lab2', 'separate_data_outputs_task', 'scheduled__2026-02-06T00:00:00+00:00', '--job-id', '6', '--raw', '--subdir', 'DAGS_FOLDER/main.py', '--cfg-path', '/tmp/tmp_hsu3nm3']
[2026-02-07T19:11:10.318+0000] {standard_task_runner.py:105} INFO - Job 6: Subtask separate_data_outputs_task
[2026-02-07T19:11:10.349+0000] {task_command.py:467} INFO - Running <TaskInstance: Airflow_Lab2.separate_data_outputs_task scheduled__2026-02-06T00:00:00+00:00 [running]> on host 5164631d18ac
[2026-02-07T19:11:10.395+0000] {taskinstance.py:3131} INFO - Exporting env vars: AIRFLOW_CTX_DAG_OWNER='***' AIRFLOW_CTX_DAG_ID='Airflow_Lab2' AIRFLOW_CTX_TASK_ID='separate_data_outputs_task' AIRFLOW_CTX_EXECUTION_DATE='2026-02-06T00:00:00+00:00' AIRFLOW_CTX_TRY_NUMBER='1' AIRFLOW_CTX_DAG_RUN_ID='scheduled__2026-02-06T00:00:00+00:00'
[2026-02-07T19:11:10.396+0000] {taskinstance.py:731} INFO - ::endgroup::
[2026-02-07T19:11:10.403+0000] {python.py:240} INFO - Done. Returned value was: /opt/***/working_data/preprocessed.pkl
[2026-02-07T19:11:10.416+0000] {taskinstance.py:340} INFO - ::group::Post task execution logs
[2026-02-07T19:11:10.416+0000] {taskinstance.py:352} INFO - Marking task as SUCCESS. dag_id=Airflow_Lab2, task_id=separate_data_outputs_task, run_id=scheduled__2026-02-06T00:00:00+00:00, execution_date=20260206T000000, start_date=20260207T191110, end_date=20260207T191110
[2026-02-07T19:11:10.459+0000] {local_task_job_runner.py:266} INFO - Task exited with return code 0
[2026-02-07T19:11:10.476+0000] {taskinstance.py:3900} INFO - 1 downstream tasks scheduled from follow-on schedule check
[2026-02-07T19:11:10.478+0000] {local_task_job_runner.py:245} INFO - ::endgroup::
[2026-02-07T19:35:20.316+0000] {local_task_job_runner.py:123} INFO - ::group::Pre task execution logs
[2026-02-07T19:35:20.323+0000] {taskinstance.py:2612} INFO - Dependencies all met for dep_context=non-requeueable deps ti=<TaskInstance: Airflow_Lab2.separate_data_outputs_task scheduled__2026-02-06T00:00:00+00:00 [queued]>
[2026-02-07T19:35:20.327+0000] {taskinstance.py:2612} INFO - Dependencies all met for dep_context=requeueable deps ti=<TaskInstance: Airflow_Lab2.separate_data_outputs_task scheduled__2026-02-06T00:00:00+00:00 [queued]>
[2026-02-07T19:35:20.327+0000] {taskinstance.py:2865} INFO - Starting attempt 1 of 1
[2026-02-07T19:35:20.332+0000] {taskinstance.py:2888} INFO - Executing <Task(PythonOperator): separate_data_outputs_task> on 2026-02-06 00:00:00+00:00
[2026-02-07T19:35:20.336+0000] {warnings.py:112} WARNING - /home/***/.local/lib/python3.12/site-packages/***/task/task_runner/standard_task_runner.py:70: DeprecationWarning: This process (pid=109) is multi-threaded, use of fork() may lead to deadlocks in the child.
  pid = os.fork()

[2026-02-07T19:35:20.337+0000] {standard_task_runner.py:72} INFO - Started process 119 to run task
[2026-02-07T19:35:20.338+0000] {standard_task_runner.py:104} INFO - Running: ['***', 'tasks', 'run', 'Airflow_Lab2', 'separate_data_outputs_task', 'scheduled__2026-02-06T00:00:00+00:00', '--job-id', '6', '--raw', '--subdir', 'DAGS_FOLDER/main.py', '--cfg-path', '/tmp/tmpbzpa4u99']
[2026-02-07T19:35:20.339+0000] {standard_task_runner.py:105} INFO - Job 6: Subtask separate_data_outputs_task
[2026-02-07T19:35:20.362+0000] {task_command.py:467} INFO - Running <TaskInstance: Airflow_Lab2.separate_data_outputs_task scheduled__2026-02-06T00:00:00+00:00 [running]> on host 3ceaac666992
[2026-02-07T19:35:20.400+0000] {taskinstance.py:3131} INFO - Exporting env vars: AIRFLOW_CTX_DAG_OWNER='***' AIRFLOW_CTX_DAG_ID='Airflow_Lab2' AIRFLOW_CTX_TASK_ID='separate_data_outputs_task' AIRFLOW_CTX_EXECUTION_DATE='2026-02-06T00:00:00+00:00' AIRFLOW_CTX_TRY_NUMBER='1' AIRFLOW_CTX_DAG_RUN_ID='scheduled__2026-02-06T00:00:00+00:00'
[2026-02-07T19:35:20.401+0000] {taskinstance.py:731} INFO - ::endgroup::
[2026-02-07T19:35:20.407+0000] {python.py:240} INFO - Done. Returned value was: /opt/***/working_data/preprocessed.pkl
[2026-02-07T19:35:20.417+0000] {taskinstance.py:340} INFO - ::group::Post task execution logs
[2026-02-07T19:35:20.418+0000] {taskinstance.py:352} INFO - Marking task as SUCCESS. dag_id=Airflow_Lab2, task_id=separate_data_outputs_task, run_id=scheduled__2026-02-06T00:00:00+00:00, execution_date=20260206T000000, start_date=20260207T193520, end_date=20260207T193520
[2026-02-07T19:35:20.435+0000] {local_task_job_runner.py:266} INFO - Task exited with return code 0
[2026-02-07T19:35:20.448+0000] {taskinstance.py:3900} INFO - 1 downstream tasks scheduled from follow-on schedule check
[2026-02-07T19:35:20.449+0000] {local_task_job_runner.py:245} INFO - ::endgroup::
[2026-02-07T20:05:11.245+0000] {local_task_job_runner.py:123} INFO - ::group::Pre task execution logs
[2026-02-07T20:05:11.254+0000] {taskinstance.py:2612} INFO - Dependencies all met for dep_context=non-requeueable deps ti=<TaskInstance: Airflow_Lab2.separate_data_outputs_task scheduled__2026-02-06T00:00:00+00:00 [queued]>
[2026-02-07T20:05:11.259+0000] {taskinstance.py:2612} INFO - Dependencies all met for dep_context=requeueable deps ti=<TaskInstance: Airflow_Lab2.separate_data_outputs_task scheduled__2026-02-06T00:00:00+00:00 [queued]>
[2026-02-07T20:05:11.259+0000] {taskinstance.py:2865} INFO - Starting attempt 1 of 1
[2026-02-07T20:05:11.265+0000] {taskinstance.py:2888} INFO - Executing <Task(PythonOperator): separate_data_outputs_task> on 2026-02-06 00:00:00+00:00
[2026-02-07T20:05:11.269+0000] {warnings.py:112} WARNING - /home/***/.local/lib/python3.12/site-packages/***/task/task_runner/standard_task_runner.py:70: DeprecationWarning: This process (pid=115) is multi-threaded, use of fork() may lead to deadlocks in the child.
  pid = os.fork()

[2026-02-07T20:05:11.270+0000] {standard_task_runner.py:72} INFO - Started process 125 to run task
[2026-02-07T20:05:11.271+0000] {standard_task_runner.py:104} INFO - Running: ['***', 'tasks', 'run', 'Airflow_Lab2', 'separate_data_outputs_task', 'scheduled__2026-02-06T00:00:00+00:00', '--job-id', '6', '--raw', '--subdir', 'DAGS_FOLDER/main.py', '--cfg-path', '/tmp/tmpn16a7xcn']
[2026-02-07T20:05:11.272+0000] {standard_task_runner.py:105} INFO - Job 6: Subtask separate_data_outputs_task
[2026-02-07T20:05:11.297+0000] {task_command.py:467} INFO - Running <TaskInstance: Airflow_Lab2.separate_data_outputs_task scheduled__2026-02-06T00:00:00+00:00 [running]> on host b76df3fd2bf8
[2026-02-07T20:05:11.338+0000] {taskinstance.py:3131} INFO - Exporting env vars: AIRFLOW_CTX_DAG_OWNER='***' AIRFLOW_CTX_DAG_ID='Airflow_Lab2' AIRFLOW_CTX_TASK_ID='separate_data_outputs_task' AIRFLOW_CTX_EXECUTION_DATE='2026-02-06T00:00:00+00:00' AIRFLOW_CTX_TRY_NUMBER='1' AIRFLOW_CTX_DAG_RUN_ID='scheduled__2026-02-06T00:00:00+00:00'
[2026-02-07T20:05:11.338+0000] {taskinstance.py:731} INFO - ::endgroup::
[2026-02-07T20:05:11.345+0000] {python.py:240} INFO - Done. Returned value was: /opt/***/working_data/preprocessed.pkl
[2026-02-07T20:05:11.356+0000] {taskinstance.py:340} INFO - ::group::Post task execution logs
[2026-02-07T20:05:11.356+0000] {taskinstance.py:352} INFO - Marking task as SUCCESS. dag_id=Airflow_Lab2, task_id=separate_data_outputs_task, run_id=scheduled__2026-02-06T00:00:00+00:00, execution_date=20260206T000000, start_date=20260207T200511, end_date=20260207T200511
[2026-02-07T20:05:11.369+0000] {local_task_job_runner.py:266} INFO - Task exited with return code 0
[2026-02-07T20:05:11.383+0000] {taskinstance.py:3900} INFO - 1 downstream tasks scheduled from follow-on schedule check
[2026-02-07T20:05:11.384+0000] {local_task_job_runner.py:245} INFO - ::endgroup::
[2026-02-07T20:21:21.766+0000] {local_task_job_runner.py:123} INFO - ::group::Pre task execution logs
[2026-02-07T20:21:21.774+0000] {taskinstance.py:2612} INFO - Dependencies all met for dep_context=non-requeueable deps ti=<TaskInstance: Airflow_Lab2.separate_data_outputs_task scheduled__2026-02-06T00:00:00+00:00 [queued]>
[2026-02-07T20:21:21.777+0000] {taskinstance.py:2612} INFO - Dependencies all met for dep_context=requeueable deps ti=<TaskInstance: Airflow_Lab2.separate_data_outputs_task scheduled__2026-02-06T00:00:00+00:00 [queued]>
[2026-02-07T20:21:21.778+0000] {taskinstance.py:2865} INFO - Starting attempt 1 of 1
[2026-02-07T20:21:21.783+0000] {taskinstance.py:2888} INFO - Executing <Task(PythonOperator): separate_data_outputs_task> on 2026-02-06 00:00:00+00:00
[2026-02-07T20:21:21.787+0000] {warnings.py:112} WARNING - /home/***/.local/lib/python3.12/site-packages/***/task/task_runner/standard_task_runner.py:70: DeprecationWarning: This process (pid=109) is multi-threaded, use of fork() may lead to deadlocks in the child.
  pid = os.fork()

[2026-02-07T20:21:21.788+0000] {standard_task_runner.py:72} INFO - Started process 119 to run task
[2026-02-07T20:21:21.789+0000] {standard_task_runner.py:104} INFO - Running: ['***', 'tasks', 'run', 'Airflow_Lab2', 'separate_data_outputs_task', 'scheduled__2026-02-06T00:00:00+00:00', '--job-id', '6', '--raw', '--subdir', 'DAGS_FOLDER/main.py', '--cfg-path', '/tmp/tmpa69sqp0x']
[2026-02-07T20:21:21.791+0000] {standard_task_runner.py:105} INFO - Job 6: Subtask separate_data_outputs_task
[2026-02-07T20:21:21.815+0000] {task_command.py:467} INFO - Running <TaskInstance: Airflow_Lab2.separate_data_outputs_task scheduled__2026-02-06T00:00:00+00:00 [running]> on host db8859978f66
[2026-02-07T20:21:21.857+0000] {taskinstance.py:3131} INFO - Exporting env vars: AIRFLOW_CTX_DAG_OWNER='***' AIRFLOW_CTX_DAG_ID='Airflow_Lab2' AIRFLOW_CTX_TASK_ID='separate_data_outputs_task' AIRFLOW_CTX_EXECUTION_DATE='2026-02-06T00:00:00+00:00' AIRFLOW_CTX_TRY_NUMBER='1' AIRFLOW_CTX_DAG_RUN_ID='scheduled__2026-02-06T00:00:00+00:00'
[2026-02-07T20:21:21.857+0000] {taskinstance.py:731} INFO - ::endgroup::
[2026-02-07T20:21:21.864+0000] {python.py:240} INFO - Done. Returned value was: /opt/***/working_data/preprocessed.pkl
[2026-02-07T20:21:21.874+0000] {taskinstance.py:340} INFO - ::group::Post task execution logs
[2026-02-07T20:21:21.874+0000] {taskinstance.py:352} INFO - Marking task as SUCCESS. dag_id=Airflow_Lab2, task_id=separate_data_outputs_task, run_id=scheduled__2026-02-06T00:00:00+00:00, execution_date=20260206T000000, start_date=20260207T202121, end_date=20260207T202121
[2026-02-07T20:21:21.886+0000] {local_task_job_runner.py:266} INFO - Task exited with return code 0
[2026-02-07T20:21:21.900+0000] {taskinstance.py:3900} INFO - 1 downstream tasks scheduled from follow-on schedule check
[2026-02-07T20:21:21.901+0000] {local_task_job_runner.py:245} INFO - ::endgroup::
