[2026-02-09T17:08:17.508+0000] {local_task_job_runner.py:123} INFO - ::group::Pre task execution logs
[2026-02-09T17:08:17.517+0000] {taskinstance.py:2612} INFO - Dependencies all met for dep_context=non-requeueable deps ti=<TaskInstance: Airflow_Lab2.load_model_task scheduled__2026-02-08T00:00:00+00:00 [queued]>
[2026-02-09T17:08:17.521+0000] {taskinstance.py:2612} INFO - Dependencies all met for dep_context=requeueable deps ti=<TaskInstance: Airflow_Lab2.load_model_task scheduled__2026-02-08T00:00:00+00:00 [queued]>
[2026-02-09T17:08:17.521+0000] {taskinstance.py:2865} INFO - Starting attempt 1 of 1
[2026-02-09T17:08:17.527+0000] {taskinstance.py:2888} INFO - Executing <Task(PythonOperator): load_model_task> on 2026-02-08 00:00:00+00:00
[2026-02-09T17:08:17.530+0000] {warnings.py:112} WARNING - /home/***/.local/lib/python3.12/site-packages/***/task/task_runner/standard_task_runner.py:70: DeprecationWarning: This process (pid=179) is multi-threaded, use of fork() may lead to deadlocks in the child.
  pid = os.fork()

[2026-02-09T17:08:17.531+0000] {standard_task_runner.py:72} INFO - Started process 189 to run task
[2026-02-09T17:08:17.532+0000] {standard_task_runner.py:104} INFO - Running: ['***', 'tasks', 'run', 'Airflow_Lab2', 'load_model_task', 'scheduled__2026-02-08T00:00:00+00:00', '--job-id', '8', '--raw', '--subdir', 'DAGS_FOLDER/main.py', '--cfg-path', '/tmp/tmpf6thzi2z']
[2026-02-09T17:08:17.534+0000] {standard_task_runner.py:105} INFO - Job 8: Subtask load_model_task
[2026-02-09T17:08:17.557+0000] {task_command.py:467} INFO - Running <TaskInstance: Airflow_Lab2.load_model_task scheduled__2026-02-08T00:00:00+00:00 [running]> on host 8249ecf5051c
[2026-02-09T17:08:17.596+0000] {taskinstance.py:3131} INFO - Exporting env vars: AIRFLOW_CTX_DAG_OWNER='***' AIRFLOW_CTX_DAG_ID='Airflow_Lab2' AIRFLOW_CTX_TASK_ID='load_model_task' AIRFLOW_CTX_EXECUTION_DATE='2026-02-08T00:00:00+00:00' AIRFLOW_CTX_TRY_NUMBER='1' AIRFLOW_CTX_DAG_RUN_ID='scheduled__2026-02-08T00:00:00+00:00'
[2026-02-09T17:08:17.596+0000] {taskinstance.py:731} INFO - ::endgroup::
[2026-02-09T17:08:17.604+0000] {logging_mixin.py:190} INFO - Model score on test data: 0.97
[2026-02-09T17:08:17.605+0000] {python.py:240} INFO - Done. Returned value was: 1
[2026-02-09T17:08:17.614+0000] {taskinstance.py:340} INFO - ::group::Post task execution logs
[2026-02-09T17:08:17.614+0000] {taskinstance.py:352} INFO - Marking task as SUCCESS. dag_id=Airflow_Lab2, task_id=load_model_task, run_id=scheduled__2026-02-08T00:00:00+00:00, execution_date=20260208T000000, start_date=20260209T170817, end_date=20260209T170817
[2026-02-09T17:08:17.629+0000] {local_task_job_runner.py:266} INFO - Task exited with return code 0
[2026-02-09T17:08:17.642+0000] {taskinstance.py:3900} INFO - 2 downstream tasks scheduled from follow-on schedule check
[2026-02-09T17:08:17.642+0000] {local_task_job_runner.py:245} INFO - ::endgroup::
[2026-02-09T17:18:15.997+0000] {local_task_job_runner.py:123} INFO - ::group::Pre task execution logs
[2026-02-09T17:18:16.005+0000] {taskinstance.py:2612} INFO - Dependencies all met for dep_context=non-requeueable deps ti=<TaskInstance: Airflow_Lab2.load_model_task scheduled__2026-02-08T00:00:00+00:00 [queued]>
[2026-02-09T17:18:16.009+0000] {taskinstance.py:2612} INFO - Dependencies all met for dep_context=requeueable deps ti=<TaskInstance: Airflow_Lab2.load_model_task scheduled__2026-02-08T00:00:00+00:00 [queued]>
[2026-02-09T17:18:16.010+0000] {taskinstance.py:2865} INFO - Starting attempt 1 of 1
[2026-02-09T17:18:16.016+0000] {taskinstance.py:2888} INFO - Executing <Task(PythonOperator): load_model_task> on 2026-02-08 00:00:00+00:00
[2026-02-09T17:18:16.020+0000] {warnings.py:112} WARNING - /home/***/.local/lib/python3.12/site-packages/***/task/task_runner/standard_task_runner.py:70: DeprecationWarning: This process (pid=165) is multi-threaded, use of fork() may lead to deadlocks in the child.
  pid = os.fork()

[2026-02-09T17:18:16.021+0000] {standard_task_runner.py:72} INFO - Started process 175 to run task
[2026-02-09T17:18:16.022+0000] {standard_task_runner.py:104} INFO - Running: ['***', 'tasks', 'run', 'Airflow_Lab2', 'load_model_task', 'scheduled__2026-02-08T00:00:00+00:00', '--job-id', '8', '--raw', '--subdir', 'DAGS_FOLDER/main.py', '--cfg-path', '/tmp/tmpi1v4t3nj']
[2026-02-09T17:18:16.023+0000] {standard_task_runner.py:105} INFO - Job 8: Subtask load_model_task
[2026-02-09T17:18:16.048+0000] {task_command.py:467} INFO - Running <TaskInstance: Airflow_Lab2.load_model_task scheduled__2026-02-08T00:00:00+00:00 [running]> on host 910a2320de3d
[2026-02-09T17:18:16.089+0000] {taskinstance.py:3131} INFO - Exporting env vars: AIRFLOW_CTX_DAG_OWNER='***' AIRFLOW_CTX_DAG_ID='Airflow_Lab2' AIRFLOW_CTX_TASK_ID='load_model_task' AIRFLOW_CTX_EXECUTION_DATE='2026-02-08T00:00:00+00:00' AIRFLOW_CTX_TRY_NUMBER='1' AIRFLOW_CTX_DAG_RUN_ID='scheduled__2026-02-08T00:00:00+00:00'
[2026-02-09T17:18:16.090+0000] {taskinstance.py:731} INFO - ::endgroup::
[2026-02-09T17:18:16.098+0000] {logging_mixin.py:190} INFO - Model score on test data: 0.97
[2026-02-09T17:18:16.098+0000] {python.py:240} INFO - Done. Returned value was: 1
[2026-02-09T17:18:16.110+0000] {taskinstance.py:340} INFO - ::group::Post task execution logs
[2026-02-09T17:18:16.110+0000] {taskinstance.py:352} INFO - Marking task as SUCCESS. dag_id=Airflow_Lab2, task_id=load_model_task, run_id=scheduled__2026-02-08T00:00:00+00:00, execution_date=20260208T000000, start_date=20260209T171816, end_date=20260209T171816
[2026-02-09T17:18:16.119+0000] {local_task_job_runner.py:266} INFO - Task exited with return code 0
[2026-02-09T17:18:16.131+0000] {taskinstance.py:3900} INFO - 2 downstream tasks scheduled from follow-on schedule check
[2026-02-09T17:18:16.132+0000] {local_task_job_runner.py:245} INFO - ::endgroup::
