[2026-02-09T17:08:13.581+0000] {local_task_job_runner.py:123} INFO - ::group::Pre task execution logs
[2026-02-09T17:08:13.589+0000] {taskinstance.py:2612} INFO - Dependencies all met for dep_context=non-requeueable deps ti=<TaskInstance: Airflow_Lab2.data_preprocessing_task scheduled__2026-02-08T00:00:00+00:00 [queued]>
[2026-02-09T17:08:13.593+0000] {taskinstance.py:2612} INFO - Dependencies all met for dep_context=requeueable deps ti=<TaskInstance: Airflow_Lab2.data_preprocessing_task scheduled__2026-02-08T00:00:00+00:00 [queued]>
[2026-02-09T17:08:13.593+0000] {taskinstance.py:2865} INFO - Starting attempt 1 of 1
[2026-02-09T17:08:13.599+0000] {taskinstance.py:2888} INFO - Executing <Task(PythonOperator): data_preprocessing_task> on 2026-02-08 00:00:00+00:00
[2026-02-09T17:08:13.602+0000] {warnings.py:112} WARNING - /home/***/.local/lib/python3.12/site-packages/***/task/task_runner/standard_task_runner.py:70: DeprecationWarning: This process (pid=136) is multi-threaded, use of fork() may lead to deadlocks in the child.
  pid = os.fork()

[2026-02-09T17:08:13.603+0000] {standard_task_runner.py:72} INFO - Started process 146 to run task
[2026-02-09T17:08:13.604+0000] {standard_task_runner.py:104} INFO - Running: ['***', 'tasks', 'run', 'Airflow_Lab2', 'data_preprocessing_task', 'scheduled__2026-02-08T00:00:00+00:00', '--job-id', '5', '--raw', '--subdir', 'DAGS_FOLDER/main.py', '--cfg-path', '/tmp/tmp34b08uku']
[2026-02-09T17:08:13.605+0000] {standard_task_runner.py:105} INFO - Job 5: Subtask data_preprocessing_task
[2026-02-09T17:08:13.630+0000] {task_command.py:467} INFO - Running <TaskInstance: Airflow_Lab2.data_preprocessing_task scheduled__2026-02-08T00:00:00+00:00 [running]> on host 8249ecf5051c
[2026-02-09T17:08:13.673+0000] {taskinstance.py:3131} INFO - Exporting env vars: AIRFLOW_CTX_DAG_OWNER='***' AIRFLOW_CTX_DAG_ID='Airflow_Lab2' AIRFLOW_CTX_TASK_ID='data_preprocessing_task' AIRFLOW_CTX_EXECUTION_DATE='2026-02-08T00:00:00+00:00' AIRFLOW_CTX_TRY_NUMBER='1' AIRFLOW_CTX_DAG_RUN_ID='scheduled__2026-02-08T00:00:00+00:00'
[2026-02-09T17:08:13.674+0000] {taskinstance.py:731} INFO - ::endgroup::
[2026-02-09T17:08:13.692+0000] {python.py:240} INFO - Done. Returned value was: /opt/***/working_data/preprocessed.pkl
[2026-02-09T17:08:13.703+0000] {taskinstance.py:340} INFO - ::group::Post task execution logs
[2026-02-09T17:08:13.703+0000] {taskinstance.py:352} INFO - Marking task as SUCCESS. dag_id=Airflow_Lab2, task_id=data_preprocessing_task, run_id=scheduled__2026-02-08T00:00:00+00:00, execution_date=20260208T000000, start_date=20260209T170813, end_date=20260209T170813
[2026-02-09T17:08:13.746+0000] {local_task_job_runner.py:266} INFO - Task exited with return code 0
[2026-02-09T17:08:13.759+0000] {taskinstance.py:3900} INFO - 1 downstream tasks scheduled from follow-on schedule check
[2026-02-09T17:08:13.761+0000] {local_task_job_runner.py:245} INFO - ::endgroup::
[2026-02-09T17:18:12.061+0000] {local_task_job_runner.py:123} INFO - ::group::Pre task execution logs
[2026-02-09T17:18:12.068+0000] {taskinstance.py:2612} INFO - Dependencies all met for dep_context=non-requeueable deps ti=<TaskInstance: Airflow_Lab2.data_preprocessing_task scheduled__2026-02-08T00:00:00+00:00 [queued]>
[2026-02-09T17:18:12.072+0000] {taskinstance.py:2612} INFO - Dependencies all met for dep_context=requeueable deps ti=<TaskInstance: Airflow_Lab2.data_preprocessing_task scheduled__2026-02-08T00:00:00+00:00 [queued]>
[2026-02-09T17:18:12.072+0000] {taskinstance.py:2865} INFO - Starting attempt 1 of 1
[2026-02-09T17:18:12.077+0000] {taskinstance.py:2888} INFO - Executing <Task(PythonOperator): data_preprocessing_task> on 2026-02-08 00:00:00+00:00
[2026-02-09T17:18:12.081+0000] {warnings.py:112} WARNING - /home/***/.local/lib/python3.12/site-packages/***/task/task_runner/standard_task_runner.py:70: DeprecationWarning: This process (pid=122) is multi-threaded, use of fork() may lead to deadlocks in the child.
  pid = os.fork()

[2026-02-09T17:18:12.082+0000] {standard_task_runner.py:72} INFO - Started process 132 to run task
[2026-02-09T17:18:12.082+0000] {standard_task_runner.py:104} INFO - Running: ['***', 'tasks', 'run', 'Airflow_Lab2', 'data_preprocessing_task', 'scheduled__2026-02-08T00:00:00+00:00', '--job-id', '5', '--raw', '--subdir', 'DAGS_FOLDER/main.py', '--cfg-path', '/tmp/tmpas0kiz5_']
[2026-02-09T17:18:12.084+0000] {standard_task_runner.py:105} INFO - Job 5: Subtask data_preprocessing_task
[2026-02-09T17:18:12.107+0000] {task_command.py:467} INFO - Running <TaskInstance: Airflow_Lab2.data_preprocessing_task scheduled__2026-02-08T00:00:00+00:00 [running]> on host 910a2320de3d
[2026-02-09T17:18:12.151+0000] {taskinstance.py:3131} INFO - Exporting env vars: AIRFLOW_CTX_DAG_OWNER='***' AIRFLOW_CTX_DAG_ID='Airflow_Lab2' AIRFLOW_CTX_TASK_ID='data_preprocessing_task' AIRFLOW_CTX_EXECUTION_DATE='2026-02-08T00:00:00+00:00' AIRFLOW_CTX_TRY_NUMBER='1' AIRFLOW_CTX_DAG_RUN_ID='scheduled__2026-02-08T00:00:00+00:00'
[2026-02-09T17:18:12.152+0000] {taskinstance.py:731} INFO - ::endgroup::
[2026-02-09T17:18:12.171+0000] {python.py:240} INFO - Done. Returned value was: /opt/***/working_data/preprocessed.pkl
[2026-02-09T17:18:12.182+0000] {taskinstance.py:340} INFO - ::group::Post task execution logs
[2026-02-09T17:18:12.183+0000] {taskinstance.py:352} INFO - Marking task as SUCCESS. dag_id=Airflow_Lab2, task_id=data_preprocessing_task, run_id=scheduled__2026-02-08T00:00:00+00:00, execution_date=20260208T000000, start_date=20260209T171812, end_date=20260209T171812
[2026-02-09T17:18:12.222+0000] {local_task_job_runner.py:266} INFO - Task exited with return code 0
[2026-02-09T17:18:12.237+0000] {taskinstance.py:3900} INFO - 1 downstream tasks scheduled from follow-on schedule check
[2026-02-09T17:18:12.240+0000] {local_task_job_runner.py:245} INFO - ::endgroup::
