[2026-02-09T17:24:50.828+0000] {local_task_job_runner.py:123} INFO - ::group::Pre task execution logs
[2026-02-09T17:24:50.835+0000] {taskinstance.py:2612} INFO - Dependencies all met for dep_context=non-requeueable deps ti=<TaskInstance: Airflow_Lab2.load_model_task manual__2026-02-09T17:24:39.571364+00:00 [queued]>
[2026-02-09T17:24:50.839+0000] {taskinstance.py:2612} INFO - Dependencies all met for dep_context=requeueable deps ti=<TaskInstance: Airflow_Lab2.load_model_task manual__2026-02-09T17:24:39.571364+00:00 [queued]>
[2026-02-09T17:24:50.839+0000] {taskinstance.py:2865} INFO - Starting attempt 1 of 1
[2026-02-09T17:24:50.844+0000] {taskinstance.py:2888} INFO - Executing <Task(PythonOperator): load_model_task> on 2026-02-09 17:24:39.571364+00:00
[2026-02-09T17:24:50.848+0000] {warnings.py:112} WARNING - /home/***/.local/lib/python3.12/site-packages/***/task/task_runner/standard_task_runner.py:70: DeprecationWarning: This process (pid=165) is multi-threaded, use of fork() may lead to deadlocks in the child.
  pid = os.fork()

[2026-02-09T17:24:50.849+0000] {standard_task_runner.py:72} INFO - Started process 175 to run task
[2026-02-09T17:24:50.850+0000] {standard_task_runner.py:104} INFO - Running: ['***', 'tasks', 'run', 'Airflow_Lab2', 'load_model_task', 'manual__2026-02-09T17:24:39.571364+00:00', '--job-id', '19', '--raw', '--subdir', 'DAGS_FOLDER/main.py', '--cfg-path', '/tmp/tmp676s1e3z']
[2026-02-09T17:24:50.851+0000] {standard_task_runner.py:105} INFO - Job 19: Subtask load_model_task
[2026-02-09T17:24:50.872+0000] {task_command.py:467} INFO - Running <TaskInstance: Airflow_Lab2.load_model_task manual__2026-02-09T17:24:39.571364+00:00 [running]> on host db06609fe407
[2026-02-09T17:24:50.911+0000] {taskinstance.py:3131} INFO - Exporting env vars: AIRFLOW_CTX_DAG_OWNER='***' AIRFLOW_CTX_DAG_ID='Airflow_Lab2' AIRFLOW_CTX_TASK_ID='load_model_task' AIRFLOW_CTX_EXECUTION_DATE='2026-02-09T17:24:39.571364+00:00' AIRFLOW_CTX_TRY_NUMBER='1' AIRFLOW_CTX_DAG_RUN_ID='manual__2026-02-09T17:24:39.571364+00:00'
[2026-02-09T17:24:50.912+0000] {taskinstance.py:731} INFO - ::endgroup::
[2026-02-09T17:24:50.920+0000] {logging_mixin.py:190} INFO - Model score on test data: 0.97
[2026-02-09T17:24:50.921+0000] {python.py:240} INFO - Done. Returned value was: 1
[2026-02-09T17:24:50.930+0000] {taskinstance.py:340} INFO - ::group::Post task execution logs
[2026-02-09T17:24:50.931+0000] {taskinstance.py:352} INFO - Marking task as SUCCESS. dag_id=Airflow_Lab2, task_id=load_model_task, run_id=manual__2026-02-09T17:24:39.571364+00:00, execution_date=20260209T172439, start_date=20260209T172450, end_date=20260209T172450
[2026-02-09T17:24:50.950+0000] {local_task_job_runner.py:266} INFO - Task exited with return code 0
[2026-02-09T17:24:50.961+0000] {taskinstance.py:3900} INFO - 2 downstream tasks scheduled from follow-on schedule check
[2026-02-09T17:24:50.962+0000] {local_task_job_runner.py:245} INFO - ::endgroup::
