[2026-02-09T17:08:10.511+0000] {local_task_job_runner.py:123} INFO - ::group::Pre task execution logs
[2026-02-09T17:08:10.518+0000] {taskinstance.py:2612} INFO - Dependencies all met for dep_context=non-requeueable deps ti=<TaskInstance: Airflow_Lab2.task_using_linked_owner scheduled__2026-02-08T00:00:00+00:00 [queued]>
[2026-02-09T17:08:10.522+0000] {taskinstance.py:2612} INFO - Dependencies all met for dep_context=requeueable deps ti=<TaskInstance: Airflow_Lab2.task_using_linked_owner scheduled__2026-02-08T00:00:00+00:00 [queued]>
[2026-02-09T17:08:10.522+0000] {taskinstance.py:2865} INFO - Starting attempt 1 of 1
[2026-02-09T17:08:10.527+0000] {taskinstance.py:2888} INFO - Executing <Task(BashOperator): task_using_linked_owner> on 2026-02-08 00:00:00+00:00
[2026-02-09T17:08:10.530+0000] {warnings.py:112} WARNING - /home/***/.local/lib/python3.12/site-packages/***/task/task_runner/standard_task_runner.py:70: DeprecationWarning: This process (pid=111) is multi-threaded, use of fork() may lead to deadlocks in the child.
  pid = os.fork()

[2026-02-09T17:08:10.531+0000] {standard_task_runner.py:72} INFO - Started process 121 to run task
[2026-02-09T17:08:10.532+0000] {standard_task_runner.py:104} INFO - Running: ['***', 'tasks', 'run', 'Airflow_Lab2', 'task_using_linked_owner', 'scheduled__2026-02-08T00:00:00+00:00', '--job-id', '3', '--raw', '--subdir', 'DAGS_FOLDER/main.py', '--cfg-path', '/tmp/tmpq1wv0xet']
[2026-02-09T17:08:10.533+0000] {standard_task_runner.py:105} INFO - Job 3: Subtask task_using_linked_owner
[2026-02-09T17:08:10.556+0000] {task_command.py:467} INFO - Running <TaskInstance: Airflow_Lab2.task_using_linked_owner scheduled__2026-02-08T00:00:00+00:00 [running]> on host 8249ecf5051c
[2026-02-09T17:08:10.599+0000] {taskinstance.py:3131} INFO - Exporting env vars: AIRFLOW_CTX_DAG_OWNER='Ramin Mohammadi' AIRFLOW_CTX_DAG_ID='Airflow_Lab2' AIRFLOW_CTX_TASK_ID='task_using_linked_owner' AIRFLOW_CTX_EXECUTION_DATE='2026-02-08T00:00:00+00:00' AIRFLOW_CTX_TRY_NUMBER='1' AIRFLOW_CTX_DAG_RUN_ID='scheduled__2026-02-08T00:00:00+00:00'
[2026-02-09T17:08:10.600+0000] {taskinstance.py:731} INFO - ::endgroup::
[2026-02-09T17:08:10.633+0000] {subprocess.py:63} INFO - Tmp dir root location: /tmp
[2026-02-09T17:08:10.633+0000] {subprocess.py:75} INFO - Running command: ['/usr/bin/bash', '-c', 'echo 1']
[2026-02-09T17:08:10.644+0000] {subprocess.py:86} INFO - Output:
[2026-02-09T17:08:10.650+0000] {subprocess.py:93} INFO - 1
[2026-02-09T17:08:10.651+0000] {subprocess.py:97} INFO - Command exited with return code 0
[2026-02-09T17:08:10.668+0000] {taskinstance.py:340} INFO - ::group::Post task execution logs
[2026-02-09T17:08:10.668+0000] {taskinstance.py:352} INFO - Marking task as SUCCESS. dag_id=Airflow_Lab2, task_id=task_using_linked_owner, run_id=scheduled__2026-02-08T00:00:00+00:00, execution_date=20260208T000000, start_date=20260209T170810, end_date=20260209T170810
[2026-02-09T17:08:10.711+0000] {local_task_job_runner.py:266} INFO - Task exited with return code 0
[2026-02-09T17:08:10.728+0000] {taskinstance.py:3900} INFO - 1 downstream tasks scheduled from follow-on schedule check
[2026-02-09T17:08:10.729+0000] {local_task_job_runner.py:245} INFO - ::endgroup::
[2026-02-09T17:18:08.827+0000] {local_task_job_runner.py:123} INFO - ::group::Pre task execution logs
[2026-02-09T17:18:08.836+0000] {taskinstance.py:2612} INFO - Dependencies all met for dep_context=non-requeueable deps ti=<TaskInstance: Airflow_Lab2.task_using_linked_owner scheduled__2026-02-08T00:00:00+00:00 [queued]>
[2026-02-09T17:18:08.841+0000] {taskinstance.py:2612} INFO - Dependencies all met for dep_context=requeueable deps ti=<TaskInstance: Airflow_Lab2.task_using_linked_owner scheduled__2026-02-08T00:00:00+00:00 [queued]>
[2026-02-09T17:18:08.841+0000] {taskinstance.py:2865} INFO - Starting attempt 1 of 1
[2026-02-09T17:18:08.849+0000] {taskinstance.py:2888} INFO - Executing <Task(BashOperator): task_using_linked_owner> on 2026-02-08 00:00:00+00:00
[2026-02-09T17:18:08.855+0000] {warnings.py:112} WARNING - /home/***/.local/lib/python3.12/site-packages/***/task/task_runner/standard_task_runner.py:70: DeprecationWarning: This process (pid=97) is multi-threaded, use of fork() may lead to deadlocks in the child.
  pid = os.fork()

[2026-02-09T17:18:08.857+0000] {standard_task_runner.py:72} INFO - Started process 107 to run task
[2026-02-09T17:18:08.857+0000] {standard_task_runner.py:104} INFO - Running: ['***', 'tasks', 'run', 'Airflow_Lab2', 'task_using_linked_owner', 'scheduled__2026-02-08T00:00:00+00:00', '--job-id', '3', '--raw', '--subdir', 'DAGS_FOLDER/main.py', '--cfg-path', '/tmp/tmpav8lk7by']
[2026-02-09T17:18:08.859+0000] {standard_task_runner.py:105} INFO - Job 3: Subtask task_using_linked_owner
[2026-02-09T17:18:08.896+0000] {task_command.py:467} INFO - Running <TaskInstance: Airflow_Lab2.task_using_linked_owner scheduled__2026-02-08T00:00:00+00:00 [running]> on host 910a2320de3d
[2026-02-09T17:18:08.963+0000] {taskinstance.py:3131} INFO - Exporting env vars: AIRFLOW_CTX_DAG_OWNER='Ramin Mohammadi' AIRFLOW_CTX_DAG_ID='Airflow_Lab2' AIRFLOW_CTX_TASK_ID='task_using_linked_owner' AIRFLOW_CTX_EXECUTION_DATE='2026-02-08T00:00:00+00:00' AIRFLOW_CTX_TRY_NUMBER='1' AIRFLOW_CTX_DAG_RUN_ID='scheduled__2026-02-08T00:00:00+00:00'
[2026-02-09T17:18:08.964+0000] {taskinstance.py:731} INFO - ::endgroup::
[2026-02-09T17:18:08.983+0000] {subprocess.py:63} INFO - Tmp dir root location: /tmp
[2026-02-09T17:18:08.984+0000] {subprocess.py:75} INFO - Running command: ['/usr/bin/bash', '-c', 'echo 1']
[2026-02-09T17:18:08.992+0000] {subprocess.py:86} INFO - Output:
[2026-02-09T17:18:08.993+0000] {subprocess.py:93} INFO - 1
[2026-02-09T17:18:08.993+0000] {subprocess.py:97} INFO - Command exited with return code 0
[2026-02-09T17:18:09.009+0000] {taskinstance.py:340} INFO - ::group::Post task execution logs
[2026-02-09T17:18:09.009+0000] {taskinstance.py:352} INFO - Marking task as SUCCESS. dag_id=Airflow_Lab2, task_id=task_using_linked_owner, run_id=scheduled__2026-02-08T00:00:00+00:00, execution_date=20260208T000000, start_date=20260209T171808, end_date=20260209T171809
[2026-02-09T17:18:09.041+0000] {local_task_job_runner.py:266} INFO - Task exited with return code 0
[2026-02-09T17:18:09.059+0000] {taskinstance.py:3900} INFO - 0 downstream tasks scheduled from follow-on schedule check
[2026-02-09T17:18:09.060+0000] {local_task_job_runner.py:245} INFO - ::endgroup::
