[2026-02-07T20:05:16.260+0000] {local_task_job_runner.py:123} INFO - ::group::Pre task execution logs
[2026-02-07T20:05:16.268+0000] {taskinstance.py:2612} INFO - Dependencies all met for dep_context=non-requeueable deps ti=<TaskInstance: Airflow_Lab2.task_using_linked_owner manual__2026-02-07T20:05:02.628189+00:00 [queued]>
[2026-02-07T20:05:16.272+0000] {taskinstance.py:2612} INFO - Dependencies all met for dep_context=requeueable deps ti=<TaskInstance: Airflow_Lab2.task_using_linked_owner manual__2026-02-07T20:05:02.628189+00:00 [queued]>
[2026-02-07T20:05:16.272+0000] {taskinstance.py:2865} INFO - Starting attempt 1 of 1
[2026-02-07T20:05:16.278+0000] {taskinstance.py:2888} INFO - Executing <Task(BashOperator): task_using_linked_owner> on 2026-02-07 20:05:02.628189+00:00
[2026-02-07T20:05:16.281+0000] {warnings.py:112} WARNING - /home/***/.local/lib/python3.12/site-packages/***/task/task_runner/standard_task_runner.py:70: DeprecationWarning: This process (pid=171) is multi-threaded, use of fork() may lead to deadlocks in the child.
  pid = os.fork()

[2026-02-07T20:05:16.282+0000] {standard_task_runner.py:72} INFO - Started process 183 to run task
[2026-02-07T20:05:16.283+0000] {standard_task_runner.py:104} INFO - Running: ['***', 'tasks', 'run', 'Airflow_Lab2', 'task_using_linked_owner', 'manual__2026-02-07T20:05:02.628189+00:00', '--job-id', '11', '--raw', '--subdir', 'DAGS_FOLDER/main.py', '--cfg-path', '/tmp/tmpwn98hjtn']
[2026-02-07T20:05:16.285+0000] {standard_task_runner.py:105} INFO - Job 11: Subtask task_using_linked_owner
[2026-02-07T20:05:16.308+0000] {task_command.py:467} INFO - Running <TaskInstance: Airflow_Lab2.task_using_linked_owner manual__2026-02-07T20:05:02.628189+00:00 [running]> on host b76df3fd2bf8
[2026-02-07T20:05:16.347+0000] {taskinstance.py:3131} INFO - Exporting env vars: AIRFLOW_CTX_DAG_OWNER='Murtaza Nipplewala' AIRFLOW_CTX_DAG_ID='Airflow_Lab2' AIRFLOW_CTX_TASK_ID='task_using_linked_owner' AIRFLOW_CTX_EXECUTION_DATE='2026-02-07T20:05:02.628189+00:00' AIRFLOW_CTX_TRY_NUMBER='1' AIRFLOW_CTX_DAG_RUN_ID='manual__2026-02-07T20:05:02.628189+00:00'
[2026-02-07T20:05:16.348+0000] {taskinstance.py:731} INFO - ::endgroup::
[2026-02-07T20:05:16.355+0000] {subprocess.py:63} INFO - Tmp dir root location: /tmp
[2026-02-07T20:05:16.355+0000] {subprocess.py:75} INFO - Running command: ['/usr/bin/bash', '-c', 'echo 1']
[2026-02-07T20:05:16.361+0000] {subprocess.py:86} INFO - Output:
[2026-02-07T20:05:16.362+0000] {subprocess.py:93} INFO - 1
[2026-02-07T20:05:16.363+0000] {subprocess.py:97} INFO - Command exited with return code 0
[2026-02-07T20:05:16.376+0000] {taskinstance.py:340} INFO - ::group::Post task execution logs
[2026-02-07T20:05:16.376+0000] {taskinstance.py:352} INFO - Marking task as SUCCESS. dag_id=Airflow_Lab2, task_id=task_using_linked_owner, run_id=manual__2026-02-07T20:05:02.628189+00:00, execution_date=20260207T200502, start_date=20260207T200516, end_date=20260207T200516
[2026-02-07T20:05:16.422+0000] {local_task_job_runner.py:266} INFO - Task exited with return code 0
[2026-02-07T20:05:16.437+0000] {taskinstance.py:3900} INFO - 1 downstream tasks scheduled from follow-on schedule check
[2026-02-07T20:05:16.439+0000] {local_task_job_runner.py:245} INFO - ::endgroup::
