[2026-02-09T17:08:16.419+0000] {local_task_job_runner.py:123} INFO - ::group::Pre task execution logs
[2026-02-09T17:08:16.427+0000] {taskinstance.py:2612} INFO - Dependencies all met for dep_context=non-requeueable deps ti=<TaskInstance: Airflow_Lab2.build_save_model_task scheduled__2026-02-08T00:00:00+00:00 [queued]>
[2026-02-09T17:08:16.432+0000] {taskinstance.py:2612} INFO - Dependencies all met for dep_context=requeueable deps ti=<TaskInstance: Airflow_Lab2.build_save_model_task scheduled__2026-02-08T00:00:00+00:00 [queued]>
[2026-02-09T17:08:16.432+0000] {taskinstance.py:2865} INFO - Starting attempt 1 of 1
[2026-02-09T17:08:16.438+0000] {taskinstance.py:2888} INFO - Executing <Task(PythonOperator): build_save_model_task> on 2026-02-08 00:00:00+00:00
[2026-02-09T17:08:16.442+0000] {warnings.py:112} WARNING - /home/***/.local/lib/python3.12/site-packages/***/task/task_runner/standard_task_runner.py:70: DeprecationWarning: This process (pid=160) is multi-threaded, use of fork() may lead to deadlocks in the child.
  pid = os.fork()

[2026-02-09T17:08:16.443+0000] {standard_task_runner.py:72} INFO - Started process 170 to run task
[2026-02-09T17:08:16.444+0000] {standard_task_runner.py:104} INFO - Running: ['***', 'tasks', 'run', 'Airflow_Lab2', 'build_save_model_task', 'scheduled__2026-02-08T00:00:00+00:00', '--job-id', '7', '--raw', '--subdir', 'DAGS_FOLDER/main.py', '--cfg-path', '/tmp/tmphmnw4wq1']
[2026-02-09T17:08:16.445+0000] {standard_task_runner.py:105} INFO - Job 7: Subtask build_save_model_task
[2026-02-09T17:08:16.469+0000] {task_command.py:467} INFO - Running <TaskInstance: Airflow_Lab2.build_save_model_task scheduled__2026-02-08T00:00:00+00:00 [running]> on host 8249ecf5051c
[2026-02-09T17:08:16.507+0000] {taskinstance.py:3131} INFO - Exporting env vars: AIRFLOW_CTX_DAG_OWNER='***' AIRFLOW_CTX_DAG_ID='Airflow_Lab2' AIRFLOW_CTX_TASK_ID='build_save_model_task' AIRFLOW_CTX_EXECUTION_DATE='2026-02-08T00:00:00+00:00' AIRFLOW_CTX_TRY_NUMBER='1' AIRFLOW_CTX_DAG_RUN_ID='scheduled__2026-02-08T00:00:00+00:00'
[2026-02-09T17:08:16.508+0000] {taskinstance.py:731} INFO - ::endgroup::
[2026-02-09T17:08:16.522+0000] {python.py:240} INFO - Done. Returned value was: /opt/***/model/model.sav
[2026-02-09T17:08:16.548+0000] {taskinstance.py:340} INFO - ::group::Post task execution logs
[2026-02-09T17:08:16.550+0000] {taskinstance.py:352} INFO - Marking task as SUCCESS. dag_id=Airflow_Lab2, task_id=build_save_model_task, run_id=scheduled__2026-02-08T00:00:00+00:00, execution_date=20260208T000000, start_date=20260209T170816, end_date=20260209T170816
[2026-02-09T17:08:16.583+0000] {local_task_job_runner.py:266} INFO - Task exited with return code 0
[2026-02-09T17:08:16.596+0000] {taskinstance.py:3900} INFO - 1 downstream tasks scheduled from follow-on schedule check
[2026-02-09T17:08:16.597+0000] {local_task_job_runner.py:245} INFO - ::endgroup::
[2026-02-09T17:18:14.902+0000] {local_task_job_runner.py:123} INFO - ::group::Pre task execution logs
[2026-02-09T17:18:14.912+0000] {taskinstance.py:2612} INFO - Dependencies all met for dep_context=non-requeueable deps ti=<TaskInstance: Airflow_Lab2.build_save_model_task scheduled__2026-02-08T00:00:00+00:00 [queued]>
[2026-02-09T17:18:14.916+0000] {taskinstance.py:2612} INFO - Dependencies all met for dep_context=requeueable deps ti=<TaskInstance: Airflow_Lab2.build_save_model_task scheduled__2026-02-08T00:00:00+00:00 [queued]>
[2026-02-09T17:18:14.917+0000] {taskinstance.py:2865} INFO - Starting attempt 1 of 1
[2026-02-09T17:18:14.923+0000] {taskinstance.py:2888} INFO - Executing <Task(PythonOperator): build_save_model_task> on 2026-02-08 00:00:00+00:00
[2026-02-09T17:18:14.928+0000] {warnings.py:112} WARNING - /home/***/.local/lib/python3.12/site-packages/***/task/task_runner/standard_task_runner.py:70: DeprecationWarning: This process (pid=146) is multi-threaded, use of fork() may lead to deadlocks in the child.
  pid = os.fork()

[2026-02-09T17:18:14.929+0000] {standard_task_runner.py:72} INFO - Started process 156 to run task
[2026-02-09T17:18:14.929+0000] {standard_task_runner.py:104} INFO - Running: ['***', 'tasks', 'run', 'Airflow_Lab2', 'build_save_model_task', 'scheduled__2026-02-08T00:00:00+00:00', '--job-id', '7', '--raw', '--subdir', 'DAGS_FOLDER/main.py', '--cfg-path', '/tmp/tmp_k1d0im7']
[2026-02-09T17:18:14.931+0000] {standard_task_runner.py:105} INFO - Job 7: Subtask build_save_model_task
[2026-02-09T17:18:14.957+0000] {task_command.py:467} INFO - Running <TaskInstance: Airflow_Lab2.build_save_model_task scheduled__2026-02-08T00:00:00+00:00 [running]> on host 910a2320de3d
[2026-02-09T17:18:15.003+0000] {taskinstance.py:3131} INFO - Exporting env vars: AIRFLOW_CTX_DAG_OWNER='***' AIRFLOW_CTX_DAG_ID='Airflow_Lab2' AIRFLOW_CTX_TASK_ID='build_save_model_task' AIRFLOW_CTX_EXECUTION_DATE='2026-02-08T00:00:00+00:00' AIRFLOW_CTX_TRY_NUMBER='1' AIRFLOW_CTX_DAG_RUN_ID='scheduled__2026-02-08T00:00:00+00:00'
[2026-02-09T17:18:15.003+0000] {taskinstance.py:731} INFO - ::endgroup::
[2026-02-09T17:18:15.027+0000] {python.py:240} INFO - Done. Returned value was: /opt/***/model/model.sav
[2026-02-09T17:18:15.049+0000] {taskinstance.py:340} INFO - ::group::Post task execution logs
[2026-02-09T17:18:15.049+0000] {taskinstance.py:352} INFO - Marking task as SUCCESS. dag_id=Airflow_Lab2, task_id=build_save_model_task, run_id=scheduled__2026-02-08T00:00:00+00:00, execution_date=20260208T000000, start_date=20260209T171814, end_date=20260209T171815
[2026-02-09T17:18:15.069+0000] {local_task_job_runner.py:266} INFO - Task exited with return code 0
[2026-02-09T17:18:15.083+0000] {taskinstance.py:3900} INFO - 1 downstream tasks scheduled from follow-on schedule check
[2026-02-09T17:18:15.084+0000] {local_task_job_runner.py:245} INFO - ::endgroup::
