[2026-02-09T17:24:52.258+0000] {local_task_job_runner.py:123} INFO - ::group::Pre task execution logs
[2026-02-09T17:24:52.272+0000] {taskinstance.py:2612} INFO - Dependencies all met for dep_context=non-requeueable deps ti=<TaskInstance: Airflow_Lab2.send_email manual__2026-02-09T17:24:39.571364+00:00 [queued]>
[2026-02-09T17:24:52.278+0000] {taskinstance.py:2612} INFO - Dependencies all met for dep_context=requeueable deps ti=<TaskInstance: Airflow_Lab2.send_email manual__2026-02-09T17:24:39.571364+00:00 [queued]>
[2026-02-09T17:24:52.279+0000] {taskinstance.py:2865} INFO - Starting attempt 1 of 1
[2026-02-09T17:24:52.288+0000] {taskinstance.py:2888} INFO - Executing <Task(EmailOperator): send_email> on 2026-02-09 17:24:39.571364+00:00
[2026-02-09T17:24:52.292+0000] {warnings.py:112} WARNING - /home/***/.local/lib/python3.12/site-packages/***/task/task_runner/standard_task_runner.py:70: DeprecationWarning: This process (pid=178) is multi-threaded, use of fork() may lead to deadlocks in the child.
  pid = os.fork()

[2026-02-09T17:24:52.294+0000] {standard_task_runner.py:72} INFO - Started process 199 to run task
[2026-02-09T17:24:52.295+0000] {standard_task_runner.py:104} INFO - Running: ['***', 'tasks', 'run', 'Airflow_Lab2', 'send_email', 'manual__2026-02-09T17:24:39.571364+00:00', '--job-id', '21', '--raw', '--subdir', 'DAGS_FOLDER/main.py', '--cfg-path', '/tmp/tmpvoy0xitt']
[2026-02-09T17:24:52.298+0000] {standard_task_runner.py:105} INFO - Job 21: Subtask send_email
[2026-02-09T17:24:52.336+0000] {task_command.py:467} INFO - Running <TaskInstance: Airflow_Lab2.send_email manual__2026-02-09T17:24:39.571364+00:00 [running]> on host db06609fe407
[2026-02-09T17:24:52.387+0000] {taskinstance.py:3131} INFO - Exporting env vars: AIRFLOW_CTX_DAG_OWNER='***' AIRFLOW_CTX_DAG_ID='Airflow_Lab2' AIRFLOW_CTX_TASK_ID='send_email' AIRFLOW_CTX_EXECUTION_DATE='2026-02-09T17:24:39.571364+00:00' AIRFLOW_CTX_TRY_NUMBER='1' AIRFLOW_CTX_DAG_RUN_ID='manual__2026-02-09T17:24:39.571364+00:00'
[2026-02-09T17:24:52.388+0000] {taskinstance.py:731} INFO - ::endgroup::
[2026-02-09T17:24:52.402+0000] {crypto.py:82} WARNING - empty cryptography key - values will not be stored encrypted.
[2026-02-09T17:24:52.404+0000] {base.py:84} INFO - Retrieving connection 'smtp_default'
[2026-02-09T17:24:52.404+0000] {email.py:272} INFO - Email alerting: attempt 1
[2026-02-09T17:24:52.717+0000] {email.py:283} INFO - Sent an alert email to ['murtaza.sn786@gmail.com']
[2026-02-09T17:24:53.247+0000] {taskinstance.py:340} INFO - ::group::Post task execution logs
[2026-02-09T17:24:53.248+0000] {taskinstance.py:352} INFO - Marking task as SUCCESS. dag_id=Airflow_Lab2, task_id=send_email, run_id=manual__2026-02-09T17:24:39.571364+00:00, execution_date=20260209T172439, start_date=20260209T172452, end_date=20260209T172453
[2026-02-09T17:24:53.271+0000] {local_task_job_runner.py:266} INFO - Task exited with return code 0
[2026-02-09T17:24:53.282+0000] {taskinstance.py:3900} INFO - 0 downstream tasks scheduled from follow-on schedule check
[2026-02-09T17:24:53.283+0000] {local_task_job_runner.py:245} INFO - ::endgroup::
