[2026-02-07T18:37:11.535+0000] {local_task_job_runner.py:123} INFO - ::group::Pre task execution logs
[2026-02-07T18:37:11.545+0000] {taskinstance.py:2612} INFO - Dependencies all met for dep_context=non-requeueable deps ti=<TaskInstance: Airflow_Lab2.load_data_task scheduled__2026-02-06T00:00:00+00:00 [queued]>
[2026-02-07T18:37:11.550+0000] {taskinstance.py:2612} INFO - Dependencies all met for dep_context=requeueable deps ti=<TaskInstance: Airflow_Lab2.load_data_task scheduled__2026-02-06T00:00:00+00:00 [queued]>
[2026-02-07T18:37:11.551+0000] {taskinstance.py:2865} INFO - Starting attempt 1 of 1
[2026-02-07T18:37:11.558+0000] {taskinstance.py:2888} INFO - Executing <Task(PythonOperator): load_data_task> on 2026-02-06 00:00:00+00:00
[2026-02-07T18:37:11.563+0000] {warnings.py:112} WARNING - /home/***/.local/lib/python3.12/site-packages/***/task/task_runner/standard_task_runner.py:70: DeprecationWarning: This process (pid=91) is multi-threaded, use of fork() may lead to deadlocks in the child.
  pid = os.fork()

[2026-02-07T18:37:11.564+0000] {standard_task_runner.py:72} INFO - Started process 101 to run task
[2026-02-07T18:37:11.564+0000] {standard_task_runner.py:104} INFO - Running: ['***', 'tasks', 'run', 'Airflow_Lab2', 'load_data_task', 'scheduled__2026-02-06T00:00:00+00:00', '--job-id', '17', '--raw', '--subdir', 'DAGS_FOLDER/main.py', '--cfg-path', '/tmp/tmpzsetuq5b']
[2026-02-07T18:37:11.566+0000] {standard_task_runner.py:105} INFO - Job 17: Subtask load_data_task
[2026-02-07T18:37:11.596+0000] {task_command.py:467} INFO - Running <TaskInstance: Airflow_Lab2.load_data_task scheduled__2026-02-06T00:00:00+00:00 [running]> on host b5a737c6612d
[2026-02-07T18:37:11.634+0000] {taskinstance.py:3131} INFO - Exporting env vars: AIRFLOW_CTX_DAG_OWNER='***' AIRFLOW_CTX_DAG_ID='Airflow_Lab2' AIRFLOW_CTX_TASK_ID='load_data_task' AIRFLOW_CTX_EXECUTION_DATE='2026-02-06T00:00:00+00:00' AIRFLOW_CTX_TRY_NUMBER='1' AIRFLOW_CTX_DAG_RUN_ID='scheduled__2026-02-06T00:00:00+00:00'
[2026-02-07T18:37:11.635+0000] {taskinstance.py:731} INFO - ::endgroup::
[2026-02-07T18:37:11.649+0000] {python.py:240} INFO - Done. Returned value was: /opt/***/working_data/raw.pkl
[2026-02-07T18:37:11.661+0000] {taskinstance.py:340} INFO - ::group::Post task execution logs
[2026-02-07T18:37:11.661+0000] {taskinstance.py:352} INFO - Marking task as SUCCESS. dag_id=Airflow_Lab2, task_id=load_data_task, run_id=scheduled__2026-02-06T00:00:00+00:00, execution_date=20260206T000000, start_date=20260207T183711, end_date=20260207T183711
[2026-02-07T18:37:11.704+0000] {local_task_job_runner.py:266} INFO - Task exited with return code 0
[2026-02-07T18:37:11.718+0000] {taskinstance.py:3900} INFO - 1 downstream tasks scheduled from follow-on schedule check
[2026-02-07T18:37:11.719+0000] {local_task_job_runner.py:245} INFO - ::endgroup::
[2026-02-07T19:02:57.037+0000] {local_task_job_runner.py:123} INFO - ::group::Pre task execution logs
[2026-02-07T19:02:57.046+0000] {taskinstance.py:2612} INFO - Dependencies all met for dep_context=non-requeueable deps ti=<TaskInstance: Airflow_Lab2.load_data_task scheduled__2026-02-06T00:00:00+00:00 [queued]>
[2026-02-07T19:02:57.050+0000] {taskinstance.py:2612} INFO - Dependencies all met for dep_context=requeueable deps ti=<TaskInstance: Airflow_Lab2.load_data_task scheduled__2026-02-06T00:00:00+00:00 [queued]>
[2026-02-07T19:02:57.050+0000] {taskinstance.py:2865} INFO - Starting attempt 1 of 1
[2026-02-07T19:02:57.056+0000] {taskinstance.py:2888} INFO - Executing <Task(PythonOperator): load_data_task> on 2026-02-06 00:00:00+00:00
[2026-02-07T19:02:57.061+0000] {warnings.py:112} WARNING - /home/***/.local/lib/python3.12/site-packages/***/task/task_runner/standard_task_runner.py:70: DeprecationWarning: This process (pid=90) is multi-threaded, use of fork() may lead to deadlocks in the child.
  pid = os.fork()

[2026-02-07T19:02:57.062+0000] {standard_task_runner.py:72} INFO - Started process 101 to run task
[2026-02-07T19:02:57.062+0000] {standard_task_runner.py:104} INFO - Running: ['***', 'tasks', 'run', 'Airflow_Lab2', 'load_data_task', 'scheduled__2026-02-06T00:00:00+00:00', '--job-id', '4', '--raw', '--subdir', 'DAGS_FOLDER/main.py', '--cfg-path', '/tmp/tmpyg7ovkv1']
[2026-02-07T19:02:57.064+0000] {standard_task_runner.py:105} INFO - Job 4: Subtask load_data_task
[2026-02-07T19:02:57.094+0000] {task_command.py:467} INFO - Running <TaskInstance: Airflow_Lab2.load_data_task scheduled__2026-02-06T00:00:00+00:00 [running]> on host 96e0b0316054
[2026-02-07T19:02:57.137+0000] {taskinstance.py:3131} INFO - Exporting env vars: AIRFLOW_CTX_DAG_OWNER='***' AIRFLOW_CTX_DAG_ID='Airflow_Lab2' AIRFLOW_CTX_TASK_ID='load_data_task' AIRFLOW_CTX_EXECUTION_DATE='2026-02-06T00:00:00+00:00' AIRFLOW_CTX_TRY_NUMBER='1' AIRFLOW_CTX_DAG_RUN_ID='scheduled__2026-02-06T00:00:00+00:00'
[2026-02-07T19:02:57.138+0000] {taskinstance.py:731} INFO - ::endgroup::
[2026-02-07T19:02:57.155+0000] {python.py:240} INFO - Done. Returned value was: /opt/***/working_data/raw.pkl
[2026-02-07T19:02:57.168+0000] {taskinstance.py:340} INFO - ::group::Post task execution logs
[2026-02-07T19:02:57.169+0000] {taskinstance.py:352} INFO - Marking task as SUCCESS. dag_id=Airflow_Lab2, task_id=load_data_task, run_id=scheduled__2026-02-06T00:00:00+00:00, execution_date=20260206T000000, start_date=20260207T190257, end_date=20260207T190257
[2026-02-07T19:02:57.203+0000] {local_task_job_runner.py:266} INFO - Task exited with return code 0
[2026-02-07T19:02:57.219+0000] {taskinstance.py:3900} INFO - 1 downstream tasks scheduled from follow-on schedule check
[2026-02-07T19:02:57.219+0000] {local_task_job_runner.py:245} INFO - ::endgroup::
[2026-02-07T19:06:07.157+0000] {local_task_job_runner.py:123} INFO - ::group::Pre task execution logs
[2026-02-07T19:06:07.165+0000] {taskinstance.py:2612} INFO - Dependencies all met for dep_context=non-requeueable deps ti=<TaskInstance: Airflow_Lab2.load_data_task scheduled__2026-02-06T00:00:00+00:00 [queued]>
[2026-02-07T19:06:07.168+0000] {taskinstance.py:2612} INFO - Dependencies all met for dep_context=requeueable deps ti=<TaskInstance: Airflow_Lab2.load_data_task scheduled__2026-02-06T00:00:00+00:00 [queued]>
[2026-02-07T19:06:07.168+0000] {taskinstance.py:2865} INFO - Starting attempt 1 of 1
[2026-02-07T19:06:07.173+0000] {taskinstance.py:2888} INFO - Executing <Task(PythonOperator): load_data_task> on 2026-02-06 00:00:00+00:00
[2026-02-07T19:06:07.177+0000] {warnings.py:112} WARNING - /home/***/.local/lib/python3.12/site-packages/***/task/task_runner/standard_task_runner.py:70: DeprecationWarning: This process (pid=76) is multi-threaded, use of fork() may lead to deadlocks in the child.
  pid = os.fork()

[2026-02-07T19:06:07.178+0000] {standard_task_runner.py:72} INFO - Started process 86 to run task
[2026-02-07T19:06:07.178+0000] {standard_task_runner.py:104} INFO - Running: ['***', 'tasks', 'run', 'Airflow_Lab2', 'load_data_task', 'scheduled__2026-02-06T00:00:00+00:00', '--job-id', '4', '--raw', '--subdir', 'DAGS_FOLDER/main.py', '--cfg-path', '/tmp/tmp9vr9k2co']
[2026-02-07T19:06:07.180+0000] {standard_task_runner.py:105} INFO - Job 4: Subtask load_data_task
[2026-02-07T19:06:07.206+0000] {task_command.py:467} INFO - Running <TaskInstance: Airflow_Lab2.load_data_task scheduled__2026-02-06T00:00:00+00:00 [running]> on host dbe77a8ae8d3
[2026-02-07T19:06:07.242+0000] {taskinstance.py:3131} INFO - Exporting env vars: AIRFLOW_CTX_DAG_OWNER='***' AIRFLOW_CTX_DAG_ID='Airflow_Lab2' AIRFLOW_CTX_TASK_ID='load_data_task' AIRFLOW_CTX_EXECUTION_DATE='2026-02-06T00:00:00+00:00' AIRFLOW_CTX_TRY_NUMBER='1' AIRFLOW_CTX_DAG_RUN_ID='scheduled__2026-02-06T00:00:00+00:00'
[2026-02-07T19:06:07.243+0000] {taskinstance.py:731} INFO - ::endgroup::
[2026-02-07T19:06:07.256+0000] {python.py:240} INFO - Done. Returned value was: /opt/***/working_data/raw.pkl
[2026-02-07T19:06:07.266+0000] {taskinstance.py:340} INFO - ::group::Post task execution logs
[2026-02-07T19:06:07.266+0000] {taskinstance.py:352} INFO - Marking task as SUCCESS. dag_id=Airflow_Lab2, task_id=load_data_task, run_id=scheduled__2026-02-06T00:00:00+00:00, execution_date=20260206T000000, start_date=20260207T190607, end_date=20260207T190607
[2026-02-07T19:06:07.278+0000] {local_task_job_runner.py:266} INFO - Task exited with return code 0
[2026-02-07T19:06:07.291+0000] {taskinstance.py:3900} INFO - 1 downstream tasks scheduled from follow-on schedule check
[2026-02-07T19:06:07.292+0000] {local_task_job_runner.py:245} INFO - ::endgroup::
[2026-02-07T19:11:07.994+0000] {local_task_job_runner.py:123} INFO - ::group::Pre task execution logs
[2026-02-07T19:11:08.001+0000] {taskinstance.py:2612} INFO - Dependencies all met for dep_context=non-requeueable deps ti=<TaskInstance: Airflow_Lab2.load_data_task scheduled__2026-02-06T00:00:00+00:00 [queued]>
[2026-02-07T19:11:08.004+0000] {taskinstance.py:2612} INFO - Dependencies all met for dep_context=requeueable deps ti=<TaskInstance: Airflow_Lab2.load_data_task scheduled__2026-02-06T00:00:00+00:00 [queued]>
[2026-02-07T19:11:08.004+0000] {taskinstance.py:2865} INFO - Starting attempt 1 of 1
[2026-02-07T19:11:08.009+0000] {taskinstance.py:2888} INFO - Executing <Task(PythonOperator): load_data_task> on 2026-02-06 00:00:00+00:00
[2026-02-07T19:11:08.014+0000] {warnings.py:112} WARNING - /home/***/.local/lib/python3.12/site-packages/***/task/task_runner/standard_task_runner.py:70: DeprecationWarning: This process (pid=84) is multi-threaded, use of fork() may lead to deadlocks in the child.
  pid = os.fork()

[2026-02-07T19:11:08.014+0000] {standard_task_runner.py:72} INFO - Started process 94 to run task
[2026-02-07T19:11:08.015+0000] {standard_task_runner.py:104} INFO - Running: ['***', 'tasks', 'run', 'Airflow_Lab2', 'load_data_task', 'scheduled__2026-02-06T00:00:00+00:00', '--job-id', '4', '--raw', '--subdir', 'DAGS_FOLDER/main.py', '--cfg-path', '/tmp/tmpfcsu3co3']
[2026-02-07T19:11:08.016+0000] {standard_task_runner.py:105} INFO - Job 4: Subtask load_data_task
[2026-02-07T19:11:08.038+0000] {task_command.py:467} INFO - Running <TaskInstance: Airflow_Lab2.load_data_task scheduled__2026-02-06T00:00:00+00:00 [running]> on host 5164631d18ac
[2026-02-07T19:11:08.071+0000] {taskinstance.py:3131} INFO - Exporting env vars: AIRFLOW_CTX_DAG_OWNER='***' AIRFLOW_CTX_DAG_ID='Airflow_Lab2' AIRFLOW_CTX_TASK_ID='load_data_task' AIRFLOW_CTX_EXECUTION_DATE='2026-02-06T00:00:00+00:00' AIRFLOW_CTX_TRY_NUMBER='1' AIRFLOW_CTX_DAG_RUN_ID='scheduled__2026-02-06T00:00:00+00:00'
[2026-02-07T19:11:08.072+0000] {taskinstance.py:731} INFO - ::endgroup::
[2026-02-07T19:11:08.084+0000] {python.py:240} INFO - Done. Returned value was: /opt/***/working_data/raw.pkl
[2026-02-07T19:11:08.094+0000] {taskinstance.py:340} INFO - ::group::Post task execution logs
[2026-02-07T19:11:08.094+0000] {taskinstance.py:352} INFO - Marking task as SUCCESS. dag_id=Airflow_Lab2, task_id=load_data_task, run_id=scheduled__2026-02-06T00:00:00+00:00, execution_date=20260206T000000, start_date=20260207T191108, end_date=20260207T191108
[2026-02-07T19:11:08.117+0000] {local_task_job_runner.py:266} INFO - Task exited with return code 0
[2026-02-07T19:11:08.130+0000] {taskinstance.py:3900} INFO - 1 downstream tasks scheduled from follow-on schedule check
[2026-02-07T19:11:08.131+0000] {local_task_job_runner.py:245} INFO - ::endgroup::
[2026-02-07T19:35:17.701+0000] {local_task_job_runner.py:123} INFO - ::group::Pre task execution logs
[2026-02-07T19:35:17.707+0000] {taskinstance.py:2612} INFO - Dependencies all met for dep_context=non-requeueable deps ti=<TaskInstance: Airflow_Lab2.load_data_task scheduled__2026-02-06T00:00:00+00:00 [queued]>
[2026-02-07T19:35:17.711+0000] {taskinstance.py:2612} INFO - Dependencies all met for dep_context=requeueable deps ti=<TaskInstance: Airflow_Lab2.load_data_task scheduled__2026-02-06T00:00:00+00:00 [queued]>
[2026-02-07T19:35:17.711+0000] {taskinstance.py:2865} INFO - Starting attempt 1 of 1
[2026-02-07T19:35:17.717+0000] {taskinstance.py:2888} INFO - Executing <Task(PythonOperator): load_data_task> on 2026-02-06 00:00:00+00:00
[2026-02-07T19:35:17.721+0000] {warnings.py:112} WARNING - /home/***/.local/lib/python3.12/site-packages/***/task/task_runner/standard_task_runner.py:70: DeprecationWarning: This process (pid=85) is multi-threaded, use of fork() may lead to deadlocks in the child.
  pid = os.fork()

[2026-02-07T19:35:17.722+0000] {standard_task_runner.py:72} INFO - Started process 95 to run task
[2026-02-07T19:35:17.722+0000] {standard_task_runner.py:104} INFO - Running: ['***', 'tasks', 'run', 'Airflow_Lab2', 'load_data_task', 'scheduled__2026-02-06T00:00:00+00:00', '--job-id', '4', '--raw', '--subdir', 'DAGS_FOLDER/main.py', '--cfg-path', '/tmp/tmptouxy77n']
[2026-02-07T19:35:17.724+0000] {standard_task_runner.py:105} INFO - Job 4: Subtask load_data_task
[2026-02-07T19:35:17.746+0000] {task_command.py:467} INFO - Running <TaskInstance: Airflow_Lab2.load_data_task scheduled__2026-02-06T00:00:00+00:00 [running]> on host 3ceaac666992
[2026-02-07T19:35:17.779+0000] {taskinstance.py:3131} INFO - Exporting env vars: AIRFLOW_CTX_DAG_OWNER='***' AIRFLOW_CTX_DAG_ID='Airflow_Lab2' AIRFLOW_CTX_TASK_ID='load_data_task' AIRFLOW_CTX_EXECUTION_DATE='2026-02-06T00:00:00+00:00' AIRFLOW_CTX_TRY_NUMBER='1' AIRFLOW_CTX_DAG_RUN_ID='scheduled__2026-02-06T00:00:00+00:00'
[2026-02-07T19:35:17.780+0000] {taskinstance.py:731} INFO - ::endgroup::
[2026-02-07T19:35:17.792+0000] {python.py:240} INFO - Done. Returned value was: /opt/***/working_data/raw.pkl
[2026-02-07T19:35:17.802+0000] {taskinstance.py:340} INFO - ::group::Post task execution logs
[2026-02-07T19:35:17.802+0000] {taskinstance.py:352} INFO - Marking task as SUCCESS. dag_id=Airflow_Lab2, task_id=load_data_task, run_id=scheduled__2026-02-06T00:00:00+00:00, execution_date=20260206T000000, start_date=20260207T193517, end_date=20260207T193517
[2026-02-07T19:35:17.820+0000] {local_task_job_runner.py:266} INFO - Task exited with return code 0
[2026-02-07T19:35:17.833+0000] {taskinstance.py:3900} INFO - 1 downstream tasks scheduled from follow-on schedule check
[2026-02-07T19:35:17.834+0000] {local_task_job_runner.py:245} INFO - ::endgroup::
[2026-02-07T20:05:08.197+0000] {local_task_job_runner.py:123} INFO - ::group::Pre task execution logs
[2026-02-07T20:05:08.208+0000] {taskinstance.py:2612} INFO - Dependencies all met for dep_context=non-requeueable deps ti=<TaskInstance: Airflow_Lab2.load_data_task scheduled__2026-02-06T00:00:00+00:00 [queued]>
[2026-02-07T20:05:08.213+0000] {taskinstance.py:2612} INFO - Dependencies all met for dep_context=requeueable deps ti=<TaskInstance: Airflow_Lab2.load_data_task scheduled__2026-02-06T00:00:00+00:00 [queued]>
[2026-02-07T20:05:08.213+0000] {taskinstance.py:2865} INFO - Starting attempt 1 of 1
[2026-02-07T20:05:08.221+0000] {taskinstance.py:2888} INFO - Executing <Task(PythonOperator): load_data_task> on 2026-02-06 00:00:00+00:00
[2026-02-07T20:05:08.226+0000] {warnings.py:112} WARNING - /home/***/.local/lib/python3.12/site-packages/***/task/task_runner/standard_task_runner.py:70: DeprecationWarning: This process (pid=84) is multi-threaded, use of fork() may lead to deadlocks in the child.
  pid = os.fork()

[2026-02-07T20:05:08.227+0000] {standard_task_runner.py:72} INFO - Started process 101 to run task
[2026-02-07T20:05:08.227+0000] {standard_task_runner.py:104} INFO - Running: ['***', 'tasks', 'run', 'Airflow_Lab2', 'load_data_task', 'scheduled__2026-02-06T00:00:00+00:00', '--job-id', '4', '--raw', '--subdir', 'DAGS_FOLDER/main.py', '--cfg-path', '/tmp/tmplr08qk33']
[2026-02-07T20:05:08.229+0000] {standard_task_runner.py:105} INFO - Job 4: Subtask load_data_task
[2026-02-07T20:05:08.254+0000] {task_command.py:467} INFO - Running <TaskInstance: Airflow_Lab2.load_data_task scheduled__2026-02-06T00:00:00+00:00 [running]> on host b76df3fd2bf8
[2026-02-07T20:05:08.290+0000] {taskinstance.py:3131} INFO - Exporting env vars: AIRFLOW_CTX_DAG_OWNER='***' AIRFLOW_CTX_DAG_ID='Airflow_Lab2' AIRFLOW_CTX_TASK_ID='load_data_task' AIRFLOW_CTX_EXECUTION_DATE='2026-02-06T00:00:00+00:00' AIRFLOW_CTX_TRY_NUMBER='1' AIRFLOW_CTX_DAG_RUN_ID='scheduled__2026-02-06T00:00:00+00:00'
[2026-02-07T20:05:08.290+0000] {taskinstance.py:731} INFO - ::endgroup::
[2026-02-07T20:05:08.303+0000] {python.py:240} INFO - Done. Returned value was: /opt/***/working_data/raw.pkl
[2026-02-07T20:05:08.315+0000] {taskinstance.py:340} INFO - ::group::Post task execution logs
[2026-02-07T20:05:08.315+0000] {taskinstance.py:352} INFO - Marking task as SUCCESS. dag_id=Airflow_Lab2, task_id=load_data_task, run_id=scheduled__2026-02-06T00:00:00+00:00, execution_date=20260206T000000, start_date=20260207T200508, end_date=20260207T200508
[2026-02-07T20:05:08.325+0000] {local_task_job_runner.py:266} INFO - Task exited with return code 0
[2026-02-07T20:05:08.339+0000] {taskinstance.py:3900} INFO - 1 downstream tasks scheduled from follow-on schedule check
[2026-02-07T20:05:08.340+0000] {local_task_job_runner.py:245} INFO - ::endgroup::
[2026-02-07T20:21:19.016+0000] {local_task_job_runner.py:123} INFO - ::group::Pre task execution logs
[2026-02-07T20:21:19.024+0000] {taskinstance.py:2612} INFO - Dependencies all met for dep_context=non-requeueable deps ti=<TaskInstance: Airflow_Lab2.load_data_task scheduled__2026-02-06T00:00:00+00:00 [queued]>
[2026-02-07T20:21:19.027+0000] {taskinstance.py:2612} INFO - Dependencies all met for dep_context=requeueable deps ti=<TaskInstance: Airflow_Lab2.load_data_task scheduled__2026-02-06T00:00:00+00:00 [queued]>
[2026-02-07T20:21:19.027+0000] {taskinstance.py:2865} INFO - Starting attempt 1 of 1
[2026-02-07T20:21:19.032+0000] {taskinstance.py:2888} INFO - Executing <Task(PythonOperator): load_data_task> on 2026-02-06 00:00:00+00:00
[2026-02-07T20:21:19.037+0000] {warnings.py:112} WARNING - /home/***/.local/lib/python3.12/site-packages/***/task/task_runner/standard_task_runner.py:70: DeprecationWarning: This process (pid=85) is multi-threaded, use of fork() may lead to deadlocks in the child.
  pid = os.fork()

[2026-02-07T20:21:19.037+0000] {standard_task_runner.py:72} INFO - Started process 95 to run task
[2026-02-07T20:21:19.038+0000] {standard_task_runner.py:104} INFO - Running: ['***', 'tasks', 'run', 'Airflow_Lab2', 'load_data_task', 'scheduled__2026-02-06T00:00:00+00:00', '--job-id', '4', '--raw', '--subdir', 'DAGS_FOLDER/main.py', '--cfg-path', '/tmp/tmpgguh1vmy']
[2026-02-07T20:21:19.040+0000] {standard_task_runner.py:105} INFO - Job 4: Subtask load_data_task
[2026-02-07T20:21:19.063+0000] {task_command.py:467} INFO - Running <TaskInstance: Airflow_Lab2.load_data_task scheduled__2026-02-06T00:00:00+00:00 [running]> on host db8859978f66
[2026-02-07T20:21:19.095+0000] {taskinstance.py:3131} INFO - Exporting env vars: AIRFLOW_CTX_DAG_OWNER='***' AIRFLOW_CTX_DAG_ID='Airflow_Lab2' AIRFLOW_CTX_TASK_ID='load_data_task' AIRFLOW_CTX_EXECUTION_DATE='2026-02-06T00:00:00+00:00' AIRFLOW_CTX_TRY_NUMBER='1' AIRFLOW_CTX_DAG_RUN_ID='scheduled__2026-02-06T00:00:00+00:00'
[2026-02-07T20:21:19.096+0000] {taskinstance.py:731} INFO - ::endgroup::
[2026-02-07T20:21:19.108+0000] {python.py:240} INFO - Done. Returned value was: /opt/***/working_data/raw.pkl
[2026-02-07T20:21:19.118+0000] {taskinstance.py:340} INFO - ::group::Post task execution logs
[2026-02-07T20:21:19.119+0000] {taskinstance.py:352} INFO - Marking task as SUCCESS. dag_id=Airflow_Lab2, task_id=load_data_task, run_id=scheduled__2026-02-06T00:00:00+00:00, execution_date=20260206T000000, start_date=20260207T202119, end_date=20260207T202119
[2026-02-07T20:21:19.137+0000] {local_task_job_runner.py:266} INFO - Task exited with return code 0
[2026-02-07T20:21:19.150+0000] {taskinstance.py:3900} INFO - 1 downstream tasks scheduled from follow-on schedule check
[2026-02-07T20:21:19.150+0000] {local_task_job_runner.py:245} INFO - ::endgroup::
[2026-02-07T20:54:02.853+0000] {local_task_job_runner.py:123} INFO - ::group::Pre task execution logs
[2026-02-07T20:54:02.862+0000] {taskinstance.py:2612} INFO - Dependencies all met for dep_context=non-requeueable deps ti=<TaskInstance: Airflow_Lab2.load_data_task scheduled__2026-02-06T00:00:00+00:00 [queued]>
[2026-02-07T20:54:02.865+0000] {taskinstance.py:2612} INFO - Dependencies all met for dep_context=requeueable deps ti=<TaskInstance: Airflow_Lab2.load_data_task scheduled__2026-02-06T00:00:00+00:00 [queued]>
[2026-02-07T20:54:02.865+0000] {taskinstance.py:2865} INFO - Starting attempt 1 of 1
[2026-02-07T20:54:02.871+0000] {taskinstance.py:2888} INFO - Executing <Task(PythonOperator): load_data_task> on 2026-02-06 00:00:00+00:00
[2026-02-07T20:54:02.875+0000] {warnings.py:112} WARNING - /home/***/.local/lib/python3.12/site-packages/***/task/task_runner/standard_task_runner.py:70: DeprecationWarning: This process (pid=98) is multi-threaded, use of fork() may lead to deadlocks in the child.
  pid = os.fork()

[2026-02-07T20:54:02.876+0000] {standard_task_runner.py:72} INFO - Started process 108 to run task
[2026-02-07T20:54:02.877+0000] {standard_task_runner.py:104} INFO - Running: ['***', 'tasks', 'run', 'Airflow_Lab2', 'load_data_task', 'scheduled__2026-02-06T00:00:00+00:00', '--job-id', '4', '--raw', '--subdir', 'DAGS_FOLDER/main.py', '--cfg-path', '/tmp/tmpl0ltkf3a']
[2026-02-07T20:54:02.879+0000] {standard_task_runner.py:105} INFO - Job 4: Subtask load_data_task
[2026-02-07T20:54:02.910+0000] {task_command.py:467} INFO - Running <TaskInstance: Airflow_Lab2.load_data_task scheduled__2026-02-06T00:00:00+00:00 [running]> on host d5c78800a465
[2026-02-07T20:54:02.961+0000] {taskinstance.py:3131} INFO - Exporting env vars: AIRFLOW_CTX_DAG_OWNER='***' AIRFLOW_CTX_DAG_ID='Airflow_Lab2' AIRFLOW_CTX_TASK_ID='load_data_task' AIRFLOW_CTX_EXECUTION_DATE='2026-02-06T00:00:00+00:00' AIRFLOW_CTX_TRY_NUMBER='1' AIRFLOW_CTX_DAG_RUN_ID='scheduled__2026-02-06T00:00:00+00:00'
[2026-02-07T20:54:02.962+0000] {taskinstance.py:731} INFO - ::endgroup::
[2026-02-07T20:54:02.983+0000] {python.py:240} INFO - Done. Returned value was: /opt/***/working_data/raw.pkl
[2026-02-07T20:54:02.997+0000] {taskinstance.py:340} INFO - ::group::Post task execution logs
[2026-02-07T20:54:02.997+0000] {taskinstance.py:352} INFO - Marking task as SUCCESS. dag_id=Airflow_Lab2, task_id=load_data_task, run_id=scheduled__2026-02-06T00:00:00+00:00, execution_date=20260206T000000, start_date=20260207T205402, end_date=20260207T205402
[2026-02-07T20:54:03.015+0000] {local_task_job_runner.py:266} INFO - Task exited with return code 0
[2026-02-07T20:54:03.031+0000] {taskinstance.py:3900} INFO - 1 downstream tasks scheduled from follow-on schedule check
[2026-02-07T20:54:03.033+0000] {local_task_job_runner.py:245} INFO - ::endgroup::
[2026-02-07T21:03:27.061+0000] {local_task_job_runner.py:123} INFO - ::group::Pre task execution logs
[2026-02-07T21:03:27.069+0000] {taskinstance.py:2612} INFO - Dependencies all met for dep_context=non-requeueable deps ti=<TaskInstance: Airflow_Lab2.load_data_task scheduled__2026-02-06T00:00:00+00:00 [queued]>
[2026-02-07T21:03:27.074+0000] {taskinstance.py:2612} INFO - Dependencies all met for dep_context=requeueable deps ti=<TaskInstance: Airflow_Lab2.load_data_task scheduled__2026-02-06T00:00:00+00:00 [queued]>
[2026-02-07T21:03:27.075+0000] {taskinstance.py:2865} INFO - Starting attempt 1 of 1
[2026-02-07T21:03:27.082+0000] {taskinstance.py:2888} INFO - Executing <Task(PythonOperator): load_data_task> on 2026-02-06 00:00:00+00:00
[2026-02-07T21:03:27.087+0000] {warnings.py:112} WARNING - /home/***/.local/lib/python3.12/site-packages/***/task/task_runner/standard_task_runner.py:70: DeprecationWarning: This process (pid=91) is multi-threaded, use of fork() may lead to deadlocks in the child.
  pid = os.fork()

[2026-02-07T21:03:27.088+0000] {standard_task_runner.py:72} INFO - Started process 101 to run task
[2026-02-07T21:03:27.088+0000] {standard_task_runner.py:104} INFO - Running: ['***', 'tasks', 'run', 'Airflow_Lab2', 'load_data_task', 'scheduled__2026-02-06T00:00:00+00:00', '--job-id', '4', '--raw', '--subdir', 'DAGS_FOLDER/main.py', '--cfg-path', '/tmp/tmprc1_x87j']
[2026-02-07T21:03:27.090+0000] {standard_task_runner.py:105} INFO - Job 4: Subtask load_data_task
[2026-02-07T21:03:27.115+0000] {task_command.py:467} INFO - Running <TaskInstance: Airflow_Lab2.load_data_task scheduled__2026-02-06T00:00:00+00:00 [running]> on host f1e3a507a566
[2026-02-07T21:03:27.161+0000] {taskinstance.py:3131} INFO - Exporting env vars: AIRFLOW_CTX_DAG_OWNER='***' AIRFLOW_CTX_DAG_ID='Airflow_Lab2' AIRFLOW_CTX_TASK_ID='load_data_task' AIRFLOW_CTX_EXECUTION_DATE='2026-02-06T00:00:00+00:00' AIRFLOW_CTX_TRY_NUMBER='1' AIRFLOW_CTX_DAG_RUN_ID='scheduled__2026-02-06T00:00:00+00:00'
[2026-02-07T21:03:27.162+0000] {taskinstance.py:731} INFO - ::endgroup::
[2026-02-07T21:03:27.178+0000] {python.py:240} INFO - Done. Returned value was: /opt/***/working_data/raw.pkl
[2026-02-07T21:03:27.189+0000] {taskinstance.py:340} INFO - ::group::Post task execution logs
[2026-02-07T21:03:27.189+0000] {taskinstance.py:352} INFO - Marking task as SUCCESS. dag_id=Airflow_Lab2, task_id=load_data_task, run_id=scheduled__2026-02-06T00:00:00+00:00, execution_date=20260206T000000, start_date=20260207T210327, end_date=20260207T210327
[2026-02-07T21:03:27.229+0000] {local_task_job_runner.py:266} INFO - Task exited with return code 0
[2026-02-07T21:03:27.243+0000] {taskinstance.py:3900} INFO - 1 downstream tasks scheduled from follow-on schedule check
[2026-02-07T21:03:27.244+0000] {local_task_job_runner.py:245} INFO - ::endgroup::
[2026-02-07T21:07:06.022+0000] {local_task_job_runner.py:123} INFO - ::group::Pre task execution logs
[2026-02-07T21:07:06.031+0000] {taskinstance.py:2612} INFO - Dependencies all met for dep_context=non-requeueable deps ti=<TaskInstance: Airflow_Lab2.load_data_task scheduled__2026-02-06T00:00:00+00:00 [queued]>
[2026-02-07T21:07:06.035+0000] {taskinstance.py:2612} INFO - Dependencies all met for dep_context=requeueable deps ti=<TaskInstance: Airflow_Lab2.load_data_task scheduled__2026-02-06T00:00:00+00:00 [queued]>
[2026-02-07T21:07:06.035+0000] {taskinstance.py:2865} INFO - Starting attempt 1 of 1
[2026-02-07T21:07:06.041+0000] {taskinstance.py:2888} INFO - Executing <Task(PythonOperator): load_data_task> on 2026-02-06 00:00:00+00:00
[2026-02-07T21:07:06.045+0000] {warnings.py:112} WARNING - /home/***/.local/lib/python3.12/site-packages/***/task/task_runner/standard_task_runner.py:70: DeprecationWarning: This process (pid=76) is multi-threaded, use of fork() may lead to deadlocks in the child.
  pid = os.fork()

[2026-02-07T21:07:06.046+0000] {standard_task_runner.py:72} INFO - Started process 86 to run task
[2026-02-07T21:07:06.047+0000] {standard_task_runner.py:104} INFO - Running: ['***', 'tasks', 'run', 'Airflow_Lab2', 'load_data_task', 'scheduled__2026-02-06T00:00:00+00:00', '--job-id', '4', '--raw', '--subdir', 'DAGS_FOLDER/main.py', '--cfg-path', '/tmp/tmpbvqkz7kx']
[2026-02-07T21:07:06.049+0000] {standard_task_runner.py:105} INFO - Job 4: Subtask load_data_task
[2026-02-07T21:07:06.074+0000] {task_command.py:467} INFO - Running <TaskInstance: Airflow_Lab2.load_data_task scheduled__2026-02-06T00:00:00+00:00 [running]> on host d0ebec898cbf
[2026-02-07T21:07:06.109+0000] {taskinstance.py:3131} INFO - Exporting env vars: AIRFLOW_CTX_DAG_OWNER='***' AIRFLOW_CTX_DAG_ID='Airflow_Lab2' AIRFLOW_CTX_TASK_ID='load_data_task' AIRFLOW_CTX_EXECUTION_DATE='2026-02-06T00:00:00+00:00' AIRFLOW_CTX_TRY_NUMBER='1' AIRFLOW_CTX_DAG_RUN_ID='scheduled__2026-02-06T00:00:00+00:00'
[2026-02-07T21:07:06.110+0000] {taskinstance.py:731} INFO - ::endgroup::
[2026-02-07T21:07:06.122+0000] {python.py:240} INFO - Done. Returned value was: /opt/***/working_data/raw.pkl
[2026-02-07T21:07:06.133+0000] {taskinstance.py:340} INFO - ::group::Post task execution logs
[2026-02-07T21:07:06.133+0000] {taskinstance.py:352} INFO - Marking task as SUCCESS. dag_id=Airflow_Lab2, task_id=load_data_task, run_id=scheduled__2026-02-06T00:00:00+00:00, execution_date=20260206T000000, start_date=20260207T210706, end_date=20260207T210706
[2026-02-07T21:07:06.144+0000] {local_task_job_runner.py:266} INFO - Task exited with return code 0
[2026-02-07T21:07:06.157+0000] {taskinstance.py:3900} INFO - 1 downstream tasks scheduled from follow-on schedule check
[2026-02-07T21:07:06.158+0000] {local_task_job_runner.py:245} INFO - ::endgroup::
[2026-02-07T21:22:42.720+0000] {local_task_job_runner.py:123} INFO - ::group::Pre task execution logs
[2026-02-07T21:22:42.729+0000] {taskinstance.py:2612} INFO - Dependencies all met for dep_context=non-requeueable deps ti=<TaskInstance: Airflow_Lab2.load_data_task scheduled__2026-02-06T00:00:00+00:00 [queued]>
[2026-02-07T21:22:42.734+0000] {taskinstance.py:2612} INFO - Dependencies all met for dep_context=requeueable deps ti=<TaskInstance: Airflow_Lab2.load_data_task scheduled__2026-02-06T00:00:00+00:00 [queued]>
[2026-02-07T21:22:42.734+0000] {taskinstance.py:2865} INFO - Starting attempt 1 of 1
[2026-02-07T21:22:42.741+0000] {taskinstance.py:2888} INFO - Executing <Task(PythonOperator): load_data_task> on 2026-02-06 00:00:00+00:00
[2026-02-07T21:22:42.746+0000] {warnings.py:112} WARNING - /home/***/.local/lib/python3.12/site-packages/***/task/task_runner/standard_task_runner.py:70: DeprecationWarning: This process (pid=76) is multi-threaded, use of fork() may lead to deadlocks in the child.
  pid = os.fork()

[2026-02-07T21:22:42.747+0000] {standard_task_runner.py:72} INFO - Started process 86 to run task
[2026-02-07T21:22:42.747+0000] {standard_task_runner.py:104} INFO - Running: ['***', 'tasks', 'run', 'Airflow_Lab2', 'load_data_task', 'scheduled__2026-02-06T00:00:00+00:00', '--job-id', '4', '--raw', '--subdir', 'DAGS_FOLDER/main.py', '--cfg-path', '/tmp/tmpw1lk_6q8']
[2026-02-07T21:22:42.750+0000] {standard_task_runner.py:105} INFO - Job 4: Subtask load_data_task
[2026-02-07T21:22:42.789+0000] {task_command.py:467} INFO - Running <TaskInstance: Airflow_Lab2.load_data_task scheduled__2026-02-06T00:00:00+00:00 [running]> on host c2a606d02197
[2026-02-07T21:22:42.832+0000] {taskinstance.py:3131} INFO - Exporting env vars: AIRFLOW_CTX_DAG_OWNER='***' AIRFLOW_CTX_DAG_ID='Airflow_Lab2' AIRFLOW_CTX_TASK_ID='load_data_task' AIRFLOW_CTX_EXECUTION_DATE='2026-02-06T00:00:00+00:00' AIRFLOW_CTX_TRY_NUMBER='1' AIRFLOW_CTX_DAG_RUN_ID='scheduled__2026-02-06T00:00:00+00:00'
[2026-02-07T21:22:42.833+0000] {taskinstance.py:731} INFO - ::endgroup::
[2026-02-07T21:22:42.853+0000] {python.py:240} INFO - Done. Returned value was: /opt/***/working_data/raw.pkl
[2026-02-07T21:22:42.867+0000] {taskinstance.py:340} INFO - ::group::Post task execution logs
[2026-02-07T21:22:42.867+0000] {taskinstance.py:352} INFO - Marking task as SUCCESS. dag_id=Airflow_Lab2, task_id=load_data_task, run_id=scheduled__2026-02-06T00:00:00+00:00, execution_date=20260206T000000, start_date=20260207T212242, end_date=20260207T212242
[2026-02-07T21:22:42.887+0000] {local_task_job_runner.py:266} INFO - Task exited with return code 0
[2026-02-07T21:22:42.902+0000] {taskinstance.py:3900} INFO - 1 downstream tasks scheduled from follow-on schedule check
[2026-02-07T21:22:42.903+0000] {local_task_job_runner.py:245} INFO - ::endgroup::
[2026-02-07T21:28:58.423+0000] {local_task_job_runner.py:123} INFO - ::group::Pre task execution logs
[2026-02-07T21:28:58.431+0000] {taskinstance.py:2612} INFO - Dependencies all met for dep_context=non-requeueable deps ti=<TaskInstance: Airflow_Lab2.load_data_task scheduled__2026-02-06T00:00:00+00:00 [queued]>
[2026-02-07T21:28:58.434+0000] {taskinstance.py:2612} INFO - Dependencies all met for dep_context=requeueable deps ti=<TaskInstance: Airflow_Lab2.load_data_task scheduled__2026-02-06T00:00:00+00:00 [queued]>
[2026-02-07T21:28:58.434+0000] {taskinstance.py:2865} INFO - Starting attempt 1 of 1
[2026-02-07T21:28:58.440+0000] {taskinstance.py:2888} INFO - Executing <Task(PythonOperator): load_data_task> on 2026-02-06 00:00:00+00:00
[2026-02-07T21:28:58.444+0000] {warnings.py:112} WARNING - /home/***/.local/lib/python3.12/site-packages/***/task/task_runner/standard_task_runner.py:70: DeprecationWarning: This process (pid=77) is multi-threaded, use of fork() may lead to deadlocks in the child.
  pid = os.fork()

[2026-02-07T21:28:58.446+0000] {standard_task_runner.py:72} INFO - Started process 87 to run task
[2026-02-07T21:28:58.446+0000] {standard_task_runner.py:104} INFO - Running: ['***', 'tasks', 'run', 'Airflow_Lab2', 'load_data_task', 'scheduled__2026-02-06T00:00:00+00:00', '--job-id', '4', '--raw', '--subdir', 'DAGS_FOLDER/main.py', '--cfg-path', '/tmp/tmp778rggss']
[2026-02-07T21:28:58.447+0000] {standard_task_runner.py:105} INFO - Job 4: Subtask load_data_task
[2026-02-07T21:28:58.475+0000] {task_command.py:467} INFO - Running <TaskInstance: Airflow_Lab2.load_data_task scheduled__2026-02-06T00:00:00+00:00 [running]> on host ae069f5c53d3
[2026-02-07T21:28:58.515+0000] {taskinstance.py:3131} INFO - Exporting env vars: AIRFLOW_CTX_DAG_OWNER='***' AIRFLOW_CTX_DAG_ID='Airflow_Lab2' AIRFLOW_CTX_TASK_ID='load_data_task' AIRFLOW_CTX_EXECUTION_DATE='2026-02-06T00:00:00+00:00' AIRFLOW_CTX_TRY_NUMBER='1' AIRFLOW_CTX_DAG_RUN_ID='scheduled__2026-02-06T00:00:00+00:00'
[2026-02-07T21:28:58.516+0000] {taskinstance.py:731} INFO - ::endgroup::
[2026-02-07T21:28:58.532+0000] {python.py:240} INFO - Done. Returned value was: /opt/***/working_data/raw.pkl
[2026-02-07T21:28:58.543+0000] {taskinstance.py:340} INFO - ::group::Post task execution logs
[2026-02-07T21:28:58.543+0000] {taskinstance.py:352} INFO - Marking task as SUCCESS. dag_id=Airflow_Lab2, task_id=load_data_task, run_id=scheduled__2026-02-06T00:00:00+00:00, execution_date=20260206T000000, start_date=20260207T212858, end_date=20260207T212858
[2026-02-07T21:28:58.586+0000] {local_task_job_runner.py:266} INFO - Task exited with return code 0
[2026-02-07T21:28:58.600+0000] {taskinstance.py:3900} INFO - 1 downstream tasks scheduled from follow-on schedule check
[2026-02-07T21:28:58.601+0000] {local_task_job_runner.py:245} INFO - ::endgroup::
[2026-02-07T22:03:36.309+0000] {local_task_job_runner.py:123} INFO - ::group::Pre task execution logs
[2026-02-07T22:03:36.317+0000] {taskinstance.py:2612} INFO - Dependencies all met for dep_context=non-requeueable deps ti=<TaskInstance: Airflow_Lab2.load_data_task scheduled__2026-02-06T00:00:00+00:00 [queued]>
[2026-02-07T22:03:36.320+0000] {taskinstance.py:2612} INFO - Dependencies all met for dep_context=requeueable deps ti=<TaskInstance: Airflow_Lab2.load_data_task scheduled__2026-02-06T00:00:00+00:00 [queued]>
[2026-02-07T22:03:36.320+0000] {taskinstance.py:2865} INFO - Starting attempt 1 of 1
[2026-02-07T22:03:36.325+0000] {taskinstance.py:2888} INFO - Executing <Task(PythonOperator): load_data_task> on 2026-02-06 00:00:00+00:00
[2026-02-07T22:03:36.330+0000] {warnings.py:112} WARNING - /home/***/.local/lib/python3.12/site-packages/***/task/task_runner/standard_task_runner.py:70: DeprecationWarning: This process (pid=90) is multi-threaded, use of fork() may lead to deadlocks in the child.
  pid = os.fork()

[2026-02-07T22:03:36.331+0000] {standard_task_runner.py:72} INFO - Started process 100 to run task
[2026-02-07T22:03:36.331+0000] {standard_task_runner.py:104} INFO - Running: ['***', 'tasks', 'run', 'Airflow_Lab2', 'load_data_task', 'scheduled__2026-02-06T00:00:00+00:00', '--job-id', '7', '--raw', '--subdir', 'DAGS_FOLDER/main.py', '--cfg-path', '/tmp/tmp8m9g15jv']
[2026-02-07T22:03:36.333+0000] {standard_task_runner.py:105} INFO - Job 7: Subtask load_data_task
[2026-02-07T22:03:36.361+0000] {task_command.py:467} INFO - Running <TaskInstance: Airflow_Lab2.load_data_task scheduled__2026-02-06T00:00:00+00:00 [running]> on host 6bd310ee7171
[2026-02-07T22:03:36.397+0000] {taskinstance.py:3131} INFO - Exporting env vars: AIRFLOW_CTX_DAG_OWNER='***' AIRFLOW_CTX_DAG_ID='Airflow_Lab2' AIRFLOW_CTX_TASK_ID='load_data_task' AIRFLOW_CTX_EXECUTION_DATE='2026-02-06T00:00:00+00:00' AIRFLOW_CTX_TRY_NUMBER='1' AIRFLOW_CTX_DAG_RUN_ID='scheduled__2026-02-06T00:00:00+00:00'
[2026-02-07T22:03:36.398+0000] {taskinstance.py:731} INFO - ::endgroup::
[2026-02-07T22:03:36.413+0000] {python.py:240} INFO - Done. Returned value was: /opt/***/working_data/raw.pkl
[2026-02-07T22:03:36.423+0000] {taskinstance.py:340} INFO - ::group::Post task execution logs
[2026-02-07T22:03:36.424+0000] {taskinstance.py:352} INFO - Marking task as SUCCESS. dag_id=Airflow_Lab2, task_id=load_data_task, run_id=scheduled__2026-02-06T00:00:00+00:00, execution_date=20260206T000000, start_date=20260207T220336, end_date=20260207T220336
[2026-02-07T22:03:36.472+0000] {local_task_job_runner.py:266} INFO - Task exited with return code 0
[2026-02-07T22:03:36.487+0000] {taskinstance.py:3900} INFO - 1 downstream tasks scheduled from follow-on schedule check
[2026-02-07T22:03:36.488+0000] {local_task_job_runner.py:245} INFO - ::endgroup::
[2026-02-07T22:05:55.415+0000] {local_task_job_runner.py:123} INFO - ::group::Pre task execution logs
[2026-02-07T22:05:55.423+0000] {taskinstance.py:2612} INFO - Dependencies all met for dep_context=non-requeueable deps ti=<TaskInstance: Airflow_Lab2.load_data_task scheduled__2026-02-06T00:00:00+00:00 [queued]>
[2026-02-07T22:05:55.427+0000] {taskinstance.py:2612} INFO - Dependencies all met for dep_context=requeueable deps ti=<TaskInstance: Airflow_Lab2.load_data_task scheduled__2026-02-06T00:00:00+00:00 [queued]>
[2026-02-07T22:05:55.427+0000] {taskinstance.py:2865} INFO - Starting attempt 1 of 1
[2026-02-07T22:05:55.432+0000] {taskinstance.py:2888} INFO - Executing <Task(PythonOperator): load_data_task> on 2026-02-06 00:00:00+00:00
[2026-02-07T22:05:55.436+0000] {warnings.py:112} WARNING - /home/***/.local/lib/python3.12/site-packages/***/task/task_runner/standard_task_runner.py:70: DeprecationWarning: This process (pid=78) is multi-threaded, use of fork() may lead to deadlocks in the child.
  pid = os.fork()

[2026-02-07T22:05:55.437+0000] {standard_task_runner.py:72} INFO - Started process 88 to run task
[2026-02-07T22:05:55.438+0000] {standard_task_runner.py:104} INFO - Running: ['***', 'tasks', 'run', 'Airflow_Lab2', 'load_data_task', 'scheduled__2026-02-06T00:00:00+00:00', '--job-id', '4', '--raw', '--subdir', 'DAGS_FOLDER/main.py', '--cfg-path', '/tmp/tmpztbz9r8b']
[2026-02-07T22:05:55.439+0000] {standard_task_runner.py:105} INFO - Job 4: Subtask load_data_task
[2026-02-07T22:05:55.464+0000] {task_command.py:467} INFO - Running <TaskInstance: Airflow_Lab2.load_data_task scheduled__2026-02-06T00:00:00+00:00 [running]> on host eb9540dc5e5e
[2026-02-07T22:05:55.502+0000] {taskinstance.py:3131} INFO - Exporting env vars: AIRFLOW_CTX_DAG_OWNER='***' AIRFLOW_CTX_DAG_ID='Airflow_Lab2' AIRFLOW_CTX_TASK_ID='load_data_task' AIRFLOW_CTX_EXECUTION_DATE='2026-02-06T00:00:00+00:00' AIRFLOW_CTX_TRY_NUMBER='1' AIRFLOW_CTX_DAG_RUN_ID='scheduled__2026-02-06T00:00:00+00:00'
[2026-02-07T22:05:55.503+0000] {taskinstance.py:731} INFO - ::endgroup::
[2026-02-07T22:05:55.518+0000] {python.py:240} INFO - Done. Returned value was: /opt/***/working_data/raw.pkl
[2026-02-07T22:05:55.528+0000] {taskinstance.py:340} INFO - ::group::Post task execution logs
[2026-02-07T22:05:55.528+0000] {taskinstance.py:352} INFO - Marking task as SUCCESS. dag_id=Airflow_Lab2, task_id=load_data_task, run_id=scheduled__2026-02-06T00:00:00+00:00, execution_date=20260206T000000, start_date=20260207T220555, end_date=20260207T220555
[2026-02-07T22:05:55.578+0000] {local_task_job_runner.py:266} INFO - Task exited with return code 0
[2026-02-07T22:05:55.593+0000] {taskinstance.py:3900} INFO - 1 downstream tasks scheduled from follow-on schedule check
[2026-02-07T22:05:55.594+0000] {local_task_job_runner.py:245} INFO - ::endgroup::
