[2026-02-06T21:33:17.138+0000] {processor.py:161} INFO - Started process (PID=42) to work on /opt/airflow/dags/main.py
[2026-02-06T21:33:17.141+0000] {processor.py:830} INFO - Processing file /opt/airflow/dags/main.py for tasks to queue
[2026-02-06T21:33:17.149+0000] {logging_mixin.py:188} INFO - [2026-02-06T21:33:17.148+0000] {dagbag.py:545} INFO - Filling up the DagBag from /opt/airflow/dags/main.py
[2026-02-06T21:33:17.167+0000] {logging_mixin.py:188} INFO - [2026-02-06T21:33:17.163+0000] {dagbag.py:355} ERROR - Failed to import: /opt/airflow/dags/main.py
Traceback (most recent call last):
  File "/home/airflow/.local/lib/python3.12/site-packages/airflow/models/dagbag.py", line 351, in parse
    loader.exec_module(new_module)
  File "<frozen importlib._bootstrap_external>", line 995, in exec_module
  File "<frozen importlib._bootstrap>", line 488, in _call_with_frames_removed
  File "/opt/airflow/dags/main.py", line 6, in <module>
    from airflow.providers.standard.operators.bash import BashOperator
ModuleNotFoundError: No module named 'airflow.providers.standard'
[2026-02-06T21:33:17.169+0000] {processor.py:842} WARNING - No viable dags retrieved from /opt/airflow/dags/main.py
[2026-02-06T21:33:17.203+0000] {processor.py:183} INFO - Processing /opt/airflow/dags/main.py took 0.076 seconds
[2026-02-06T21:33:47.358+0000] {processor.py:161} INFO - Started process (PID=60) to work on /opt/airflow/dags/main.py
[2026-02-06T21:33:47.359+0000] {processor.py:830} INFO - Processing file /opt/airflow/dags/main.py for tasks to queue
[2026-02-06T21:33:47.362+0000] {logging_mixin.py:188} INFO - [2026-02-06T21:33:47.362+0000] {dagbag.py:545} INFO - Filling up the DagBag from /opt/airflow/dags/main.py
[2026-02-06T21:33:47.370+0000] {logging_mixin.py:188} INFO - [2026-02-06T21:33:47.368+0000] {dagbag.py:355} ERROR - Failed to import: /opt/airflow/dags/main.py
Traceback (most recent call last):
  File "/home/airflow/.local/lib/python3.12/site-packages/airflow/models/dagbag.py", line 351, in parse
    loader.exec_module(new_module)
  File "<frozen importlib._bootstrap_external>", line 995, in exec_module
  File "<frozen importlib._bootstrap>", line 488, in _call_with_frames_removed
  File "/opt/airflow/dags/main.py", line 6, in <module>
    from airflow.providers.standard.operators.bash import BashOperator
ModuleNotFoundError: No module named 'airflow.providers.standard'
[2026-02-06T21:33:47.371+0000] {processor.py:842} WARNING - No viable dags retrieved from /opt/airflow/dags/main.py
[2026-02-06T21:33:47.388+0000] {processor.py:183} INFO - Processing /opt/airflow/dags/main.py took 0.039 seconds
[2026-02-06T21:34:17.450+0000] {processor.py:161} INFO - Started process (PID=78) to work on /opt/airflow/dags/main.py
[2026-02-06T21:34:17.450+0000] {processor.py:830} INFO - Processing file /opt/airflow/dags/main.py for tasks to queue
[2026-02-06T21:34:17.452+0000] {logging_mixin.py:188} INFO - [2026-02-06T21:34:17.452+0000] {dagbag.py:545} INFO - Filling up the DagBag from /opt/airflow/dags/main.py
[2026-02-06T21:34:17.457+0000] {logging_mixin.py:188} INFO - [2026-02-06T21:34:17.456+0000] {dagbag.py:355} ERROR - Failed to import: /opt/airflow/dags/main.py
Traceback (most recent call last):
  File "/home/airflow/.local/lib/python3.12/site-packages/airflow/models/dagbag.py", line 351, in parse
    loader.exec_module(new_module)
  File "<frozen importlib._bootstrap_external>", line 995, in exec_module
  File "<frozen importlib._bootstrap>", line 488, in _call_with_frames_removed
  File "/opt/airflow/dags/main.py", line 6, in <module>
    from airflow.providers.standard.operators.bash import BashOperator
ModuleNotFoundError: No module named 'airflow.providers.standard'
[2026-02-06T21:34:17.458+0000] {processor.py:842} WARNING - No viable dags retrieved from /opt/airflow/dags/main.py
[2026-02-06T21:34:17.472+0000] {processor.py:183} INFO - Processing /opt/airflow/dags/main.py took 0.029 seconds
[2026-02-06T21:34:47.685+0000] {processor.py:161} INFO - Started process (PID=96) to work on /opt/airflow/dags/main.py
[2026-02-06T21:34:47.686+0000] {processor.py:830} INFO - Processing file /opt/airflow/dags/main.py for tasks to queue
[2026-02-06T21:34:47.687+0000] {logging_mixin.py:188} INFO - [2026-02-06T21:34:47.687+0000] {dagbag.py:545} INFO - Filling up the DagBag from /opt/airflow/dags/main.py
[2026-02-06T21:34:47.691+0000] {logging_mixin.py:188} INFO - [2026-02-06T21:34:47.690+0000] {dagbag.py:355} ERROR - Failed to import: /opt/airflow/dags/main.py
Traceback (most recent call last):
  File "/home/airflow/.local/lib/python3.12/site-packages/airflow/models/dagbag.py", line 351, in parse
    loader.exec_module(new_module)
  File "<frozen importlib._bootstrap_external>", line 995, in exec_module
  File "<frozen importlib._bootstrap>", line 488, in _call_with_frames_removed
  File "/opt/airflow/dags/main.py", line 6, in <module>
    from airflow.providers.standard.operators.bash import BashOperator
ModuleNotFoundError: No module named 'airflow.providers.standard'
[2026-02-06T21:34:47.691+0000] {processor.py:842} WARNING - No viable dags retrieved from /opt/airflow/dags/main.py
[2026-02-06T21:34:47.703+0000] {processor.py:183} INFO - Processing /opt/airflow/dags/main.py took 0.022 seconds
[2026-02-06T21:35:17.944+0000] {processor.py:161} INFO - Started process (PID=114) to work on /opt/airflow/dags/main.py
[2026-02-06T21:35:17.945+0000] {processor.py:830} INFO - Processing file /opt/airflow/dags/main.py for tasks to queue
[2026-02-06T21:35:17.946+0000] {logging_mixin.py:188} INFO - [2026-02-06T21:35:17.946+0000] {dagbag.py:545} INFO - Filling up the DagBag from /opt/airflow/dags/main.py
[2026-02-06T21:35:17.950+0000] {logging_mixin.py:188} INFO - [2026-02-06T21:35:17.949+0000] {dagbag.py:355} ERROR - Failed to import: /opt/airflow/dags/main.py
Traceback (most recent call last):
  File "/home/airflow/.local/lib/python3.12/site-packages/airflow/models/dagbag.py", line 351, in parse
    loader.exec_module(new_module)
  File "<frozen importlib._bootstrap_external>", line 995, in exec_module
  File "<frozen importlib._bootstrap>", line 488, in _call_with_frames_removed
  File "/opt/airflow/dags/main.py", line 6, in <module>
    from airflow.providers.standard.operators.bash import BashOperator
ModuleNotFoundError: No module named 'airflow.providers.standard'
[2026-02-06T21:35:17.950+0000] {processor.py:842} WARNING - No viable dags retrieved from /opt/airflow/dags/main.py
[2026-02-06T21:35:17.965+0000] {processor.py:183} INFO - Processing /opt/airflow/dags/main.py took 0.025 seconds
[2026-02-06T21:35:48.247+0000] {processor.py:161} INFO - Started process (PID=133) to work on /opt/airflow/dags/main.py
[2026-02-06T21:35:48.248+0000] {processor.py:830} INFO - Processing file /opt/airflow/dags/main.py for tasks to queue
[2026-02-06T21:35:48.251+0000] {logging_mixin.py:188} INFO - [2026-02-06T21:35:48.250+0000] {dagbag.py:545} INFO - Filling up the DagBag from /opt/airflow/dags/main.py
[2026-02-06T21:35:48.257+0000] {logging_mixin.py:188} INFO - [2026-02-06T21:35:48.255+0000] {dagbag.py:355} ERROR - Failed to import: /opt/airflow/dags/main.py
Traceback (most recent call last):
  File "/home/airflow/.local/lib/python3.12/site-packages/airflow/models/dagbag.py", line 351, in parse
    loader.exec_module(new_module)
  File "<frozen importlib._bootstrap_external>", line 995, in exec_module
  File "<frozen importlib._bootstrap>", line 488, in _call_with_frames_removed
  File "/opt/airflow/dags/main.py", line 6, in <module>
    from airflow.providers.standard.operators.bash import BashOperator
ModuleNotFoundError: No module named 'airflow.providers.standard'
[2026-02-06T21:35:48.257+0000] {processor.py:842} WARNING - No viable dags retrieved from /opt/airflow/dags/main.py
[2026-02-06T21:35:48.273+0000] {processor.py:183} INFO - Processing /opt/airflow/dags/main.py took 0.036 seconds
[2026-02-06T21:36:18.379+0000] {processor.py:161} INFO - Started process (PID=151) to work on /opt/airflow/dags/main.py
[2026-02-06T21:36:18.379+0000] {processor.py:830} INFO - Processing file /opt/airflow/dags/main.py for tasks to queue
[2026-02-06T21:36:18.381+0000] {logging_mixin.py:188} INFO - [2026-02-06T21:36:18.381+0000] {dagbag.py:545} INFO - Filling up the DagBag from /opt/airflow/dags/main.py
[2026-02-06T21:36:18.385+0000] {logging_mixin.py:188} INFO - [2026-02-06T21:36:18.384+0000] {dagbag.py:355} ERROR - Failed to import: /opt/airflow/dags/main.py
Traceback (most recent call last):
  File "/home/airflow/.local/lib/python3.12/site-packages/airflow/models/dagbag.py", line 351, in parse
    loader.exec_module(new_module)
  File "<frozen importlib._bootstrap_external>", line 995, in exec_module
  File "<frozen importlib._bootstrap>", line 488, in _call_with_frames_removed
  File "/opt/airflow/dags/main.py", line 6, in <module>
    from airflow.providers.standard.operators.bash import BashOperator
ModuleNotFoundError: No module named 'airflow.providers.standard'
[2026-02-06T21:36:18.386+0000] {processor.py:842} WARNING - No viable dags retrieved from /opt/airflow/dags/main.py
[2026-02-06T21:36:18.401+0000] {processor.py:183} INFO - Processing /opt/airflow/dags/main.py took 0.027 seconds
[2026-02-06T21:36:48.637+0000] {processor.py:161} INFO - Started process (PID=169) to work on /opt/airflow/dags/main.py
[2026-02-06T21:36:48.638+0000] {processor.py:830} INFO - Processing file /opt/airflow/dags/main.py for tasks to queue
[2026-02-06T21:36:48.640+0000] {logging_mixin.py:188} INFO - [2026-02-06T21:36:48.640+0000] {dagbag.py:545} INFO - Filling up the DagBag from /opt/airflow/dags/main.py
[2026-02-06T21:36:48.644+0000] {logging_mixin.py:188} INFO - [2026-02-06T21:36:48.643+0000] {dagbag.py:355} ERROR - Failed to import: /opt/airflow/dags/main.py
Traceback (most recent call last):
  File "/home/airflow/.local/lib/python3.12/site-packages/airflow/models/dagbag.py", line 351, in parse
    loader.exec_module(new_module)
  File "<frozen importlib._bootstrap_external>", line 995, in exec_module
  File "<frozen importlib._bootstrap>", line 488, in _call_with_frames_removed
  File "/opt/airflow/dags/main.py", line 6, in <module>
    from airflow.providers.standard.operators.bash import BashOperator
ModuleNotFoundError: No module named 'airflow.providers.standard'
[2026-02-06T21:36:48.644+0000] {processor.py:842} WARNING - No viable dags retrieved from /opt/airflow/dags/main.py
[2026-02-06T21:36:48.660+0000] {processor.py:183} INFO - Processing /opt/airflow/dags/main.py took 0.026 seconds
[2026-02-06T21:37:18.888+0000] {processor.py:161} INFO - Started process (PID=187) to work on /opt/airflow/dags/main.py
[2026-02-06T21:37:18.890+0000] {processor.py:830} INFO - Processing file /opt/airflow/dags/main.py for tasks to queue
[2026-02-06T21:37:18.891+0000] {logging_mixin.py:188} INFO - [2026-02-06T21:37:18.891+0000] {dagbag.py:545} INFO - Filling up the DagBag from /opt/airflow/dags/main.py
[2026-02-06T21:37:18.895+0000] {logging_mixin.py:188} INFO - [2026-02-06T21:37:18.894+0000] {dagbag.py:355} ERROR - Failed to import: /opt/airflow/dags/main.py
Traceback (most recent call last):
  File "/home/airflow/.local/lib/python3.12/site-packages/airflow/models/dagbag.py", line 351, in parse
    loader.exec_module(new_module)
  File "<frozen importlib._bootstrap_external>", line 995, in exec_module
  File "<frozen importlib._bootstrap>", line 488, in _call_with_frames_removed
  File "/opt/airflow/dags/main.py", line 6, in <module>
    from airflow.providers.standard.operators.bash import BashOperator
ModuleNotFoundError: No module named 'airflow.providers.standard'
[2026-02-06T21:37:18.897+0000] {processor.py:842} WARNING - No viable dags retrieved from /opt/airflow/dags/main.py
[2026-02-06T21:37:18.914+0000] {processor.py:183} INFO - Processing /opt/airflow/dags/main.py took 0.033 seconds
[2026-02-06T21:37:49.132+0000] {processor.py:161} INFO - Started process (PID=205) to work on /opt/airflow/dags/main.py
[2026-02-06T21:37:49.133+0000] {processor.py:830} INFO - Processing file /opt/airflow/dags/main.py for tasks to queue
[2026-02-06T21:37:49.136+0000] {logging_mixin.py:188} INFO - [2026-02-06T21:37:49.136+0000] {dagbag.py:545} INFO - Filling up the DagBag from /opt/airflow/dags/main.py
[2026-02-06T21:37:49.142+0000] {logging_mixin.py:188} INFO - [2026-02-06T21:37:49.140+0000] {dagbag.py:355} ERROR - Failed to import: /opt/airflow/dags/main.py
Traceback (most recent call last):
  File "/home/airflow/.local/lib/python3.12/site-packages/airflow/models/dagbag.py", line 351, in parse
    loader.exec_module(new_module)
  File "<frozen importlib._bootstrap_external>", line 995, in exec_module
  File "<frozen importlib._bootstrap>", line 488, in _call_with_frames_removed
  File "/opt/airflow/dags/main.py", line 6, in <module>
    from airflow.providers.standard.operators.bash import BashOperator
ModuleNotFoundError: No module named 'airflow.providers.standard'
[2026-02-06T21:37:49.142+0000] {processor.py:842} WARNING - No viable dags retrieved from /opt/airflow/dags/main.py
[2026-02-06T21:37:49.158+0000] {processor.py:183} INFO - Processing /opt/airflow/dags/main.py took 0.037 seconds
[2026-02-06T21:38:19.408+0000] {processor.py:161} INFO - Started process (PID=223) to work on /opt/airflow/dags/main.py
[2026-02-06T21:38:19.409+0000] {processor.py:830} INFO - Processing file /opt/airflow/dags/main.py for tasks to queue
[2026-02-06T21:38:19.412+0000] {logging_mixin.py:188} INFO - [2026-02-06T21:38:19.411+0000] {dagbag.py:545} INFO - Filling up the DagBag from /opt/airflow/dags/main.py
[2026-02-06T21:38:19.419+0000] {logging_mixin.py:188} INFO - [2026-02-06T21:38:19.416+0000] {dagbag.py:355} ERROR - Failed to import: /opt/airflow/dags/main.py
Traceback (most recent call last):
  File "/home/airflow/.local/lib/python3.12/site-packages/airflow/models/dagbag.py", line 351, in parse
    loader.exec_module(new_module)
  File "<frozen importlib._bootstrap_external>", line 995, in exec_module
  File "<frozen importlib._bootstrap>", line 488, in _call_with_frames_removed
  File "/opt/airflow/dags/main.py", line 6, in <module>
    from airflow.providers.standard.operators.bash import BashOperator
ModuleNotFoundError: No module named 'airflow.providers.standard'
[2026-02-06T21:38:19.419+0000] {processor.py:842} WARNING - No viable dags retrieved from /opt/airflow/dags/main.py
[2026-02-06T21:38:19.440+0000] {processor.py:183} INFO - Processing /opt/airflow/dags/main.py took 0.040 seconds
[2026-02-06T21:57:36.068+0000] {processor.py:186} INFO - Started process (PID=43) to work on /opt/airflow/dags/main.py
[2026-02-06T21:57:36.069+0000] {processor.py:914} INFO - Processing file /opt/airflow/dags/main.py for tasks to queue
[2026-02-06T21:57:36.072+0000] {logging_mixin.py:190} INFO - [2026-02-06T21:57:36.072+0000] {dagbag.py:588} INFO - Filling up the DagBag from /opt/airflow/dags/main.py
[2026-02-06T21:57:36.086+0000] {logging_mixin.py:190} INFO - [2026-02-06T21:57:36.082+0000] {dagbag.py:387} ERROR - Failed to import: /opt/airflow/dags/main.py
Traceback (most recent call last):
  File "/home/airflow/.local/lib/python3.12/site-packages/airflow/models/dagbag.py", line 383, in parse
    loader.exec_module(new_module)
  File "<frozen importlib._bootstrap_external>", line 995, in exec_module
  File "<frozen importlib._bootstrap>", line 488, in _call_with_frames_removed
  File "/opt/airflow/dags/main.py", line 6, in <module>
    from airflow.providers.standard.operators.bash import BashOperator
ModuleNotFoundError: No module named 'airflow.providers.standard'
[2026-02-06T21:57:36.087+0000] {processor.py:927} WARNING - No viable dags retrieved from /opt/airflow/dags/main.py
[2026-02-06T21:57:36.109+0000] {processor.py:208} INFO - Processing /opt/airflow/dags/main.py took 0.055 seconds
[2026-02-06T21:58:06.253+0000] {processor.py:186} INFO - Started process (PID=61) to work on /opt/airflow/dags/main.py
[2026-02-06T21:58:06.253+0000] {processor.py:914} INFO - Processing file /opt/airflow/dags/main.py for tasks to queue
[2026-02-06T21:58:06.256+0000] {logging_mixin.py:190} INFO - [2026-02-06T21:58:06.256+0000] {dagbag.py:588} INFO - Filling up the DagBag from /opt/airflow/dags/main.py
[2026-02-06T21:58:06.262+0000] {logging_mixin.py:190} INFO - [2026-02-06T21:58:06.260+0000] {dagbag.py:387} ERROR - Failed to import: /opt/airflow/dags/main.py
Traceback (most recent call last):
  File "/home/airflow/.local/lib/python3.12/site-packages/airflow/models/dagbag.py", line 383, in parse
    loader.exec_module(new_module)
  File "<frozen importlib._bootstrap_external>", line 995, in exec_module
  File "<frozen importlib._bootstrap>", line 488, in _call_with_frames_removed
  File "/opt/airflow/dags/main.py", line 6, in <module>
    from airflow.providers.standard.operators.bash import BashOperator
ModuleNotFoundError: No module named 'airflow.providers.standard'
[2026-02-06T21:58:06.263+0000] {processor.py:927} WARNING - No viable dags retrieved from /opt/airflow/dags/main.py
[2026-02-06T21:58:06.282+0000] {processor.py:208} INFO - Processing /opt/airflow/dags/main.py took 0.037 seconds
[2026-02-06T21:58:36.377+0000] {processor.py:186} INFO - Started process (PID=79) to work on /opt/airflow/dags/main.py
[2026-02-06T21:58:36.377+0000] {processor.py:914} INFO - Processing file /opt/airflow/dags/main.py for tasks to queue
[2026-02-06T21:58:36.378+0000] {logging_mixin.py:190} INFO - [2026-02-06T21:58:36.378+0000] {dagbag.py:588} INFO - Filling up the DagBag from /opt/airflow/dags/main.py
[2026-02-06T21:58:36.382+0000] {logging_mixin.py:190} INFO - [2026-02-06T21:58:36.380+0000] {dagbag.py:387} ERROR - Failed to import: /opt/airflow/dags/main.py
Traceback (most recent call last):
  File "/home/airflow/.local/lib/python3.12/site-packages/airflow/models/dagbag.py", line 383, in parse
    loader.exec_module(new_module)
  File "<frozen importlib._bootstrap_external>", line 995, in exec_module
  File "<frozen importlib._bootstrap>", line 488, in _call_with_frames_removed
  File "/opt/airflow/dags/main.py", line 6, in <module>
    from airflow.providers.standard.operators.bash import BashOperator
ModuleNotFoundError: No module named 'airflow.providers.standard'
[2026-02-06T21:58:36.382+0000] {processor.py:927} WARNING - No viable dags retrieved from /opt/airflow/dags/main.py
[2026-02-06T21:58:36.400+0000] {processor.py:208} INFO - Processing /opt/airflow/dags/main.py took 0.029 seconds
[2026-02-06T21:59:06.476+0000] {processor.py:186} INFO - Started process (PID=97) to work on /opt/airflow/dags/main.py
[2026-02-06T21:59:06.477+0000] {processor.py:914} INFO - Processing file /opt/airflow/dags/main.py for tasks to queue
[2026-02-06T21:59:06.479+0000] {logging_mixin.py:190} INFO - [2026-02-06T21:59:06.479+0000] {dagbag.py:588} INFO - Filling up the DagBag from /opt/airflow/dags/main.py
[2026-02-06T21:59:06.483+0000] {logging_mixin.py:190} INFO - [2026-02-06T21:59:06.482+0000] {dagbag.py:387} ERROR - Failed to import: /opt/airflow/dags/main.py
Traceback (most recent call last):
  File "/home/airflow/.local/lib/python3.12/site-packages/airflow/models/dagbag.py", line 383, in parse
    loader.exec_module(new_module)
  File "<frozen importlib._bootstrap_external>", line 995, in exec_module
  File "<frozen importlib._bootstrap>", line 488, in _call_with_frames_removed
  File "/opt/airflow/dags/main.py", line 6, in <module>
    from airflow.providers.standard.operators.bash import BashOperator
ModuleNotFoundError: No module named 'airflow.providers.standard'
[2026-02-06T21:59:06.484+0000] {processor.py:927} WARNING - No viable dags retrieved from /opt/airflow/dags/main.py
[2026-02-06T21:59:06.499+0000] {processor.py:208} INFO - Processing /opt/airflow/dags/main.py took 0.030 seconds
[2026-02-06T21:59:36.598+0000] {processor.py:186} INFO - Started process (PID=115) to work on /opt/airflow/dags/main.py
[2026-02-06T21:59:36.599+0000] {processor.py:914} INFO - Processing file /opt/airflow/dags/main.py for tasks to queue
[2026-02-06T21:59:36.601+0000] {logging_mixin.py:190} INFO - [2026-02-06T21:59:36.601+0000] {dagbag.py:588} INFO - Filling up the DagBag from /opt/airflow/dags/main.py
[2026-02-06T21:59:36.606+0000] {logging_mixin.py:190} INFO - [2026-02-06T21:59:36.604+0000] {dagbag.py:387} ERROR - Failed to import: /opt/airflow/dags/main.py
Traceback (most recent call last):
  File "/home/airflow/.local/lib/python3.12/site-packages/airflow/models/dagbag.py", line 383, in parse
    loader.exec_module(new_module)
  File "<frozen importlib._bootstrap_external>", line 995, in exec_module
  File "<frozen importlib._bootstrap>", line 488, in _call_with_frames_removed
  File "/opt/airflow/dags/main.py", line 6, in <module>
    from airflow.providers.standard.operators.bash import BashOperator
ModuleNotFoundError: No module named 'airflow.providers.standard'
[2026-02-06T21:59:36.606+0000] {processor.py:927} WARNING - No viable dags retrieved from /opt/airflow/dags/main.py
[2026-02-06T21:59:36.619+0000] {processor.py:208} INFO - Processing /opt/airflow/dags/main.py took 0.025 seconds
[2026-02-06T22:00:06.713+0000] {processor.py:186} INFO - Started process (PID=133) to work on /opt/airflow/dags/main.py
[2026-02-06T22:00:06.715+0000] {processor.py:914} INFO - Processing file /opt/airflow/dags/main.py for tasks to queue
[2026-02-06T22:00:06.716+0000] {logging_mixin.py:190} INFO - [2026-02-06T22:00:06.716+0000] {dagbag.py:588} INFO - Filling up the DagBag from /opt/airflow/dags/main.py
[2026-02-06T22:00:06.719+0000] {logging_mixin.py:190} INFO - [2026-02-06T22:00:06.718+0000] {dagbag.py:387} ERROR - Failed to import: /opt/airflow/dags/main.py
Traceback (most recent call last):
  File "/home/airflow/.local/lib/python3.12/site-packages/airflow/models/dagbag.py", line 383, in parse
    loader.exec_module(new_module)
  File "<frozen importlib._bootstrap_external>", line 995, in exec_module
  File "<frozen importlib._bootstrap>", line 488, in _call_with_frames_removed
  File "/opt/airflow/dags/main.py", line 6, in <module>
    from airflow.providers.standard.operators.bash import BashOperator
ModuleNotFoundError: No module named 'airflow.providers.standard'
[2026-02-06T22:00:06.719+0000] {processor.py:927} WARNING - No viable dags retrieved from /opt/airflow/dags/main.py
[2026-02-06T22:00:06.734+0000] {processor.py:208} INFO - Processing /opt/airflow/dags/main.py took 0.028 seconds
[2026-02-06T22:00:36.804+0000] {processor.py:186} INFO - Started process (PID=151) to work on /opt/airflow/dags/main.py
[2026-02-06T22:00:36.804+0000] {processor.py:914} INFO - Processing file /opt/airflow/dags/main.py for tasks to queue
[2026-02-06T22:00:36.806+0000] {logging_mixin.py:190} INFO - [2026-02-06T22:00:36.806+0000] {dagbag.py:588} INFO - Filling up the DagBag from /opt/airflow/dags/main.py
[2026-02-06T22:00:36.810+0000] {logging_mixin.py:190} INFO - [2026-02-06T22:00:36.809+0000] {dagbag.py:387} ERROR - Failed to import: /opt/airflow/dags/main.py
Traceback (most recent call last):
  File "/home/airflow/.local/lib/python3.12/site-packages/airflow/models/dagbag.py", line 383, in parse
    loader.exec_module(new_module)
  File "<frozen importlib._bootstrap_external>", line 995, in exec_module
  File "<frozen importlib._bootstrap>", line 488, in _call_with_frames_removed
  File "/opt/airflow/dags/main.py", line 6, in <module>
    from airflow.providers.standard.operators.bash import BashOperator
ModuleNotFoundError: No module named 'airflow.providers.standard'
[2026-02-06T22:00:36.811+0000] {processor.py:927} WARNING - No viable dags retrieved from /opt/airflow/dags/main.py
[2026-02-06T22:00:36.830+0000] {processor.py:208} INFO - Processing /opt/airflow/dags/main.py took 0.030 seconds
[2026-02-06T22:01:06.999+0000] {processor.py:186} INFO - Started process (PID=169) to work on /opt/airflow/dags/main.py
[2026-02-06T22:01:07.000+0000] {processor.py:914} INFO - Processing file /opt/airflow/dags/main.py for tasks to queue
[2026-02-06T22:01:07.002+0000] {logging_mixin.py:190} INFO - [2026-02-06T22:01:07.002+0000] {dagbag.py:588} INFO - Filling up the DagBag from /opt/airflow/dags/main.py
[2026-02-06T22:01:07.007+0000] {logging_mixin.py:190} INFO - [2026-02-06T22:01:07.006+0000] {dagbag.py:387} ERROR - Failed to import: /opt/airflow/dags/main.py
Traceback (most recent call last):
  File "/home/airflow/.local/lib/python3.12/site-packages/airflow/models/dagbag.py", line 383, in parse
    loader.exec_module(new_module)
  File "<frozen importlib._bootstrap_external>", line 995, in exec_module
  File "<frozen importlib._bootstrap>", line 488, in _call_with_frames_removed
  File "/opt/airflow/dags/main.py", line 6, in <module>
    from airflow.providers.standard.operators.bash import BashOperator
ModuleNotFoundError: No module named 'airflow.providers.standard'
[2026-02-06T22:01:07.007+0000] {processor.py:927} WARNING - No viable dags retrieved from /opt/airflow/dags/main.py
[2026-02-06T22:01:07.019+0000] {processor.py:208} INFO - Processing /opt/airflow/dags/main.py took 0.024 seconds
[2026-02-06T22:01:37.095+0000] {processor.py:186} INFO - Started process (PID=187) to work on /opt/airflow/dags/main.py
[2026-02-06T22:01:37.096+0000] {processor.py:914} INFO - Processing file /opt/airflow/dags/main.py for tasks to queue
[2026-02-06T22:01:37.099+0000] {logging_mixin.py:190} INFO - [2026-02-06T22:01:37.098+0000] {dagbag.py:588} INFO - Filling up the DagBag from /opt/airflow/dags/main.py
[2026-02-06T22:01:37.103+0000] {logging_mixin.py:190} INFO - [2026-02-06T22:01:37.101+0000] {dagbag.py:387} ERROR - Failed to import: /opt/airflow/dags/main.py
Traceback (most recent call last):
  File "/home/airflow/.local/lib/python3.12/site-packages/airflow/models/dagbag.py", line 383, in parse
    loader.exec_module(new_module)
  File "<frozen importlib._bootstrap_external>", line 995, in exec_module
  File "<frozen importlib._bootstrap>", line 488, in _call_with_frames_removed
  File "/opt/airflow/dags/main.py", line 6, in <module>
    from airflow.providers.standard.operators.bash import BashOperator
ModuleNotFoundError: No module named 'airflow.providers.standard'
[2026-02-06T22:01:37.103+0000] {processor.py:927} WARNING - No viable dags retrieved from /opt/airflow/dags/main.py
[2026-02-06T22:01:37.117+0000] {processor.py:208} INFO - Processing /opt/airflow/dags/main.py took 0.028 seconds
[2026-02-06T22:02:07.289+0000] {processor.py:186} INFO - Started process (PID=205) to work on /opt/airflow/dags/main.py
[2026-02-06T22:02:07.290+0000] {processor.py:914} INFO - Processing file /opt/airflow/dags/main.py for tasks to queue
[2026-02-06T22:02:07.291+0000] {logging_mixin.py:190} INFO - [2026-02-06T22:02:07.291+0000] {dagbag.py:588} INFO - Filling up the DagBag from /opt/airflow/dags/main.py
[2026-02-06T22:02:07.294+0000] {logging_mixin.py:190} INFO - [2026-02-06T22:02:07.293+0000] {dagbag.py:387} ERROR - Failed to import: /opt/airflow/dags/main.py
Traceback (most recent call last):
  File "/home/airflow/.local/lib/python3.12/site-packages/airflow/models/dagbag.py", line 383, in parse
    loader.exec_module(new_module)
  File "<frozen importlib._bootstrap_external>", line 995, in exec_module
  File "<frozen importlib._bootstrap>", line 488, in _call_with_frames_removed
  File "/opt/airflow/dags/main.py", line 6, in <module>
    from airflow.providers.standard.operators.bash import BashOperator
ModuleNotFoundError: No module named 'airflow.providers.standard'
[2026-02-06T22:02:07.295+0000] {processor.py:927} WARNING - No viable dags retrieved from /opt/airflow/dags/main.py
[2026-02-06T22:02:07.306+0000] {processor.py:208} INFO - Processing /opt/airflow/dags/main.py took 0.021 seconds
[2026-02-06T22:02:37.354+0000] {processor.py:186} INFO - Started process (PID=223) to work on /opt/airflow/dags/main.py
[2026-02-06T22:02:37.355+0000] {processor.py:914} INFO - Processing file /opt/airflow/dags/main.py for tasks to queue
[2026-02-06T22:02:37.357+0000] {logging_mixin.py:190} INFO - [2026-02-06T22:02:37.356+0000] {dagbag.py:588} INFO - Filling up the DagBag from /opt/airflow/dags/main.py
[2026-02-06T22:02:37.359+0000] {logging_mixin.py:190} INFO - [2026-02-06T22:02:37.358+0000] {dagbag.py:387} ERROR - Failed to import: /opt/airflow/dags/main.py
Traceback (most recent call last):
  File "/home/airflow/.local/lib/python3.12/site-packages/airflow/models/dagbag.py", line 383, in parse
    loader.exec_module(new_module)
  File "<frozen importlib._bootstrap_external>", line 995, in exec_module
  File "<frozen importlib._bootstrap>", line 488, in _call_with_frames_removed
  File "/opt/airflow/dags/main.py", line 6, in <module>
    from airflow.providers.standard.operators.bash import BashOperator
ModuleNotFoundError: No module named 'airflow.providers.standard'
[2026-02-06T22:02:37.360+0000] {processor.py:927} WARNING - No viable dags retrieved from /opt/airflow/dags/main.py
[2026-02-06T22:02:37.374+0000] {processor.py:208} INFO - Processing /opt/airflow/dags/main.py took 0.026 seconds
[2026-02-06T22:03:07.410+0000] {processor.py:186} INFO - Started process (PID=241) to work on /opt/airflow/dags/main.py
[2026-02-06T22:03:07.412+0000] {processor.py:914} INFO - Processing file /opt/airflow/dags/main.py for tasks to queue
[2026-02-06T22:03:07.415+0000] {logging_mixin.py:190} INFO - [2026-02-06T22:03:07.415+0000] {dagbag.py:588} INFO - Filling up the DagBag from /opt/airflow/dags/main.py
[2026-02-06T22:03:07.421+0000] {logging_mixin.py:190} INFO - [2026-02-06T22:03:07.419+0000] {dagbag.py:387} ERROR - Failed to import: /opt/airflow/dags/main.py
Traceback (most recent call last):
  File "/home/airflow/.local/lib/python3.12/site-packages/airflow/models/dagbag.py", line 383, in parse
    loader.exec_module(new_module)
  File "<frozen importlib._bootstrap_external>", line 995, in exec_module
  File "<frozen importlib._bootstrap>", line 488, in _call_with_frames_removed
  File "/opt/airflow/dags/main.py", line 6, in <module>
    from airflow.providers.standard.operators.bash import BashOperator
ModuleNotFoundError: No module named 'airflow.providers.standard'
[2026-02-06T22:03:07.421+0000] {processor.py:927} WARNING - No viable dags retrieved from /opt/airflow/dags/main.py
[2026-02-06T22:03:07.441+0000] {processor.py:208} INFO - Processing /opt/airflow/dags/main.py took 0.036 seconds
[2026-02-06T22:03:29.411+0000] {processor.py:186} INFO - Started process (PID=260) to work on /opt/airflow/dags/main.py
[2026-02-06T22:03:29.411+0000] {processor.py:914} INFO - Processing file /opt/airflow/dags/main.py for tasks to queue
[2026-02-06T22:03:29.413+0000] {logging_mixin.py:190} INFO - [2026-02-06T22:03:29.413+0000] {dagbag.py:588} INFO - Filling up the DagBag from /opt/airflow/dags/main.py
[2026-02-06T22:03:29.418+0000] {logging_mixin.py:190} INFO - [2026-02-06T22:03:29.417+0000] {dagbag.py:387} ERROR - Failed to import: /opt/airflow/dags/main.py
Traceback (most recent call last):
  File "/home/airflow/.local/lib/python3.12/site-packages/airflow/models/dagbag.py", line 383, in parse
    loader.exec_module(new_module)
  File "<frozen importlib._bootstrap_external>", line 995, in exec_module
  File "<frozen importlib._bootstrap>", line 488, in _call_with_frames_removed
  File "/opt/airflow/dags/main.py", line 13, in <module>
    from airflow.providers.standard.operators.trigger_dagrun import TriggerDagRunOperator
ModuleNotFoundError: No module named 'airflow.providers.standard'
[2026-02-06T22:03:29.419+0000] {processor.py:927} WARNING - No viable dags retrieved from /opt/airflow/dags/main.py
[2026-02-06T22:03:29.434+0000] {processor.py:208} INFO - Processing /opt/airflow/dags/main.py took 0.027 seconds
[2026-02-06T22:03:44.578+0000] {processor.py:186} INFO - Started process (PID=268) to work on /opt/airflow/dags/main.py
[2026-02-06T22:03:44.578+0000] {processor.py:914} INFO - Processing file /opt/airflow/dags/main.py for tasks to queue
[2026-02-06T22:03:44.580+0000] {logging_mixin.py:190} INFO - [2026-02-06T22:03:44.579+0000] {dagbag.py:588} INFO - Filling up the DagBag from /opt/airflow/dags/main.py
[2026-02-06T22:03:44.585+0000] {logging_mixin.py:190} INFO - [2026-02-06T22:03:44.584+0000] {dagbag.py:387} ERROR - Failed to import: /opt/airflow/dags/main.py
Traceback (most recent call last):
  File "/home/airflow/.local/lib/python3.12/site-packages/airflow/models/dagbag.py", line 383, in parse
    loader.exec_module(new_module)
  File "<frozen importlib._bootstrap_external>", line 995, in exec_module
  File "<frozen importlib._bootstrap>", line 488, in _call_with_frames_removed
  File "/opt/airflow/dags/main.py", line 13, in <module>
    from airflow.providers.standard.operators.trigger_dagrun import TriggerDagRunOperator
ModuleNotFoundError: No module named 'airflow.providers.standard'
[2026-02-06T22:03:44.586+0000] {processor.py:927} WARNING - No viable dags retrieved from /opt/airflow/dags/main.py
[2026-02-06T22:03:44.602+0000] {processor.py:208} INFO - Processing /opt/airflow/dags/main.py took 0.027 seconds
[2026-02-06T22:03:48.637+0000] {processor.py:186} INFO - Started process (PID=269) to work on /opt/airflow/dags/main.py
[2026-02-06T22:03:48.639+0000] {processor.py:914} INFO - Processing file /opt/airflow/dags/main.py for tasks to queue
[2026-02-06T22:03:48.642+0000] {logging_mixin.py:190} INFO - [2026-02-06T22:03:48.641+0000] {dagbag.py:588} INFO - Filling up the DagBag from /opt/airflow/dags/main.py
[2026-02-06T22:03:48.649+0000] {logging_mixin.py:190} INFO - [2026-02-06T22:03:48.648+0000] {dagbag.py:387} ERROR - Failed to import: /opt/airflow/dags/main.py
Traceback (most recent call last):
  File "/home/airflow/.local/lib/python3.12/site-packages/airflow/models/dagbag.py", line 383, in parse
    loader.exec_module(new_module)
  File "<frozen importlib._bootstrap_external>", line 995, in exec_module
  File "<frozen importlib._bootstrap>", line 488, in _call_with_frames_removed
  File "/opt/airflow/dags/main.py", line 13, in <module>
    from airflow.providers.standard.operators.trigger_dagrun import TriggerDagRunOperator
ModuleNotFoundError: No module named 'airflow.providers.standard'
[2026-02-06T22:03:48.650+0000] {processor.py:927} WARNING - No viable dags retrieved from /opt/airflow/dags/main.py
[2026-02-06T22:03:48.663+0000] {processor.py:208} INFO - Processing /opt/airflow/dags/main.py took 0.035 seconds
[2026-02-06T22:04:18.771+0000] {processor.py:186} INFO - Started process (PID=287) to work on /opt/airflow/dags/main.py
[2026-02-06T22:04:18.772+0000] {processor.py:914} INFO - Processing file /opt/airflow/dags/main.py for tasks to queue
[2026-02-06T22:04:18.773+0000] {logging_mixin.py:190} INFO - [2026-02-06T22:04:18.773+0000] {dagbag.py:588} INFO - Filling up the DagBag from /opt/airflow/dags/main.py
[2026-02-06T22:04:18.776+0000] {logging_mixin.py:190} INFO - [2026-02-06T22:04:18.775+0000] {dagbag.py:387} ERROR - Failed to import: /opt/airflow/dags/main.py
Traceback (most recent call last):
  File "/home/airflow/.local/lib/python3.12/site-packages/airflow/models/dagbag.py", line 383, in parse
    loader.exec_module(new_module)
  File "<frozen importlib._bootstrap_external>", line 995, in exec_module
  File "<frozen importlib._bootstrap>", line 488, in _call_with_frames_removed
  File "/opt/airflow/dags/main.py", line 13, in <module>
    from airflow.providers.standard.operators.trigger_dagrun import TriggerDagRunOperator
ModuleNotFoundError: No module named 'airflow.providers.standard'
[2026-02-06T22:04:18.776+0000] {processor.py:927} WARNING - No viable dags retrieved from /opt/airflow/dags/main.py
[2026-02-06T22:04:18.787+0000] {processor.py:208} INFO - Processing /opt/airflow/dags/main.py took 0.020 seconds
[2026-02-06T22:04:51.966+0000] {processor.py:186} INFO - Started process (PID=43) to work on /opt/airflow/dags/main.py
[2026-02-06T22:04:51.967+0000] {processor.py:914} INFO - Processing file /opt/airflow/dags/main.py for tasks to queue
[2026-02-06T22:04:51.970+0000] {logging_mixin.py:190} INFO - [2026-02-06T22:04:51.969+0000] {dagbag.py:588} INFO - Filling up the DagBag from /opt/airflow/dags/main.py
[2026-02-06T22:04:51.975+0000] {logging_mixin.py:190} INFO - [2026-02-06T22:04:51.974+0000] {dagbag.py:387} ERROR - Failed to import: /opt/airflow/dags/main.py
Traceback (most recent call last):
  File "/home/airflow/.local/lib/python3.12/site-packages/airflow/models/dagbag.py", line 383, in parse
    loader.exec_module(new_module)
  File "<frozen importlib._bootstrap_external>", line 995, in exec_module
  File "<frozen importlib._bootstrap>", line 488, in _call_with_frames_removed
  File "/opt/airflow/dags/main.py", line 13, in <module>
    from airflow.providers.standard.operators.trigger_dagrun import TriggerDagRunOperator
ModuleNotFoundError: No module named 'airflow.providers.standard'
[2026-02-06T22:04:51.976+0000] {processor.py:927} WARNING - No viable dags retrieved from /opt/airflow/dags/main.py
[2026-02-06T22:04:51.999+0000] {processor.py:208} INFO - Processing /opt/airflow/dags/main.py took 0.040 seconds
[2026-02-06T22:05:22.131+0000] {processor.py:186} INFO - Started process (PID=61) to work on /opt/airflow/dags/main.py
[2026-02-06T22:05:22.132+0000] {processor.py:914} INFO - Processing file /opt/airflow/dags/main.py for tasks to queue
[2026-02-06T22:05:22.135+0000] {logging_mixin.py:190} INFO - [2026-02-06T22:05:22.134+0000] {dagbag.py:588} INFO - Filling up the DagBag from /opt/airflow/dags/main.py
[2026-02-06T22:05:22.139+0000] {logging_mixin.py:190} INFO - [2026-02-06T22:05:22.138+0000] {dagbag.py:387} ERROR - Failed to import: /opt/airflow/dags/main.py
Traceback (most recent call last):
  File "/home/airflow/.local/lib/python3.12/site-packages/airflow/models/dagbag.py", line 383, in parse
    loader.exec_module(new_module)
  File "<frozen importlib._bootstrap_external>", line 995, in exec_module
  File "<frozen importlib._bootstrap>", line 488, in _call_with_frames_removed
  File "/opt/airflow/dags/main.py", line 13, in <module>
    from airflow.providers.standard.operators.trigger_dagrun import TriggerDagRunOperator
ModuleNotFoundError: No module named 'airflow.providers.standard'
[2026-02-06T22:05:22.140+0000] {processor.py:927} WARNING - No viable dags retrieved from /opt/airflow/dags/main.py
[2026-02-06T22:05:22.154+0000] {processor.py:208} INFO - Processing /opt/airflow/dags/main.py took 0.028 seconds
[2026-02-06T22:05:52.292+0000] {processor.py:186} INFO - Started process (PID=79) to work on /opt/airflow/dags/main.py
[2026-02-06T22:05:52.293+0000] {processor.py:914} INFO - Processing file /opt/airflow/dags/main.py for tasks to queue
[2026-02-06T22:05:52.296+0000] {logging_mixin.py:190} INFO - [2026-02-06T22:05:52.296+0000] {dagbag.py:588} INFO - Filling up the DagBag from /opt/airflow/dags/main.py
[2026-02-06T22:05:52.302+0000] {logging_mixin.py:190} INFO - [2026-02-06T22:05:52.300+0000] {dagbag.py:387} ERROR - Failed to import: /opt/airflow/dags/main.py
Traceback (most recent call last):
  File "/home/airflow/.local/lib/python3.12/site-packages/airflow/models/dagbag.py", line 383, in parse
    loader.exec_module(new_module)
  File "<frozen importlib._bootstrap_external>", line 995, in exec_module
  File "<frozen importlib._bootstrap>", line 488, in _call_with_frames_removed
  File "/opt/airflow/dags/main.py", line 13, in <module>
    from airflow.providers.standard.operators.trigger_dagrun import TriggerDagRunOperator
ModuleNotFoundError: No module named 'airflow.providers.standard'
[2026-02-06T22:05:52.305+0000] {processor.py:927} WARNING - No viable dags retrieved from /opt/airflow/dags/main.py
[2026-02-06T22:05:52.322+0000] {processor.py:208} INFO - Processing /opt/airflow/dags/main.py took 0.038 seconds
[2026-02-06T22:13:04.406+0000] {processor.py:186} INFO - Started process (PID=43) to work on /opt/airflow/dags/main.py
[2026-02-06T22:13:04.408+0000] {processor.py:914} INFO - Processing file /opt/airflow/dags/main.py for tasks to queue
[2026-02-06T22:13:04.410+0000] {logging_mixin.py:190} INFO - [2026-02-06T22:13:04.410+0000] {dagbag.py:588} INFO - Filling up the DagBag from /opt/airflow/dags/main.py
[2026-02-06T22:13:04.418+0000] {logging_mixin.py:190} INFO - [2026-02-06T22:13:04.417+0000] {dagbag.py:387} ERROR - Failed to import: /opt/airflow/dags/main.py
Traceback (most recent call last):
  File "/home/airflow/.local/lib/python3.12/site-packages/airflow/models/dagbag.py", line 383, in parse
    loader.exec_module(new_module)
  File "<frozen importlib._bootstrap_external>", line 995, in exec_module
  File "<frozen importlib._bootstrap>", line 488, in _call_with_frames_removed
  File "/opt/airflow/dags/main.py", line 15, in <module>
    from airflow.task.trigger_rule import TriggerRule
ModuleNotFoundError: No module named 'airflow.task.trigger_rule'
[2026-02-06T22:13:04.420+0000] {processor.py:927} WARNING - No viable dags retrieved from /opt/airflow/dags/main.py
[2026-02-06T22:13:04.438+0000] {processor.py:208} INFO - Processing /opt/airflow/dags/main.py took 0.041 seconds
[2026-02-06T22:13:34.526+0000] {processor.py:186} INFO - Started process (PID=61) to work on /opt/airflow/dags/main.py
[2026-02-06T22:13:34.527+0000] {processor.py:914} INFO - Processing file /opt/airflow/dags/main.py for tasks to queue
[2026-02-06T22:13:34.531+0000] {logging_mixin.py:190} INFO - [2026-02-06T22:13:34.530+0000] {dagbag.py:588} INFO - Filling up the DagBag from /opt/airflow/dags/main.py
[2026-02-06T22:13:34.535+0000] {logging_mixin.py:190} INFO - [2026-02-06T22:13:34.534+0000] {dagbag.py:387} ERROR - Failed to import: /opt/airflow/dags/main.py
Traceback (most recent call last):
  File "/home/airflow/.local/lib/python3.12/site-packages/airflow/models/dagbag.py", line 383, in parse
    loader.exec_module(new_module)
  File "<frozen importlib._bootstrap_external>", line 995, in exec_module
  File "<frozen importlib._bootstrap>", line 488, in _call_with_frames_removed
  File "/opt/airflow/dags/main.py", line 15, in <module>
    from airflow.task.trigger_rule import TriggerRule
ModuleNotFoundError: No module named 'airflow.task.trigger_rule'
[2026-02-06T22:13:34.535+0000] {processor.py:927} WARNING - No viable dags retrieved from /opt/airflow/dags/main.py
[2026-02-06T22:13:34.547+0000] {processor.py:208} INFO - Processing /opt/airflow/dags/main.py took 0.026 seconds
[2026-02-06T22:14:04.907+0000] {processor.py:186} INFO - Started process (PID=79) to work on /opt/airflow/dags/main.py
[2026-02-06T22:14:04.908+0000] {processor.py:914} INFO - Processing file /opt/airflow/dags/main.py for tasks to queue
[2026-02-06T22:14:04.912+0000] {logging_mixin.py:190} INFO - [2026-02-06T22:14:04.911+0000] {dagbag.py:588} INFO - Filling up the DagBag from /opt/airflow/dags/main.py
[2026-02-06T22:14:04.916+0000] {logging_mixin.py:190} INFO - [2026-02-06T22:14:04.915+0000] {dagbag.py:387} ERROR - Failed to import: /opt/airflow/dags/main.py
Traceback (most recent call last):
  File "/home/airflow/.local/lib/python3.12/site-packages/airflow/models/dagbag.py", line 383, in parse
    loader.exec_module(new_module)
  File "<frozen importlib._bootstrap_external>", line 995, in exec_module
  File "<frozen importlib._bootstrap>", line 488, in _call_with_frames_removed
  File "/opt/airflow/dags/main.py", line 15, in <module>
    from airflow.task.trigger_rule import TriggerRule
ModuleNotFoundError: No module named 'airflow.task.trigger_rule'
[2026-02-06T22:14:04.917+0000] {processor.py:927} WARNING - No viable dags retrieved from /opt/airflow/dags/main.py
[2026-02-06T22:14:04.930+0000] {processor.py:208} INFO - Processing /opt/airflow/dags/main.py took 0.029 seconds
[2026-02-06T22:15:58.678+0000] {processor.py:186} INFO - Started process (PID=42) to work on /opt/airflow/dags/main.py
[2026-02-06T22:15:58.680+0000] {processor.py:914} INFO - Processing file /opt/airflow/dags/main.py for tasks to queue
[2026-02-06T22:15:58.685+0000] {logging_mixin.py:190} INFO - [2026-02-06T22:15:58.684+0000] {dagbag.py:588} INFO - Filling up the DagBag from /opt/airflow/dags/main.py
[2026-02-06T22:16:00.581+0000] {processor.py:925} INFO - DAG(s) 'Airflow_Lab2' retrieved from /opt/airflow/dags/main.py
[2026-02-06T22:16:00.788+0000] {logging_mixin.py:190} INFO - [2026-02-06T22:16:00.788+0000] {override.py:1900} INFO - Created Permission View: can edit on DAG:Airflow_Lab2
[2026-02-06T22:16:00.792+0000] {logging_mixin.py:190} INFO - [2026-02-06T22:16:00.792+0000] {override.py:1900} INFO - Created Permission View: can read on DAG:Airflow_Lab2
[2026-02-06T22:16:00.796+0000] {logging_mixin.py:190} INFO - [2026-02-06T22:16:00.796+0000] {override.py:1900} INFO - Created Permission View: can delete on DAG:Airflow_Lab2
[2026-02-06T22:16:00.798+0000] {logging_mixin.py:190} INFO - [2026-02-06T22:16:00.798+0000] {override.py:1900} INFO - Created Permission View: can create on DAG Run:Airflow_Lab2
[2026-02-06T22:16:00.800+0000] {logging_mixin.py:190} INFO - [2026-02-06T22:16:00.800+0000] {override.py:1900} INFO - Created Permission View: menu access on DAG Run:Airflow_Lab2
[2026-02-06T22:16:00.802+0000] {logging_mixin.py:190} INFO - [2026-02-06T22:16:00.802+0000] {override.py:1900} INFO - Created Permission View: can read on DAG Run:Airflow_Lab2
[2026-02-06T22:16:00.804+0000] {logging_mixin.py:190} INFO - [2026-02-06T22:16:00.804+0000] {override.py:1900} INFO - Created Permission View: can delete on DAG Run:Airflow_Lab2
[2026-02-06T22:16:00.805+0000] {logging_mixin.py:190} INFO - [2026-02-06T22:16:00.805+0000] {dag.py:3239} INFO - Sync 1 DAGs
[2026-02-06T22:16:00.810+0000] {logging_mixin.py:190} INFO - [2026-02-06T22:16:00.810+0000] {dag.py:3262} INFO - Creating ORM DAG for Airflow_Lab2
[2026-02-06T22:16:00.815+0000] {logging_mixin.py:190} INFO - [2026-02-06T22:16:00.815+0000] {dag.py:4180} INFO - Setting next_dagrun for Airflow_Lab2 to 2026-02-05 00:00:00+00:00, run_after=2026-02-06 00:00:00+00:00
[2026-02-06T22:16:00.823+0000] {processor.py:208} INFO - Processing /opt/airflow/dags/main.py took 2.150 seconds
[2026-02-06T22:16:31.137+0000] {processor.py:186} INFO - Started process (PID=70) to work on /opt/airflow/dags/main.py
[2026-02-06T22:16:31.138+0000] {processor.py:914} INFO - Processing file /opt/airflow/dags/main.py for tasks to queue
[2026-02-06T22:16:31.139+0000] {logging_mixin.py:190} INFO - [2026-02-06T22:16:31.139+0000] {dagbag.py:588} INFO - Filling up the DagBag from /opt/airflow/dags/main.py
[2026-02-06T22:16:31.933+0000] {processor.py:925} INFO - DAG(s) 'Airflow_Lab2' retrieved from /opt/airflow/dags/main.py
[2026-02-06T22:16:31.948+0000] {logging_mixin.py:190} INFO - [2026-02-06T22:16:31.948+0000] {dag.py:3239} INFO - Sync 1 DAGs
[2026-02-06T22:16:32.041+0000] {logging_mixin.py:190} INFO - [2026-02-06T22:16:32.041+0000] {dag.py:4180} INFO - Setting next_dagrun for Airflow_Lab2 to 2026-02-05 00:00:00+00:00, run_after=2026-02-06 00:00:00+00:00
[2026-02-06T22:16:32.050+0000] {processor.py:208} INFO - Processing /opt/airflow/dags/main.py took 0.917 seconds
[2026-02-06T22:17:02.270+0000] {processor.py:186} INFO - Started process (PID=101) to work on /opt/airflow/dags/main.py
[2026-02-06T22:17:02.271+0000] {processor.py:914} INFO - Processing file /opt/airflow/dags/main.py for tasks to queue
[2026-02-06T22:17:02.273+0000] {logging_mixin.py:190} INFO - [2026-02-06T22:17:02.272+0000] {dagbag.py:588} INFO - Filling up the DagBag from /opt/airflow/dags/main.py
[2026-02-06T22:17:03.097+0000] {processor.py:925} INFO - DAG(s) 'Airflow_Lab2' retrieved from /opt/airflow/dags/main.py
[2026-02-06T22:17:03.190+0000] {logging_mixin.py:190} INFO - [2026-02-06T22:17:03.190+0000] {dag.py:3239} INFO - Sync 1 DAGs
[2026-02-06T22:17:03.202+0000] {logging_mixin.py:190} INFO - [2026-02-06T22:17:03.202+0000] {dag.py:4180} INFO - Setting next_dagrun for Airflow_Lab2 to 2026-02-06 00:00:00+00:00, run_after=2026-02-07 00:00:00+00:00
[2026-02-06T22:17:03.211+0000] {processor.py:208} INFO - Processing /opt/airflow/dags/main.py took 0.946 seconds
[2026-02-06T22:17:33.477+0000] {processor.py:186} INFO - Started process (PID=134) to work on /opt/airflow/dags/main.py
[2026-02-06T22:17:33.477+0000] {processor.py:914} INFO - Processing file /opt/airflow/dags/main.py for tasks to queue
[2026-02-06T22:17:33.479+0000] {logging_mixin.py:190} INFO - [2026-02-06T22:17:33.479+0000] {dagbag.py:588} INFO - Filling up the DagBag from /opt/airflow/dags/main.py
[2026-02-06T22:17:34.217+0000] {processor.py:925} INFO - DAG(s) 'Airflow_Lab2' retrieved from /opt/airflow/dags/main.py
[2026-02-06T22:17:34.227+0000] {logging_mixin.py:190} INFO - [2026-02-06T22:17:34.226+0000] {dag.py:3239} INFO - Sync 1 DAGs
[2026-02-06T22:17:34.237+0000] {logging_mixin.py:190} INFO - [2026-02-06T22:17:34.237+0000] {dag.py:4180} INFO - Setting next_dagrun for Airflow_Lab2 to 2026-02-06 00:00:00+00:00, run_after=2026-02-07 00:00:00+00:00
[2026-02-06T22:17:34.246+0000] {processor.py:208} INFO - Processing /opt/airflow/dags/main.py took 0.773 seconds
[2026-02-06T22:18:04.604+0000] {processor.py:186} INFO - Started process (PID=161) to work on /opt/airflow/dags/main.py
[2026-02-06T22:18:04.605+0000] {processor.py:914} INFO - Processing file /opt/airflow/dags/main.py for tasks to queue
[2026-02-06T22:18:04.606+0000] {logging_mixin.py:190} INFO - [2026-02-06T22:18:04.606+0000] {dagbag.py:588} INFO - Filling up the DagBag from /opt/airflow/dags/main.py
[2026-02-06T22:18:05.448+0000] {processor.py:925} INFO - DAG(s) 'Airflow_Lab2' retrieved from /opt/airflow/dags/main.py
[2026-02-06T22:18:05.459+0000] {logging_mixin.py:190} INFO - [2026-02-06T22:18:05.459+0000] {dag.py:3239} INFO - Sync 1 DAGs
[2026-02-06T22:18:05.470+0000] {logging_mixin.py:190} INFO - [2026-02-06T22:18:05.470+0000] {dag.py:4180} INFO - Setting next_dagrun for Airflow_Lab2 to 2026-02-06 00:00:00+00:00, run_after=2026-02-07 00:00:00+00:00
[2026-02-06T22:18:05.480+0000] {processor.py:208} INFO - Processing /opt/airflow/dags/main.py took 0.880 seconds
[2026-02-06T22:18:35.798+0000] {processor.py:186} INFO - Started process (PID=188) to work on /opt/airflow/dags/main.py
[2026-02-06T22:18:35.798+0000] {processor.py:914} INFO - Processing file /opt/airflow/dags/main.py for tasks to queue
[2026-02-06T22:18:35.800+0000] {logging_mixin.py:190} INFO - [2026-02-06T22:18:35.800+0000] {dagbag.py:588} INFO - Filling up the DagBag from /opt/airflow/dags/main.py
[2026-02-06T22:18:36.624+0000] {processor.py:925} INFO - DAG(s) 'Airflow_Lab2' retrieved from /opt/airflow/dags/main.py
[2026-02-06T22:18:36.640+0000] {logging_mixin.py:190} INFO - [2026-02-06T22:18:36.639+0000] {dag.py:3239} INFO - Sync 1 DAGs
[2026-02-06T22:18:36.653+0000] {logging_mixin.py:190} INFO - [2026-02-06T22:18:36.653+0000] {dag.py:4180} INFO - Setting next_dagrun for Airflow_Lab2 to 2026-02-06 00:00:00+00:00, run_after=2026-02-07 00:00:00+00:00
[2026-02-06T22:18:36.662+0000] {processor.py:208} INFO - Processing /opt/airflow/dags/main.py took 0.869 seconds
[2026-02-06T22:19:06.970+0000] {processor.py:186} INFO - Started process (PID=215) to work on /opt/airflow/dags/main.py
[2026-02-06T22:19:06.970+0000] {processor.py:914} INFO - Processing file /opt/airflow/dags/main.py for tasks to queue
[2026-02-06T22:19:06.972+0000] {logging_mixin.py:190} INFO - [2026-02-06T22:19:06.972+0000] {dagbag.py:588} INFO - Filling up the DagBag from /opt/airflow/dags/main.py
[2026-02-06T22:19:07.834+0000] {processor.py:925} INFO - DAG(s) 'Airflow_Lab2' retrieved from /opt/airflow/dags/main.py
[2026-02-06T22:19:07.846+0000] {logging_mixin.py:190} INFO - [2026-02-06T22:19:07.846+0000] {dag.py:3239} INFO - Sync 1 DAGs
[2026-02-06T22:19:07.856+0000] {logging_mixin.py:190} INFO - [2026-02-06T22:19:07.856+0000] {dag.py:4180} INFO - Setting next_dagrun for Airflow_Lab2 to 2026-02-06 00:00:00+00:00, run_after=2026-02-07 00:00:00+00:00
[2026-02-06T22:19:07.864+0000] {processor.py:208} INFO - Processing /opt/airflow/dags/main.py took 0.898 seconds
[2026-02-06T22:19:37.299+0000] {processor.py:186} INFO - Started process (PID=242) to work on /opt/airflow/dags/main.py
[2026-02-06T22:19:37.300+0000] {processor.py:914} INFO - Processing file /opt/airflow/dags/main.py for tasks to queue
[2026-02-06T22:19:37.302+0000] {logging_mixin.py:190} INFO - [2026-02-06T22:19:37.302+0000] {dagbag.py:588} INFO - Filling up the DagBag from /opt/airflow/dags/main.py
[2026-02-06T22:19:38.180+0000] {processor.py:925} INFO - DAG(s) 'Airflow_Lab2' retrieved from /opt/airflow/dags/main.py
[2026-02-06T22:19:38.242+0000] {logging_mixin.py:190} INFO - [2026-02-06T22:19:38.242+0000] {dag.py:3239} INFO - Sync 1 DAGs
[2026-02-06T22:19:38.252+0000] {logging_mixin.py:190} INFO - [2026-02-06T22:19:38.252+0000] {dag.py:4180} INFO - Setting next_dagrun for Airflow_Lab2 to 2026-02-06 00:00:00+00:00, run_after=2026-02-07 00:00:00+00:00
[2026-02-06T22:19:38.264+0000] {processor.py:208} INFO - Processing /opt/airflow/dags/main.py took 0.970 seconds
[2026-02-06T22:20:08.459+0000] {processor.py:186} INFO - Started process (PID=269) to work on /opt/airflow/dags/main.py
[2026-02-06T22:20:08.460+0000] {processor.py:914} INFO - Processing file /opt/airflow/dags/main.py for tasks to queue
[2026-02-06T22:20:08.461+0000] {logging_mixin.py:190} INFO - [2026-02-06T22:20:08.461+0000] {dagbag.py:588} INFO - Filling up the DagBag from /opt/airflow/dags/main.py
[2026-02-06T22:20:09.172+0000] {processor.py:925} INFO - DAG(s) 'Airflow_Lab2' retrieved from /opt/airflow/dags/main.py
[2026-02-06T22:20:09.182+0000] {logging_mixin.py:190} INFO - [2026-02-06T22:20:09.182+0000] {dag.py:3239} INFO - Sync 1 DAGs
[2026-02-06T22:20:09.192+0000] {logging_mixin.py:190} INFO - [2026-02-06T22:20:09.192+0000] {dag.py:4180} INFO - Setting next_dagrun for Airflow_Lab2 to 2026-02-06 00:00:00+00:00, run_after=2026-02-07 00:00:00+00:00
[2026-02-06T22:20:09.201+0000] {processor.py:208} INFO - Processing /opt/airflow/dags/main.py took 0.747 seconds
