[2026-02-07T18:37:15.495+0000] {local_task_job_runner.py:123} INFO - ::group::Pre task execution logs
[2026-02-07T18:37:15.503+0000] {taskinstance.py:2612} INFO - Dependencies all met for dep_context=non-requeueable deps ti=<TaskInstance: Airflow_Lab2.build_save_model_task scheduled__2026-02-06T00:00:00+00:00 [queued]>
[2026-02-07T18:37:15.507+0000] {taskinstance.py:2612} INFO - Dependencies all met for dep_context=requeueable deps ti=<TaskInstance: Airflow_Lab2.build_save_model_task scheduled__2026-02-06T00:00:00+00:00 [queued]>
[2026-02-07T18:37:15.507+0000] {taskinstance.py:2865} INFO - Starting attempt 1 of 1
[2026-02-07T18:37:15.513+0000] {taskinstance.py:2888} INFO - Executing <Task(PythonOperator): build_save_model_task> on 2026-02-06 00:00:00+00:00
[2026-02-07T18:37:15.517+0000] {warnings.py:112} WARNING - /home/***/.local/lib/python3.12/site-packages/***/task/task_runner/standard_task_runner.py:70: DeprecationWarning: This process (pid=127) is multi-threaded, use of fork() may lead to deadlocks in the child.
  pid = os.fork()

[2026-02-07T18:37:15.518+0000] {standard_task_runner.py:72} INFO - Started process 137 to run task
[2026-02-07T18:37:15.519+0000] {standard_task_runner.py:104} INFO - Running: ['***', 'tasks', 'run', 'Airflow_Lab2', 'build_save_model_task', 'scheduled__2026-02-06T00:00:00+00:00', '--job-id', '20', '--raw', '--subdir', 'DAGS_FOLDER/main.py', '--cfg-path', '/tmp/tmplu0h3pki']
[2026-02-07T18:37:15.521+0000] {standard_task_runner.py:105} INFO - Job 20: Subtask build_save_model_task
[2026-02-07T18:37:15.545+0000] {task_command.py:467} INFO - Running <TaskInstance: Airflow_Lab2.build_save_model_task scheduled__2026-02-06T00:00:00+00:00 [running]> on host b5a737c6612d
[2026-02-07T18:37:15.584+0000] {taskinstance.py:3131} INFO - Exporting env vars: AIRFLOW_CTX_DAG_OWNER='***' AIRFLOW_CTX_DAG_ID='Airflow_Lab2' AIRFLOW_CTX_TASK_ID='build_save_model_task' AIRFLOW_CTX_EXECUTION_DATE='2026-02-06T00:00:00+00:00' AIRFLOW_CTX_TRY_NUMBER='1' AIRFLOW_CTX_DAG_RUN_ID='scheduled__2026-02-06T00:00:00+00:00'
[2026-02-07T18:37:15.585+0000] {taskinstance.py:731} INFO - ::endgroup::
[2026-02-07T18:37:15.599+0000] {python.py:240} INFO - Done. Returned value was: /opt/***/model/model.sav
[2026-02-07T18:37:15.645+0000] {taskinstance.py:340} INFO - ::group::Post task execution logs
[2026-02-07T18:37:15.648+0000] {taskinstance.py:352} INFO - Marking task as SUCCESS. dag_id=Airflow_Lab2, task_id=build_save_model_task, run_id=scheduled__2026-02-06T00:00:00+00:00, execution_date=20260206T000000, start_date=20260207T183715, end_date=20260207T183715
[2026-02-07T18:37:15.701+0000] {local_task_job_runner.py:266} INFO - Task exited with return code 0
[2026-02-07T18:37:15.715+0000] {taskinstance.py:3900} INFO - 1 downstream tasks scheduled from follow-on schedule check
[2026-02-07T18:37:15.716+0000] {local_task_job_runner.py:245} INFO - ::endgroup::
[2026-02-07T19:03:01.052+0000] {local_task_job_runner.py:123} INFO - ::group::Pre task execution logs
[2026-02-07T19:03:01.059+0000] {taskinstance.py:2612} INFO - Dependencies all met for dep_context=non-requeueable deps ti=<TaskInstance: Airflow_Lab2.build_save_model_task scheduled__2026-02-06T00:00:00+00:00 [queued]>
[2026-02-07T19:03:01.063+0000] {taskinstance.py:2612} INFO - Dependencies all met for dep_context=requeueable deps ti=<TaskInstance: Airflow_Lab2.build_save_model_task scheduled__2026-02-06T00:00:00+00:00 [queued]>
[2026-02-07T19:03:01.063+0000] {taskinstance.py:2865} INFO - Starting attempt 1 of 1
[2026-02-07T19:03:01.069+0000] {taskinstance.py:2888} INFO - Executing <Task(PythonOperator): build_save_model_task> on 2026-02-06 00:00:00+00:00
[2026-02-07T19:03:01.073+0000] {warnings.py:112} WARNING - /home/***/.local/lib/python3.12/site-packages/***/task/task_runner/standard_task_runner.py:70: DeprecationWarning: This process (pid=127) is multi-threaded, use of fork() may lead to deadlocks in the child.
  pid = os.fork()

[2026-02-07T19:03:01.074+0000] {standard_task_runner.py:72} INFO - Started process 137 to run task
[2026-02-07T19:03:01.075+0000] {standard_task_runner.py:104} INFO - Running: ['***', 'tasks', 'run', 'Airflow_Lab2', 'build_save_model_task', 'scheduled__2026-02-06T00:00:00+00:00', '--job-id', '7', '--raw', '--subdir', 'DAGS_FOLDER/main.py', '--cfg-path', '/tmp/tmpod4v3mth']
[2026-02-07T19:03:01.076+0000] {standard_task_runner.py:105} INFO - Job 7: Subtask build_save_model_task
[2026-02-07T19:03:01.101+0000] {task_command.py:467} INFO - Running <TaskInstance: Airflow_Lab2.build_save_model_task scheduled__2026-02-06T00:00:00+00:00 [running]> on host 96e0b0316054
[2026-02-07T19:03:01.146+0000] {taskinstance.py:3131} INFO - Exporting env vars: AIRFLOW_CTX_DAG_OWNER='***' AIRFLOW_CTX_DAG_ID='Airflow_Lab2' AIRFLOW_CTX_TASK_ID='build_save_model_task' AIRFLOW_CTX_EXECUTION_DATE='2026-02-06T00:00:00+00:00' AIRFLOW_CTX_TRY_NUMBER='1' AIRFLOW_CTX_DAG_RUN_ID='scheduled__2026-02-06T00:00:00+00:00'
[2026-02-07T19:03:01.147+0000] {taskinstance.py:731} INFO - ::endgroup::
[2026-02-07T19:03:01.167+0000] {python.py:240} INFO - Done. Returned value was: /opt/***/model/model.sav
[2026-02-07T19:03:01.191+0000] {taskinstance.py:340} INFO - ::group::Post task execution logs
[2026-02-07T19:03:01.194+0000] {taskinstance.py:352} INFO - Marking task as SUCCESS. dag_id=Airflow_Lab2, task_id=build_save_model_task, run_id=scheduled__2026-02-06T00:00:00+00:00, execution_date=20260206T000000, start_date=20260207T190301, end_date=20260207T190301
[2026-02-07T19:03:01.256+0000] {local_task_job_runner.py:266} INFO - Task exited with return code 0
[2026-02-07T19:03:01.271+0000] {taskinstance.py:3900} INFO - 1 downstream tasks scheduled from follow-on schedule check
[2026-02-07T19:03:01.272+0000] {local_task_job_runner.py:245} INFO - ::endgroup::
[2026-02-07T19:06:11.143+0000] {local_task_job_runner.py:123} INFO - ::group::Pre task execution logs
[2026-02-07T19:06:11.150+0000] {taskinstance.py:2612} INFO - Dependencies all met for dep_context=non-requeueable deps ti=<TaskInstance: Airflow_Lab2.build_save_model_task scheduled__2026-02-06T00:00:00+00:00 [queued]>
[2026-02-07T19:06:11.154+0000] {taskinstance.py:2612} INFO - Dependencies all met for dep_context=requeueable deps ti=<TaskInstance: Airflow_Lab2.build_save_model_task scheduled__2026-02-06T00:00:00+00:00 [queued]>
[2026-02-07T19:06:11.154+0000] {taskinstance.py:2865} INFO - Starting attempt 1 of 1
[2026-02-07T19:06:11.159+0000] {taskinstance.py:2888} INFO - Executing <Task(PythonOperator): build_save_model_task> on 2026-02-06 00:00:00+00:00
[2026-02-07T19:06:11.163+0000] {warnings.py:112} WARNING - /home/***/.local/lib/python3.12/site-packages/***/task/task_runner/standard_task_runner.py:70: DeprecationWarning: This process (pid=112) is multi-threaded, use of fork() may lead to deadlocks in the child.
  pid = os.fork()

[2026-02-07T19:06:11.164+0000] {standard_task_runner.py:72} INFO - Started process 122 to run task
[2026-02-07T19:06:11.164+0000] {standard_task_runner.py:104} INFO - Running: ['***', 'tasks', 'run', 'Airflow_Lab2', 'build_save_model_task', 'scheduled__2026-02-06T00:00:00+00:00', '--job-id', '7', '--raw', '--subdir', 'DAGS_FOLDER/main.py', '--cfg-path', '/tmp/tmpwn3afioe']
[2026-02-07T19:06:11.166+0000] {standard_task_runner.py:105} INFO - Job 7: Subtask build_save_model_task
[2026-02-07T19:06:11.190+0000] {task_command.py:467} INFO - Running <TaskInstance: Airflow_Lab2.build_save_model_task scheduled__2026-02-06T00:00:00+00:00 [running]> on host dbe77a8ae8d3
[2026-02-07T19:06:11.231+0000] {taskinstance.py:3131} INFO - Exporting env vars: AIRFLOW_CTX_DAG_OWNER='***' AIRFLOW_CTX_DAG_ID='Airflow_Lab2' AIRFLOW_CTX_TASK_ID='build_save_model_task' AIRFLOW_CTX_EXECUTION_DATE='2026-02-06T00:00:00+00:00' AIRFLOW_CTX_TRY_NUMBER='1' AIRFLOW_CTX_DAG_RUN_ID='scheduled__2026-02-06T00:00:00+00:00'
[2026-02-07T19:06:11.231+0000] {taskinstance.py:731} INFO - ::endgroup::
[2026-02-07T19:06:11.245+0000] {python.py:240} INFO - Done. Returned value was: /opt/***/model/model.sav
[2026-02-07T19:06:11.268+0000] {taskinstance.py:340} INFO - ::group::Post task execution logs
[2026-02-07T19:06:11.268+0000] {taskinstance.py:352} INFO - Marking task as SUCCESS. dag_id=Airflow_Lab2, task_id=build_save_model_task, run_id=scheduled__2026-02-06T00:00:00+00:00, execution_date=20260206T000000, start_date=20260207T190611, end_date=20260207T190611
[2026-02-07T19:06:11.302+0000] {local_task_job_runner.py:266} INFO - Task exited with return code 0
[2026-02-07T19:06:11.315+0000] {taskinstance.py:3900} INFO - 1 downstream tasks scheduled from follow-on schedule check
[2026-02-07T19:06:11.316+0000] {local_task_job_runner.py:245} INFO - ::endgroup::
[2026-02-07T19:11:12.017+0000] {local_task_job_runner.py:123} INFO - ::group::Pre task execution logs
[2026-02-07T19:11:12.024+0000] {taskinstance.py:2612} INFO - Dependencies all met for dep_context=non-requeueable deps ti=<TaskInstance: Airflow_Lab2.build_save_model_task scheduled__2026-02-06T00:00:00+00:00 [queued]>
[2026-02-07T19:11:12.028+0000] {taskinstance.py:2612} INFO - Dependencies all met for dep_context=requeueable deps ti=<TaskInstance: Airflow_Lab2.build_save_model_task scheduled__2026-02-06T00:00:00+00:00 [queued]>
[2026-02-07T19:11:12.028+0000] {taskinstance.py:2865} INFO - Starting attempt 1 of 1
[2026-02-07T19:11:12.034+0000] {taskinstance.py:2888} INFO - Executing <Task(PythonOperator): build_save_model_task> on 2026-02-06 00:00:00+00:00
[2026-02-07T19:11:12.037+0000] {warnings.py:112} WARNING - /home/***/.local/lib/python3.12/site-packages/***/task/task_runner/standard_task_runner.py:70: DeprecationWarning: This process (pid=120) is multi-threaded, use of fork() may lead to deadlocks in the child.
  pid = os.fork()

[2026-02-07T19:11:12.038+0000] {standard_task_runner.py:72} INFO - Started process 130 to run task
[2026-02-07T19:11:12.039+0000] {standard_task_runner.py:104} INFO - Running: ['***', 'tasks', 'run', 'Airflow_Lab2', 'build_save_model_task', 'scheduled__2026-02-06T00:00:00+00:00', '--job-id', '7', '--raw', '--subdir', 'DAGS_FOLDER/main.py', '--cfg-path', '/tmp/tmpq5qgjlrq']
[2026-02-07T19:11:12.041+0000] {standard_task_runner.py:105} INFO - Job 7: Subtask build_save_model_task
[2026-02-07T19:11:12.064+0000] {task_command.py:467} INFO - Running <TaskInstance: Airflow_Lab2.build_save_model_task scheduled__2026-02-06T00:00:00+00:00 [running]> on host 5164631d18ac
[2026-02-07T19:11:12.103+0000] {taskinstance.py:3131} INFO - Exporting env vars: AIRFLOW_CTX_DAG_OWNER='***' AIRFLOW_CTX_DAG_ID='Airflow_Lab2' AIRFLOW_CTX_TASK_ID='build_save_model_task' AIRFLOW_CTX_EXECUTION_DATE='2026-02-06T00:00:00+00:00' AIRFLOW_CTX_TRY_NUMBER='1' AIRFLOW_CTX_DAG_RUN_ID='scheduled__2026-02-06T00:00:00+00:00'
[2026-02-07T19:11:12.104+0000] {taskinstance.py:731} INFO - ::endgroup::
[2026-02-07T19:11:12.123+0000] {python.py:240} INFO - Done. Returned value was: /opt/***/model/model.sav
[2026-02-07T19:11:12.142+0000] {taskinstance.py:340} INFO - ::group::Post task execution logs
[2026-02-07T19:11:12.143+0000] {taskinstance.py:352} INFO - Marking task as SUCCESS. dag_id=Airflow_Lab2, task_id=build_save_model_task, run_id=scheduled__2026-02-06T00:00:00+00:00, execution_date=20260206T000000, start_date=20260207T191112, end_date=20260207T191112
[2026-02-07T19:11:12.178+0000] {local_task_job_runner.py:266} INFO - Task exited with return code 0
[2026-02-07T19:11:12.192+0000] {taskinstance.py:3900} INFO - 1 downstream tasks scheduled from follow-on schedule check
[2026-02-07T19:11:12.193+0000] {local_task_job_runner.py:245} INFO - ::endgroup::
[2026-02-07T19:35:21.410+0000] {local_task_job_runner.py:123} INFO - ::group::Pre task execution logs
[2026-02-07T19:35:21.418+0000] {taskinstance.py:2612} INFO - Dependencies all met for dep_context=non-requeueable deps ti=<TaskInstance: Airflow_Lab2.build_save_model_task scheduled__2026-02-06T00:00:00+00:00 [queued]>
[2026-02-07T19:35:21.421+0000] {taskinstance.py:2612} INFO - Dependencies all met for dep_context=requeueable deps ti=<TaskInstance: Airflow_Lab2.build_save_model_task scheduled__2026-02-06T00:00:00+00:00 [queued]>
[2026-02-07T19:35:21.421+0000] {taskinstance.py:2865} INFO - Starting attempt 1 of 1
[2026-02-07T19:35:21.427+0000] {taskinstance.py:2888} INFO - Executing <Task(PythonOperator): build_save_model_task> on 2026-02-06 00:00:00+00:00
[2026-02-07T19:35:21.431+0000] {warnings.py:112} WARNING - /home/***/.local/lib/python3.12/site-packages/***/task/task_runner/standard_task_runner.py:70: DeprecationWarning: This process (pid=121) is multi-threaded, use of fork() may lead to deadlocks in the child.
  pid = os.fork()

[2026-02-07T19:35:21.431+0000] {standard_task_runner.py:72} INFO - Started process 131 to run task
[2026-02-07T19:35:21.432+0000] {standard_task_runner.py:104} INFO - Running: ['***', 'tasks', 'run', 'Airflow_Lab2', 'build_save_model_task', 'scheduled__2026-02-06T00:00:00+00:00', '--job-id', '7', '--raw', '--subdir', 'DAGS_FOLDER/main.py', '--cfg-path', '/tmp/tmp1ohyhw1z']
[2026-02-07T19:35:21.434+0000] {standard_task_runner.py:105} INFO - Job 7: Subtask build_save_model_task
[2026-02-07T19:35:21.456+0000] {task_command.py:467} INFO - Running <TaskInstance: Airflow_Lab2.build_save_model_task scheduled__2026-02-06T00:00:00+00:00 [running]> on host 3ceaac666992
[2026-02-07T19:35:21.495+0000] {taskinstance.py:3131} INFO - Exporting env vars: AIRFLOW_CTX_DAG_OWNER='***' AIRFLOW_CTX_DAG_ID='Airflow_Lab2' AIRFLOW_CTX_TASK_ID='build_save_model_task' AIRFLOW_CTX_EXECUTION_DATE='2026-02-06T00:00:00+00:00' AIRFLOW_CTX_TRY_NUMBER='1' AIRFLOW_CTX_DAG_RUN_ID='scheduled__2026-02-06T00:00:00+00:00'
[2026-02-07T19:35:21.496+0000] {taskinstance.py:731} INFO - ::endgroup::
[2026-02-07T19:35:21.509+0000] {python.py:240} INFO - Done. Returned value was: /opt/***/model/model.sav
[2026-02-07T19:35:21.541+0000] {taskinstance.py:340} INFO - ::group::Post task execution logs
[2026-02-07T19:35:21.542+0000] {taskinstance.py:352} INFO - Marking task as SUCCESS. dag_id=Airflow_Lab2, task_id=build_save_model_task, run_id=scheduled__2026-02-06T00:00:00+00:00, execution_date=20260206T000000, start_date=20260207T193521, end_date=20260207T193521
[2026-02-07T19:35:21.572+0000] {local_task_job_runner.py:266} INFO - Task exited with return code 0
[2026-02-07T19:35:21.586+0000] {taskinstance.py:3900} INFO - 1 downstream tasks scheduled from follow-on schedule check
[2026-02-07T19:35:21.587+0000] {local_task_job_runner.py:245} INFO - ::endgroup::
[2026-02-07T20:05:13.010+0000] {local_task_job_runner.py:123} INFO - ::group::Pre task execution logs
[2026-02-07T20:05:13.019+0000] {taskinstance.py:2612} INFO - Dependencies all met for dep_context=non-requeueable deps ti=<TaskInstance: Airflow_Lab2.build_save_model_task scheduled__2026-02-06T00:00:00+00:00 [queued]>
[2026-02-07T20:05:13.023+0000] {taskinstance.py:2612} INFO - Dependencies all met for dep_context=requeueable deps ti=<TaskInstance: Airflow_Lab2.build_save_model_task scheduled__2026-02-06T00:00:00+00:00 [queued]>
[2026-02-07T20:05:13.023+0000] {taskinstance.py:2865} INFO - Starting attempt 1 of 1
[2026-02-07T20:05:13.029+0000] {taskinstance.py:2888} INFO - Executing <Task(PythonOperator): build_save_model_task> on 2026-02-06 00:00:00+00:00
[2026-02-07T20:05:13.033+0000] {warnings.py:112} WARNING - /home/***/.local/lib/python3.12/site-packages/***/task/task_runner/standard_task_runner.py:70: DeprecationWarning: This process (pid=127) is multi-threaded, use of fork() may lead to deadlocks in the child.
  pid = os.fork()

[2026-02-07T20:05:13.034+0000] {standard_task_runner.py:72} INFO - Started process 137 to run task
[2026-02-07T20:05:13.035+0000] {standard_task_runner.py:104} INFO - Running: ['***', 'tasks', 'run', 'Airflow_Lab2', 'build_save_model_task', 'scheduled__2026-02-06T00:00:00+00:00', '--job-id', '7', '--raw', '--subdir', 'DAGS_FOLDER/main.py', '--cfg-path', '/tmp/tmplh1fugg7']
[2026-02-07T20:05:13.036+0000] {standard_task_runner.py:105} INFO - Job 7: Subtask build_save_model_task
[2026-02-07T20:05:13.060+0000] {task_command.py:467} INFO - Running <TaskInstance: Airflow_Lab2.build_save_model_task scheduled__2026-02-06T00:00:00+00:00 [running]> on host b76df3fd2bf8
[2026-02-07T20:05:13.104+0000] {taskinstance.py:3131} INFO - Exporting env vars: AIRFLOW_CTX_DAG_OWNER='***' AIRFLOW_CTX_DAG_ID='Airflow_Lab2' AIRFLOW_CTX_TASK_ID='build_save_model_task' AIRFLOW_CTX_EXECUTION_DATE='2026-02-06T00:00:00+00:00' AIRFLOW_CTX_TRY_NUMBER='1' AIRFLOW_CTX_DAG_RUN_ID='scheduled__2026-02-06T00:00:00+00:00'
[2026-02-07T20:05:13.105+0000] {taskinstance.py:731} INFO - ::endgroup::
[2026-02-07T20:05:13.128+0000] {python.py:240} INFO - Done. Returned value was: /opt/***/model/model.sav
[2026-02-07T20:05:13.149+0000] {taskinstance.py:340} INFO - ::group::Post task execution logs
[2026-02-07T20:05:13.149+0000] {taskinstance.py:352} INFO - Marking task as SUCCESS. dag_id=Airflow_Lab2, task_id=build_save_model_task, run_id=scheduled__2026-02-06T00:00:00+00:00, execution_date=20260206T000000, start_date=20260207T200513, end_date=20260207T200513
[2026-02-07T20:05:13.174+0000] {local_task_job_runner.py:266} INFO - Task exited with return code 0
[2026-02-07T20:05:13.188+0000] {taskinstance.py:3900} INFO - 1 downstream tasks scheduled from follow-on schedule check
[2026-02-07T20:05:13.189+0000] {local_task_job_runner.py:245} INFO - ::endgroup::
[2026-02-07T20:21:22.833+0000] {local_task_job_runner.py:123} INFO - ::group::Pre task execution logs
[2026-02-07T20:21:22.841+0000] {taskinstance.py:2612} INFO - Dependencies all met for dep_context=non-requeueable deps ti=<TaskInstance: Airflow_Lab2.build_save_model_task scheduled__2026-02-06T00:00:00+00:00 [queued]>
[2026-02-07T20:21:22.846+0000] {taskinstance.py:2612} INFO - Dependencies all met for dep_context=requeueable deps ti=<TaskInstance: Airflow_Lab2.build_save_model_task scheduled__2026-02-06T00:00:00+00:00 [queued]>
[2026-02-07T20:21:22.846+0000] {taskinstance.py:2865} INFO - Starting attempt 1 of 1
[2026-02-07T20:21:22.853+0000] {taskinstance.py:2888} INFO - Executing <Task(PythonOperator): build_save_model_task> on 2026-02-06 00:00:00+00:00
[2026-02-07T20:21:22.857+0000] {warnings.py:112} WARNING - /home/***/.local/lib/python3.12/site-packages/***/task/task_runner/standard_task_runner.py:70: DeprecationWarning: This process (pid=121) is multi-threaded, use of fork() may lead to deadlocks in the child.
  pid = os.fork()

[2026-02-07T20:21:22.858+0000] {standard_task_runner.py:72} INFO - Started process 131 to run task
[2026-02-07T20:21:22.858+0000] {standard_task_runner.py:104} INFO - Running: ['***', 'tasks', 'run', 'Airflow_Lab2', 'build_save_model_task', 'scheduled__2026-02-06T00:00:00+00:00', '--job-id', '7', '--raw', '--subdir', 'DAGS_FOLDER/main.py', '--cfg-path', '/tmp/tmpr98ja18d']
[2026-02-07T20:21:22.860+0000] {standard_task_runner.py:105} INFO - Job 7: Subtask build_save_model_task
[2026-02-07T20:21:22.883+0000] {task_command.py:467} INFO - Running <TaskInstance: Airflow_Lab2.build_save_model_task scheduled__2026-02-06T00:00:00+00:00 [running]> on host db8859978f66
[2026-02-07T20:21:22.923+0000] {taskinstance.py:3131} INFO - Exporting env vars: AIRFLOW_CTX_DAG_OWNER='***' AIRFLOW_CTX_DAG_ID='Airflow_Lab2' AIRFLOW_CTX_TASK_ID='build_save_model_task' AIRFLOW_CTX_EXECUTION_DATE='2026-02-06T00:00:00+00:00' AIRFLOW_CTX_TRY_NUMBER='1' AIRFLOW_CTX_DAG_RUN_ID='scheduled__2026-02-06T00:00:00+00:00'
[2026-02-07T20:21:22.923+0000] {taskinstance.py:731} INFO - ::endgroup::
[2026-02-07T20:21:22.943+0000] {python.py:240} INFO - Done. Returned value was: /opt/***/model/model.sav
[2026-02-07T20:21:22.969+0000] {taskinstance.py:340} INFO - ::group::Post task execution logs
[2026-02-07T20:21:22.970+0000] {taskinstance.py:352} INFO - Marking task as SUCCESS. dag_id=Airflow_Lab2, task_id=build_save_model_task, run_id=scheduled__2026-02-06T00:00:00+00:00, execution_date=20260206T000000, start_date=20260207T202122, end_date=20260207T202122
[2026-02-07T20:21:22.998+0000] {local_task_job_runner.py:266} INFO - Task exited with return code 0
[2026-02-07T20:21:23.011+0000] {taskinstance.py:3900} INFO - 1 downstream tasks scheduled from follow-on schedule check
[2026-02-07T20:21:23.012+0000] {local_task_job_runner.py:245} INFO - ::endgroup::
