[2026-02-07T20:54:10.508+0000] {local_task_job_runner.py:123} INFO - ::group::Pre task execution logs
[2026-02-07T20:54:10.517+0000] {taskinstance.py:2612} INFO - Dependencies all met for dep_context=non-requeueable deps ti=<TaskInstance: Airflow_Lab2.task_using_linked_owner manual__2026-02-07T20:53:58.613916+00:00 [queued]>
[2026-02-07T20:54:10.521+0000] {taskinstance.py:2612} INFO - Dependencies all met for dep_context=requeueable deps ti=<TaskInstance: Airflow_Lab2.task_using_linked_owner manual__2026-02-07T20:53:58.613916+00:00 [queued]>
[2026-02-07T20:54:10.522+0000] {taskinstance.py:2865} INFO - Starting attempt 1 of 1
[2026-02-07T20:54:10.528+0000] {taskinstance.py:2888} INFO - Executing <Task(BashOperator): task_using_linked_owner> on 2026-02-07 20:53:58.613916+00:00
[2026-02-07T20:54:10.533+0000] {warnings.py:112} WARNING - /home/***/.local/lib/python3.12/site-packages/***/task/task_runner/standard_task_runner.py:70: DeprecationWarning: This process (pid=178) is multi-threaded, use of fork() may lead to deadlocks in the child.
  pid = os.fork()

[2026-02-07T20:54:10.534+0000] {standard_task_runner.py:72} INFO - Started process 190 to run task
[2026-02-07T20:54:10.534+0000] {standard_task_runner.py:104} INFO - Running: ['***', 'tasks', 'run', 'Airflow_Lab2', 'task_using_linked_owner', 'manual__2026-02-07T20:53:58.613916+00:00', '--job-id', '11', '--raw', '--subdir', 'DAGS_FOLDER/main.py', '--cfg-path', '/tmp/tmp2ixkgila']
[2026-02-07T20:54:10.537+0000] {standard_task_runner.py:105} INFO - Job 11: Subtask task_using_linked_owner
[2026-02-07T20:54:10.565+0000] {task_command.py:467} INFO - Running <TaskInstance: Airflow_Lab2.task_using_linked_owner manual__2026-02-07T20:53:58.613916+00:00 [running]> on host d5c78800a465
[2026-02-07T20:54:10.605+0000] {taskinstance.py:3131} INFO - Exporting env vars: AIRFLOW_CTX_DAG_OWNER='Murtaza Nipplewala' AIRFLOW_CTX_DAG_ID='Airflow_Lab2' AIRFLOW_CTX_TASK_ID='task_using_linked_owner' AIRFLOW_CTX_EXECUTION_DATE='2026-02-07T20:53:58.613916+00:00' AIRFLOW_CTX_TRY_NUMBER='1' AIRFLOW_CTX_DAG_RUN_ID='manual__2026-02-07T20:53:58.613916+00:00'
[2026-02-07T20:54:10.606+0000] {taskinstance.py:731} INFO - ::endgroup::
[2026-02-07T20:54:10.613+0000] {subprocess.py:63} INFO - Tmp dir root location: /tmp
[2026-02-07T20:54:10.614+0000] {subprocess.py:75} INFO - Running command: ['/usr/bin/bash', '-c', 'echo 1']
[2026-02-07T20:54:10.620+0000] {subprocess.py:86} INFO - Output:
[2026-02-07T20:54:10.621+0000] {subprocess.py:93} INFO - 1
[2026-02-07T20:54:10.621+0000] {subprocess.py:97} INFO - Command exited with return code 0
[2026-02-07T20:54:10.633+0000] {taskinstance.py:340} INFO - ::group::Post task execution logs
[2026-02-07T20:54:10.633+0000] {taskinstance.py:352} INFO - Marking task as SUCCESS. dag_id=Airflow_Lab2, task_id=task_using_linked_owner, run_id=manual__2026-02-07T20:53:58.613916+00:00, execution_date=20260207T205358, start_date=20260207T205410, end_date=20260207T205410
[2026-02-07T20:54:10.678+0000] {local_task_job_runner.py:266} INFO - Task exited with return code 0
[2026-02-07T20:54:10.692+0000] {taskinstance.py:3900} INFO - 1 downstream tasks scheduled from follow-on schedule check
[2026-02-07T20:54:10.693+0000] {local_task_job_runner.py:245} INFO - ::endgroup::
