[2026-02-07T18:37:12.558+0000] {local_task_job_runner.py:123} INFO - ::group::Pre task execution logs
[2026-02-07T18:37:12.577+0000] {taskinstance.py:2612} INFO - Dependencies all met for dep_context=non-requeueable deps ti=<TaskInstance: Airflow_Lab2.data_preprocessing_task scheduled__2026-02-06T00:00:00+00:00 [queued]>
[2026-02-07T18:37:12.582+0000] {taskinstance.py:2612} INFO - Dependencies all met for dep_context=requeueable deps ti=<TaskInstance: Airflow_Lab2.data_preprocessing_task scheduled__2026-02-06T00:00:00+00:00 [queued]>
[2026-02-07T18:37:12.582+0000] {taskinstance.py:2865} INFO - Starting attempt 1 of 1
[2026-02-07T18:37:12.589+0000] {taskinstance.py:2888} INFO - Executing <Task(PythonOperator): data_preprocessing_task> on 2026-02-06 00:00:00+00:00
[2026-02-07T18:37:12.593+0000] {warnings.py:112} WARNING - /home/***/.local/lib/python3.12/site-packages/***/task/task_runner/standard_task_runner.py:70: DeprecationWarning: This process (pid=103) is multi-threaded, use of fork() may lead to deadlocks in the child.
  pid = os.fork()

[2026-02-07T18:37:12.593+0000] {standard_task_runner.py:72} INFO - Started process 113 to run task
[2026-02-07T18:37:12.594+0000] {standard_task_runner.py:104} INFO - Running: ['***', 'tasks', 'run', 'Airflow_Lab2', 'data_preprocessing_task', 'scheduled__2026-02-06T00:00:00+00:00', '--job-id', '18', '--raw', '--subdir', 'DAGS_FOLDER/main.py', '--cfg-path', '/tmp/tmp1egwvim2']
[2026-02-07T18:37:12.595+0000] {standard_task_runner.py:105} INFO - Job 18: Subtask data_preprocessing_task
[2026-02-07T18:37:12.621+0000] {task_command.py:467} INFO - Running <TaskInstance: Airflow_Lab2.data_preprocessing_task scheduled__2026-02-06T00:00:00+00:00 [running]> on host b5a737c6612d
[2026-02-07T18:37:12.664+0000] {taskinstance.py:3131} INFO - Exporting env vars: AIRFLOW_CTX_DAG_OWNER='***' AIRFLOW_CTX_DAG_ID='Airflow_Lab2' AIRFLOW_CTX_TASK_ID='data_preprocessing_task' AIRFLOW_CTX_EXECUTION_DATE='2026-02-06T00:00:00+00:00' AIRFLOW_CTX_TRY_NUMBER='1' AIRFLOW_CTX_DAG_RUN_ID='scheduled__2026-02-06T00:00:00+00:00'
[2026-02-07T18:37:12.665+0000] {taskinstance.py:731} INFO - ::endgroup::
[2026-02-07T18:37:12.685+0000] {python.py:240} INFO - Done. Returned value was: /opt/***/working_data/preprocessed.pkl
[2026-02-07T18:37:12.697+0000] {taskinstance.py:340} INFO - ::group::Post task execution logs
[2026-02-07T18:37:12.697+0000] {taskinstance.py:352} INFO - Marking task as SUCCESS. dag_id=Airflow_Lab2, task_id=data_preprocessing_task, run_id=scheduled__2026-02-06T00:00:00+00:00, execution_date=20260206T000000, start_date=20260207T183712, end_date=20260207T183712
[2026-02-07T18:37:12.734+0000] {local_task_job_runner.py:266} INFO - Task exited with return code 0
[2026-02-07T18:37:12.750+0000] {taskinstance.py:3900} INFO - 1 downstream tasks scheduled from follow-on schedule check
[2026-02-07T18:37:12.751+0000] {local_task_job_runner.py:245} INFO - ::endgroup::
[2026-02-07T19:02:58.157+0000] {local_task_job_runner.py:123} INFO - ::group::Pre task execution logs
[2026-02-07T19:02:58.166+0000] {taskinstance.py:2612} INFO - Dependencies all met for dep_context=non-requeueable deps ti=<TaskInstance: Airflow_Lab2.data_preprocessing_task scheduled__2026-02-06T00:00:00+00:00 [queued]>
[2026-02-07T19:02:58.170+0000] {taskinstance.py:2612} INFO - Dependencies all met for dep_context=requeueable deps ti=<TaskInstance: Airflow_Lab2.data_preprocessing_task scheduled__2026-02-06T00:00:00+00:00 [queued]>
[2026-02-07T19:02:58.170+0000] {taskinstance.py:2865} INFO - Starting attempt 1 of 1
[2026-02-07T19:02:58.176+0000] {taskinstance.py:2888} INFO - Executing <Task(PythonOperator): data_preprocessing_task> on 2026-02-06 00:00:00+00:00
[2026-02-07T19:02:58.180+0000] {warnings.py:112} WARNING - /home/***/.local/lib/python3.12/site-packages/***/task/task_runner/standard_task_runner.py:70: DeprecationWarning: This process (pid=103) is multi-threaded, use of fork() may lead to deadlocks in the child.
  pid = os.fork()

[2026-02-07T19:02:58.181+0000] {standard_task_runner.py:72} INFO - Started process 113 to run task
[2026-02-07T19:02:58.181+0000] {standard_task_runner.py:104} INFO - Running: ['***', 'tasks', 'run', 'Airflow_Lab2', 'data_preprocessing_task', 'scheduled__2026-02-06T00:00:00+00:00', '--job-id', '5', '--raw', '--subdir', 'DAGS_FOLDER/main.py', '--cfg-path', '/tmp/tmprliuavgc']
[2026-02-07T19:02:58.183+0000] {standard_task_runner.py:105} INFO - Job 5: Subtask data_preprocessing_task
[2026-02-07T19:02:58.207+0000] {task_command.py:467} INFO - Running <TaskInstance: Airflow_Lab2.data_preprocessing_task scheduled__2026-02-06T00:00:00+00:00 [running]> on host 96e0b0316054
[2026-02-07T19:02:58.247+0000] {taskinstance.py:3131} INFO - Exporting env vars: AIRFLOW_CTX_DAG_OWNER='***' AIRFLOW_CTX_DAG_ID='Airflow_Lab2' AIRFLOW_CTX_TASK_ID='data_preprocessing_task' AIRFLOW_CTX_EXECUTION_DATE='2026-02-06T00:00:00+00:00' AIRFLOW_CTX_TRY_NUMBER='1' AIRFLOW_CTX_DAG_RUN_ID='scheduled__2026-02-06T00:00:00+00:00'
[2026-02-07T19:02:58.248+0000] {taskinstance.py:731} INFO - ::endgroup::
[2026-02-07T19:02:58.268+0000] {python.py:240} INFO - Done. Returned value was: /opt/***/working_data/preprocessed.pkl
[2026-02-07T19:02:58.279+0000] {taskinstance.py:340} INFO - ::group::Post task execution logs
[2026-02-07T19:02:58.280+0000] {taskinstance.py:352} INFO - Marking task as SUCCESS. dag_id=Airflow_Lab2, task_id=data_preprocessing_task, run_id=scheduled__2026-02-06T00:00:00+00:00, execution_date=20260206T000000, start_date=20260207T190258, end_date=20260207T190258
[2026-02-07T19:02:58.319+0000] {local_task_job_runner.py:266} INFO - Task exited with return code 0
[2026-02-07T19:02:58.335+0000] {taskinstance.py:3900} INFO - 1 downstream tasks scheduled from follow-on schedule check
[2026-02-07T19:02:58.336+0000] {local_task_job_runner.py:245} INFO - ::endgroup::
[2026-02-07T19:06:08.238+0000] {local_task_job_runner.py:123} INFO - ::group::Pre task execution logs
[2026-02-07T19:06:08.247+0000] {taskinstance.py:2612} INFO - Dependencies all met for dep_context=non-requeueable deps ti=<TaskInstance: Airflow_Lab2.data_preprocessing_task scheduled__2026-02-06T00:00:00+00:00 [queued]>
[2026-02-07T19:06:08.252+0000] {taskinstance.py:2612} INFO - Dependencies all met for dep_context=requeueable deps ti=<TaskInstance: Airflow_Lab2.data_preprocessing_task scheduled__2026-02-06T00:00:00+00:00 [queued]>
[2026-02-07T19:06:08.252+0000] {taskinstance.py:2865} INFO - Starting attempt 1 of 1
[2026-02-07T19:06:08.259+0000] {taskinstance.py:2888} INFO - Executing <Task(PythonOperator): data_preprocessing_task> on 2026-02-06 00:00:00+00:00
[2026-02-07T19:06:08.263+0000] {warnings.py:112} WARNING - /home/***/.local/lib/python3.12/site-packages/***/task/task_runner/standard_task_runner.py:70: DeprecationWarning: This process (pid=88) is multi-threaded, use of fork() may lead to deadlocks in the child.
  pid = os.fork()

[2026-02-07T19:06:08.264+0000] {standard_task_runner.py:72} INFO - Started process 98 to run task
[2026-02-07T19:06:08.265+0000] {standard_task_runner.py:104} INFO - Running: ['***', 'tasks', 'run', 'Airflow_Lab2', 'data_preprocessing_task', 'scheduled__2026-02-06T00:00:00+00:00', '--job-id', '5', '--raw', '--subdir', 'DAGS_FOLDER/main.py', '--cfg-path', '/tmp/tmpr2vucz8b']
[2026-02-07T19:06:08.266+0000] {standard_task_runner.py:105} INFO - Job 5: Subtask data_preprocessing_task
[2026-02-07T19:06:08.293+0000] {task_command.py:467} INFO - Running <TaskInstance: Airflow_Lab2.data_preprocessing_task scheduled__2026-02-06T00:00:00+00:00 [running]> on host dbe77a8ae8d3
[2026-02-07T19:06:08.333+0000] {taskinstance.py:3131} INFO - Exporting env vars: AIRFLOW_CTX_DAG_OWNER='***' AIRFLOW_CTX_DAG_ID='Airflow_Lab2' AIRFLOW_CTX_TASK_ID='data_preprocessing_task' AIRFLOW_CTX_EXECUTION_DATE='2026-02-06T00:00:00+00:00' AIRFLOW_CTX_TRY_NUMBER='1' AIRFLOW_CTX_DAG_RUN_ID='scheduled__2026-02-06T00:00:00+00:00'
[2026-02-07T19:06:08.334+0000] {taskinstance.py:731} INFO - ::endgroup::
[2026-02-07T19:06:08.355+0000] {python.py:240} INFO - Done. Returned value was: /opt/***/working_data/preprocessed.pkl
[2026-02-07T19:06:08.366+0000] {taskinstance.py:340} INFO - ::group::Post task execution logs
[2026-02-07T19:06:08.367+0000] {taskinstance.py:352} INFO - Marking task as SUCCESS. dag_id=Airflow_Lab2, task_id=data_preprocessing_task, run_id=scheduled__2026-02-06T00:00:00+00:00, execution_date=20260206T000000, start_date=20260207T190608, end_date=20260207T190608
[2026-02-07T19:06:08.406+0000] {local_task_job_runner.py:266} INFO - Task exited with return code 0
[2026-02-07T19:06:08.423+0000] {taskinstance.py:3900} INFO - 1 downstream tasks scheduled from follow-on schedule check
[2026-02-07T19:06:08.424+0000] {local_task_job_runner.py:245} INFO - ::endgroup::
[2026-02-07T19:11:09.116+0000] {local_task_job_runner.py:123} INFO - ::group::Pre task execution logs
[2026-02-07T19:11:09.125+0000] {taskinstance.py:2612} INFO - Dependencies all met for dep_context=non-requeueable deps ti=<TaskInstance: Airflow_Lab2.data_preprocessing_task scheduled__2026-02-06T00:00:00+00:00 [queued]>
[2026-02-07T19:11:09.129+0000] {taskinstance.py:2612} INFO - Dependencies all met for dep_context=requeueable deps ti=<TaskInstance: Airflow_Lab2.data_preprocessing_task scheduled__2026-02-06T00:00:00+00:00 [queued]>
[2026-02-07T19:11:09.129+0000] {taskinstance.py:2865} INFO - Starting attempt 1 of 1
[2026-02-07T19:11:09.135+0000] {taskinstance.py:2888} INFO - Executing <Task(PythonOperator): data_preprocessing_task> on 2026-02-06 00:00:00+00:00
[2026-02-07T19:11:09.139+0000] {warnings.py:112} WARNING - /home/***/.local/lib/python3.12/site-packages/***/task/task_runner/standard_task_runner.py:70: DeprecationWarning: This process (pid=96) is multi-threaded, use of fork() may lead to deadlocks in the child.
  pid = os.fork()

[2026-02-07T19:11:09.141+0000] {standard_task_runner.py:72} INFO - Started process 106 to run task
[2026-02-07T19:11:09.141+0000] {standard_task_runner.py:104} INFO - Running: ['***', 'tasks', 'run', 'Airflow_Lab2', 'data_preprocessing_task', 'scheduled__2026-02-06T00:00:00+00:00', '--job-id', '5', '--raw', '--subdir', 'DAGS_FOLDER/main.py', '--cfg-path', '/tmp/tmpd_8ylb_3']
[2026-02-07T19:11:09.143+0000] {standard_task_runner.py:105} INFO - Job 5: Subtask data_preprocessing_task
[2026-02-07T19:11:09.176+0000] {task_command.py:467} INFO - Running <TaskInstance: Airflow_Lab2.data_preprocessing_task scheduled__2026-02-06T00:00:00+00:00 [running]> on host 5164631d18ac
[2026-02-07T19:11:09.221+0000] {taskinstance.py:3131} INFO - Exporting env vars: AIRFLOW_CTX_DAG_OWNER='***' AIRFLOW_CTX_DAG_ID='Airflow_Lab2' AIRFLOW_CTX_TASK_ID='data_preprocessing_task' AIRFLOW_CTX_EXECUTION_DATE='2026-02-06T00:00:00+00:00' AIRFLOW_CTX_TRY_NUMBER='1' AIRFLOW_CTX_DAG_RUN_ID='scheduled__2026-02-06T00:00:00+00:00'
[2026-02-07T19:11:09.222+0000] {taskinstance.py:731} INFO - ::endgroup::
[2026-02-07T19:11:09.247+0000] {python.py:240} INFO - Done. Returned value was: /opt/***/working_data/preprocessed.pkl
[2026-02-07T19:11:09.260+0000] {taskinstance.py:340} INFO - ::group::Post task execution logs
[2026-02-07T19:11:09.261+0000] {taskinstance.py:352} INFO - Marking task as SUCCESS. dag_id=Airflow_Lab2, task_id=data_preprocessing_task, run_id=scheduled__2026-02-06T00:00:00+00:00, execution_date=20260206T000000, start_date=20260207T191109, end_date=20260207T191109
[2026-02-07T19:11:09.281+0000] {local_task_job_runner.py:266} INFO - Task exited with return code 0
[2026-02-07T19:11:09.297+0000] {taskinstance.py:3900} INFO - 1 downstream tasks scheduled from follow-on schedule check
[2026-02-07T19:11:09.298+0000] {local_task_job_runner.py:245} INFO - ::endgroup::
[2026-02-07T19:35:18.815+0000] {local_task_job_runner.py:123} INFO - ::group::Pre task execution logs
[2026-02-07T19:35:18.823+0000] {taskinstance.py:2612} INFO - Dependencies all met for dep_context=non-requeueable deps ti=<TaskInstance: Airflow_Lab2.data_preprocessing_task scheduled__2026-02-06T00:00:00+00:00 [queued]>
[2026-02-07T19:35:18.826+0000] {taskinstance.py:2612} INFO - Dependencies all met for dep_context=requeueable deps ti=<TaskInstance: Airflow_Lab2.data_preprocessing_task scheduled__2026-02-06T00:00:00+00:00 [queued]>
[2026-02-07T19:35:18.827+0000] {taskinstance.py:2865} INFO - Starting attempt 1 of 1
[2026-02-07T19:35:18.832+0000] {taskinstance.py:2888} INFO - Executing <Task(PythonOperator): data_preprocessing_task> on 2026-02-06 00:00:00+00:00
[2026-02-07T19:35:18.836+0000] {warnings.py:112} WARNING - /home/***/.local/lib/python3.12/site-packages/***/task/task_runner/standard_task_runner.py:70: DeprecationWarning: This process (pid=97) is multi-threaded, use of fork() may lead to deadlocks in the child.
  pid = os.fork()

[2026-02-07T19:35:18.837+0000] {standard_task_runner.py:72} INFO - Started process 107 to run task
[2026-02-07T19:35:18.837+0000] {standard_task_runner.py:104} INFO - Running: ['***', 'tasks', 'run', 'Airflow_Lab2', 'data_preprocessing_task', 'scheduled__2026-02-06T00:00:00+00:00', '--job-id', '5', '--raw', '--subdir', 'DAGS_FOLDER/main.py', '--cfg-path', '/tmp/tmpgxuu5gf3']
[2026-02-07T19:35:18.839+0000] {standard_task_runner.py:105} INFO - Job 5: Subtask data_preprocessing_task
[2026-02-07T19:35:18.861+0000] {task_command.py:467} INFO - Running <TaskInstance: Airflow_Lab2.data_preprocessing_task scheduled__2026-02-06T00:00:00+00:00 [running]> on host 3ceaac666992
[2026-02-07T19:35:18.899+0000] {taskinstance.py:3131} INFO - Exporting env vars: AIRFLOW_CTX_DAG_OWNER='***' AIRFLOW_CTX_DAG_ID='Airflow_Lab2' AIRFLOW_CTX_TASK_ID='data_preprocessing_task' AIRFLOW_CTX_EXECUTION_DATE='2026-02-06T00:00:00+00:00' AIRFLOW_CTX_TRY_NUMBER='1' AIRFLOW_CTX_DAG_RUN_ID='scheduled__2026-02-06T00:00:00+00:00'
[2026-02-07T19:35:18.900+0000] {taskinstance.py:731} INFO - ::endgroup::
[2026-02-07T19:35:18.917+0000] {python.py:240} INFO - Done. Returned value was: /opt/***/working_data/preprocessed.pkl
[2026-02-07T19:35:18.927+0000] {taskinstance.py:340} INFO - ::group::Post task execution logs
[2026-02-07T19:35:18.927+0000] {taskinstance.py:352} INFO - Marking task as SUCCESS. dag_id=Airflow_Lab2, task_id=data_preprocessing_task, run_id=scheduled__2026-02-06T00:00:00+00:00, execution_date=20260206T000000, start_date=20260207T193518, end_date=20260207T193518
[2026-02-07T19:35:18.976+0000] {local_task_job_runner.py:266} INFO - Task exited with return code 0
[2026-02-07T19:35:18.990+0000] {taskinstance.py:3900} INFO - 1 downstream tasks scheduled from follow-on schedule check
[2026-02-07T19:35:19.000+0000] {local_task_job_runner.py:245} INFO - ::endgroup::
[2026-02-07T20:05:10.074+0000] {local_task_job_runner.py:123} INFO - ::group::Pre task execution logs
[2026-02-07T20:05:10.086+0000] {taskinstance.py:2612} INFO - Dependencies all met for dep_context=non-requeueable deps ti=<TaskInstance: Airflow_Lab2.data_preprocessing_task scheduled__2026-02-06T00:00:00+00:00 [queued]>
[2026-02-07T20:05:10.095+0000] {taskinstance.py:2612} INFO - Dependencies all met for dep_context=requeueable deps ti=<TaskInstance: Airflow_Lab2.data_preprocessing_task scheduled__2026-02-06T00:00:00+00:00 [queued]>
[2026-02-07T20:05:10.096+0000] {taskinstance.py:2865} INFO - Starting attempt 1 of 1
[2026-02-07T20:05:10.104+0000] {taskinstance.py:2888} INFO - Executing <Task(PythonOperator): data_preprocessing_task> on 2026-02-06 00:00:00+00:00
[2026-02-07T20:05:10.111+0000] {warnings.py:112} WARNING - /home/***/.local/lib/python3.12/site-packages/***/task/task_runner/standard_task_runner.py:70: DeprecationWarning: This process (pid=103) is multi-threaded, use of fork() may lead to deadlocks in the child.
  pid = os.fork()

[2026-02-07T20:05:10.112+0000] {standard_task_runner.py:72} INFO - Started process 113 to run task
[2026-02-07T20:05:10.112+0000] {standard_task_runner.py:104} INFO - Running: ['***', 'tasks', 'run', 'Airflow_Lab2', 'data_preprocessing_task', 'scheduled__2026-02-06T00:00:00+00:00', '--job-id', '5', '--raw', '--subdir', 'DAGS_FOLDER/main.py', '--cfg-path', '/tmp/tmp_6y3fbfb']
[2026-02-07T20:05:10.115+0000] {standard_task_runner.py:105} INFO - Job 5: Subtask data_preprocessing_task
[2026-02-07T20:05:10.145+0000] {task_command.py:467} INFO - Running <TaskInstance: Airflow_Lab2.data_preprocessing_task scheduled__2026-02-06T00:00:00+00:00 [running]> on host b76df3fd2bf8
[2026-02-07T20:05:10.197+0000] {taskinstance.py:3131} INFO - Exporting env vars: AIRFLOW_CTX_DAG_OWNER='***' AIRFLOW_CTX_DAG_ID='Airflow_Lab2' AIRFLOW_CTX_TASK_ID='data_preprocessing_task' AIRFLOW_CTX_EXECUTION_DATE='2026-02-06T00:00:00+00:00' AIRFLOW_CTX_TRY_NUMBER='1' AIRFLOW_CTX_DAG_RUN_ID='scheduled__2026-02-06T00:00:00+00:00'
[2026-02-07T20:05:10.198+0000] {taskinstance.py:731} INFO - ::endgroup::
[2026-02-07T20:05:10.219+0000] {python.py:240} INFO - Done. Returned value was: /opt/***/working_data/preprocessed.pkl
[2026-02-07T20:05:10.233+0000] {taskinstance.py:340} INFO - ::group::Post task execution logs
[2026-02-07T20:05:10.233+0000] {taskinstance.py:352} INFO - Marking task as SUCCESS. dag_id=Airflow_Lab2, task_id=data_preprocessing_task, run_id=scheduled__2026-02-06T00:00:00+00:00, execution_date=20260206T000000, start_date=20260207T200510, end_date=20260207T200510
[2026-02-07T20:05:10.257+0000] {local_task_job_runner.py:266} INFO - Task exited with return code 0
[2026-02-07T20:05:10.273+0000] {taskinstance.py:3900} INFO - 1 downstream tasks scheduled from follow-on schedule check
[2026-02-07T20:05:10.274+0000] {local_task_job_runner.py:245} INFO - ::endgroup::
[2026-02-07T20:21:20.122+0000] {local_task_job_runner.py:123} INFO - ::group::Pre task execution logs
[2026-02-07T20:21:20.130+0000] {taskinstance.py:2612} INFO - Dependencies all met for dep_context=non-requeueable deps ti=<TaskInstance: Airflow_Lab2.data_preprocessing_task scheduled__2026-02-06T00:00:00+00:00 [queued]>
[2026-02-07T20:21:20.133+0000] {taskinstance.py:2612} INFO - Dependencies all met for dep_context=requeueable deps ti=<TaskInstance: Airflow_Lab2.data_preprocessing_task scheduled__2026-02-06T00:00:00+00:00 [queued]>
[2026-02-07T20:21:20.134+0000] {taskinstance.py:2865} INFO - Starting attempt 1 of 1
[2026-02-07T20:21:20.139+0000] {taskinstance.py:2888} INFO - Executing <Task(PythonOperator): data_preprocessing_task> on 2026-02-06 00:00:00+00:00
[2026-02-07T20:21:20.142+0000] {warnings.py:112} WARNING - /home/***/.local/lib/python3.12/site-packages/***/task/task_runner/standard_task_runner.py:70: DeprecationWarning: This process (pid=97) is multi-threaded, use of fork() may lead to deadlocks in the child.
  pid = os.fork()

[2026-02-07T20:21:20.143+0000] {standard_task_runner.py:72} INFO - Started process 107 to run task
[2026-02-07T20:21:20.144+0000] {standard_task_runner.py:104} INFO - Running: ['***', 'tasks', 'run', 'Airflow_Lab2', 'data_preprocessing_task', 'scheduled__2026-02-06T00:00:00+00:00', '--job-id', '5', '--raw', '--subdir', 'DAGS_FOLDER/main.py', '--cfg-path', '/tmp/tmp93xpd_y9']
[2026-02-07T20:21:20.145+0000] {standard_task_runner.py:105} INFO - Job 5: Subtask data_preprocessing_task
[2026-02-07T20:21:20.168+0000] {task_command.py:467} INFO - Running <TaskInstance: Airflow_Lab2.data_preprocessing_task scheduled__2026-02-06T00:00:00+00:00 [running]> on host db8859978f66
[2026-02-07T20:21:20.209+0000] {taskinstance.py:3131} INFO - Exporting env vars: AIRFLOW_CTX_DAG_OWNER='***' AIRFLOW_CTX_DAG_ID='Airflow_Lab2' AIRFLOW_CTX_TASK_ID='data_preprocessing_task' AIRFLOW_CTX_EXECUTION_DATE='2026-02-06T00:00:00+00:00' AIRFLOW_CTX_TRY_NUMBER='1' AIRFLOW_CTX_DAG_RUN_ID='scheduled__2026-02-06T00:00:00+00:00'
[2026-02-07T20:21:20.210+0000] {taskinstance.py:731} INFO - ::endgroup::
[2026-02-07T20:21:20.228+0000] {python.py:240} INFO - Done. Returned value was: /opt/***/working_data/preprocessed.pkl
[2026-02-07T20:21:20.238+0000] {taskinstance.py:340} INFO - ::group::Post task execution logs
[2026-02-07T20:21:20.238+0000] {taskinstance.py:352} INFO - Marking task as SUCCESS. dag_id=Airflow_Lab2, task_id=data_preprocessing_task, run_id=scheduled__2026-02-06T00:00:00+00:00, execution_date=20260206T000000, start_date=20260207T202120, end_date=20260207T202120
[2026-02-07T20:21:20.284+0000] {local_task_job_runner.py:266} INFO - Task exited with return code 0
[2026-02-07T20:21:20.298+0000] {taskinstance.py:3900} INFO - 1 downstream tasks scheduled from follow-on schedule check
[2026-02-07T20:21:20.299+0000] {local_task_job_runner.py:245} INFO - ::endgroup::
[2026-02-07T20:54:04.030+0000] {local_task_job_runner.py:123} INFO - ::group::Pre task execution logs
[2026-02-07T20:54:04.038+0000] {taskinstance.py:2612} INFO - Dependencies all met for dep_context=non-requeueable deps ti=<TaskInstance: Airflow_Lab2.data_preprocessing_task scheduled__2026-02-06T00:00:00+00:00 [queued]>
[2026-02-07T20:54:04.041+0000] {taskinstance.py:2612} INFO - Dependencies all met for dep_context=requeueable deps ti=<TaskInstance: Airflow_Lab2.data_preprocessing_task scheduled__2026-02-06T00:00:00+00:00 [queued]>
[2026-02-07T20:54:04.041+0000] {taskinstance.py:2865} INFO - Starting attempt 1 of 1
[2026-02-07T20:54:04.046+0000] {taskinstance.py:2888} INFO - Executing <Task(PythonOperator): data_preprocessing_task> on 2026-02-06 00:00:00+00:00
[2026-02-07T20:54:04.050+0000] {warnings.py:112} WARNING - /home/***/.local/lib/python3.12/site-packages/***/task/task_runner/standard_task_runner.py:70: DeprecationWarning: This process (pid=110) is multi-threaded, use of fork() may lead to deadlocks in the child.
  pid = os.fork()

[2026-02-07T20:54:04.051+0000] {standard_task_runner.py:72} INFO - Started process 120 to run task
[2026-02-07T20:54:04.052+0000] {standard_task_runner.py:104} INFO - Running: ['***', 'tasks', 'run', 'Airflow_Lab2', 'data_preprocessing_task', 'scheduled__2026-02-06T00:00:00+00:00', '--job-id', '5', '--raw', '--subdir', 'DAGS_FOLDER/main.py', '--cfg-path', '/tmp/tmpl5tqr7sc']
[2026-02-07T20:54:04.053+0000] {standard_task_runner.py:105} INFO - Job 5: Subtask data_preprocessing_task
[2026-02-07T20:54:04.080+0000] {task_command.py:467} INFO - Running <TaskInstance: Airflow_Lab2.data_preprocessing_task scheduled__2026-02-06T00:00:00+00:00 [running]> on host d5c78800a465
[2026-02-07T20:54:04.125+0000] {taskinstance.py:3131} INFO - Exporting env vars: AIRFLOW_CTX_DAG_OWNER='***' AIRFLOW_CTX_DAG_ID='Airflow_Lab2' AIRFLOW_CTX_TASK_ID='data_preprocessing_task' AIRFLOW_CTX_EXECUTION_DATE='2026-02-06T00:00:00+00:00' AIRFLOW_CTX_TRY_NUMBER='1' AIRFLOW_CTX_DAG_RUN_ID='scheduled__2026-02-06T00:00:00+00:00'
[2026-02-07T20:54:04.126+0000] {taskinstance.py:731} INFO - ::endgroup::
[2026-02-07T20:54:04.148+0000] {python.py:240} INFO - Done. Returned value was: /opt/***/working_data/preprocessed.pkl
[2026-02-07T20:54:04.159+0000] {taskinstance.py:340} INFO - ::group::Post task execution logs
[2026-02-07T20:54:04.159+0000] {taskinstance.py:352} INFO - Marking task as SUCCESS. dag_id=Airflow_Lab2, task_id=data_preprocessing_task, run_id=scheduled__2026-02-06T00:00:00+00:00, execution_date=20260206T000000, start_date=20260207T205404, end_date=20260207T205404
[2026-02-07T20:54:04.192+0000] {local_task_job_runner.py:266} INFO - Task exited with return code 0
[2026-02-07T20:54:04.207+0000] {taskinstance.py:3900} INFO - 1 downstream tasks scheduled from follow-on schedule check
[2026-02-07T20:54:04.208+0000] {local_task_job_runner.py:245} INFO - ::endgroup::
[2026-02-07T21:03:28.474+0000] {local_task_job_runner.py:123} INFO - ::group::Pre task execution logs
[2026-02-07T21:03:28.484+0000] {taskinstance.py:2612} INFO - Dependencies all met for dep_context=non-requeueable deps ti=<TaskInstance: Airflow_Lab2.data_preprocessing_task scheduled__2026-02-06T00:00:00+00:00 [queued]>
[2026-02-07T21:03:28.492+0000] {taskinstance.py:2612} INFO - Dependencies all met for dep_context=requeueable deps ti=<TaskInstance: Airflow_Lab2.data_preprocessing_task scheduled__2026-02-06T00:00:00+00:00 [queued]>
[2026-02-07T21:03:28.493+0000] {taskinstance.py:2865} INFO - Starting attempt 1 of 1
[2026-02-07T21:03:28.510+0000] {taskinstance.py:2888} INFO - Executing <Task(PythonOperator): data_preprocessing_task> on 2026-02-06 00:00:00+00:00
[2026-02-07T21:03:28.518+0000] {warnings.py:112} WARNING - /home/***/.local/lib/python3.12/site-packages/***/task/task_runner/standard_task_runner.py:70: DeprecationWarning: This process (pid=103) is multi-threaded, use of fork() may lead to deadlocks in the child.
  pid = os.fork()

[2026-02-07T21:03:28.519+0000] {standard_task_runner.py:72} INFO - Started process 113 to run task
[2026-02-07T21:03:28.520+0000] {standard_task_runner.py:104} INFO - Running: ['***', 'tasks', 'run', 'Airflow_Lab2', 'data_preprocessing_task', 'scheduled__2026-02-06T00:00:00+00:00', '--job-id', '5', '--raw', '--subdir', 'DAGS_FOLDER/main.py', '--cfg-path', '/tmp/tmp3l33d0xm']
[2026-02-07T21:03:28.522+0000] {standard_task_runner.py:105} INFO - Job 5: Subtask data_preprocessing_task
[2026-02-07T21:03:28.548+0000] {task_command.py:467} INFO - Running <TaskInstance: Airflow_Lab2.data_preprocessing_task scheduled__2026-02-06T00:00:00+00:00 [running]> on host f1e3a507a566
[2026-02-07T21:03:28.592+0000] {taskinstance.py:3131} INFO - Exporting env vars: AIRFLOW_CTX_DAG_OWNER='***' AIRFLOW_CTX_DAG_ID='Airflow_Lab2' AIRFLOW_CTX_TASK_ID='data_preprocessing_task' AIRFLOW_CTX_EXECUTION_DATE='2026-02-06T00:00:00+00:00' AIRFLOW_CTX_TRY_NUMBER='1' AIRFLOW_CTX_DAG_RUN_ID='scheduled__2026-02-06T00:00:00+00:00'
[2026-02-07T21:03:28.592+0000] {taskinstance.py:731} INFO - ::endgroup::
[2026-02-07T21:03:28.612+0000] {python.py:240} INFO - Done. Returned value was: /opt/***/working_data/preprocessed.pkl
[2026-02-07T21:03:28.624+0000] {taskinstance.py:340} INFO - ::group::Post task execution logs
[2026-02-07T21:03:28.624+0000] {taskinstance.py:352} INFO - Marking task as SUCCESS. dag_id=Airflow_Lab2, task_id=data_preprocessing_task, run_id=scheduled__2026-02-06T00:00:00+00:00, execution_date=20260206T000000, start_date=20260207T210328, end_date=20260207T210328
[2026-02-07T21:03:28.658+0000] {local_task_job_runner.py:266} INFO - Task exited with return code 0
[2026-02-07T21:03:28.674+0000] {taskinstance.py:3900} INFO - 1 downstream tasks scheduled from follow-on schedule check
[2026-02-07T21:03:28.675+0000] {local_task_job_runner.py:245} INFO - ::endgroup::
[2026-02-07T21:07:07.108+0000] {local_task_job_runner.py:123} INFO - ::group::Pre task execution logs
[2026-02-07T21:07:07.116+0000] {taskinstance.py:2612} INFO - Dependencies all met for dep_context=non-requeueable deps ti=<TaskInstance: Airflow_Lab2.data_preprocessing_task scheduled__2026-02-06T00:00:00+00:00 [queued]>
[2026-02-07T21:07:07.120+0000] {taskinstance.py:2612} INFO - Dependencies all met for dep_context=requeueable deps ti=<TaskInstance: Airflow_Lab2.data_preprocessing_task scheduled__2026-02-06T00:00:00+00:00 [queued]>
[2026-02-07T21:07:07.121+0000] {taskinstance.py:2865} INFO - Starting attempt 1 of 1
[2026-02-07T21:07:07.126+0000] {taskinstance.py:2888} INFO - Executing <Task(PythonOperator): data_preprocessing_task> on 2026-02-06 00:00:00+00:00
[2026-02-07T21:07:07.131+0000] {warnings.py:112} WARNING - /home/***/.local/lib/python3.12/site-packages/***/task/task_runner/standard_task_runner.py:70: DeprecationWarning: This process (pid=88) is multi-threaded, use of fork() may lead to deadlocks in the child.
  pid = os.fork()

[2026-02-07T21:07:07.132+0000] {standard_task_runner.py:72} INFO - Started process 98 to run task
[2026-02-07T21:07:07.132+0000] {standard_task_runner.py:104} INFO - Running: ['***', 'tasks', 'run', 'Airflow_Lab2', 'data_preprocessing_task', 'scheduled__2026-02-06T00:00:00+00:00', '--job-id', '5', '--raw', '--subdir', 'DAGS_FOLDER/main.py', '--cfg-path', '/tmp/tmpg8zzm_ps']
[2026-02-07T21:07:07.134+0000] {standard_task_runner.py:105} INFO - Job 5: Subtask data_preprocessing_task
[2026-02-07T21:07:07.158+0000] {task_command.py:467} INFO - Running <TaskInstance: Airflow_Lab2.data_preprocessing_task scheduled__2026-02-06T00:00:00+00:00 [running]> on host d0ebec898cbf
[2026-02-07T21:07:07.196+0000] {taskinstance.py:3131} INFO - Exporting env vars: AIRFLOW_CTX_DAG_OWNER='***' AIRFLOW_CTX_DAG_ID='Airflow_Lab2' AIRFLOW_CTX_TASK_ID='data_preprocessing_task' AIRFLOW_CTX_EXECUTION_DATE='2026-02-06T00:00:00+00:00' AIRFLOW_CTX_TRY_NUMBER='1' AIRFLOW_CTX_DAG_RUN_ID='scheduled__2026-02-06T00:00:00+00:00'
[2026-02-07T21:07:07.197+0000] {taskinstance.py:731} INFO - ::endgroup::
[2026-02-07T21:07:07.216+0000] {python.py:240} INFO - Done. Returned value was: /opt/***/working_data/preprocessed.pkl
[2026-02-07T21:07:07.227+0000] {taskinstance.py:340} INFO - ::group::Post task execution logs
[2026-02-07T21:07:07.227+0000] {taskinstance.py:352} INFO - Marking task as SUCCESS. dag_id=Airflow_Lab2, task_id=data_preprocessing_task, run_id=scheduled__2026-02-06T00:00:00+00:00, execution_date=20260206T000000, start_date=20260207T210707, end_date=20260207T210707
[2026-02-07T21:07:07.276+0000] {local_task_job_runner.py:266} INFO - Task exited with return code 0
[2026-02-07T21:07:07.292+0000] {taskinstance.py:3900} INFO - 1 downstream tasks scheduled from follow-on schedule check
[2026-02-07T21:07:07.293+0000] {local_task_job_runner.py:245} INFO - ::endgroup::
[2026-02-07T21:22:44.616+0000] {local_task_job_runner.py:123} INFO - ::group::Pre task execution logs
[2026-02-07T21:22:44.624+0000] {taskinstance.py:2612} INFO - Dependencies all met for dep_context=non-requeueable deps ti=<TaskInstance: Airflow_Lab2.data_preprocessing_task scheduled__2026-02-06T00:00:00+00:00 [queued]>
[2026-02-07T21:22:44.627+0000] {taskinstance.py:2612} INFO - Dependencies all met for dep_context=requeueable deps ti=<TaskInstance: Airflow_Lab2.data_preprocessing_task scheduled__2026-02-06T00:00:00+00:00 [queued]>
[2026-02-07T21:22:44.628+0000] {taskinstance.py:2865} INFO - Starting attempt 1 of 1
[2026-02-07T21:22:44.634+0000] {taskinstance.py:2888} INFO - Executing <Task(PythonOperator): data_preprocessing_task> on 2026-02-06 00:00:00+00:00
[2026-02-07T21:22:44.638+0000] {warnings.py:112} WARNING - /home/***/.local/lib/python3.12/site-packages/***/task/task_runner/standard_task_runner.py:70: DeprecationWarning: This process (pid=88) is multi-threaded, use of fork() may lead to deadlocks in the child.
  pid = os.fork()

[2026-02-07T21:22:44.639+0000] {standard_task_runner.py:72} INFO - Started process 98 to run task
[2026-02-07T21:22:44.640+0000] {standard_task_runner.py:104} INFO - Running: ['***', 'tasks', 'run', 'Airflow_Lab2', 'data_preprocessing_task', 'scheduled__2026-02-06T00:00:00+00:00', '--job-id', '5', '--raw', '--subdir', 'DAGS_FOLDER/main.py', '--cfg-path', '/tmp/tmp0fc8omsi']
[2026-02-07T21:22:44.641+0000] {standard_task_runner.py:105} INFO - Job 5: Subtask data_preprocessing_task
[2026-02-07T21:22:44.666+0000] {task_command.py:467} INFO - Running <TaskInstance: Airflow_Lab2.data_preprocessing_task scheduled__2026-02-06T00:00:00+00:00 [running]> on host c2a606d02197
[2026-02-07T21:22:44.706+0000] {taskinstance.py:3131} INFO - Exporting env vars: AIRFLOW_CTX_DAG_OWNER='***' AIRFLOW_CTX_DAG_ID='Airflow_Lab2' AIRFLOW_CTX_TASK_ID='data_preprocessing_task' AIRFLOW_CTX_EXECUTION_DATE='2026-02-06T00:00:00+00:00' AIRFLOW_CTX_TRY_NUMBER='1' AIRFLOW_CTX_DAG_RUN_ID='scheduled__2026-02-06T00:00:00+00:00'
[2026-02-07T21:22:44.707+0000] {taskinstance.py:731} INFO - ::endgroup::
[2026-02-07T21:22:44.725+0000] {python.py:240} INFO - Done. Returned value was: /opt/***/working_data/preprocessed.pkl
[2026-02-07T21:22:44.735+0000] {taskinstance.py:340} INFO - ::group::Post task execution logs
[2026-02-07T21:22:44.735+0000] {taskinstance.py:352} INFO - Marking task as SUCCESS. dag_id=Airflow_Lab2, task_id=data_preprocessing_task, run_id=scheduled__2026-02-06T00:00:00+00:00, execution_date=20260206T000000, start_date=20260207T212244, end_date=20260207T212244
[2026-02-07T21:22:44.780+0000] {local_task_job_runner.py:266} INFO - Task exited with return code 0
[2026-02-07T21:22:44.793+0000] {taskinstance.py:3900} INFO - 1 downstream tasks scheduled from follow-on schedule check
[2026-02-07T21:22:44.794+0000] {local_task_job_runner.py:245} INFO - ::endgroup::
[2026-02-07T21:28:59.913+0000] {local_task_job_runner.py:123} INFO - ::group::Pre task execution logs
[2026-02-07T21:28:59.922+0000] {taskinstance.py:2612} INFO - Dependencies all met for dep_context=non-requeueable deps ti=<TaskInstance: Airflow_Lab2.data_preprocessing_task scheduled__2026-02-06T00:00:00+00:00 [queued]>
[2026-02-07T21:28:59.926+0000] {taskinstance.py:2612} INFO - Dependencies all met for dep_context=requeueable deps ti=<TaskInstance: Airflow_Lab2.data_preprocessing_task scheduled__2026-02-06T00:00:00+00:00 [queued]>
[2026-02-07T21:28:59.926+0000] {taskinstance.py:2865} INFO - Starting attempt 1 of 1
[2026-02-07T21:28:59.931+0000] {taskinstance.py:2888} INFO - Executing <Task(PythonOperator): data_preprocessing_task> on 2026-02-06 00:00:00+00:00
[2026-02-07T21:28:59.936+0000] {warnings.py:112} WARNING - /home/***/.local/lib/python3.12/site-packages/***/task/task_runner/standard_task_runner.py:70: DeprecationWarning: This process (pid=89) is multi-threaded, use of fork() may lead to deadlocks in the child.
  pid = os.fork()

[2026-02-07T21:28:59.936+0000] {standard_task_runner.py:72} INFO - Started process 99 to run task
[2026-02-07T21:28:59.937+0000] {standard_task_runner.py:104} INFO - Running: ['***', 'tasks', 'run', 'Airflow_Lab2', 'data_preprocessing_task', 'scheduled__2026-02-06T00:00:00+00:00', '--job-id', '5', '--raw', '--subdir', 'DAGS_FOLDER/main.py', '--cfg-path', '/tmp/tmpx_petbe_']
[2026-02-07T21:28:59.938+0000] {standard_task_runner.py:105} INFO - Job 5: Subtask data_preprocessing_task
[2026-02-07T21:28:59.961+0000] {task_command.py:467} INFO - Running <TaskInstance: Airflow_Lab2.data_preprocessing_task scheduled__2026-02-06T00:00:00+00:00 [running]> on host ae069f5c53d3
[2026-02-07T21:28:59.999+0000] {taskinstance.py:3131} INFO - Exporting env vars: AIRFLOW_CTX_DAG_OWNER='***' AIRFLOW_CTX_DAG_ID='Airflow_Lab2' AIRFLOW_CTX_TASK_ID='data_preprocessing_task' AIRFLOW_CTX_EXECUTION_DATE='2026-02-06T00:00:00+00:00' AIRFLOW_CTX_TRY_NUMBER='1' AIRFLOW_CTX_DAG_RUN_ID='scheduled__2026-02-06T00:00:00+00:00'
[2026-02-07T21:29:00.000+0000] {taskinstance.py:731} INFO - ::endgroup::
[2026-02-07T21:29:00.022+0000] {python.py:240} INFO - Done. Returned value was: /opt/***/working_data/preprocessed.pkl
[2026-02-07T21:29:00.035+0000] {taskinstance.py:340} INFO - ::group::Post task execution logs
[2026-02-07T21:29:00.035+0000] {taskinstance.py:352} INFO - Marking task as SUCCESS. dag_id=Airflow_Lab2, task_id=data_preprocessing_task, run_id=scheduled__2026-02-06T00:00:00+00:00, execution_date=20260206T000000, start_date=20260207T212859, end_date=20260207T212900
[2026-02-07T21:29:00.077+0000] {local_task_job_runner.py:266} INFO - Task exited with return code 0
[2026-02-07T21:29:00.093+0000] {taskinstance.py:3900} INFO - 1 downstream tasks scheduled from follow-on schedule check
[2026-02-07T21:29:00.095+0000] {local_task_job_runner.py:245} INFO - ::endgroup::
[2026-02-07T22:03:37.420+0000] {local_task_job_runner.py:123} INFO - ::group::Pre task execution logs
[2026-02-07T22:03:37.428+0000] {taskinstance.py:2612} INFO - Dependencies all met for dep_context=non-requeueable deps ti=<TaskInstance: Airflow_Lab2.data_preprocessing_task scheduled__2026-02-06T00:00:00+00:00 [queued]>
[2026-02-07T22:03:37.432+0000] {taskinstance.py:2612} INFO - Dependencies all met for dep_context=requeueable deps ti=<TaskInstance: Airflow_Lab2.data_preprocessing_task scheduled__2026-02-06T00:00:00+00:00 [queued]>
[2026-02-07T22:03:37.432+0000] {taskinstance.py:2865} INFO - Starting attempt 1 of 1
[2026-02-07T22:03:37.438+0000] {taskinstance.py:2888} INFO - Executing <Task(PythonOperator): data_preprocessing_task> on 2026-02-06 00:00:00+00:00
[2026-02-07T22:03:37.442+0000] {warnings.py:112} WARNING - /home/***/.local/lib/python3.12/site-packages/***/task/task_runner/standard_task_runner.py:70: DeprecationWarning: This process (pid=102) is multi-threaded, use of fork() may lead to deadlocks in the child.
  pid = os.fork()

[2026-02-07T22:03:37.445+0000] {standard_task_runner.py:72} INFO - Started process 112 to run task
[2026-02-07T22:03:37.444+0000] {standard_task_runner.py:104} INFO - Running: ['***', 'tasks', 'run', 'Airflow_Lab2', 'data_preprocessing_task', 'scheduled__2026-02-06T00:00:00+00:00', '--job-id', '8', '--raw', '--subdir', 'DAGS_FOLDER/main.py', '--cfg-path', '/tmp/tmpt8r5xllp']
[2026-02-07T22:03:37.447+0000] {standard_task_runner.py:105} INFO - Job 8: Subtask data_preprocessing_task
[2026-02-07T22:03:37.475+0000] {task_command.py:467} INFO - Running <TaskInstance: Airflow_Lab2.data_preprocessing_task scheduled__2026-02-06T00:00:00+00:00 [running]> on host 6bd310ee7171
[2026-02-07T22:03:37.518+0000] {taskinstance.py:3131} INFO - Exporting env vars: AIRFLOW_CTX_DAG_OWNER='***' AIRFLOW_CTX_DAG_ID='Airflow_Lab2' AIRFLOW_CTX_TASK_ID='data_preprocessing_task' AIRFLOW_CTX_EXECUTION_DATE='2026-02-06T00:00:00+00:00' AIRFLOW_CTX_TRY_NUMBER='1' AIRFLOW_CTX_DAG_RUN_ID='scheduled__2026-02-06T00:00:00+00:00'
[2026-02-07T22:03:37.519+0000] {taskinstance.py:731} INFO - ::endgroup::
[2026-02-07T22:03:37.538+0000] {python.py:240} INFO - Done. Returned value was: /opt/***/working_data/preprocessed.pkl
[2026-02-07T22:03:37.548+0000] {taskinstance.py:340} INFO - ::group::Post task execution logs
[2026-02-07T22:03:37.548+0000] {taskinstance.py:352} INFO - Marking task as SUCCESS. dag_id=Airflow_Lab2, task_id=data_preprocessing_task, run_id=scheduled__2026-02-06T00:00:00+00:00, execution_date=20260206T000000, start_date=20260207T220337, end_date=20260207T220337
[2026-02-07T22:03:37.584+0000] {local_task_job_runner.py:266} INFO - Task exited with return code 0
[2026-02-07T22:03:37.597+0000] {taskinstance.py:3900} INFO - 0 downstream tasks scheduled from follow-on schedule check
[2026-02-07T22:03:37.597+0000] {local_task_job_runner.py:245} INFO - ::endgroup::
[2026-02-07T22:05:56.465+0000] {local_task_job_runner.py:123} INFO - ::group::Pre task execution logs
[2026-02-07T22:05:56.473+0000] {taskinstance.py:2612} INFO - Dependencies all met for dep_context=non-requeueable deps ti=<TaskInstance: Airflow_Lab2.data_preprocessing_task scheduled__2026-02-06T00:00:00+00:00 [queued]>
[2026-02-07T22:05:56.476+0000] {taskinstance.py:2612} INFO - Dependencies all met for dep_context=requeueable deps ti=<TaskInstance: Airflow_Lab2.data_preprocessing_task scheduled__2026-02-06T00:00:00+00:00 [queued]>
[2026-02-07T22:05:56.476+0000] {taskinstance.py:2865} INFO - Starting attempt 1 of 1
[2026-02-07T22:05:56.481+0000] {taskinstance.py:2888} INFO - Executing <Task(PythonOperator): data_preprocessing_task> on 2026-02-06 00:00:00+00:00
[2026-02-07T22:05:56.486+0000] {warnings.py:112} WARNING - /home/***/.local/lib/python3.12/site-packages/***/task/task_runner/standard_task_runner.py:70: DeprecationWarning: This process (pid=90) is multi-threaded, use of fork() may lead to deadlocks in the child.
  pid = os.fork()

[2026-02-07T22:05:56.486+0000] {standard_task_runner.py:72} INFO - Started process 100 to run task
[2026-02-07T22:05:56.487+0000] {standard_task_runner.py:104} INFO - Running: ['***', 'tasks', 'run', 'Airflow_Lab2', 'data_preprocessing_task', 'scheduled__2026-02-06T00:00:00+00:00', '--job-id', '5', '--raw', '--subdir', 'DAGS_FOLDER/main.py', '--cfg-path', '/tmp/tmpu15nkd0x']
[2026-02-07T22:05:56.488+0000] {standard_task_runner.py:105} INFO - Job 5: Subtask data_preprocessing_task
[2026-02-07T22:05:56.515+0000] {task_command.py:467} INFO - Running <TaskInstance: Airflow_Lab2.data_preprocessing_task scheduled__2026-02-06T00:00:00+00:00 [running]> on host eb9540dc5e5e
[2026-02-07T22:05:56.557+0000] {taskinstance.py:3131} INFO - Exporting env vars: AIRFLOW_CTX_DAG_OWNER='***' AIRFLOW_CTX_DAG_ID='Airflow_Lab2' AIRFLOW_CTX_TASK_ID='data_preprocessing_task' AIRFLOW_CTX_EXECUTION_DATE='2026-02-06T00:00:00+00:00' AIRFLOW_CTX_TRY_NUMBER='1' AIRFLOW_CTX_DAG_RUN_ID='scheduled__2026-02-06T00:00:00+00:00'
[2026-02-07T22:05:56.558+0000] {taskinstance.py:731} INFO - ::endgroup::
[2026-02-07T22:05:56.580+0000] {python.py:240} INFO - Done. Returned value was: /opt/***/working_data/preprocessed.pkl
[2026-02-07T22:05:56.591+0000] {taskinstance.py:340} INFO - ::group::Post task execution logs
[2026-02-07T22:05:56.591+0000] {taskinstance.py:352} INFO - Marking task as SUCCESS. dag_id=Airflow_Lab2, task_id=data_preprocessing_task, run_id=scheduled__2026-02-06T00:00:00+00:00, execution_date=20260206T000000, start_date=20260207T220556, end_date=20260207T220556
[2026-02-07T22:05:56.626+0000] {local_task_job_runner.py:266} INFO - Task exited with return code 0
[2026-02-07T22:05:56.639+0000] {taskinstance.py:3900} INFO - 1 downstream tasks scheduled from follow-on schedule check
[2026-02-07T22:05:56.640+0000] {local_task_job_runner.py:245} INFO - ::endgroup::
