{"timestamp":"2026-02-09T17:41:21.894107Z","level":"info","event":"DAG bundles loaded: dags-folder, example_dags","logger":"airflow.dag_processing.bundles.manager.DagBundlesManager","filename":"manager.py","lineno":179}
{"timestamp":"2026-02-09T17:41:21.894439Z","level":"info","event":"Filling up the DagBag from /opt/airflow/dags/main.py","logger":"airflow.models.dagbag.BundleDagBag","filename":"dagbag.py","lineno":593}
{"timestamp":"2026-02-09T17:41:22.404067Z","level":"info","event":"Task instance is in running state","logger":"task.stdout"}
{"timestamp":"2026-02-09T17:41:22.404792Z","level":"info","event":" Previous state of the Task instance: TaskInstanceState.QUEUED","logger":"task.stdout"}
{"timestamp":"2026-02-09T17:41:22.404908Z","level":"info","event":"Current task name:load_model_task","logger":"task.stdout"}
{"timestamp":"2026-02-09T17:41:22.405244Z","level":"info","event":"Dag name:Airflow_Lab2","logger":"task.stdout"}
{"timestamp":"2026-02-09T17:41:22.405951Z","level":"info","event":"Model score on test data: 0.97","logger":"task.stdout"}
{"timestamp":"2026-02-09T17:41:22.406038Z","level":"info","event":"Done. Returned value was: 1","logger":"airflow.task.operators.airflow.providers.standard.operators.python.PythonOperator","filename":"python.py","lineno":230}
{"timestamp":"2026-02-09T17:41:22.406179Z","level":"info","event":"Pushing xcom","ti":"RuntimeTaskInstance(id=UUID('019c437e-3967-781a-ac49-cdc9fde2ab37'), task_id='load_model_task', dag_id='Airflow_Lab2', run_id='scheduled__2026-02-09T00:00:00+00:00', try_number=1, dag_version_id=UUID('019c437b-be61-7966-b927-68ca49efba61'), map_index=-1, hostname='e3210938daa6', context_carrier={}, task=<Task(PythonOperator): load_model_task>, bundle_instance=LocalDagBundle(name=dags-folder), max_tries=0, start_date=datetime.datetime(2026, 2, 9, 17, 41, 21, 685344, tzinfo=datetime.timezone.utc), end_date=None, state=<TaskInstanceState.RUNNING: 'running'>, is_mapped=False, rendered_map_index=None)","logger":"task","filename":"task_runner.py","lineno":1522}
{"timestamp":"2026-02-09T17:41:22.421629Z","level":"info","event":"Task instance in success state","logger":"task.stdout"}
{"timestamp":"2026-02-09T17:41:22.421775Z","level":"info","event":" Previous state of the Task instance: TaskInstanceState.RUNNING","logger":"task.stdout"}
{"timestamp":"2026-02-09T17:41:22.421879Z","level":"info","event":"Task operator:<Task(PythonOperator): load_model_task>","logger":"task.stdout"}
{"timestamp":"2026-02-09T18:00:08.779402Z","level":"info","event":"DAG bundles loaded: dags-folder","logger":"airflow.dag_processing.bundles.manager.DagBundlesManager","filename":"manager.py","lineno":179}
{"timestamp":"2026-02-09T18:00:08.780506Z","level":"info","event":"Filling up the DagBag from /opt/airflow/dags/main.py","logger":"airflow.models.dagbag.BundleDagBag","filename":"dagbag.py","lineno":593}
{"timestamp":"2026-02-09T18:00:09.769825Z","level":"info","event":"Model score on test data: 0.97","logger":"task.stdout"}
{"timestamp":"2026-02-09T18:00:09.769754Z","level":"info","event":"Done. Returned value was: 1","logger":"airflow.task.operators.airflow.providers.standard.operators.python.PythonOperator","filename":"python.py","lineno":230}
{"timestamp":"2026-02-09T18:00:09.769895Z","level":"info","event":"Pushing xcom","ti":"RuntimeTaskInstance(id=UUID('019c438f-6be5-7bdf-a82a-ed635714a98c'), task_id='load_model_task', dag_id='Airflow_Lab2', run_id='scheduled__2026-02-09T00:00:00+00:00', try_number=1, dag_version_id=UUID('019c438e-a1f9-7188-90ed-2c64d1a300eb'), map_index=-1, hostname='c6ce5cf6b4de', context_carrier={}, task=<Task(PythonOperator): load_model_task>, bundle_instance=LocalDagBundle(name=dags-folder), max_tries=0, start_date=datetime.datetime(2026, 2, 9, 18, 0, 8, 754159, tzinfo=datetime.timezone.utc), end_date=None, state=<TaskInstanceState.RUNNING: 'running'>, is_mapped=False, rendered_map_index=None)","logger":"task","filename":"task_runner.py","lineno":1522}
{"timestamp":"2026-02-09T18:10:18.602248Z","level":"info","event":"DAG bundles loaded: dags-folder","logger":"airflow.dag_processing.bundles.manager.DagBundlesManager","filename":"manager.py","lineno":179}
{"timestamp":"2026-02-09T18:10:18.602740Z","level":"info","event":"Filling up the DagBag from /opt/airflow/dags/main.py","logger":"airflow.models.dagbag.BundleDagBag","filename":"dagbag.py","lineno":593}
{"timestamp":"2026-02-09T18:10:19.252116Z","level":"info","event":"Model score on test data: 0.97","logger":"task.stdout"}
{"timestamp":"2026-02-09T18:10:19.251733Z","level":"info","event":"Done. Returned value was: 1","logger":"airflow.task.operators.airflow.providers.standard.operators.python.PythonOperator","filename":"python.py","lineno":230}
{"timestamp":"2026-02-09T18:10:19.251888Z","level":"info","event":"Pushing xcom","ti":"RuntimeTaskInstance(id=UUID('019c4398-b9e0-7f2d-ab15-7806603844ec'), task_id='load_model_task', dag_id='Airflow_Lab2', run_id='scheduled__2026-02-09T00:00:00+00:00', try_number=1, dag_version_id=UUID('019c4398-37df-7a6b-ae74-3cafb02f008e'), map_index=-1, hostname='08657569b501', context_carrier={}, task=<Task(PythonOperator): load_model_task>, bundle_instance=LocalDagBundle(name=dags-folder), max_tries=0, start_date=datetime.datetime(2026, 2, 9, 18, 10, 18, 580904, tzinfo=datetime.timezone.utc), end_date=None, state=<TaskInstanceState.RUNNING: 'running'>, is_mapped=False, rendered_map_index=None)","logger":"task","filename":"task_runner.py","lineno":1522}
{"timestamp":"2026-02-09T18:13:29.263476Z","level":"info","event":"DAG bundles loaded: dags-folder","logger":"airflow.dag_processing.bundles.manager.DagBundlesManager","filename":"manager.py","lineno":179}
{"timestamp":"2026-02-09T18:13:29.263953Z","level":"info","event":"Filling up the DagBag from /opt/airflow/dags/main.py","logger":"airflow.models.dagbag.BundleDagBag","filename":"dagbag.py","lineno":593}
{"timestamp":"2026-02-09T18:13:30.092472Z","level":"info","event":"Model score on test data: 0.97","logger":"task.stdout"}
{"timestamp":"2026-02-09T18:13:30.092356Z","level":"info","event":"Done. Returned value was: 1","logger":"airflow.task.operators.airflow.providers.standard.operators.python.PythonOperator","filename":"python.py","lineno":230}
{"timestamp":"2026-02-09T18:13:30.092931Z","level":"info","event":"Pushing xcom","ti":"RuntimeTaskInstance(id=UUID('019c439b-8d69-7219-aa35-127c79fac5fd'), task_id='load_model_task', dag_id='Airflow_Lab2', run_id='scheduled__2026-02-09T00:00:00+00:00', try_number=1, dag_version_id=UUID('019c439b-53a4-7451-8767-1465678db541'), map_index=-1, hostname='dd2dc96d6452', context_carrier={}, task=<Task(PythonOperator): load_model_task>, bundle_instance=LocalDagBundle(name=dags-folder), max_tries=0, start_date=datetime.datetime(2026, 2, 9, 18, 13, 29, 233303, tzinfo=datetime.timezone.utc), end_date=None, state=<TaskInstanceState.RUNNING: 'running'>, is_mapped=False, rendered_map_index=None)","logger":"task","filename":"task_runner.py","lineno":1522}
{"timestamp":"2026-02-09T18:39:10.858001Z","level":"info","event":"DAG bundles loaded: dags-folder","logger":"airflow.dag_processing.bundles.manager.DagBundlesManager","filename":"manager.py","lineno":179}
{"timestamp":"2026-02-09T18:39:10.858403Z","level":"info","event":"Filling up the DagBag from /opt/airflow/dags/main.py","logger":"airflow.models.dagbag.BundleDagBag","filename":"dagbag.py","lineno":593}
{"timestamp":"2026-02-09T18:39:11.696491Z","level":"info","event":"Model score on test data: 0.97","logger":"task.stdout"}
{"timestamp":"2026-02-09T18:39:11.696089Z","level":"info","event":"Done. Returned value was: 1","logger":"airflow.task.operators.airflow.providers.standard.operators.python.PythonOperator","filename":"python.py","lineno":230}
{"timestamp":"2026-02-09T18:39:11.696246Z","level":"info","event":"Pushing xcom","ti":"RuntimeTaskInstance(id=UUID('019c43b3-2c0b-726c-a9c4-be8c6bf36b1b'), task_id='load_model_task', dag_id='Airflow_Lab2', run_id='scheduled__2026-02-09T00:00:00+00:00', try_number=1, dag_version_id=UUID('019c43b1-1a28-7537-887e-7e9dd671eb04'), map_index=-1, hostname='8d6add6e85ee', context_carrier={}, task=<Task(PythonOperator): load_model_task>, bundle_instance=LocalDagBundle(name=dags-folder), max_tries=0, start_date=datetime.datetime(2026, 2, 9, 18, 39, 10, 840253, tzinfo=datetime.timezone.utc), end_date=None, state=<TaskInstanceState.RUNNING: 'running'>, is_mapped=False, rendered_map_index=None)","logger":"task","filename":"task_runner.py","lineno":1522}
{"timestamp":"2026-02-09T18:43:20.712061Z","level":"info","event":"DAG bundles loaded: dags-folder","logger":"airflow.dag_processing.bundles.manager.DagBundlesManager","filename":"manager.py","lineno":179}
{"timestamp":"2026-02-09T18:43:20.712469Z","level":"info","event":"Filling up the DagBag from /opt/airflow/dags/main.py","logger":"airflow.models.dagbag.BundleDagBag","filename":"dagbag.py","lineno":593}
{"timestamp":"2026-02-09T18:43:21.357650Z","level":"info","event":"Model score on test data: 0.97","logger":"task.stdout"}
{"timestamp":"2026-02-09T18:43:21.357713Z","level":"info","event":"Done. Returned value was: 1","logger":"airflow.task.operators.airflow.providers.standard.operators.python.PythonOperator","filename":"python.py","lineno":230}
{"timestamp":"2026-02-09T18:43:21.357855Z","level":"info","event":"Pushing xcom","ti":"RuntimeTaskInstance(id=UUID('019c43b6-e037-7b1f-90cc-a3fac6fd902a'), task_id='load_model_task', dag_id='Airflow_Lab2', run_id='scheduled__2026-02-09T00:00:00+00:00', try_number=1, dag_version_id=UUID('019c43b6-ba0a-7125-9e00-cf472bb74f43'), map_index=-1, hostname='dd3644ec5c1b', context_carrier={}, task=<Task(PythonOperator): load_model_task>, bundle_instance=LocalDagBundle(name=dags-folder), max_tries=0, start_date=datetime.datetime(2026, 2, 9, 18, 43, 20, 689324, tzinfo=datetime.timezone.utc), end_date=None, state=<TaskInstanceState.RUNNING: 'running'>, is_mapped=False, rendered_map_index=None)","logger":"task","filename":"task_runner.py","lineno":1522}
{"timestamp":"2026-02-09T20:06:43.056062Z","level":"info","event":"DAG bundles loaded: dags-folder","logger":"airflow.dag_processing.bundles.manager.DagBundlesManager","filename":"manager.py","lineno":179}
{"timestamp":"2026-02-09T20:06:43.056515Z","level":"info","event":"Filling up the DagBag from /opt/airflow/dags/main.py","logger":"airflow.models.dagbag.BundleDagBag","filename":"dagbag.py","lineno":593}
{"timestamp":"2026-02-09T20:06:43.872196Z","level":"info","event":"Model score on test data: 0.97","logger":"task.stdout"}
{"timestamp":"2026-02-09T20:06:43.871839Z","level":"info","event":"Done. Returned value was: 1","logger":"airflow.task.operators.airflow.providers.standard.operators.python.PythonOperator","filename":"python.py","lineno":230}
{"timestamp":"2026-02-09T20:06:43.871974Z","level":"info","event":"Pushing xcom","ti":"RuntimeTaskInstance(id=UUID('019c4403-4f8b-7d07-8cc4-45248d6ba7df'), task_id='load_model_task', dag_id='Airflow_Lab2', run_id='scheduled__2026-02-09T00:00:00+00:00', try_number=1, dag_version_id=UUID('019c4402-8ccb-73b4-8b6b-09ff21677514'), map_index=-1, hostname='346bc02d3249', context_carrier={}, task=<Task(PythonOperator): load_model_task>, bundle_instance=LocalDagBundle(name=dags-folder), max_tries=0, start_date=datetime.datetime(2026, 2, 9, 20, 6, 43, 24700, tzinfo=datetime.timezone.utc), end_date=None, state=<TaskInstanceState.RUNNING: 'running'>, is_mapped=False, rendered_map_index=None)","logger":"task","filename":"task_runner.py","lineno":1522}
{"timestamp":"2026-02-09T20:24:25.063478Z","level":"info","event":"DAG bundles loaded: dags-folder","logger":"airflow.dag_processing.bundles.manager.DagBundlesManager","filename":"manager.py","lineno":179}
{"timestamp":"2026-02-09T20:24:25.063937Z","level":"info","event":"Filling up the DagBag from /opt/airflow/dags/main.py","logger":"airflow.models.dagbag.BundleDagBag","filename":"dagbag.py","lineno":593}
{"timestamp":"2026-02-09T20:24:25.667965Z","level":"info","event":"Model score on test data: 0.97","logger":"task.stdout"}
{"timestamp":"2026-02-09T20:24:25.668005Z","level":"info","event":"Done. Returned value was: 1","logger":"airflow.task.operators.airflow.providers.standard.operators.python.PythonOperator","filename":"python.py","lineno":230}
{"timestamp":"2026-02-09T20:24:25.668124Z","level":"info","event":"Pushing xcom","ti":"RuntimeTaskInstance(id=UUID('019c4413-85e1-7908-b5a1-f81d87b61ff1'), task_id='load_model_task', dag_id='Airflow_Lab2', run_id='scheduled__2026-02-09T00:00:00+00:00', try_number=1, dag_version_id=UUID('019c4412-77bc-74ec-a254-d73c5ce099e2'), map_index=-1, hostname='5f94ee76c065', context_carrier={}, task=<Task(PythonOperator): load_model_task>, bundle_instance=LocalDagBundle(name=dags-folder), max_tries=0, start_date=datetime.datetime(2026, 2, 9, 20, 24, 25, 42627, tzinfo=datetime.timezone.utc), end_date=None, state=<TaskInstanceState.RUNNING: 'running'>, is_mapped=False, rendered_map_index=None)","logger":"task","filename":"task_runner.py","lineno":1522}
{"timestamp":"2026-02-09T20:39:19.474167Z","level":"info","event":"DAG bundles loaded: dags-folder","logger":"airflow.dag_processing.bundles.manager.DagBundlesManager","filename":"manager.py","lineno":179}
{"timestamp":"2026-02-09T20:39:19.474688Z","level":"info","event":"Filling up the DagBag from /opt/airflow/dags/main.py","logger":"airflow.models.dagbag.BundleDagBag","filename":"dagbag.py","lineno":593}
{"timestamp":"2026-02-09T20:39:20.243782Z","level":"info","event":"Model score on test data: 0.97","logger":"task.stdout"}
{"timestamp":"2026-02-09T20:39:20.243803Z","level":"info","event":"Done. Returned value was: 1","logger":"airflow.task.operators.airflow.providers.standard.operators.python.PythonOperator","filename":"python.py","lineno":230}
{"timestamp":"2026-02-09T20:39:20.243961Z","level":"info","event":"Pushing xcom","ti":"RuntimeTaskInstance(id=UUID('019c4421-2a42-728e-a682-11dbfe335c8d'), task_id='load_model_task', dag_id='Airflow_Lab2', run_id='scheduled__2026-02-09T00:00:00+00:00', try_number=1, dag_version_id=UUID('019c4416-a42f-75f0-a49f-96c5de79d7ef'), map_index=-1, hostname='7d42a2472955', context_carrier={}, task=<Task(PythonOperator): load_model_task>, bundle_instance=LocalDagBundle(name=dags-folder), max_tries=0, start_date=datetime.datetime(2026, 2, 9, 20, 39, 19, 443761, tzinfo=datetime.timezone.utc), end_date=None, state=<TaskInstanceState.RUNNING: 'running'>, is_mapped=False, rendered_map_index=None)","logger":"task","filename":"task_runner.py","lineno":1522}
{"timestamp":"2026-02-09T20:54:55.366443Z","level":"info","event":"DAG bundles loaded: dags-folder","logger":"airflow.dag_processing.bundles.manager.DagBundlesManager","filename":"manager.py","lineno":179}
{"timestamp":"2026-02-09T20:54:55.366923Z","level":"info","event":"Filling up the DagBag from /opt/airflow/dags/main.py","logger":"airflow.models.dagbag.BundleDagBag","filename":"dagbag.py","lineno":593}
{"timestamp":"2026-02-09T20:54:56.022030Z","level":"info","event":"Model score on test data: 0.97","logger":"task.stdout"}
{"timestamp":"2026-02-09T20:54:56.022080Z","level":"info","event":"Done. Returned value was: 1","logger":"airflow.task.operators.airflow.providers.standard.operators.python.PythonOperator","filename":"python.py","lineno":230}
{"timestamp":"2026-02-09T20:54:56.022210Z","level":"info","event":"Pushing xcom","ti":"RuntimeTaskInstance(id=UUID('019c442f-6fd4-72b6-86e3-95b1c43045e3'), task_id='load_model_task', dag_id='Airflow_Lab2', run_id='scheduled__2026-02-09T00:00:00+00:00', try_number=1, dag_version_id=UUID('019c442e-8355-72d6-b65c-c69f703c9cfd'), map_index=-1, hostname='1e1aff25144d', context_carrier={}, task=<Task(PythonOperator): load_model_task>, bundle_instance=LocalDagBundle(name=dags-folder), max_tries=0, start_date=datetime.datetime(2026, 2, 9, 20, 54, 55, 347111, tzinfo=datetime.timezone.utc), end_date=None, state=<TaskInstanceState.RUNNING: 'running'>, is_mapped=False, rendered_map_index=None)","logger":"task","filename":"task_runner.py","lineno":1522}
