[2026-02-07T19:11:15.270+0000] {local_task_job_runner.py:123} INFO - ::group::Pre task execution logs
[2026-02-07T19:11:15.278+0000] {taskinstance.py:2612} INFO - Dependencies all met for dep_context=non-requeueable deps ti=<TaskInstance: Airflow_Lab2_Flask.start_Flask_API manual__2026-02-07T19:11:14.435387+00:00 [queued]>
[2026-02-07T19:11:15.283+0000] {taskinstance.py:2612} INFO - Dependencies all met for dep_context=requeueable deps ti=<TaskInstance: Airflow_Lab2_Flask.start_Flask_API manual__2026-02-07T19:11:14.435387+00:00 [queued]>
[2026-02-07T19:11:15.283+0000] {taskinstance.py:2865} INFO - Starting attempt 1 of 1
[2026-02-07T19:11:15.289+0000] {taskinstance.py:2888} INFO - Executing <Task(PythonOperator): start_Flask_API> on 2026-02-07 19:11:14.435387+00:00
[2026-02-07T19:11:15.291+0000] {warnings.py:112} WARNING - /home/***/.local/lib/python3.12/site-packages/***/task/task_runner/standard_task_runner.py:70: DeprecationWarning: This process (pid=175) is multi-threaded, use of fork() may lead to deadlocks in the child.
  pid = os.fork()

[2026-02-07T19:11:15.292+0000] {standard_task_runner.py:72} INFO - Started process 178 to run task
[2026-02-07T19:11:15.293+0000] {standard_task_runner.py:104} INFO - Running: ['***', 'tasks', 'run', 'Airflow_Lab2_Flask', 'start_Flask_API', 'manual__2026-02-07T19:11:14.435387+00:00', '--job-id', '11', '--raw', '--subdir', 'DAGS_FOLDER/Flask_API.py', '--cfg-path', '/tmp/tmp0qgwuxzx']
[2026-02-07T19:11:15.294+0000] {standard_task_runner.py:105} INFO - Job 11: Subtask start_Flask_API
[2026-02-07T19:11:15.318+0000] {task_command.py:467} INFO - Running <TaskInstance: Airflow_Lab2_Flask.start_Flask_API manual__2026-02-07T19:11:14.435387+00:00 [running]> on host 5164631d18ac
[2026-02-07T19:11:15.352+0000] {taskinstance.py:3131} INFO - Exporting env vars: AIRFLOW_CTX_DAG_OWNER='***' AIRFLOW_CTX_DAG_ID='Airflow_Lab2_Flask' AIRFLOW_CTX_TASK_ID='start_Flask_API' AIRFLOW_CTX_EXECUTION_DATE='2026-02-07T19:11:14.435387+00:00' AIRFLOW_CTX_TRY_NUMBER='1' AIRFLOW_CTX_DAG_RUN_ID='manual__2026-02-07T19:11:14.435387+00:00'
[2026-02-07T19:11:15.353+0000] {taskinstance.py:731} INFO - ::endgroup::
[2026-02-07T19:11:15.360+0000] {logging_mixin.py:190} INFO - Starting Flask on 0.0.0.0:5555 ...
[2026-02-07T19:11:15.368+0000] {logging_mixin.py:190} INFO -  * Serving Flask app 'unusual_prefix_fb1fa9258fa1ad786b4829a3672e98fa2e7542a0_Flask_API'
[2026-02-07T19:11:15.368+0000] {logging_mixin.py:190} INFO -  * Debug mode: off
[2026-02-07T19:11:15.369+0000] {_internal.py:224} INFO - [31m[1mWARNING: This is a development server. Do not use it in a production deployment. Use a production WSGI server instead.[0m
 * Running on all addresses (0.0.0.0)
 * Running on http://127.0.0.1:5555
 * Running on http://172.18.0.6:5555
[2026-02-07T19:11:15.370+0000] {_internal.py:224} INFO - [33mPress CTRL+C to quit[0m
