[2026-02-07T18:37:18.879+0000] {local_task_job_runner.py:123} INFO - ::group::Pre task execution logs
[2026-02-07T18:37:18.888+0000] {taskinstance.py:2612} INFO - Dependencies all met for dep_context=non-requeueable deps ti=<TaskInstance: Airflow_Lab2.my_trigger_task scheduled__2026-02-06T00:00:00+00:00 [queued]>
[2026-02-07T18:37:18.893+0000] {taskinstance.py:2612} INFO - Dependencies all met for dep_context=requeueable deps ti=<TaskInstance: Airflow_Lab2.my_trigger_task scheduled__2026-02-06T00:00:00+00:00 [queued]>
[2026-02-07T18:37:18.893+0000] {taskinstance.py:2865} INFO - Starting attempt 1 of 1
[2026-02-07T18:37:18.900+0000] {taskinstance.py:2888} INFO - Executing <Task(TriggerDagRunOperator): my_trigger_task> on 2026-02-06 00:00:00+00:00
[2026-02-07T18:37:18.904+0000] {warnings.py:112} WARNING - /home/***/.local/lib/python3.12/site-packages/***/task/task_runner/standard_task_runner.py:70: DeprecationWarning: This process (pid=159) is multi-threaded, use of fork() may lead to deadlocks in the child.
  pid = os.fork()

[2026-02-07T18:37:18.906+0000] {standard_task_runner.py:72} INFO - Started process 180 to run task
[2026-02-07T18:37:18.906+0000] {standard_task_runner.py:104} INFO - Running: ['***', 'tasks', 'run', 'Airflow_Lab2', 'my_trigger_task', 'scheduled__2026-02-06T00:00:00+00:00', '--job-id', '23', '--raw', '--subdir', 'DAGS_FOLDER/main.py', '--cfg-path', '/tmp/tmpaeto35mf']
[2026-02-07T18:37:18.908+0000] {standard_task_runner.py:105} INFO - Job 23: Subtask my_trigger_task
[2026-02-07T18:37:18.945+0000] {task_command.py:467} INFO - Running <TaskInstance: Airflow_Lab2.my_trigger_task scheduled__2026-02-06T00:00:00+00:00 [running]> on host b5a737c6612d
[2026-02-07T18:37:18.987+0000] {taskinstance.py:3131} INFO - Exporting env vars: AIRFLOW_CTX_DAG_OWNER='***' AIRFLOW_CTX_DAG_ID='Airflow_Lab2' AIRFLOW_CTX_TASK_ID='my_trigger_task' AIRFLOW_CTX_EXECUTION_DATE='2026-02-06T00:00:00+00:00' AIRFLOW_CTX_TRY_NUMBER='1' AIRFLOW_CTX_DAG_RUN_ID='scheduled__2026-02-06T00:00:00+00:00'
[2026-02-07T18:37:18.987+0000] {taskinstance.py:731} INFO - ::endgroup::
[2026-02-07T18:37:19.030+0000] {taskinstance.py:340} INFO - ::group::Post task execution logs
[2026-02-07T18:37:19.030+0000] {taskinstance.py:352} INFO - Marking task as SUCCESS. dag_id=Airflow_Lab2, task_id=my_trigger_task, run_id=scheduled__2026-02-06T00:00:00+00:00, execution_date=20260206T000000, start_date=20260207T183718, end_date=20260207T183719
[2026-02-07T18:37:19.045+0000] {local_task_job_runner.py:266} INFO - Task exited with return code 0
[2026-02-07T18:37:19.054+0000] {taskinstance.py:3900} INFO - 0 downstream tasks scheduled from follow-on schedule check
[2026-02-07T18:37:19.054+0000] {local_task_job_runner.py:245} INFO - ::endgroup::
[2026-02-07T19:03:04.324+0000] {local_task_job_runner.py:123} INFO - ::group::Pre task execution logs
[2026-02-07T19:03:04.334+0000] {taskinstance.py:2612} INFO - Dependencies all met for dep_context=non-requeueable deps ti=<TaskInstance: Airflow_Lab2.my_trigger_task scheduled__2026-02-06T00:00:00+00:00 [queued]>
[2026-02-07T19:03:04.339+0000] {taskinstance.py:2612} INFO - Dependencies all met for dep_context=requeueable deps ti=<TaskInstance: Airflow_Lab2.my_trigger_task scheduled__2026-02-06T00:00:00+00:00 [queued]>
[2026-02-07T19:03:04.339+0000] {taskinstance.py:2865} INFO - Starting attempt 1 of 1
[2026-02-07T19:03:04.347+0000] {taskinstance.py:2888} INFO - Executing <Task(TriggerDagRunOperator): my_trigger_task> on 2026-02-06 00:00:00+00:00
[2026-02-07T19:03:04.354+0000] {warnings.py:112} WARNING - /home/***/.local/lib/python3.12/site-packages/***/task/task_runner/standard_task_runner.py:70: DeprecationWarning: This process (pid=158) is multi-threaded, use of fork() may lead to deadlocks in the child.
  pid = os.fork()

[2026-02-07T19:03:04.356+0000] {standard_task_runner.py:72} INFO - Started process 178 to run task
[2026-02-07T19:03:04.356+0000] {standard_task_runner.py:104} INFO - Running: ['***', 'tasks', 'run', 'Airflow_Lab2', 'my_trigger_task', 'scheduled__2026-02-06T00:00:00+00:00', '--job-id', '9', '--raw', '--subdir', 'DAGS_FOLDER/main.py', '--cfg-path', '/tmp/tmpe5khaiv5']
[2026-02-07T19:03:04.359+0000] {standard_task_runner.py:105} INFO - Job 9: Subtask my_trigger_task
[2026-02-07T19:03:04.399+0000] {task_command.py:467} INFO - Running <TaskInstance: Airflow_Lab2.my_trigger_task scheduled__2026-02-06T00:00:00+00:00 [running]> on host 96e0b0316054
[2026-02-07T19:03:04.443+0000] {taskinstance.py:3131} INFO - Exporting env vars: AIRFLOW_CTX_DAG_OWNER='***' AIRFLOW_CTX_DAG_ID='Airflow_Lab2' AIRFLOW_CTX_TASK_ID='my_trigger_task' AIRFLOW_CTX_EXECUTION_DATE='2026-02-06T00:00:00+00:00' AIRFLOW_CTX_TRY_NUMBER='1' AIRFLOW_CTX_DAG_RUN_ID='scheduled__2026-02-06T00:00:00+00:00'
[2026-02-07T19:03:04.444+0000] {taskinstance.py:731} INFO - ::endgroup::
[2026-02-07T19:03:04.493+0000] {taskinstance.py:340} INFO - ::group::Post task execution logs
[2026-02-07T19:03:04.494+0000] {taskinstance.py:352} INFO - Marking task as SUCCESS. dag_id=Airflow_Lab2, task_id=my_trigger_task, run_id=scheduled__2026-02-06T00:00:00+00:00, execution_date=20260206T000000, start_date=20260207T190304, end_date=20260207T190304
[2026-02-07T19:03:04.538+0000] {local_task_job_runner.py:266} INFO - Task exited with return code 0
[2026-02-07T19:03:04.548+0000] {taskinstance.py:3900} INFO - 0 downstream tasks scheduled from follow-on schedule check
[2026-02-07T19:03:04.548+0000] {local_task_job_runner.py:245} INFO - ::endgroup::
[2026-02-07T19:06:13.472+0000] {local_task_job_runner.py:123} INFO - ::group::Pre task execution logs
[2026-02-07T19:06:13.481+0000] {taskinstance.py:2612} INFO - Dependencies all met for dep_context=non-requeueable deps ti=<TaskInstance: Airflow_Lab2.my_trigger_task scheduled__2026-02-06T00:00:00+00:00 [queued]>
[2026-02-07T19:06:13.485+0000] {taskinstance.py:2612} INFO - Dependencies all met for dep_context=requeueable deps ti=<TaskInstance: Airflow_Lab2.my_trigger_task scheduled__2026-02-06T00:00:00+00:00 [queued]>
[2026-02-07T19:06:13.486+0000] {taskinstance.py:2865} INFO - Starting attempt 1 of 1
[2026-02-07T19:06:13.492+0000] {taskinstance.py:2888} INFO - Executing <Task(TriggerDagRunOperator): my_trigger_task> on 2026-02-06 00:00:00+00:00
[2026-02-07T19:06:13.495+0000] {warnings.py:112} WARNING - /home/***/.local/lib/python3.12/site-packages/***/task/task_runner/standard_task_runner.py:70: DeprecationWarning: This process (pid=144) is multi-threaded, use of fork() may lead to deadlocks in the child.
  pid = os.fork()

[2026-02-07T19:06:13.496+0000] {standard_task_runner.py:72} INFO - Started process 165 to run task
[2026-02-07T19:06:13.497+0000] {standard_task_runner.py:104} INFO - Running: ['***', 'tasks', 'run', 'Airflow_Lab2', 'my_trigger_task', 'scheduled__2026-02-06T00:00:00+00:00', '--job-id', '10', '--raw', '--subdir', 'DAGS_FOLDER/main.py', '--cfg-path', '/tmp/tmpx0l95krm']
[2026-02-07T19:06:13.499+0000] {standard_task_runner.py:105} INFO - Job 10: Subtask my_trigger_task
[2026-02-07T19:06:13.525+0000] {task_command.py:467} INFO - Running <TaskInstance: Airflow_Lab2.my_trigger_task scheduled__2026-02-06T00:00:00+00:00 [running]> on host dbe77a8ae8d3
[2026-02-07T19:06:13.562+0000] {taskinstance.py:3131} INFO - Exporting env vars: AIRFLOW_CTX_DAG_OWNER='***' AIRFLOW_CTX_DAG_ID='Airflow_Lab2' AIRFLOW_CTX_TASK_ID='my_trigger_task' AIRFLOW_CTX_EXECUTION_DATE='2026-02-06T00:00:00+00:00' AIRFLOW_CTX_TRY_NUMBER='1' AIRFLOW_CTX_DAG_RUN_ID='scheduled__2026-02-06T00:00:00+00:00'
[2026-02-07T19:06:13.563+0000] {taskinstance.py:731} INFO - ::endgroup::
[2026-02-07T19:06:13.610+0000] {taskinstance.py:340} INFO - ::group::Post task execution logs
[2026-02-07T19:06:13.610+0000] {taskinstance.py:352} INFO - Marking task as SUCCESS. dag_id=Airflow_Lab2, task_id=my_trigger_task, run_id=scheduled__2026-02-06T00:00:00+00:00, execution_date=20260206T000000, start_date=20260207T190613, end_date=20260207T190613
[2026-02-07T19:06:13.637+0000] {local_task_job_runner.py:266} INFO - Task exited with return code 0
[2026-02-07T19:06:13.646+0000] {taskinstance.py:3900} INFO - 0 downstream tasks scheduled from follow-on schedule check
[2026-02-07T19:06:13.647+0000] {local_task_job_runner.py:245} INFO - ::endgroup::
[2026-02-07T19:11:14.331+0000] {local_task_job_runner.py:123} INFO - ::group::Pre task execution logs
[2026-02-07T19:11:14.341+0000] {taskinstance.py:2612} INFO - Dependencies all met for dep_context=non-requeueable deps ti=<TaskInstance: Airflow_Lab2.my_trigger_task scheduled__2026-02-06T00:00:00+00:00 [queued]>
[2026-02-07T19:11:14.345+0000] {taskinstance.py:2612} INFO - Dependencies all met for dep_context=requeueable deps ti=<TaskInstance: Airflow_Lab2.my_trigger_task scheduled__2026-02-06T00:00:00+00:00 [queued]>
[2026-02-07T19:11:14.345+0000] {taskinstance.py:2865} INFO - Starting attempt 1 of 1
[2026-02-07T19:11:14.351+0000] {taskinstance.py:2888} INFO - Executing <Task(TriggerDagRunOperator): my_trigger_task> on 2026-02-06 00:00:00+00:00
[2026-02-07T19:11:14.355+0000] {warnings.py:112} WARNING - /home/***/.local/lib/python3.12/site-packages/***/task/task_runner/standard_task_runner.py:70: DeprecationWarning: This process (pid=152) is multi-threaded, use of fork() may lead to deadlocks in the child.
  pid = os.fork()

[2026-02-07T19:11:14.356+0000] {standard_task_runner.py:72} INFO - Started process 173 to run task
[2026-02-07T19:11:14.357+0000] {standard_task_runner.py:104} INFO - Running: ['***', 'tasks', 'run', 'Airflow_Lab2', 'my_trigger_task', 'scheduled__2026-02-06T00:00:00+00:00', '--job-id', '10', '--raw', '--subdir', 'DAGS_FOLDER/main.py', '--cfg-path', '/tmp/tmp5wsb7toq']
[2026-02-07T19:11:14.359+0000] {standard_task_runner.py:105} INFO - Job 10: Subtask my_trigger_task
[2026-02-07T19:11:14.390+0000] {task_command.py:467} INFO - Running <TaskInstance: Airflow_Lab2.my_trigger_task scheduled__2026-02-06T00:00:00+00:00 [running]> on host 5164631d18ac
[2026-02-07T19:11:14.427+0000] {taskinstance.py:3131} INFO - Exporting env vars: AIRFLOW_CTX_DAG_OWNER='***' AIRFLOW_CTX_DAG_ID='Airflow_Lab2' AIRFLOW_CTX_TASK_ID='my_trigger_task' AIRFLOW_CTX_EXECUTION_DATE='2026-02-06T00:00:00+00:00' AIRFLOW_CTX_TRY_NUMBER='1' AIRFLOW_CTX_DAG_RUN_ID='scheduled__2026-02-06T00:00:00+00:00'
[2026-02-07T19:11:14.428+0000] {taskinstance.py:731} INFO - ::endgroup::
[2026-02-07T19:11:14.476+0000] {taskinstance.py:340} INFO - ::group::Post task execution logs
[2026-02-07T19:11:14.477+0000] {taskinstance.py:352} INFO - Marking task as SUCCESS. dag_id=Airflow_Lab2, task_id=my_trigger_task, run_id=scheduled__2026-02-06T00:00:00+00:00, execution_date=20260206T000000, start_date=20260207T191114, end_date=20260207T191114
[2026-02-07T19:11:14.496+0000] {local_task_job_runner.py:266} INFO - Task exited with return code 0
[2026-02-07T19:11:14.505+0000] {taskinstance.py:3900} INFO - 0 downstream tasks scheduled from follow-on schedule check
[2026-02-07T19:11:14.506+0000] {local_task_job_runner.py:245} INFO - ::endgroup::
[2026-02-07T19:35:23.696+0000] {local_task_job_runner.py:123} INFO - ::group::Pre task execution logs
[2026-02-07T19:35:23.704+0000] {taskinstance.py:2612} INFO - Dependencies all met for dep_context=non-requeueable deps ti=<TaskInstance: Airflow_Lab2.my_trigger_task scheduled__2026-02-06T00:00:00+00:00 [queued]>
[2026-02-07T19:35:23.710+0000] {taskinstance.py:2612} INFO - Dependencies all met for dep_context=requeueable deps ti=<TaskInstance: Airflow_Lab2.my_trigger_task scheduled__2026-02-06T00:00:00+00:00 [queued]>
[2026-02-07T19:35:23.710+0000] {taskinstance.py:2865} INFO - Starting attempt 1 of 1
[2026-02-07T19:35:23.717+0000] {taskinstance.py:2888} INFO - Executing <Task(TriggerDagRunOperator): my_trigger_task> on 2026-02-06 00:00:00+00:00
[2026-02-07T19:35:23.722+0000] {warnings.py:112} WARNING - /home/***/.local/lib/python3.12/site-packages/***/task/task_runner/standard_task_runner.py:70: DeprecationWarning: This process (pid=153) is multi-threaded, use of fork() may lead to deadlocks in the child.
  pid = os.fork()

[2026-02-07T19:35:23.723+0000] {standard_task_runner.py:72} INFO - Started process 174 to run task
[2026-02-07T19:35:23.723+0000] {standard_task_runner.py:104} INFO - Running: ['***', 'tasks', 'run', 'Airflow_Lab2', 'my_trigger_task', 'scheduled__2026-02-06T00:00:00+00:00', '--job-id', '10', '--raw', '--subdir', 'DAGS_FOLDER/main.py', '--cfg-path', '/tmp/tmpesenzx_i']
[2026-02-07T19:35:23.725+0000] {standard_task_runner.py:105} INFO - Job 10: Subtask my_trigger_task
[2026-02-07T19:35:23.753+0000] {task_command.py:467} INFO - Running <TaskInstance: Airflow_Lab2.my_trigger_task scheduled__2026-02-06T00:00:00+00:00 [running]> on host 3ceaac666992
[2026-02-07T19:35:23.791+0000] {taskinstance.py:3131} INFO - Exporting env vars: AIRFLOW_CTX_DAG_OWNER='***' AIRFLOW_CTX_DAG_ID='Airflow_Lab2' AIRFLOW_CTX_TASK_ID='my_trigger_task' AIRFLOW_CTX_EXECUTION_DATE='2026-02-06T00:00:00+00:00' AIRFLOW_CTX_TRY_NUMBER='1' AIRFLOW_CTX_DAG_RUN_ID='scheduled__2026-02-06T00:00:00+00:00'
[2026-02-07T19:35:23.792+0000] {taskinstance.py:731} INFO - ::endgroup::
[2026-02-07T19:35:23.838+0000] {taskinstance.py:340} INFO - ::group::Post task execution logs
[2026-02-07T19:35:23.839+0000] {taskinstance.py:352} INFO - Marking task as SUCCESS. dag_id=Airflow_Lab2, task_id=my_trigger_task, run_id=scheduled__2026-02-06T00:00:00+00:00, execution_date=20260206T000000, start_date=20260207T193523, end_date=20260207T193523
[2026-02-07T19:35:23.864+0000] {local_task_job_runner.py:266} INFO - Task exited with return code 0
[2026-02-07T19:35:23.873+0000] {taskinstance.py:3900} INFO - 0 downstream tasks scheduled from follow-on schedule check
[2026-02-07T19:35:23.874+0000] {local_task_job_runner.py:245} INFO - ::endgroup::
[2026-02-07T20:05:15.113+0000] {local_task_job_runner.py:123} INFO - ::group::Pre task execution logs
[2026-02-07T20:05:15.122+0000] {taskinstance.py:2612} INFO - Dependencies all met for dep_context=non-requeueable deps ti=<TaskInstance: Airflow_Lab2.my_trigger_task scheduled__2026-02-06T00:00:00+00:00 [queued]>
[2026-02-07T20:05:15.126+0000] {taskinstance.py:2612} INFO - Dependencies all met for dep_context=requeueable deps ti=<TaskInstance: Airflow_Lab2.my_trigger_task scheduled__2026-02-06T00:00:00+00:00 [queued]>
[2026-02-07T20:05:15.126+0000] {taskinstance.py:2865} INFO - Starting attempt 1 of 1
[2026-02-07T20:05:15.131+0000] {taskinstance.py:2888} INFO - Executing <Task(TriggerDagRunOperator): my_trigger_task> on 2026-02-06 00:00:00+00:00
[2026-02-07T20:05:15.135+0000] {warnings.py:112} WARNING - /home/***/.local/lib/python3.12/site-packages/***/task/task_runner/standard_task_runner.py:70: DeprecationWarning: This process (pid=158) is multi-threaded, use of fork() may lead to deadlocks in the child.
  pid = os.fork()

[2026-02-07T20:05:15.136+0000] {standard_task_runner.py:72} INFO - Started process 168 to run task
[2026-02-07T20:05:15.136+0000] {standard_task_runner.py:104} INFO - Running: ['***', 'tasks', 'run', 'Airflow_Lab2', 'my_trigger_task', 'scheduled__2026-02-06T00:00:00+00:00', '--job-id', '9', '--raw', '--subdir', 'DAGS_FOLDER/main.py', '--cfg-path', '/tmp/tmpeakko6uh']
[2026-02-07T20:05:15.138+0000] {standard_task_runner.py:105} INFO - Job 9: Subtask my_trigger_task
[2026-02-07T20:05:15.162+0000] {task_command.py:467} INFO - Running <TaskInstance: Airflow_Lab2.my_trigger_task scheduled__2026-02-06T00:00:00+00:00 [running]> on host b76df3fd2bf8
[2026-02-07T20:05:15.199+0000] {taskinstance.py:3131} INFO - Exporting env vars: AIRFLOW_CTX_DAG_OWNER='***' AIRFLOW_CTX_DAG_ID='Airflow_Lab2' AIRFLOW_CTX_TASK_ID='my_trigger_task' AIRFLOW_CTX_EXECUTION_DATE='2026-02-06T00:00:00+00:00' AIRFLOW_CTX_TRY_NUMBER='1' AIRFLOW_CTX_DAG_RUN_ID='scheduled__2026-02-06T00:00:00+00:00'
[2026-02-07T20:05:15.200+0000] {taskinstance.py:731} INFO - ::endgroup::
[2026-02-07T20:05:15.244+0000] {taskinstance.py:340} INFO - ::group::Post task execution logs
[2026-02-07T20:05:15.245+0000] {taskinstance.py:352} INFO - Marking task as SUCCESS. dag_id=Airflow_Lab2, task_id=my_trigger_task, run_id=scheduled__2026-02-06T00:00:00+00:00, execution_date=20260206T000000, start_date=20260207T200515, end_date=20260207T200515
[2026-02-07T20:05:15.279+0000] {local_task_job_runner.py:266} INFO - Task exited with return code 0
[2026-02-07T20:05:15.288+0000] {taskinstance.py:3900} INFO - 0 downstream tasks scheduled from follow-on schedule check
[2026-02-07T20:05:15.289+0000] {local_task_job_runner.py:245} INFO - ::endgroup::
[2026-02-07T20:21:24.927+0000] {local_task_job_runner.py:123} INFO - ::group::Pre task execution logs
[2026-02-07T20:21:24.935+0000] {taskinstance.py:2612} INFO - Dependencies all met for dep_context=non-requeueable deps ti=<TaskInstance: Airflow_Lab2.my_trigger_task scheduled__2026-02-06T00:00:00+00:00 [queued]>
[2026-02-07T20:21:24.938+0000] {taskinstance.py:2612} INFO - Dependencies all met for dep_context=requeueable deps ti=<TaskInstance: Airflow_Lab2.my_trigger_task scheduled__2026-02-06T00:00:00+00:00 [queued]>
[2026-02-07T20:21:24.938+0000] {taskinstance.py:2865} INFO - Starting attempt 1 of 1
[2026-02-07T20:21:24.943+0000] {taskinstance.py:2888} INFO - Executing <Task(TriggerDagRunOperator): my_trigger_task> on 2026-02-06 00:00:00+00:00
[2026-02-07T20:21:24.947+0000] {warnings.py:112} WARNING - /home/***/.local/lib/python3.12/site-packages/***/task/task_runner/standard_task_runner.py:70: DeprecationWarning: This process (pid=152) is multi-threaded, use of fork() may lead to deadlocks in the child.
  pid = os.fork()

[2026-02-07T20:21:24.948+0000] {standard_task_runner.py:72} INFO - Started process 162 to run task
[2026-02-07T20:21:24.949+0000] {standard_task_runner.py:104} INFO - Running: ['***', 'tasks', 'run', 'Airflow_Lab2', 'my_trigger_task', 'scheduled__2026-02-06T00:00:00+00:00', '--job-id', '9', '--raw', '--subdir', 'DAGS_FOLDER/main.py', '--cfg-path', '/tmp/tmp5ur5a1_z']
[2026-02-07T20:21:24.950+0000] {standard_task_runner.py:105} INFO - Job 9: Subtask my_trigger_task
[2026-02-07T20:21:24.973+0000] {task_command.py:467} INFO - Running <TaskInstance: Airflow_Lab2.my_trigger_task scheduled__2026-02-06T00:00:00+00:00 [running]> on host db8859978f66
[2026-02-07T20:21:25.008+0000] {taskinstance.py:3131} INFO - Exporting env vars: AIRFLOW_CTX_DAG_OWNER='***' AIRFLOW_CTX_DAG_ID='Airflow_Lab2' AIRFLOW_CTX_TASK_ID='my_trigger_task' AIRFLOW_CTX_EXECUTION_DATE='2026-02-06T00:00:00+00:00' AIRFLOW_CTX_TRY_NUMBER='1' AIRFLOW_CTX_DAG_RUN_ID='scheduled__2026-02-06T00:00:00+00:00'
[2026-02-07T20:21:25.009+0000] {taskinstance.py:731} INFO - ::endgroup::
[2026-02-07T20:21:25.054+0000] {taskinstance.py:340} INFO - ::group::Post task execution logs
[2026-02-07T20:21:25.054+0000] {taskinstance.py:352} INFO - Marking task as SUCCESS. dag_id=Airflow_Lab2, task_id=my_trigger_task, run_id=scheduled__2026-02-06T00:00:00+00:00, execution_date=20260206T000000, start_date=20260207T202124, end_date=20260207T202125
[2026-02-07T20:21:25.088+0000] {local_task_job_runner.py:266} INFO - Task exited with return code 0
[2026-02-07T20:21:25.097+0000] {taskinstance.py:3900} INFO - 0 downstream tasks scheduled from follow-on schedule check
[2026-02-07T20:21:25.097+0000] {local_task_job_runner.py:245} INFO - ::endgroup::
[2026-02-07T20:54:08.997+0000] {local_task_job_runner.py:123} INFO - ::group::Pre task execution logs
[2026-02-07T20:54:09.005+0000] {taskinstance.py:2612} INFO - Dependencies all met for dep_context=non-requeueable deps ti=<TaskInstance: Airflow_Lab2.my_trigger_task scheduled__2026-02-06T00:00:00+00:00 [queued]>
[2026-02-07T20:54:09.009+0000] {taskinstance.py:2612} INFO - Dependencies all met for dep_context=requeueable deps ti=<TaskInstance: Airflow_Lab2.my_trigger_task scheduled__2026-02-06T00:00:00+00:00 [queued]>
[2026-02-07T20:54:09.009+0000] {taskinstance.py:2865} INFO - Starting attempt 1 of 1
[2026-02-07T20:54:09.014+0000] {taskinstance.py:2888} INFO - Executing <Task(TriggerDagRunOperator): my_trigger_task> on 2026-02-06 00:00:00+00:00
[2026-02-07T20:54:09.018+0000] {warnings.py:112} WARNING - /home/***/.local/lib/python3.12/site-packages/***/task/task_runner/standard_task_runner.py:70: DeprecationWarning: This process (pid=165) is multi-threaded, use of fork() may lead to deadlocks in the child.
  pid = os.fork()

[2026-02-07T20:54:09.019+0000] {standard_task_runner.py:72} INFO - Started process 175 to run task
[2026-02-07T20:54:09.020+0000] {standard_task_runner.py:104} INFO - Running: ['***', 'tasks', 'run', 'Airflow_Lab2', 'my_trigger_task', 'scheduled__2026-02-06T00:00:00+00:00', '--job-id', '9', '--raw', '--subdir', 'DAGS_FOLDER/main.py', '--cfg-path', '/tmp/tmpov5cqbam']
[2026-02-07T20:54:09.021+0000] {standard_task_runner.py:105} INFO - Job 9: Subtask my_trigger_task
[2026-02-07T20:54:09.044+0000] {task_command.py:467} INFO - Running <TaskInstance: Airflow_Lab2.my_trigger_task scheduled__2026-02-06T00:00:00+00:00 [running]> on host d5c78800a465
[2026-02-07T20:54:09.079+0000] {taskinstance.py:3131} INFO - Exporting env vars: AIRFLOW_CTX_DAG_OWNER='***' AIRFLOW_CTX_DAG_ID='Airflow_Lab2' AIRFLOW_CTX_TASK_ID='my_trigger_task' AIRFLOW_CTX_EXECUTION_DATE='2026-02-06T00:00:00+00:00' AIRFLOW_CTX_TRY_NUMBER='1' AIRFLOW_CTX_DAG_RUN_ID='scheduled__2026-02-06T00:00:00+00:00'
[2026-02-07T20:54:09.080+0000] {taskinstance.py:731} INFO - ::endgroup::
[2026-02-07T20:54:09.121+0000] {taskinstance.py:340} INFO - ::group::Post task execution logs
[2026-02-07T20:54:09.122+0000] {taskinstance.py:352} INFO - Marking task as SUCCESS. dag_id=Airflow_Lab2, task_id=my_trigger_task, run_id=scheduled__2026-02-06T00:00:00+00:00, execution_date=20260206T000000, start_date=20260207T205409, end_date=20260207T205409
[2026-02-07T20:54:09.161+0000] {local_task_job_runner.py:266} INFO - Task exited with return code 0
[2026-02-07T20:54:09.170+0000] {taskinstance.py:3900} INFO - 0 downstream tasks scheduled from follow-on schedule check
[2026-02-07T20:54:09.171+0000] {local_task_job_runner.py:245} INFO - ::endgroup::
[2026-02-07T21:03:35.097+0000] {local_task_job_runner.py:123} INFO - ::group::Pre task execution logs
[2026-02-07T21:03:35.108+0000] {taskinstance.py:2612} INFO - Dependencies all met for dep_context=non-requeueable deps ti=<TaskInstance: Airflow_Lab2.my_trigger_task scheduled__2026-02-06T00:00:00+00:00 [queued]>
[2026-02-07T21:03:35.112+0000] {taskinstance.py:2612} INFO - Dependencies all met for dep_context=requeueable deps ti=<TaskInstance: Airflow_Lab2.my_trigger_task scheduled__2026-02-06T00:00:00+00:00 [queued]>
[2026-02-07T21:03:35.113+0000] {taskinstance.py:2865} INFO - Starting attempt 1 of 1
[2026-02-07T21:03:35.123+0000] {taskinstance.py:2888} INFO - Executing <Task(TriggerDagRunOperator): my_trigger_task> on 2026-02-06 00:00:00+00:00
[2026-02-07T21:03:35.130+0000] {warnings.py:112} WARNING - /home/***/.local/lib/python3.12/site-packages/***/task/task_runner/standard_task_runner.py:70: DeprecationWarning: This process (pid=158) is multi-threaded, use of fork() may lead to deadlocks in the child.
  pid = os.fork()

[2026-02-07T21:03:35.131+0000] {standard_task_runner.py:72} INFO - Started process 178 to run task
[2026-02-07T21:03:35.130+0000] {standard_task_runner.py:104} INFO - Running: ['***', 'tasks', 'run', 'Airflow_Lab2', 'my_trigger_task', 'scheduled__2026-02-06T00:00:00+00:00', '--job-id', '9', '--raw', '--subdir', 'DAGS_FOLDER/main.py', '--cfg-path', '/tmp/tmpu_93o4r0']
[2026-02-07T21:03:35.132+0000] {standard_task_runner.py:105} INFO - Job 9: Subtask my_trigger_task
[2026-02-07T21:03:35.162+0000] {task_command.py:467} INFO - Running <TaskInstance: Airflow_Lab2.my_trigger_task scheduled__2026-02-06T00:00:00+00:00 [running]> on host f1e3a507a566
[2026-02-07T21:03:35.204+0000] {taskinstance.py:3131} INFO - Exporting env vars: AIRFLOW_CTX_DAG_OWNER='***' AIRFLOW_CTX_DAG_ID='Airflow_Lab2' AIRFLOW_CTX_TASK_ID='my_trigger_task' AIRFLOW_CTX_EXECUTION_DATE='2026-02-06T00:00:00+00:00' AIRFLOW_CTX_TRY_NUMBER='1' AIRFLOW_CTX_DAG_RUN_ID='scheduled__2026-02-06T00:00:00+00:00'
[2026-02-07T21:03:35.205+0000] {taskinstance.py:731} INFO - ::endgroup::
[2026-02-07T21:03:35.256+0000] {taskinstance.py:340} INFO - ::group::Post task execution logs
[2026-02-07T21:03:35.256+0000] {taskinstance.py:352} INFO - Marking task as SUCCESS. dag_id=Airflow_Lab2, task_id=my_trigger_task, run_id=scheduled__2026-02-06T00:00:00+00:00, execution_date=20260206T000000, start_date=20260207T210335, end_date=20260207T210335
[2026-02-07T21:03:35.273+0000] {local_task_job_runner.py:266} INFO - Task exited with return code 0
[2026-02-07T21:03:35.282+0000] {taskinstance.py:3900} INFO - 0 downstream tasks scheduled from follow-on schedule check
[2026-02-07T21:03:35.283+0000] {local_task_job_runner.py:245} INFO - ::endgroup::
[2026-02-07T21:07:13.814+0000] {local_task_job_runner.py:123} INFO - ::group::Pre task execution logs
[2026-02-07T21:07:13.823+0000] {taskinstance.py:2612} INFO - Dependencies all met for dep_context=non-requeueable deps ti=<TaskInstance: Airflow_Lab2.my_trigger_task scheduled__2026-02-06T00:00:00+00:00 [queued]>
[2026-02-07T21:07:13.828+0000] {taskinstance.py:2612} INFO - Dependencies all met for dep_context=requeueable deps ti=<TaskInstance: Airflow_Lab2.my_trigger_task scheduled__2026-02-06T00:00:00+00:00 [queued]>
[2026-02-07T21:07:13.828+0000] {taskinstance.py:2865} INFO - Starting attempt 1 of 1
[2026-02-07T21:07:13.834+0000] {taskinstance.py:2888} INFO - Executing <Task(TriggerDagRunOperator): my_trigger_task> on 2026-02-06 00:00:00+00:00
[2026-02-07T21:07:13.839+0000] {warnings.py:112} WARNING - /home/***/.local/lib/python3.12/site-packages/***/task/task_runner/standard_task_runner.py:70: DeprecationWarning: This process (pid=143) is multi-threaded, use of fork() may lead to deadlocks in the child.
  pid = os.fork()

[2026-02-07T21:07:13.841+0000] {standard_task_runner.py:72} INFO - Started process 163 to run task
[2026-02-07T21:07:13.841+0000] {standard_task_runner.py:104} INFO - Running: ['***', 'tasks', 'run', 'Airflow_Lab2', 'my_trigger_task', 'scheduled__2026-02-06T00:00:00+00:00', '--job-id', '9', '--raw', '--subdir', 'DAGS_FOLDER/main.py', '--cfg-path', '/tmp/tmpgzcla6v1']
[2026-02-07T21:07:13.843+0000] {standard_task_runner.py:105} INFO - Job 9: Subtask my_trigger_task
[2026-02-07T21:07:13.881+0000] {task_command.py:467} INFO - Running <TaskInstance: Airflow_Lab2.my_trigger_task scheduled__2026-02-06T00:00:00+00:00 [running]> on host d0ebec898cbf
[2026-02-07T21:07:13.925+0000] {taskinstance.py:3131} INFO - Exporting env vars: AIRFLOW_CTX_DAG_OWNER='***' AIRFLOW_CTX_DAG_ID='Airflow_Lab2' AIRFLOW_CTX_TASK_ID='my_trigger_task' AIRFLOW_CTX_EXECUTION_DATE='2026-02-06T00:00:00+00:00' AIRFLOW_CTX_TRY_NUMBER='1' AIRFLOW_CTX_DAG_RUN_ID='scheduled__2026-02-06T00:00:00+00:00'
[2026-02-07T21:07:13.926+0000] {taskinstance.py:731} INFO - ::endgroup::
[2026-02-07T21:07:13.976+0000] {taskinstance.py:340} INFO - ::group::Post task execution logs
[2026-02-07T21:07:13.977+0000] {taskinstance.py:352} INFO - Marking task as SUCCESS. dag_id=Airflow_Lab2, task_id=my_trigger_task, run_id=scheduled__2026-02-06T00:00:00+00:00, execution_date=20260206T000000, start_date=20260207T210713, end_date=20260207T210713
[2026-02-07T21:07:14.026+0000] {local_task_job_runner.py:266} INFO - Task exited with return code 0
[2026-02-07T21:07:14.036+0000] {taskinstance.py:3900} INFO - 0 downstream tasks scheduled from follow-on schedule check
[2026-02-07T21:07:14.037+0000] {local_task_job_runner.py:245} INFO - ::endgroup::
[2026-02-07T21:22:49.611+0000] {local_task_job_runner.py:123} INFO - ::group::Pre task execution logs
[2026-02-07T21:22:49.620+0000] {taskinstance.py:2612} INFO - Dependencies all met for dep_context=non-requeueable deps ti=<TaskInstance: Airflow_Lab2.my_trigger_task scheduled__2026-02-06T00:00:00+00:00 [queued]>
[2026-02-07T21:22:49.626+0000] {taskinstance.py:2612} INFO - Dependencies all met for dep_context=requeueable deps ti=<TaskInstance: Airflow_Lab2.my_trigger_task scheduled__2026-02-06T00:00:00+00:00 [queued]>
[2026-02-07T21:22:49.626+0000] {taskinstance.py:2865} INFO - Starting attempt 1 of 1
[2026-02-07T21:22:49.635+0000] {taskinstance.py:2888} INFO - Executing <Task(TriggerDagRunOperator): my_trigger_task> on 2026-02-06 00:00:00+00:00
[2026-02-07T21:22:49.640+0000] {warnings.py:112} WARNING - /home/***/.local/lib/python3.12/site-packages/***/task/task_runner/standard_task_runner.py:70: DeprecationWarning: This process (pid=151) is multi-threaded, use of fork() may lead to deadlocks in the child.
  pid = os.fork()

[2026-02-07T21:22:49.642+0000] {standard_task_runner.py:72} INFO - Started process 171 to run task
[2026-02-07T21:22:49.642+0000] {standard_task_runner.py:104} INFO - Running: ['***', 'tasks', 'run', 'Airflow_Lab2', 'my_trigger_task', 'scheduled__2026-02-06T00:00:00+00:00', '--job-id', '10', '--raw', '--subdir', 'DAGS_FOLDER/main.py', '--cfg-path', '/tmp/tmp4h4hc886']
[2026-02-07T21:22:49.644+0000] {standard_task_runner.py:105} INFO - Job 10: Subtask my_trigger_task
[2026-02-07T21:22:49.669+0000] {task_command.py:467} INFO - Running <TaskInstance: Airflow_Lab2.my_trigger_task scheduled__2026-02-06T00:00:00+00:00 [running]> on host c2a606d02197
[2026-02-07T21:22:49.707+0000] {taskinstance.py:3131} INFO - Exporting env vars: AIRFLOW_CTX_DAG_OWNER='***' AIRFLOW_CTX_DAG_ID='Airflow_Lab2' AIRFLOW_CTX_TASK_ID='my_trigger_task' AIRFLOW_CTX_EXECUTION_DATE='2026-02-06T00:00:00+00:00' AIRFLOW_CTX_TRY_NUMBER='1' AIRFLOW_CTX_DAG_RUN_ID='scheduled__2026-02-06T00:00:00+00:00'
[2026-02-07T21:22:49.709+0000] {taskinstance.py:731} INFO - ::endgroup::
[2026-02-07T21:22:49.757+0000] {taskinstance.py:340} INFO - ::group::Post task execution logs
[2026-02-07T21:22:49.757+0000] {taskinstance.py:352} INFO - Marking task as SUCCESS. dag_id=Airflow_Lab2, task_id=my_trigger_task, run_id=scheduled__2026-02-06T00:00:00+00:00, execution_date=20260206T000000, start_date=20260207T212249, end_date=20260207T212249
[2026-02-07T21:22:49.782+0000] {local_task_job_runner.py:266} INFO - Task exited with return code 0
[2026-02-07T21:22:49.792+0000] {taskinstance.py:3900} INFO - 0 downstream tasks scheduled from follow-on schedule check
[2026-02-07T21:22:49.793+0000] {local_task_job_runner.py:245} INFO - ::endgroup::
[2026-02-07T21:29:05.083+0000] {local_task_job_runner.py:123} INFO - ::group::Pre task execution logs
[2026-02-07T21:29:05.093+0000] {taskinstance.py:2612} INFO - Dependencies all met for dep_context=non-requeueable deps ti=<TaskInstance: Airflow_Lab2.my_trigger_task scheduled__2026-02-06T00:00:00+00:00 [queued]>
[2026-02-07T21:29:05.098+0000] {taskinstance.py:2612} INFO - Dependencies all met for dep_context=requeueable deps ti=<TaskInstance: Airflow_Lab2.my_trigger_task scheduled__2026-02-06T00:00:00+00:00 [queued]>
[2026-02-07T21:29:05.099+0000] {taskinstance.py:2865} INFO - Starting attempt 1 of 1
[2026-02-07T21:29:05.106+0000] {taskinstance.py:2888} INFO - Executing <Task(TriggerDagRunOperator): my_trigger_task> on 2026-02-06 00:00:00+00:00
[2026-02-07T21:29:05.114+0000] {standard_task_runner.py:104} INFO - Running: ['***', 'tasks', 'run', 'Airflow_Lab2', 'my_trigger_task', 'scheduled__2026-02-06T00:00:00+00:00', '--job-id', '10', '--raw', '--subdir', 'DAGS_FOLDER/main.py', '--cfg-path', '/tmp/tmpkz47h6uz']
[2026-02-07T21:29:05.112+0000] {warnings.py:112} WARNING - /home/***/.local/lib/python3.12/site-packages/***/task/task_runner/standard_task_runner.py:70: DeprecationWarning: This process (pid=145) is multi-threaded, use of fork() may lead to deadlocks in the child.
  pid = os.fork()

[2026-02-07T21:29:05.116+0000] {standard_task_runner.py:105} INFO - Job 10: Subtask my_trigger_task
[2026-02-07T21:29:05.117+0000] {standard_task_runner.py:72} INFO - Started process 166 to run task
[2026-02-07T21:29:05.158+0000] {task_command.py:467} INFO - Running <TaskInstance: Airflow_Lab2.my_trigger_task scheduled__2026-02-06T00:00:00+00:00 [running]> on host ae069f5c53d3
[2026-02-07T21:29:05.205+0000] {taskinstance.py:3131} INFO - Exporting env vars: AIRFLOW_CTX_DAG_OWNER='***' AIRFLOW_CTX_DAG_ID='Airflow_Lab2' AIRFLOW_CTX_TASK_ID='my_trigger_task' AIRFLOW_CTX_EXECUTION_DATE='2026-02-06T00:00:00+00:00' AIRFLOW_CTX_TRY_NUMBER='1' AIRFLOW_CTX_DAG_RUN_ID='scheduled__2026-02-06T00:00:00+00:00'
[2026-02-07T21:29:05.206+0000] {taskinstance.py:731} INFO - ::endgroup::
[2026-02-07T21:29:05.265+0000] {taskinstance.py:340} INFO - ::group::Post task execution logs
[2026-02-07T21:29:05.266+0000] {taskinstance.py:352} INFO - Marking task as SUCCESS. dag_id=Airflow_Lab2, task_id=my_trigger_task, run_id=scheduled__2026-02-06T00:00:00+00:00, execution_date=20260206T000000, start_date=20260207T212905, end_date=20260207T212905
[2026-02-07T21:29:05.301+0000] {local_task_job_runner.py:266} INFO - Task exited with return code 0
[2026-02-07T21:29:05.310+0000] {taskinstance.py:3900} INFO - 0 downstream tasks scheduled from follow-on schedule check
[2026-02-07T21:29:05.311+0000] {local_task_job_runner.py:245} INFO - ::endgroup::
[2026-02-07T22:03:42.539+0000] {local_task_job_runner.py:123} INFO - ::group::Pre task execution logs
[2026-02-07T22:03:42.549+0000] {taskinstance.py:2612} INFO - Dependencies all met for dep_context=non-requeueable deps ti=<TaskInstance: Airflow_Lab2.my_trigger_task scheduled__2026-02-06T00:00:00+00:00 [queued]>
[2026-02-07T22:03:42.554+0000] {taskinstance.py:2612} INFO - Dependencies all met for dep_context=requeueable deps ti=<TaskInstance: Airflow_Lab2.my_trigger_task scheduled__2026-02-06T00:00:00+00:00 [queued]>
[2026-02-07T22:03:42.555+0000] {taskinstance.py:2865} INFO - Starting attempt 1 of 1
[2026-02-07T22:03:42.561+0000] {taskinstance.py:2888} INFO - Executing <Task(TriggerDagRunOperator): my_trigger_task> on 2026-02-06 00:00:00+00:00
[2026-02-07T22:03:42.566+0000] {warnings.py:112} WARNING - /home/***/.local/lib/python3.12/site-packages/***/task/task_runner/standard_task_runner.py:70: DeprecationWarning: This process (pid=158) is multi-threaded, use of fork() may lead to deadlocks in the child.
  pid = os.fork()

[2026-02-07T22:03:42.567+0000] {standard_task_runner.py:72} INFO - Started process 179 to run task
[2026-02-07T22:03:42.568+0000] {standard_task_runner.py:104} INFO - Running: ['***', 'tasks', 'run', 'Airflow_Lab2', 'my_trigger_task', 'scheduled__2026-02-06T00:00:00+00:00', '--job-id', '13', '--raw', '--subdir', 'DAGS_FOLDER/main.py', '--cfg-path', '/tmp/tmpnx7eabla']
[2026-02-07T22:03:42.572+0000] {standard_task_runner.py:105} INFO - Job 13: Subtask my_trigger_task
[2026-02-07T22:03:42.601+0000] {task_command.py:467} INFO - Running <TaskInstance: Airflow_Lab2.my_trigger_task scheduled__2026-02-06T00:00:00+00:00 [running]> on host 6bd310ee7171
[2026-02-07T22:03:42.637+0000] {taskinstance.py:3131} INFO - Exporting env vars: AIRFLOW_CTX_DAG_OWNER='***' AIRFLOW_CTX_DAG_ID='Airflow_Lab2' AIRFLOW_CTX_TASK_ID='my_trigger_task' AIRFLOW_CTX_EXECUTION_DATE='2026-02-06T00:00:00+00:00' AIRFLOW_CTX_TRY_NUMBER='1' AIRFLOW_CTX_DAG_RUN_ID='scheduled__2026-02-06T00:00:00+00:00'
[2026-02-07T22:03:42.638+0000] {taskinstance.py:731} INFO - ::endgroup::
[2026-02-07T22:03:42.680+0000] {taskinstance.py:340} INFO - ::group::Post task execution logs
[2026-02-07T22:03:42.680+0000] {taskinstance.py:352} INFO - Marking task as SUCCESS. dag_id=Airflow_Lab2, task_id=my_trigger_task, run_id=scheduled__2026-02-06T00:00:00+00:00, execution_date=20260206T000000, start_date=20260207T220342, end_date=20260207T220342
[2026-02-07T22:03:42.706+0000] {local_task_job_runner.py:266} INFO - Task exited with return code 0
[2026-02-07T22:03:42.716+0000] {taskinstance.py:3900} INFO - 0 downstream tasks scheduled from follow-on schedule check
[2026-02-07T22:03:42.717+0000] {local_task_job_runner.py:245} INFO - ::endgroup::
[2026-02-07T22:06:02.773+0000] {local_task_job_runner.py:123} INFO - ::group::Pre task execution logs
[2026-02-07T22:06:02.784+0000] {taskinstance.py:2612} INFO - Dependencies all met for dep_context=non-requeueable deps ti=<TaskInstance: Airflow_Lab2.my_trigger_task scheduled__2026-02-06T00:00:00+00:00 [queued]>
[2026-02-07T22:06:02.791+0000] {taskinstance.py:2612} INFO - Dependencies all met for dep_context=requeueable deps ti=<TaskInstance: Airflow_Lab2.my_trigger_task scheduled__2026-02-06T00:00:00+00:00 [queued]>
[2026-02-07T22:06:02.791+0000] {taskinstance.py:2865} INFO - Starting attempt 1 of 1
[2026-02-07T22:06:02.798+0000] {taskinstance.py:2888} INFO - Executing <Task(TriggerDagRunOperator): my_trigger_task> on 2026-02-06 00:00:00+00:00
[2026-02-07T22:06:02.803+0000] {warnings.py:112} WARNING - /home/***/.local/lib/python3.12/site-packages/***/task/task_runner/standard_task_runner.py:70: DeprecationWarning: This process (pid=146) is multi-threaded, use of fork() may lead to deadlocks in the child.
  pid = os.fork()

[2026-02-07T22:06:02.804+0000] {standard_task_runner.py:72} INFO - Started process 174 to run task
[2026-02-07T22:06:02.804+0000] {standard_task_runner.py:104} INFO - Running: ['***', 'tasks', 'run', 'Airflow_Lab2', 'my_trigger_task', 'scheduled__2026-02-06T00:00:00+00:00', '--job-id', '10', '--raw', '--subdir', 'DAGS_FOLDER/main.py', '--cfg-path', '/tmp/tmppxumlo3s']
[2026-02-07T22:06:02.806+0000] {standard_task_runner.py:105} INFO - Job 10: Subtask my_trigger_task
[2026-02-07T22:06:02.831+0000] {task_command.py:467} INFO - Running <TaskInstance: Airflow_Lab2.my_trigger_task scheduled__2026-02-06T00:00:00+00:00 [running]> on host eb9540dc5e5e
[2026-02-07T22:06:02.868+0000] {taskinstance.py:3131} INFO - Exporting env vars: AIRFLOW_CTX_DAG_OWNER='***' AIRFLOW_CTX_DAG_ID='Airflow_Lab2' AIRFLOW_CTX_TASK_ID='my_trigger_task' AIRFLOW_CTX_EXECUTION_DATE='2026-02-06T00:00:00+00:00' AIRFLOW_CTX_TRY_NUMBER='1' AIRFLOW_CTX_DAG_RUN_ID='scheduled__2026-02-06T00:00:00+00:00'
[2026-02-07T22:06:02.869+0000] {taskinstance.py:731} INFO - ::endgroup::
[2026-02-07T22:06:02.913+0000] {taskinstance.py:340} INFO - ::group::Post task execution logs
[2026-02-07T22:06:02.914+0000] {taskinstance.py:352} INFO - Marking task as SUCCESS. dag_id=Airflow_Lab2, task_id=my_trigger_task, run_id=scheduled__2026-02-06T00:00:00+00:00, execution_date=20260206T000000, start_date=20260207T220602, end_date=20260207T220602
[2026-02-07T22:06:02.943+0000] {local_task_job_runner.py:266} INFO - Task exited with return code 0
[2026-02-07T22:06:02.952+0000] {taskinstance.py:3900} INFO - 0 downstream tasks scheduled from follow-on schedule check
[2026-02-07T22:06:02.953+0000] {local_task_job_runner.py:245} INFO - ::endgroup::
