[2026-02-07T19:06:37.470+0000] {local_task_job_runner.py:123} INFO - ::group::Pre task execution logs
[2026-02-07T19:06:37.478+0000] {taskinstance.py:2612} INFO - Dependencies all met for dep_context=non-requeueable deps ti=<TaskInstance: Airflow_Lab2.load_model_task manual__2026-02-07T19:06:29.292039+00:00 [queued]>
[2026-02-07T19:06:37.482+0000] {taskinstance.py:2612} INFO - Dependencies all met for dep_context=requeueable deps ti=<TaskInstance: Airflow_Lab2.load_model_task manual__2026-02-07T19:06:29.292039+00:00 [queued]>
[2026-02-07T19:06:37.482+0000] {taskinstance.py:2865} INFO - Starting attempt 1 of 1
[2026-02-07T19:06:37.487+0000] {taskinstance.py:2888} INFO - Executing <Task(PythonOperator): load_model_task> on 2026-02-07 19:06:29.292039+00:00
[2026-02-07T19:06:37.491+0000] {warnings.py:112} WARNING - /home/***/.local/lib/python3.12/site-packages/***/task/task_runner/standard_task_runner.py:70: DeprecationWarning: This process (pid=245) is multi-threaded, use of fork() may lead to deadlocks in the child.
  pid = os.fork()

[2026-02-07T19:06:37.493+0000] {standard_task_runner.py:72} INFO - Started process 255 to run task
[2026-02-07T19:06:37.492+0000] {standard_task_runner.py:104} INFO - Running: ['***', 'tasks', 'run', 'Airflow_Lab2', 'load_model_task', 'manual__2026-02-07T19:06:29.292039+00:00', '--job-id', '17', '--raw', '--subdir', 'DAGS_FOLDER/main.py', '--cfg-path', '/tmp/tmpnrmfdbkj']
[2026-02-07T19:06:37.494+0000] {standard_task_runner.py:105} INFO - Job 17: Subtask load_model_task
[2026-02-07T19:06:37.521+0000] {task_command.py:467} INFO - Running <TaskInstance: Airflow_Lab2.load_model_task manual__2026-02-07T19:06:29.292039+00:00 [running]> on host dbe77a8ae8d3
[2026-02-07T19:06:37.562+0000] {taskinstance.py:3131} INFO - Exporting env vars: AIRFLOW_CTX_DAG_OWNER='***' AIRFLOW_CTX_DAG_ID='Airflow_Lab2' AIRFLOW_CTX_TASK_ID='load_model_task' AIRFLOW_CTX_EXECUTION_DATE='2026-02-07T19:06:29.292039+00:00' AIRFLOW_CTX_TRY_NUMBER='1' AIRFLOW_CTX_DAG_RUN_ID='manual__2026-02-07T19:06:29.292039+00:00'
[2026-02-07T19:06:37.563+0000] {taskinstance.py:731} INFO - ::endgroup::
[2026-02-07T19:06:37.573+0000] {logging_mixin.py:190} INFO - Model score on test data: 0.97
[2026-02-07T19:06:37.574+0000] {python.py:240} INFO - Done. Returned value was: 1
[2026-02-07T19:06:37.584+0000] {taskinstance.py:340} INFO - ::group::Post task execution logs
[2026-02-07T19:06:37.584+0000] {taskinstance.py:352} INFO - Marking task as SUCCESS. dag_id=Airflow_Lab2, task_id=load_model_task, run_id=manual__2026-02-07T19:06:29.292039+00:00, execution_date=20260207T190629, start_date=20260207T190637, end_date=20260207T190637
[2026-02-07T19:06:37.593+0000] {local_task_job_runner.py:266} INFO - Task exited with return code 0
[2026-02-07T19:06:37.605+0000] {taskinstance.py:3900} INFO - 2 downstream tasks scheduled from follow-on schedule check
[2026-02-07T19:06:37.606+0000] {local_task_job_runner.py:245} INFO - ::endgroup::
