{"timestamp":"2026-02-09T17:41:14.108462Z","level":"info","event":"DAG bundles loaded: dags-folder, example_dags","logger":"airflow.dag_processing.bundles.manager.DagBundlesManager","filename":"manager.py","lineno":179}
{"timestamp":"2026-02-09T17:41:14.108890Z","level":"info","event":"Filling up the DagBag from /opt/airflow/dags/main.py","logger":"airflow.models.dagbag.BundleDagBag","filename":"dagbag.py","lineno":593}
{"timestamp":"2026-02-09T17:41:16.201169Z","level":"info","event":"Task instance is in running state","logger":"task.stdout"}
{"timestamp":"2026-02-09T17:41:16.201356Z","level":"info","event":" Previous state of the Task instance: TaskInstanceState.QUEUED","logger":"task.stdout"}
{"timestamp":"2026-02-09T17:41:16.201485Z","level":"info","event":"Current task name:task_using_linked_owner","logger":"task.stdout"}
{"timestamp":"2026-02-09T17:41:16.201554Z","level":"info","event":"Dag name:Airflow_Lab2","logger":"task.stdout"}
{"timestamp":"2026-02-09T17:41:16.201967Z","level":"info","event":"Tmp dir root location: /tmp","logger":"airflow.task.hooks.airflow.providers.standard.hooks.subprocess.SubprocessHook","filename":"subprocess.py","lineno":78}
{"timestamp":"2026-02-09T17:41:16.202559Z","level":"info","event":"Running command: ['/usr/bin/bash', '-c', 'echo 1']","logger":"airflow.task.hooks.airflow.providers.standard.hooks.subprocess.SubprocessHook","filename":"subprocess.py","lineno":80}
{"timestamp":"2026-02-09T17:41:16.203692Z","level":"info","event":"Output:","logger":"airflow.task.hooks.airflow.providers.standard.hooks.subprocess.SubprocessHook","filename":"subprocess.py","lineno":92}
{"timestamp":"2026-02-09T17:41:16.206539Z","level":"info","event":"1","logger":"airflow.task.hooks.airflow.providers.standard.hooks.subprocess.SubprocessHook","filename":"subprocess.py","lineno":99}
{"timestamp":"2026-02-09T17:41:16.206767Z","level":"info","event":"Command exited with return code 0","logger":"airflow.task.hooks.airflow.providers.standard.hooks.subprocess.SubprocessHook","filename":"subprocess.py","lineno":103}
{"timestamp":"2026-02-09T17:41:16.207085Z","level":"info","event":"Pushing xcom","ti":"RuntimeTaskInstance(id=UUID('019c437e-3961-7faa-8d37-3d0804187c2e'), task_id='task_using_linked_owner', dag_id='Airflow_Lab2', run_id='scheduled__2026-02-09T00:00:00+00:00', try_number=1, dag_version_id=UUID('019c437b-be61-7966-b927-68ca49efba61'), map_index=-1, hostname='e3210938daa6', context_carrier={}, task=<Task(BashOperator): task_using_linked_owner>, bundle_instance=LocalDagBundle(name=dags-folder), max_tries=0, start_date=datetime.datetime(2026, 2, 9, 17, 41, 11, 973549, tzinfo=datetime.timezone.utc), end_date=None, state=<TaskInstanceState.RUNNING: 'running'>, is_mapped=False, rendered_map_index=None)","logger":"task","filename":"task_runner.py","lineno":1522}
{"timestamp":"2026-02-09T17:41:16.229790Z","level":"info","event":"Task instance in success state","logger":"task.stdout"}
{"timestamp":"2026-02-09T17:41:16.229984Z","level":"info","event":" Previous state of the Task instance: TaskInstanceState.RUNNING","logger":"task.stdout"}
{"timestamp":"2026-02-09T17:41:16.230092Z","level":"info","event":"Task operator:<Task(BashOperator): task_using_linked_owner>","logger":"task.stdout"}
{"timestamp":"2026-02-09T18:00:00.122103Z","level":"info","event":"DAG bundles loaded: dags-folder","logger":"airflow.dag_processing.bundles.manager.DagBundlesManager","filename":"manager.py","lineno":179}
{"timestamp":"2026-02-09T18:00:00.122627Z","level":"info","event":"Filling up the DagBag from /opt/airflow/dags/main.py","logger":"airflow.models.dagbag.BundleDagBag","filename":"dagbag.py","lineno":593}
{"timestamp":"2026-02-09T18:00:03.248299Z","level":"info","event":"Tmp dir root location: /tmp","logger":"airflow.task.hooks.airflow.providers.standard.hooks.subprocess.SubprocessHook","filename":"subprocess.py","lineno":78}
{"timestamp":"2026-02-09T18:00:03.248936Z","level":"info","event":"Running command: ['/usr/bin/bash', '-c', 'echo 1']","logger":"airflow.task.hooks.airflow.providers.standard.hooks.subprocess.SubprocessHook","filename":"subprocess.py","lineno":80}
{"timestamp":"2026-02-09T18:00:03.249431Z","level":"info","event":"Output:","logger":"airflow.task.hooks.airflow.providers.standard.hooks.subprocess.SubprocessHook","filename":"subprocess.py","lineno":92}
{"timestamp":"2026-02-09T18:00:03.251027Z","level":"info","event":"1","logger":"airflow.task.hooks.airflow.providers.standard.hooks.subprocess.SubprocessHook","filename":"subprocess.py","lineno":99}
{"timestamp":"2026-02-09T18:00:03.251208Z","level":"info","event":"Command exited with return code 0","logger":"airflow.task.hooks.airflow.providers.standard.hooks.subprocess.SubprocessHook","filename":"subprocess.py","lineno":103}
{"timestamp":"2026-02-09T18:00:03.251525Z","level":"info","event":"Pushing xcom","ti":"RuntimeTaskInstance(id=UUID('019c438f-6bdf-745e-9eb8-31f86efb70bf'), task_id='task_using_linked_owner', dag_id='Airflow_Lab2', run_id='scheduled__2026-02-09T00:00:00+00:00', try_number=1, dag_version_id=UUID('019c438e-a1f9-7188-90ed-2c64d1a300eb'), map_index=-1, hostname='c6ce5cf6b4de', context_carrier={}, task=<Task(BashOperator): task_using_linked_owner>, bundle_instance=LocalDagBundle(name=dags-folder), max_tries=0, start_date=datetime.datetime(2026, 2, 9, 17, 59, 58, 998504, tzinfo=datetime.timezone.utc), end_date=None, state=<TaskInstanceState.RUNNING: 'running'>, is_mapped=False, rendered_map_index=None)","logger":"task","filename":"task_runner.py","lineno":1522}
{"timestamp":"2026-02-09T18:10:10.074774Z","level":"info","event":"DAG bundles loaded: dags-folder","logger":"airflow.dag_processing.bundles.manager.DagBundlesManager","filename":"manager.py","lineno":179}
{"timestamp":"2026-02-09T18:10:10.076133Z","level":"info","event":"Filling up the DagBag from /opt/airflow/dags/main.py","logger":"airflow.models.dagbag.BundleDagBag","filename":"dagbag.py","lineno":593}
{"timestamp":"2026-02-09T18:10:13.224083Z","level":"info","event":"Tmp dir root location: /tmp","logger":"airflow.task.hooks.airflow.providers.standard.hooks.subprocess.SubprocessHook","filename":"subprocess.py","lineno":78}
{"timestamp":"2026-02-09T18:10:13.224823Z","level":"info","event":"Running command: ['/usr/bin/bash', '-c', 'echo 1']","logger":"airflow.task.hooks.airflow.providers.standard.hooks.subprocess.SubprocessHook","filename":"subprocess.py","lineno":80}
{"timestamp":"2026-02-09T18:10:13.225350Z","level":"info","event":"Output:","logger":"airflow.task.hooks.airflow.providers.standard.hooks.subprocess.SubprocessHook","filename":"subprocess.py","lineno":92}
{"timestamp":"2026-02-09T18:10:13.226759Z","level":"info","event":"1","logger":"airflow.task.hooks.airflow.providers.standard.hooks.subprocess.SubprocessHook","filename":"subprocess.py","lineno":99}
{"timestamp":"2026-02-09T18:10:13.227022Z","level":"info","event":"Command exited with return code 0","logger":"airflow.task.hooks.airflow.providers.standard.hooks.subprocess.SubprocessHook","filename":"subprocess.py","lineno":103}
{"timestamp":"2026-02-09T18:10:13.227371Z","level":"info","event":"Pushing xcom","ti":"RuntimeTaskInstance(id=UUID('019c4398-b9da-7c75-b647-dddb4ff483da'), task_id='task_using_linked_owner', dag_id='Airflow_Lab2', run_id='scheduled__2026-02-09T00:00:00+00:00', try_number=1, dag_version_id=UUID('019c4398-37df-7a6b-ae74-3cafb02f008e'), map_index=-1, hostname='08657569b501', context_carrier={}, task=<Task(BashOperator): task_using_linked_owner>, bundle_instance=LocalDagBundle(name=dags-folder), max_tries=0, start_date=datetime.datetime(2026, 2, 9, 18, 10, 8, 827638, tzinfo=datetime.timezone.utc), end_date=None, state=<TaskInstanceState.RUNNING: 'running'>, is_mapped=False, rendered_map_index=None)","logger":"task","filename":"task_runner.py","lineno":1522}
{"timestamp":"2026-02-09T18:13:21.238073Z","level":"info","event":"DAG bundles loaded: dags-folder","logger":"airflow.dag_processing.bundles.manager.DagBundlesManager","filename":"manager.py","lineno":179}
{"timestamp":"2026-02-09T18:13:21.238995Z","level":"info","event":"Filling up the DagBag from /opt/airflow/dags/main.py","logger":"airflow.models.dagbag.BundleDagBag","filename":"dagbag.py","lineno":593}
{"timestamp":"2026-02-09T18:13:24.319539Z","level":"info","event":"Tmp dir root location: /tmp","logger":"airflow.task.hooks.airflow.providers.standard.hooks.subprocess.SubprocessHook","filename":"subprocess.py","lineno":78}
{"timestamp":"2026-02-09T18:13:24.320124Z","level":"info","event":"Running command: ['/usr/bin/bash', '-c', 'echo 1']","logger":"airflow.task.hooks.airflow.providers.standard.hooks.subprocess.SubprocessHook","filename":"subprocess.py","lineno":80}
{"timestamp":"2026-02-09T18:13:24.320686Z","level":"info","event":"Output:","logger":"airflow.task.hooks.airflow.providers.standard.hooks.subprocess.SubprocessHook","filename":"subprocess.py","lineno":92}
{"timestamp":"2026-02-09T18:13:24.322181Z","level":"info","event":"1","logger":"airflow.task.hooks.airflow.providers.standard.hooks.subprocess.SubprocessHook","filename":"subprocess.py","lineno":99}
{"timestamp":"2026-02-09T18:13:24.322305Z","level":"info","event":"Command exited with return code 0","logger":"airflow.task.hooks.airflow.providers.standard.hooks.subprocess.SubprocessHook","filename":"subprocess.py","lineno":103}
{"timestamp":"2026-02-09T18:13:24.322642Z","level":"info","event":"Pushing xcom","ti":"RuntimeTaskInstance(id=UUID('019c439b-8d63-70d8-ae39-d1f300ca4869'), task_id='task_using_linked_owner', dag_id='Airflow_Lab2', run_id='scheduled__2026-02-09T00:00:00+00:00', try_number=1, dag_version_id=UUID('019c439b-53a4-7451-8767-1465678db541'), map_index=-1, hostname='dd2dc96d6452', context_carrier={}, task=<Task(BashOperator): task_using_linked_owner>, bundle_instance=LocalDagBundle(name=dags-folder), max_tries=0, start_date=datetime.datetime(2026, 2, 9, 18, 13, 20, 225741, tzinfo=datetime.timezone.utc), end_date=None, state=<TaskInstanceState.RUNNING: 'running'>, is_mapped=False, rendered_map_index=None)","logger":"task","filename":"task_runner.py","lineno":1522}
{"timestamp":"2026-02-09T18:39:03.149132Z","level":"info","event":"DAG bundles loaded: dags-folder","logger":"airflow.dag_processing.bundles.manager.DagBundlesManager","filename":"manager.py","lineno":179}
{"timestamp":"2026-02-09T18:39:03.149671Z","level":"info","event":"Filling up the DagBag from /opt/airflow/dags/main.py","logger":"airflow.models.dagbag.BundleDagBag","filename":"dagbag.py","lineno":593}
{"timestamp":"2026-02-09T18:39:06.268527Z","level":"info","event":"Tmp dir root location: /tmp","logger":"airflow.task.hooks.airflow.providers.standard.hooks.subprocess.SubprocessHook","filename":"subprocess.py","lineno":78}
{"timestamp":"2026-02-09T18:39:06.269220Z","level":"info","event":"Running command: ['/usr/bin/bash', '-c', 'echo 1']","logger":"airflow.task.hooks.airflow.providers.standard.hooks.subprocess.SubprocessHook","filename":"subprocess.py","lineno":80}
{"timestamp":"2026-02-09T18:39:06.269774Z","level":"info","event":"Output:","logger":"airflow.task.hooks.airflow.providers.standard.hooks.subprocess.SubprocessHook","filename":"subprocess.py","lineno":92}
{"timestamp":"2026-02-09T18:39:06.271647Z","level":"info","event":"1","logger":"airflow.task.hooks.airflow.providers.standard.hooks.subprocess.SubprocessHook","filename":"subprocess.py","lineno":99}
{"timestamp":"2026-02-09T18:39:06.271797Z","level":"info","event":"Command exited with return code 0","logger":"airflow.task.hooks.airflow.providers.standard.hooks.subprocess.SubprocessHook","filename":"subprocess.py","lineno":103}
{"timestamp":"2026-02-09T18:39:06.272040Z","level":"info","event":"Pushing xcom","ti":"RuntimeTaskInstance(id=UUID('019c43b3-2c05-7c7d-9d0f-aab5e0e473b2'), task_id='task_using_linked_owner', dag_id='Airflow_Lab2', run_id='scheduled__2026-02-09T00:00:00+00:00', try_number=1, dag_version_id=UUID('019c43b1-1a28-7537-887e-7e9dd671eb04'), map_index=-1, hostname='8d6add6e85ee', context_carrier={}, task=<Task(BashOperator): task_using_linked_owner>, bundle_instance=LocalDagBundle(name=dags-folder), max_tries=0, start_date=datetime.datetime(2026, 2, 9, 18, 39, 1, 955336, tzinfo=datetime.timezone.utc), end_date=None, state=<TaskInstanceState.RUNNING: 'running'>, is_mapped=False, rendered_map_index=None)","logger":"task","filename":"task_runner.py","lineno":1522}
{"timestamp":"2026-02-09T18:43:13.066235Z","level":"info","event":"DAG bundles loaded: dags-folder","logger":"airflow.dag_processing.bundles.manager.DagBundlesManager","filename":"manager.py","lineno":179}
{"timestamp":"2026-02-09T18:43:13.067351Z","level":"info","event":"Filling up the DagBag from /opt/airflow/dags/main.py","logger":"airflow.models.dagbag.BundleDagBag","filename":"dagbag.py","lineno":593}
{"timestamp":"2026-02-09T18:43:15.820390Z","level":"info","event":"Tmp dir root location: /tmp","logger":"airflow.task.hooks.airflow.providers.standard.hooks.subprocess.SubprocessHook","filename":"subprocess.py","lineno":78}
{"timestamp":"2026-02-09T18:43:15.821019Z","level":"info","event":"Running command: ['/usr/bin/bash', '-c', 'echo 1']","logger":"airflow.task.hooks.airflow.providers.standard.hooks.subprocess.SubprocessHook","filename":"subprocess.py","lineno":80}
{"timestamp":"2026-02-09T18:43:15.821524Z","level":"info","event":"Output:","logger":"airflow.task.hooks.airflow.providers.standard.hooks.subprocess.SubprocessHook","filename":"subprocess.py","lineno":92}
{"timestamp":"2026-02-09T18:43:15.823042Z","level":"info","event":"1","logger":"airflow.task.hooks.airflow.providers.standard.hooks.subprocess.SubprocessHook","filename":"subprocess.py","lineno":99}
{"timestamp":"2026-02-09T18:43:15.823174Z","level":"info","event":"Command exited with return code 0","logger":"airflow.task.hooks.airflow.providers.standard.hooks.subprocess.SubprocessHook","filename":"subprocess.py","lineno":103}
{"timestamp":"2026-02-09T18:43:15.823482Z","level":"info","event":"Pushing xcom","ti":"RuntimeTaskInstance(id=UUID('019c43b6-e031-723b-8f9c-4ab6a5b8b1fc'), task_id='task_using_linked_owner', dag_id='Airflow_Lab2', run_id='scheduled__2026-02-09T00:00:00+00:00', try_number=1, dag_version_id=UUID('019c43b6-ba0a-7125-9e00-cf472bb74f43'), map_index=-1, hostname='dd3644ec5c1b', context_carrier={}, task=<Task(BashOperator): task_using_linked_owner>, bundle_instance=LocalDagBundle(name=dags-folder), max_tries=0, start_date=datetime.datetime(2026, 2, 9, 18, 43, 11, 839975, tzinfo=datetime.timezone.utc), end_date=None, state=<TaskInstanceState.RUNNING: 'running'>, is_mapped=False, rendered_map_index=None)","logger":"task","filename":"task_runner.py","lineno":1522}
{"timestamp":"2026-02-09T20:06:35.039489Z","level":"info","event":"DAG bundles loaded: dags-folder","logger":"airflow.dag_processing.bundles.manager.DagBundlesManager","filename":"manager.py","lineno":179}
{"timestamp":"2026-02-09T20:06:35.039967Z","level":"info","event":"Filling up the DagBag from /opt/airflow/dags/main.py","logger":"airflow.models.dagbag.BundleDagBag","filename":"dagbag.py","lineno":593}
{"timestamp":"2026-02-09T20:06:37.864954Z","level":"info","event":"Tmp dir root location: /tmp","logger":"airflow.task.hooks.airflow.providers.standard.hooks.subprocess.SubprocessHook","filename":"subprocess.py","lineno":78}
{"timestamp":"2026-02-09T20:06:37.865539Z","level":"info","event":"Running command: ['/usr/bin/bash', '-c', 'echo 1']","logger":"airflow.task.hooks.airflow.providers.standard.hooks.subprocess.SubprocessHook","filename":"subprocess.py","lineno":80}
{"timestamp":"2026-02-09T20:06:37.866004Z","level":"info","event":"Output:","logger":"airflow.task.hooks.airflow.providers.standard.hooks.subprocess.SubprocessHook","filename":"subprocess.py","lineno":92}
{"timestamp":"2026-02-09T20:06:37.867814Z","level":"info","event":"1","logger":"airflow.task.hooks.airflow.providers.standard.hooks.subprocess.SubprocessHook","filename":"subprocess.py","lineno":99}
{"timestamp":"2026-02-09T20:06:37.867942Z","level":"info","event":"Command exited with return code 0","logger":"airflow.task.hooks.airflow.providers.standard.hooks.subprocess.SubprocessHook","filename":"subprocess.py","lineno":103}
{"timestamp":"2026-02-09T20:06:37.868159Z","level":"info","event":"Pushing xcom","ti":"RuntimeTaskInstance(id=UUID('019c4403-4f85-78f3-97f7-49b2ba9ef47d'), task_id='task_using_linked_owner', dag_id='Airflow_Lab2', run_id='scheduled__2026-02-09T00:00:00+00:00', try_number=1, dag_version_id=UUID('019c4402-8ccb-73b4-8b6b-09ff21677514'), map_index=-1, hostname='346bc02d3249', context_carrier={}, task=<Task(BashOperator): task_using_linked_owner>, bundle_instance=LocalDagBundle(name=dags-folder), max_tries=0, start_date=datetime.datetime(2026, 2, 9, 20, 6, 33, 945718, tzinfo=datetime.timezone.utc), end_date=None, state=<TaskInstanceState.RUNNING: 'running'>, is_mapped=False, rendered_map_index=None)","logger":"task","filename":"task_runner.py","lineno":1522}
{"timestamp":"2026-02-09T20:24:17.541335Z","level":"info","event":"DAG bundles loaded: dags-folder","logger":"airflow.dag_processing.bundles.manager.DagBundlesManager","filename":"manager.py","lineno":179}
{"timestamp":"2026-02-09T20:24:17.541918Z","level":"info","event":"Filling up the DagBag from /opt/airflow/dags/main.py","logger":"airflow.models.dagbag.BundleDagBag","filename":"dagbag.py","lineno":593}
{"timestamp":"2026-02-09T20:24:20.376800Z","level":"info","event":"Tmp dir root location: /tmp","logger":"airflow.task.hooks.airflow.providers.standard.hooks.subprocess.SubprocessHook","filename":"subprocess.py","lineno":78}
{"timestamp":"2026-02-09T20:24:20.377378Z","level":"info","event":"Running command: ['/usr/bin/bash', '-c', 'echo 1']","logger":"airflow.task.hooks.airflow.providers.standard.hooks.subprocess.SubprocessHook","filename":"subprocess.py","lineno":80}
{"timestamp":"2026-02-09T20:24:20.377788Z","level":"info","event":"Output:","logger":"airflow.task.hooks.airflow.providers.standard.hooks.subprocess.SubprocessHook","filename":"subprocess.py","lineno":92}
{"timestamp":"2026-02-09T20:24:20.379582Z","level":"info","event":"1","logger":"airflow.task.hooks.airflow.providers.standard.hooks.subprocess.SubprocessHook","filename":"subprocess.py","lineno":99}
{"timestamp":"2026-02-09T20:24:20.379664Z","level":"info","event":"Command exited with return code 0","logger":"airflow.task.hooks.airflow.providers.standard.hooks.subprocess.SubprocessHook","filename":"subprocess.py","lineno":103}
{"timestamp":"2026-02-09T20:24:20.379896Z","level":"info","event":"Pushing xcom","ti":"RuntimeTaskInstance(id=UUID('019c4413-85db-7fd2-897d-584e0c0dfbe9'), task_id='task_using_linked_owner', dag_id='Airflow_Lab2', run_id='scheduled__2026-02-09T00:00:00+00:00', try_number=1, dag_version_id=UUID('019c4412-77bc-74ec-a254-d73c5ce099e2'), map_index=-1, hostname='5f94ee76c065', context_carrier={}, task=<Task(BashOperator): task_using_linked_owner>, bundle_instance=LocalDagBundle(name=dags-folder), max_tries=0, start_date=datetime.datetime(2026, 2, 9, 20, 24, 16, 419641, tzinfo=datetime.timezone.utc), end_date=None, state=<TaskInstanceState.RUNNING: 'running'>, is_mapped=False, rendered_map_index=None)","logger":"task","filename":"task_runner.py","lineno":1522}
{"timestamp":"2026-02-09T20:39:11.708637Z","level":"info","event":"DAG bundles loaded: dags-folder","logger":"airflow.dag_processing.bundles.manager.DagBundlesManager","filename":"manager.py","lineno":179}
{"timestamp":"2026-02-09T20:39:11.709356Z","level":"info","event":"Filling up the DagBag from /opt/airflow/dags/main.py","logger":"airflow.models.dagbag.BundleDagBag","filename":"dagbag.py","lineno":593}
{"timestamp":"2026-02-09T20:39:14.671634Z","level":"info","event":"Tmp dir root location: /tmp","logger":"airflow.task.hooks.airflow.providers.standard.hooks.subprocess.SubprocessHook","filename":"subprocess.py","lineno":78}
{"timestamp":"2026-02-09T20:39:14.672222Z","level":"info","event":"Running command: ['/usr/bin/bash', '-c', 'echo 1']","logger":"airflow.task.hooks.airflow.providers.standard.hooks.subprocess.SubprocessHook","filename":"subprocess.py","lineno":80}
{"timestamp":"2026-02-09T20:39:14.672712Z","level":"info","event":"Output:","logger":"airflow.task.hooks.airflow.providers.standard.hooks.subprocess.SubprocessHook","filename":"subprocess.py","lineno":92}
{"timestamp":"2026-02-09T20:39:14.674712Z","level":"info","event":"1","logger":"airflow.task.hooks.airflow.providers.standard.hooks.subprocess.SubprocessHook","filename":"subprocess.py","lineno":99}
{"timestamp":"2026-02-09T20:39:14.674838Z","level":"info","event":"Command exited with return code 0","logger":"airflow.task.hooks.airflow.providers.standard.hooks.subprocess.SubprocessHook","filename":"subprocess.py","lineno":103}
{"timestamp":"2026-02-09T20:39:14.675166Z","level":"info","event":"Pushing xcom","ti":"RuntimeTaskInstance(id=UUID('019c4421-2a3c-7a5f-a7d8-6bca81b2149f'), task_id='task_using_linked_owner', dag_id='Airflow_Lab2', run_id='scheduled__2026-02-09T00:00:00+00:00', try_number=1, dag_version_id=UUID('019c4416-a42f-75f0-a49f-96c5de79d7ef'), map_index=-1, hostname='7d42a2472955', context_carrier={}, task=<Task(BashOperator): task_using_linked_owner>, bundle_instance=LocalDagBundle(name=dags-folder), max_tries=0, start_date=datetime.datetime(2026, 2, 9, 20, 39, 10, 517504, tzinfo=datetime.timezone.utc), end_date=None, state=<TaskInstanceState.RUNNING: 'running'>, is_mapped=False, rendered_map_index=None)","logger":"task","filename":"task_runner.py","lineno":1522}
{"timestamp":"2026-02-09T20:54:46.969629Z","level":"info","event":"DAG bundles loaded: dags-folder","logger":"airflow.dag_processing.bundles.manager.DagBundlesManager","filename":"manager.py","lineno":179}
{"timestamp":"2026-02-09T20:54:46.970234Z","level":"info","event":"Filling up the DagBag from /opt/airflow/dags/main.py","logger":"airflow.models.dagbag.BundleDagBag","filename":"dagbag.py","lineno":593}
{"timestamp":"2026-02-09T20:54:50.078042Z","level":"info","event":"Tmp dir root location: /tmp","logger":"airflow.task.hooks.airflow.providers.standard.hooks.subprocess.SubprocessHook","filename":"subprocess.py","lineno":78}
{"timestamp":"2026-02-09T20:54:50.078788Z","level":"info","event":"Running command: ['/usr/bin/bash', '-c', 'echo 1']","logger":"airflow.task.hooks.airflow.providers.standard.hooks.subprocess.SubprocessHook","filename":"subprocess.py","lineno":80}
{"timestamp":"2026-02-09T20:54:50.079488Z","level":"info","event":"Output:","logger":"airflow.task.hooks.airflow.providers.standard.hooks.subprocess.SubprocessHook","filename":"subprocess.py","lineno":92}
{"timestamp":"2026-02-09T20:54:50.081868Z","level":"info","event":"1","logger":"airflow.task.hooks.airflow.providers.standard.hooks.subprocess.SubprocessHook","filename":"subprocess.py","lineno":99}
{"timestamp":"2026-02-09T20:54:50.082020Z","level":"info","event":"Command exited with return code 0","logger":"airflow.task.hooks.airflow.providers.standard.hooks.subprocess.SubprocessHook","filename":"subprocess.py","lineno":103}
{"timestamp":"2026-02-09T20:54:50.082312Z","level":"info","event":"Pushing xcom","ti":"RuntimeTaskInstance(id=UUID('019c442f-6fce-7161-bbde-d8a627df04de'), task_id='task_using_linked_owner', dag_id='Airflow_Lab2', run_id='scheduled__2026-02-09T00:00:00+00:00', try_number=1, dag_version_id=UUID('019c442e-8355-72d6-b65c-c69f703c9cfd'), map_index=-1, hostname='1e1aff25144d', context_carrier={}, task=<Task(BashOperator): task_using_linked_owner>, bundle_instance=LocalDagBundle(name=dags-folder), max_tries=0, start_date=datetime.datetime(2026, 2, 9, 20, 54, 45, 769385, tzinfo=datetime.timezone.utc), end_date=None, state=<TaskInstanceState.RUNNING: 'running'>, is_mapped=False, rendered_map_index=None)","logger":"task","filename":"task_runner.py","lineno":1522}
