[2026-02-07T20:05:25.235+0000] {local_task_job_runner.py:123} INFO - ::group::Pre task execution logs
[2026-02-07T20:05:25.243+0000] {taskinstance.py:2612} INFO - Dependencies all met for dep_context=non-requeueable deps ti=<TaskInstance: Airflow_Lab2.load_model_task manual__2026-02-07T20:05:02.628189+00:00 [queued]>
[2026-02-07T20:05:25.248+0000] {taskinstance.py:2612} INFO - Dependencies all met for dep_context=requeueable deps ti=<TaskInstance: Airflow_Lab2.load_model_task manual__2026-02-07T20:05:02.628189+00:00 [queued]>
[2026-02-07T20:05:25.248+0000] {taskinstance.py:2865} INFO - Starting attempt 1 of 1
[2026-02-07T20:05:25.255+0000] {taskinstance.py:2888} INFO - Executing <Task(PythonOperator): load_model_task> on 2026-02-07 20:05:02.628189+00:00
[2026-02-07T20:05:25.260+0000] {warnings.py:112} WARNING - /home/***/.local/lib/python3.12/site-packages/***/task/task_runner/standard_task_runner.py:70: DeprecationWarning: This process (pid=241) is multi-threaded, use of fork() may lead to deadlocks in the child.
  pid = os.fork()

[2026-02-07T20:05:25.261+0000] {standard_task_runner.py:72} INFO - Started process 251 to run task
[2026-02-07T20:05:25.262+0000] {standard_task_runner.py:104} INFO - Running: ['***', 'tasks', 'run', 'Airflow_Lab2', 'load_model_task', 'manual__2026-02-07T20:05:02.628189+00:00', '--job-id', '16', '--raw', '--subdir', 'DAGS_FOLDER/main.py', '--cfg-path', '/tmp/tmpdd3tyjgq']
[2026-02-07T20:05:25.263+0000] {standard_task_runner.py:105} INFO - Job 16: Subtask load_model_task
[2026-02-07T20:05:25.290+0000] {task_command.py:467} INFO - Running <TaskInstance: Airflow_Lab2.load_model_task manual__2026-02-07T20:05:02.628189+00:00 [running]> on host b76df3fd2bf8
[2026-02-07T20:05:25.341+0000] {taskinstance.py:3131} INFO - Exporting env vars: AIRFLOW_CTX_DAG_OWNER='***' AIRFLOW_CTX_DAG_ID='Airflow_Lab2' AIRFLOW_CTX_TASK_ID='load_model_task' AIRFLOW_CTX_EXECUTION_DATE='2026-02-07T20:05:02.628189+00:00' AIRFLOW_CTX_TRY_NUMBER='1' AIRFLOW_CTX_DAG_RUN_ID='manual__2026-02-07T20:05:02.628189+00:00'
[2026-02-07T20:05:25.342+0000] {taskinstance.py:731} INFO - ::endgroup::
[2026-02-07T20:05:25.351+0000] {logging_mixin.py:190} INFO - Model score on test data: 0.97
[2026-02-07T20:05:25.352+0000] {python.py:240} INFO - Done. Returned value was: 1
[2026-02-07T20:05:25.364+0000] {taskinstance.py:340} INFO - ::group::Post task execution logs
[2026-02-07T20:05:25.364+0000] {taskinstance.py:352} INFO - Marking task as SUCCESS. dag_id=Airflow_Lab2, task_id=load_model_task, run_id=manual__2026-02-07T20:05:02.628189+00:00, execution_date=20260207T200502, start_date=20260207T200525, end_date=20260207T200525
[2026-02-07T20:05:25.401+0000] {local_task_job_runner.py:266} INFO - Task exited with return code 0
[2026-02-07T20:05:25.413+0000] {taskinstance.py:3900} INFO - 1 downstream tasks scheduled from follow-on schedule check
[2026-02-07T20:05:25.414+0000] {local_task_job_runner.py:245} INFO - ::endgroup::
