[2026-02-09T16:54:48.107+0000] {processor.py:186} INFO - Started process (PID=85) to work on /opt/airflow/dags/Flask_API.py
[2026-02-09T16:54:48.108+0000] {processor.py:914} INFO - Processing file /opt/airflow/dags/Flask_API.py for tasks to queue
[2026-02-09T16:54:48.110+0000] {logging_mixin.py:190} INFO - [2026-02-09T16:54:48.109+0000] {dagbag.py:588} INFO - Filling up the DagBag from /opt/airflow/dags/Flask_API.py
[2026-02-09T16:54:48.117+0000] {logging_mixin.py:190} INFO - [2026-02-09T16:54:48.115+0000] {dagbag.py:387} ERROR - Failed to import: /opt/airflow/dags/Flask_API.py
Traceback (most recent call last):
  File "/home/airflow/.local/lib/python3.12/site-packages/airflow/models/dagbag.py", line 383, in parse
    loader.exec_module(new_module)
  File "<frozen importlib._bootstrap_external>", line 995, in exec_module
  File "<frozen importlib._bootstrap>", line 488, in _call_with_frames_removed
  File "/opt/airflow/dags/Flask_API.py", line 9, in <module>
    from airflow.providers.standard.operators.python import PythonOperator
ModuleNotFoundError: No module named 'airflow.providers.standard'
[2026-02-09T16:54:48.117+0000] {processor.py:927} WARNING - No viable dags retrieved from /opt/airflow/dags/Flask_API.py
[2026-02-09T16:54:48.131+0000] {processor.py:208} INFO - Processing /opt/airflow/dags/Flask_API.py took 0.030 seconds
[2026-02-09T16:58:41.512+0000] {processor.py:186} INFO - Started process (PID=85) to work on /opt/airflow/dags/Flask_API.py
[2026-02-09T16:58:41.514+0000] {processor.py:914} INFO - Processing file /opt/airflow/dags/Flask_API.py for tasks to queue
[2026-02-09T16:58:41.517+0000] {logging_mixin.py:190} INFO - [2026-02-09T16:58:41.517+0000] {dagbag.py:588} INFO - Filling up the DagBag from /opt/airflow/dags/Flask_API.py
[2026-02-09T16:58:41.524+0000] {logging_mixin.py:190} INFO - [2026-02-09T16:58:41.522+0000] {dagbag.py:387} ERROR - Failed to import: /opt/airflow/dags/Flask_API.py
Traceback (most recent call last):
  File "/home/airflow/.local/lib/python3.12/site-packages/airflow/models/dagbag.py", line 383, in parse
    loader.exec_module(new_module)
  File "<frozen importlib._bootstrap_external>", line 995, in exec_module
  File "<frozen importlib._bootstrap>", line 488, in _call_with_frames_removed
  File "/opt/airflow/dags/Flask_API.py", line 9, in <module>
    from airflow.providers.standard.operators.python import PythonOperator
ModuleNotFoundError: No module named 'airflow.providers.standard'
[2026-02-09T16:58:41.525+0000] {processor.py:927} WARNING - No viable dags retrieved from /opt/airflow/dags/Flask_API.py
[2026-02-09T16:58:41.542+0000] {processor.py:208} INFO - Processing /opt/airflow/dags/Flask_API.py took 0.035 seconds
[2026-02-09T16:59:11.842+0000] {processor.py:186} INFO - Started process (PID=103) to work on /opt/airflow/dags/Flask_API.py
[2026-02-09T16:59:11.842+0000] {processor.py:914} INFO - Processing file /opt/airflow/dags/Flask_API.py for tasks to queue
[2026-02-09T16:59:11.844+0000] {logging_mixin.py:190} INFO - [2026-02-09T16:59:11.844+0000] {dagbag.py:588} INFO - Filling up the DagBag from /opt/airflow/dags/Flask_API.py
[2026-02-09T16:59:11.847+0000] {logging_mixin.py:190} INFO - [2026-02-09T16:59:11.846+0000] {dagbag.py:387} ERROR - Failed to import: /opt/airflow/dags/Flask_API.py
Traceback (most recent call last):
  File "/home/airflow/.local/lib/python3.12/site-packages/airflow/models/dagbag.py", line 383, in parse
    loader.exec_module(new_module)
  File "<frozen importlib._bootstrap_external>", line 995, in exec_module
  File "<frozen importlib._bootstrap>", line 488, in _call_with_frames_removed
  File "/opt/airflow/dags/Flask_API.py", line 9, in <module>
    from airflow.providers.standard.operators.python import PythonOperator
ModuleNotFoundError: No module named 'airflow.providers.standard'
[2026-02-09T16:59:11.848+0000] {processor.py:927} WARNING - No viable dags retrieved from /opt/airflow/dags/Flask_API.py
[2026-02-09T16:59:11.868+0000] {processor.py:208} INFO - Processing /opt/airflow/dags/Flask_API.py took 0.030 seconds
[2026-02-09T16:59:41.985+0000] {processor.py:186} INFO - Started process (PID=121) to work on /opt/airflow/dags/Flask_API.py
[2026-02-09T16:59:41.986+0000] {processor.py:914} INFO - Processing file /opt/airflow/dags/Flask_API.py for tasks to queue
[2026-02-09T16:59:41.989+0000] {logging_mixin.py:190} INFO - [2026-02-09T16:59:41.989+0000] {dagbag.py:588} INFO - Filling up the DagBag from /opt/airflow/dags/Flask_API.py
[2026-02-09T16:59:41.995+0000] {logging_mixin.py:190} INFO - [2026-02-09T16:59:41.993+0000] {dagbag.py:387} ERROR - Failed to import: /opt/airflow/dags/Flask_API.py
Traceback (most recent call last):
  File "/home/airflow/.local/lib/python3.12/site-packages/airflow/models/dagbag.py", line 383, in parse
    loader.exec_module(new_module)
  File "<frozen importlib._bootstrap_external>", line 995, in exec_module
  File "<frozen importlib._bootstrap>", line 488, in _call_with_frames_removed
  File "/opt/airflow/dags/Flask_API.py", line 9, in <module>
    from airflow.providers.standard.operators.python import PythonOperator
ModuleNotFoundError: No module named 'airflow.providers.standard'
[2026-02-09T16:59:41.995+0000] {processor.py:927} WARNING - No viable dags retrieved from /opt/airflow/dags/Flask_API.py
[2026-02-09T16:59:42.011+0000] {processor.py:208} INFO - Processing /opt/airflow/dags/Flask_API.py took 0.030 seconds
[2026-02-09T17:00:12.123+0000] {processor.py:186} INFO - Started process (PID=140) to work on /opt/airflow/dags/Flask_API.py
[2026-02-09T17:00:12.124+0000] {processor.py:914} INFO - Processing file /opt/airflow/dags/Flask_API.py for tasks to queue
[2026-02-09T17:00:12.125+0000] {logging_mixin.py:190} INFO - [2026-02-09T17:00:12.125+0000] {dagbag.py:588} INFO - Filling up the DagBag from /opt/airflow/dags/Flask_API.py
[2026-02-09T17:00:12.129+0000] {logging_mixin.py:190} INFO - [2026-02-09T17:00:12.128+0000] {dagbag.py:387} ERROR - Failed to import: /opt/airflow/dags/Flask_API.py
Traceback (most recent call last):
  File "/home/airflow/.local/lib/python3.12/site-packages/airflow/models/dagbag.py", line 383, in parse
    loader.exec_module(new_module)
  File "<frozen importlib._bootstrap_external>", line 995, in exec_module
  File "<frozen importlib._bootstrap>", line 488, in _call_with_frames_removed
  File "/opt/airflow/dags/Flask_API.py", line 9, in <module>
    from airflow.providers.standard.operators.python import PythonOperator
ModuleNotFoundError: No module named 'airflow.providers.standard'
[2026-02-09T17:00:12.130+0000] {processor.py:927} WARNING - No viable dags retrieved from /opt/airflow/dags/Flask_API.py
[2026-02-09T17:00:12.144+0000] {processor.py:208} INFO - Processing /opt/airflow/dags/Flask_API.py took 0.025 seconds
[2026-02-09T17:00:42.186+0000] {processor.py:186} INFO - Started process (PID=158) to work on /opt/airflow/dags/Flask_API.py
[2026-02-09T17:00:42.186+0000] {processor.py:914} INFO - Processing file /opt/airflow/dags/Flask_API.py for tasks to queue
[2026-02-09T17:00:42.187+0000] {logging_mixin.py:190} INFO - [2026-02-09T17:00:42.187+0000] {dagbag.py:588} INFO - Filling up the DagBag from /opt/airflow/dags/Flask_API.py
[2026-02-09T17:00:42.190+0000] {logging_mixin.py:190} INFO - [2026-02-09T17:00:42.189+0000] {dagbag.py:387} ERROR - Failed to import: /opt/airflow/dags/Flask_API.py
Traceback (most recent call last):
  File "/home/airflow/.local/lib/python3.12/site-packages/airflow/models/dagbag.py", line 383, in parse
    loader.exec_module(new_module)
  File "<frozen importlib._bootstrap_external>", line 995, in exec_module
  File "<frozen importlib._bootstrap>", line 488, in _call_with_frames_removed
  File "/opt/airflow/dags/Flask_API.py", line 9, in <module>
    from airflow.providers.standard.operators.python import PythonOperator
ModuleNotFoundError: No module named 'airflow.providers.standard'
[2026-02-09T17:00:42.190+0000] {processor.py:927} WARNING - No viable dags retrieved from /opt/airflow/dags/Flask_API.py
[2026-02-09T17:00:42.204+0000] {processor.py:208} INFO - Processing /opt/airflow/dags/Flask_API.py took 0.022 seconds
[2026-02-09T17:01:12.471+0000] {processor.py:186} INFO - Started process (PID=176) to work on /opt/airflow/dags/Flask_API.py
[2026-02-09T17:01:12.474+0000] {processor.py:914} INFO - Processing file /opt/airflow/dags/Flask_API.py for tasks to queue
[2026-02-09T17:01:12.475+0000] {logging_mixin.py:190} INFO - [2026-02-09T17:01:12.475+0000] {dagbag.py:588} INFO - Filling up the DagBag from /opt/airflow/dags/Flask_API.py
[2026-02-09T17:01:12.479+0000] {logging_mixin.py:190} INFO - [2026-02-09T17:01:12.478+0000] {dagbag.py:387} ERROR - Failed to import: /opt/airflow/dags/Flask_API.py
Traceback (most recent call last):
  File "/home/airflow/.local/lib/python3.12/site-packages/airflow/models/dagbag.py", line 383, in parse
    loader.exec_module(new_module)
  File "<frozen importlib._bootstrap_external>", line 995, in exec_module
  File "<frozen importlib._bootstrap>", line 488, in _call_with_frames_removed
  File "/opt/airflow/dags/Flask_API.py", line 9, in <module>
    from airflow.providers.standard.operators.python import PythonOperator
ModuleNotFoundError: No module named 'airflow.providers.standard'
[2026-02-09T17:01:12.480+0000] {processor.py:927} WARNING - No viable dags retrieved from /opt/airflow/dags/Flask_API.py
[2026-02-09T17:01:12.494+0000] {processor.py:208} INFO - Processing /opt/airflow/dags/Flask_API.py took 0.029 seconds
[2026-02-09T17:01:42.635+0000] {processor.py:186} INFO - Started process (PID=194) to work on /opt/airflow/dags/Flask_API.py
[2026-02-09T17:01:42.636+0000] {processor.py:914} INFO - Processing file /opt/airflow/dags/Flask_API.py for tasks to queue
[2026-02-09T17:01:42.638+0000] {logging_mixin.py:190} INFO - [2026-02-09T17:01:42.637+0000] {dagbag.py:588} INFO - Filling up the DagBag from /opt/airflow/dags/Flask_API.py
[2026-02-09T17:01:42.644+0000] {logging_mixin.py:190} INFO - [2026-02-09T17:01:42.642+0000] {dagbag.py:387} ERROR - Failed to import: /opt/airflow/dags/Flask_API.py
Traceback (most recent call last):
  File "/home/airflow/.local/lib/python3.12/site-packages/airflow/models/dagbag.py", line 383, in parse
    loader.exec_module(new_module)
  File "<frozen importlib._bootstrap_external>", line 995, in exec_module
  File "<frozen importlib._bootstrap>", line 488, in _call_with_frames_removed
  File "/opt/airflow/dags/Flask_API.py", line 9, in <module>
    from airflow.providers.standard.operators.python import PythonOperator
ModuleNotFoundError: No module named 'airflow.providers.standard'
[2026-02-09T17:01:42.644+0000] {processor.py:927} WARNING - No viable dags retrieved from /opt/airflow/dags/Flask_API.py
[2026-02-09T17:01:42.659+0000] {processor.py:208} INFO - Processing /opt/airflow/dags/Flask_API.py took 0.029 seconds
[2026-02-09T17:02:12.834+0000] {processor.py:186} INFO - Started process (PID=212) to work on /opt/airflow/dags/Flask_API.py
[2026-02-09T17:02:12.835+0000] {processor.py:914} INFO - Processing file /opt/airflow/dags/Flask_API.py for tasks to queue
[2026-02-09T17:02:12.837+0000] {logging_mixin.py:190} INFO - [2026-02-09T17:02:12.837+0000] {dagbag.py:588} INFO - Filling up the DagBag from /opt/airflow/dags/Flask_API.py
[2026-02-09T17:02:12.841+0000] {logging_mixin.py:190} INFO - [2026-02-09T17:02:12.841+0000] {dagbag.py:387} ERROR - Failed to import: /opt/airflow/dags/Flask_API.py
Traceback (most recent call last):
  File "/home/airflow/.local/lib/python3.12/site-packages/airflow/models/dagbag.py", line 383, in parse
    loader.exec_module(new_module)
  File "<frozen importlib._bootstrap_external>", line 995, in exec_module
  File "<frozen importlib._bootstrap>", line 488, in _call_with_frames_removed
  File "/opt/airflow/dags/Flask_API.py", line 9, in <module>
    from airflow.providers.standard.operators.python import PythonOperator
ModuleNotFoundError: No module named 'airflow.providers.standard'
[2026-02-09T17:02:12.842+0000] {processor.py:927} WARNING - No viable dags retrieved from /opt/airflow/dags/Flask_API.py
[2026-02-09T17:02:12.855+0000] {processor.py:208} INFO - Processing /opt/airflow/dags/Flask_API.py took 0.025 seconds
[2026-02-09T17:02:43.208+0000] {processor.py:186} INFO - Started process (PID=230) to work on /opt/airflow/dags/Flask_API.py
[2026-02-09T17:02:43.209+0000] {processor.py:914} INFO - Processing file /opt/airflow/dags/Flask_API.py for tasks to queue
[2026-02-09T17:02:43.211+0000] {logging_mixin.py:190} INFO - [2026-02-09T17:02:43.211+0000] {dagbag.py:588} INFO - Filling up the DagBag from /opt/airflow/dags/Flask_API.py
[2026-02-09T17:02:43.217+0000] {logging_mixin.py:190} INFO - [2026-02-09T17:02:43.216+0000] {dagbag.py:387} ERROR - Failed to import: /opt/airflow/dags/Flask_API.py
Traceback (most recent call last):
  File "/home/airflow/.local/lib/python3.12/site-packages/airflow/models/dagbag.py", line 383, in parse
    loader.exec_module(new_module)
  File "<frozen importlib._bootstrap_external>", line 995, in exec_module
  File "<frozen importlib._bootstrap>", line 488, in _call_with_frames_removed
  File "/opt/airflow/dags/Flask_API.py", line 9, in <module>
    from airflow.providers.standard.operators.python import PythonOperator
ModuleNotFoundError: No module named 'airflow.providers.standard'
[2026-02-09T17:02:43.218+0000] {processor.py:927} WARNING - No viable dags retrieved from /opt/airflow/dags/Flask_API.py
[2026-02-09T17:02:43.233+0000] {processor.py:208} INFO - Processing /opt/airflow/dags/Flask_API.py took 0.032 seconds
[2026-02-09T17:03:13.297+0000] {processor.py:186} INFO - Started process (PID=248) to work on /opt/airflow/dags/Flask_API.py
[2026-02-09T17:03:13.298+0000] {processor.py:914} INFO - Processing file /opt/airflow/dags/Flask_API.py for tasks to queue
[2026-02-09T17:03:13.301+0000] {logging_mixin.py:190} INFO - [2026-02-09T17:03:13.301+0000] {dagbag.py:588} INFO - Filling up the DagBag from /opt/airflow/dags/Flask_API.py
[2026-02-09T17:03:13.304+0000] {logging_mixin.py:190} INFO - [2026-02-09T17:03:13.303+0000] {dagbag.py:387} ERROR - Failed to import: /opt/airflow/dags/Flask_API.py
Traceback (most recent call last):
  File "/home/airflow/.local/lib/python3.12/site-packages/airflow/models/dagbag.py", line 383, in parse
    loader.exec_module(new_module)
  File "<frozen importlib._bootstrap_external>", line 995, in exec_module
  File "<frozen importlib._bootstrap>", line 488, in _call_with_frames_removed
  File "/opt/airflow/dags/Flask_API.py", line 9, in <module>
    from airflow.providers.standard.operators.python import PythonOperator
ModuleNotFoundError: No module named 'airflow.providers.standard'
[2026-02-09T17:03:13.306+0000] {processor.py:927} WARNING - No viable dags retrieved from /opt/airflow/dags/Flask_API.py
[2026-02-09T17:03:13.321+0000] {processor.py:208} INFO - Processing /opt/airflow/dags/Flask_API.py took 0.031 seconds
[2026-02-09T17:03:43.412+0000] {processor.py:186} INFO - Started process (PID=265) to work on /opt/airflow/dags/Flask_API.py
[2026-02-09T17:03:43.413+0000] {processor.py:914} INFO - Processing file /opt/airflow/dags/Flask_API.py for tasks to queue
[2026-02-09T17:03:43.417+0000] {logging_mixin.py:190} INFO - [2026-02-09T17:03:43.416+0000] {dagbag.py:588} INFO - Filling up the DagBag from /opt/airflow/dags/Flask_API.py
[2026-02-09T17:03:43.423+0000] {logging_mixin.py:190} INFO - [2026-02-09T17:03:43.421+0000] {dagbag.py:387} ERROR - Failed to import: /opt/airflow/dags/Flask_API.py
Traceback (most recent call last):
  File "/home/airflow/.local/lib/python3.12/site-packages/airflow/models/dagbag.py", line 383, in parse
    loader.exec_module(new_module)
  File "<frozen importlib._bootstrap_external>", line 995, in exec_module
  File "<frozen importlib._bootstrap>", line 488, in _call_with_frames_removed
  File "/opt/airflow/dags/Flask_API.py", line 9, in <module>
    from airflow.providers.standard.operators.python import PythonOperator
ModuleNotFoundError: No module named 'airflow.providers.standard'
[2026-02-09T17:03:43.424+0000] {processor.py:927} WARNING - No viable dags retrieved from /opt/airflow/dags/Flask_API.py
[2026-02-09T17:03:43.438+0000] {processor.py:208} INFO - Processing /opt/airflow/dags/Flask_API.py took 0.033 seconds
[2026-02-09T17:04:13.809+0000] {processor.py:186} INFO - Started process (PID=283) to work on /opt/airflow/dags/Flask_API.py
[2026-02-09T17:04:13.810+0000] {processor.py:914} INFO - Processing file /opt/airflow/dags/Flask_API.py for tasks to queue
[2026-02-09T17:04:13.815+0000] {logging_mixin.py:190} INFO - [2026-02-09T17:04:13.815+0000] {dagbag.py:588} INFO - Filling up the DagBag from /opt/airflow/dags/Flask_API.py
[2026-02-09T17:04:13.822+0000] {logging_mixin.py:190} INFO - [2026-02-09T17:04:13.820+0000] {dagbag.py:387} ERROR - Failed to import: /opt/airflow/dags/Flask_API.py
Traceback (most recent call last):
  File "/home/airflow/.local/lib/python3.12/site-packages/airflow/models/dagbag.py", line 383, in parse
    loader.exec_module(new_module)
  File "<frozen importlib._bootstrap_external>", line 995, in exec_module
  File "<frozen importlib._bootstrap>", line 488, in _call_with_frames_removed
  File "/opt/airflow/dags/Flask_API.py", line 9, in <module>
    from airflow.providers.standard.operators.python import PythonOperator
ModuleNotFoundError: No module named 'airflow.providers.standard'
[2026-02-09T17:04:13.823+0000] {processor.py:927} WARNING - No viable dags retrieved from /opt/airflow/dags/Flask_API.py
[2026-02-09T17:04:13.842+0000] {processor.py:208} INFO - Processing /opt/airflow/dags/Flask_API.py took 0.041 seconds
[2026-02-09T17:04:43.943+0000] {processor.py:186} INFO - Started process (PID=300) to work on /opt/airflow/dags/Flask_API.py
[2026-02-09T17:04:43.944+0000] {processor.py:914} INFO - Processing file /opt/airflow/dags/Flask_API.py for tasks to queue
[2026-02-09T17:04:43.946+0000] {logging_mixin.py:190} INFO - [2026-02-09T17:04:43.945+0000] {dagbag.py:588} INFO - Filling up the DagBag from /opt/airflow/dags/Flask_API.py
[2026-02-09T17:04:43.949+0000] {logging_mixin.py:190} INFO - [2026-02-09T17:04:43.948+0000] {dagbag.py:387} ERROR - Failed to import: /opt/airflow/dags/Flask_API.py
Traceback (most recent call last):
  File "/home/airflow/.local/lib/python3.12/site-packages/airflow/models/dagbag.py", line 383, in parse
    loader.exec_module(new_module)
  File "<frozen importlib._bootstrap_external>", line 995, in exec_module
  File "<frozen importlib._bootstrap>", line 488, in _call_with_frames_removed
  File "/opt/airflow/dags/Flask_API.py", line 9, in <module>
    from airflow.providers.standard.operators.python import PythonOperator
ModuleNotFoundError: No module named 'airflow.providers.standard'
[2026-02-09T17:04:43.950+0000] {processor.py:927} WARNING - No viable dags retrieved from /opt/airflow/dags/Flask_API.py
[2026-02-09T17:04:43.967+0000] {processor.py:208} INFO - Processing /opt/airflow/dags/Flask_API.py took 0.027 seconds
[2026-02-09T17:05:14.114+0000] {processor.py:186} INFO - Started process (PID=318) to work on /opt/airflow/dags/Flask_API.py
[2026-02-09T17:05:14.114+0000] {processor.py:914} INFO - Processing file /opt/airflow/dags/Flask_API.py for tasks to queue
[2026-02-09T17:05:14.116+0000] {logging_mixin.py:190} INFO - [2026-02-09T17:05:14.116+0000] {dagbag.py:588} INFO - Filling up the DagBag from /opt/airflow/dags/Flask_API.py
[2026-02-09T17:05:14.121+0000] {logging_mixin.py:190} INFO - [2026-02-09T17:05:14.119+0000] {dagbag.py:387} ERROR - Failed to import: /opt/airflow/dags/Flask_API.py
Traceback (most recent call last):
  File "/home/airflow/.local/lib/python3.12/site-packages/airflow/models/dagbag.py", line 383, in parse
    loader.exec_module(new_module)
  File "<frozen importlib._bootstrap_external>", line 995, in exec_module
  File "<frozen importlib._bootstrap>", line 488, in _call_with_frames_removed
  File "/opt/airflow/dags/Flask_API.py", line 9, in <module>
    from airflow.providers.standard.operators.python import PythonOperator
ModuleNotFoundError: No module named 'airflow.providers.standard'
[2026-02-09T17:05:14.122+0000] {processor.py:927} WARNING - No viable dags retrieved from /opt/airflow/dags/Flask_API.py
[2026-02-09T17:05:14.134+0000] {processor.py:208} INFO - Processing /opt/airflow/dags/Flask_API.py took 0.024 seconds
[2026-02-09T17:05:31.111+0000] {processor.py:186} INFO - Started process (PID=345) to work on /opt/airflow/dags/Flask_API.py
[2026-02-09T17:05:31.112+0000] {processor.py:914} INFO - Processing file /opt/airflow/dags/Flask_API.py for tasks to queue
[2026-02-09T17:05:31.114+0000] {logging_mixin.py:190} INFO - [2026-02-09T17:05:31.114+0000] {dagbag.py:588} INFO - Filling up the DagBag from /opt/airflow/dags/Flask_API.py
[2026-02-09T17:05:31.125+0000] {processor.py:925} INFO - DAG(s) 'Airflow_Lab2_Flask' retrieved from /opt/airflow/dags/Flask_API.py
[2026-02-09T17:05:31.188+0000] {logging_mixin.py:190} INFO - [2026-02-09T17:05:31.187+0000] {override.py:1900} INFO - Created Permission View: can read on DAG:Airflow_Lab2_Flask
[2026-02-09T17:05:31.193+0000] {logging_mixin.py:190} INFO - [2026-02-09T17:05:31.193+0000] {override.py:1900} INFO - Created Permission View: can delete on DAG:Airflow_Lab2_Flask
[2026-02-09T17:05:31.196+0000] {logging_mixin.py:190} INFO - [2026-02-09T17:05:31.196+0000] {override.py:1900} INFO - Created Permission View: can edit on DAG:Airflow_Lab2_Flask
[2026-02-09T17:05:31.199+0000] {logging_mixin.py:190} INFO - [2026-02-09T17:05:31.199+0000] {override.py:1900} INFO - Created Permission View: can read on DAG Run:Airflow_Lab2_Flask
[2026-02-09T17:05:31.202+0000] {logging_mixin.py:190} INFO - [2026-02-09T17:05:31.202+0000] {override.py:1900} INFO - Created Permission View: can create on DAG Run:Airflow_Lab2_Flask
[2026-02-09T17:05:31.205+0000] {logging_mixin.py:190} INFO - [2026-02-09T17:05:31.205+0000] {override.py:1900} INFO - Created Permission View: can delete on DAG Run:Airflow_Lab2_Flask
[2026-02-09T17:05:31.208+0000] {logging_mixin.py:190} INFO - [2026-02-09T17:05:31.208+0000] {override.py:1900} INFO - Created Permission View: menu access on DAG Run:Airflow_Lab2_Flask
[2026-02-09T17:05:31.208+0000] {logging_mixin.py:190} INFO - [2026-02-09T17:05:31.208+0000] {dag.py:3239} INFO - Sync 1 DAGs
[2026-02-09T17:05:31.215+0000] {logging_mixin.py:190} INFO - [2026-02-09T17:05:31.215+0000] {dag.py:3262} INFO - Creating ORM DAG for Airflow_Lab2_Flask
[2026-02-09T17:05:31.215+0000] {logging_mixin.py:190} INFO - [2026-02-09T17:05:31.215+0000] {dag.py:4180} INFO - Setting next_dagrun for Airflow_Lab2_Flask to None, run_after=None
[2026-02-09T17:05:31.224+0000] {processor.py:208} INFO - Processing /opt/airflow/dags/Flask_API.py took 0.119 seconds
[2026-02-09T17:06:28.883+0000] {processor.py:186} INFO - Started process (PID=71) to work on /opt/airflow/dags/Flask_API.py
[2026-02-09T17:06:28.884+0000] {processor.py:914} INFO - Processing file /opt/airflow/dags/Flask_API.py for tasks to queue
[2026-02-09T17:06:28.889+0000] {logging_mixin.py:190} INFO - [2026-02-09T17:06:28.889+0000] {dagbag.py:588} INFO - Filling up the DagBag from /opt/airflow/dags/Flask_API.py
[2026-02-09T17:06:28.910+0000] {processor.py:925} INFO - DAG(s) 'Airflow_Lab2_Flask' retrieved from /opt/airflow/dags/Flask_API.py
[2026-02-09T17:06:29.079+0000] {logging_mixin.py:190} INFO - [2026-02-09T17:06:29.079+0000] {override.py:1900} INFO - Created Permission View: can edit on DAG:Airflow_Lab2_Flask
[2026-02-09T17:06:29.091+0000] {logging_mixin.py:190} INFO - [2026-02-09T17:06:29.091+0000] {override.py:1900} INFO - Created Permission View: can delete on DAG:Airflow_Lab2_Flask
[2026-02-09T17:06:29.095+0000] {logging_mixin.py:190} INFO - [2026-02-09T17:06:29.094+0000] {override.py:1900} INFO - Created Permission View: can read on DAG:Airflow_Lab2_Flask
[2026-02-09T17:06:29.097+0000] {logging_mixin.py:190} INFO - [2026-02-09T17:06:29.097+0000] {override.py:1900} INFO - Created Permission View: can delete on DAG Run:Airflow_Lab2_Flask
[2026-02-09T17:06:29.099+0000] {logging_mixin.py:190} INFO - [2026-02-09T17:06:29.099+0000] {override.py:1900} INFO - Created Permission View: can read on DAG Run:Airflow_Lab2_Flask
[2026-02-09T17:06:29.102+0000] {logging_mixin.py:190} INFO - [2026-02-09T17:06:29.101+0000] {override.py:1900} INFO - Created Permission View: menu access on DAG Run:Airflow_Lab2_Flask
[2026-02-09T17:06:29.104+0000] {logging_mixin.py:190} INFO - [2026-02-09T17:06:29.104+0000] {override.py:1900} INFO - Created Permission View: can create on DAG Run:Airflow_Lab2_Flask
[2026-02-09T17:06:29.104+0000] {logging_mixin.py:190} INFO - [2026-02-09T17:06:29.104+0000] {dag.py:3239} INFO - Sync 1 DAGs
[2026-02-09T17:06:29.112+0000] {logging_mixin.py:190} INFO - [2026-02-09T17:06:29.112+0000] {dag.py:3262} INFO - Creating ORM DAG for Airflow_Lab2_Flask
[2026-02-09T17:06:29.112+0000] {logging_mixin.py:190} INFO - [2026-02-09T17:06:29.112+0000] {dag.py:4180} INFO - Setting next_dagrun for Airflow_Lab2_Flask to None, run_after=None
[2026-02-09T17:06:29.123+0000] {processor.py:208} INFO - Processing /opt/airflow/dags/Flask_API.py took 0.249 seconds
[2026-02-09T17:06:59.874+0000] {processor.py:186} INFO - Started process (PID=98) to work on /opt/airflow/dags/Flask_API.py
[2026-02-09T17:06:59.874+0000] {processor.py:914} INFO - Processing file /opt/airflow/dags/Flask_API.py for tasks to queue
[2026-02-09T17:06:59.876+0000] {logging_mixin.py:190} INFO - [2026-02-09T17:06:59.876+0000] {dagbag.py:588} INFO - Filling up the DagBag from /opt/airflow/dags/Flask_API.py
[2026-02-09T17:06:59.888+0000] {processor.py:925} INFO - DAG(s) 'Airflow_Lab2_Flask' retrieved from /opt/airflow/dags/Flask_API.py
[2026-02-09T17:06:59.903+0000] {logging_mixin.py:190} INFO - [2026-02-09T17:06:59.903+0000] {dag.py:3239} INFO - Sync 1 DAGs
[2026-02-09T17:06:59.911+0000] {logging_mixin.py:190} INFO - [2026-02-09T17:06:59.911+0000] {dag.py:4180} INFO - Setting next_dagrun for Airflow_Lab2_Flask to None, run_after=None
[2026-02-09T17:06:59.920+0000] {processor.py:208} INFO - Processing /opt/airflow/dags/Flask_API.py took 0.051 seconds
[2026-02-09T17:07:30.122+0000] {processor.py:186} INFO - Started process (PID=125) to work on /opt/airflow/dags/Flask_API.py
[2026-02-09T17:07:30.123+0000] {processor.py:914} INFO - Processing file /opt/airflow/dags/Flask_API.py for tasks to queue
[2026-02-09T17:07:30.125+0000] {logging_mixin.py:190} INFO - [2026-02-09T17:07:30.125+0000] {dagbag.py:588} INFO - Filling up the DagBag from /opt/airflow/dags/Flask_API.py
[2026-02-09T17:07:30.140+0000] {processor.py:925} INFO - DAG(s) 'Airflow_Lab2_Flask' retrieved from /opt/airflow/dags/Flask_API.py
[2026-02-09T17:07:30.153+0000] {logging_mixin.py:190} INFO - [2026-02-09T17:07:30.153+0000] {dag.py:3239} INFO - Sync 1 DAGs
[2026-02-09T17:07:30.161+0000] {logging_mixin.py:190} INFO - [2026-02-09T17:07:30.161+0000] {dag.py:4180} INFO - Setting next_dagrun for Airflow_Lab2_Flask to None, run_after=None
[2026-02-09T17:07:30.172+0000] {processor.py:208} INFO - Processing /opt/airflow/dags/Flask_API.py took 0.057 seconds
[2026-02-09T17:08:00.283+0000] {processor.py:186} INFO - Started process (PID=157) to work on /opt/airflow/dags/Flask_API.py
[2026-02-09T17:08:00.284+0000] {processor.py:914} INFO - Processing file /opt/airflow/dags/Flask_API.py for tasks to queue
[2026-02-09T17:08:00.288+0000] {logging_mixin.py:190} INFO - [2026-02-09T17:08:00.287+0000] {dagbag.py:588} INFO - Filling up the DagBag from /opt/airflow/dags/Flask_API.py
[2026-02-09T17:08:00.300+0000] {processor.py:925} INFO - DAG(s) 'Airflow_Lab2_Flask' retrieved from /opt/airflow/dags/Flask_API.py
[2026-02-09T17:08:00.314+0000] {logging_mixin.py:190} INFO - [2026-02-09T17:08:00.314+0000] {dag.py:3239} INFO - Sync 1 DAGs
[2026-02-09T17:08:00.324+0000] {logging_mixin.py:190} INFO - [2026-02-09T17:08:00.323+0000] {dag.py:4180} INFO - Setting next_dagrun for Airflow_Lab2_Flask to None, run_after=None
[2026-02-09T17:08:00.335+0000] {processor.py:208} INFO - Processing /opt/airflow/dags/Flask_API.py took 0.059 seconds
[2026-02-09T17:08:30.363+0000] {processor.py:186} INFO - Started process (PID=188) to work on /opt/airflow/dags/Flask_API.py
[2026-02-09T17:08:30.364+0000] {processor.py:914} INFO - Processing file /opt/airflow/dags/Flask_API.py for tasks to queue
[2026-02-09T17:08:30.366+0000] {logging_mixin.py:190} INFO - [2026-02-09T17:08:30.365+0000] {dagbag.py:588} INFO - Filling up the DagBag from /opt/airflow/dags/Flask_API.py
[2026-02-09T17:08:30.375+0000] {processor.py:925} INFO - DAG(s) 'Airflow_Lab2_Flask' retrieved from /opt/airflow/dags/Flask_API.py
[2026-02-09T17:08:30.388+0000] {logging_mixin.py:190} INFO - [2026-02-09T17:08:30.388+0000] {dag.py:3239} INFO - Sync 1 DAGs
[2026-02-09T17:08:30.396+0000] {logging_mixin.py:190} INFO - [2026-02-09T17:08:30.396+0000] {dag.py:4180} INFO - Setting next_dagrun for Airflow_Lab2_Flask to None, run_after=None
[2026-02-09T17:08:30.404+0000] {processor.py:208} INFO - Processing /opt/airflow/dags/Flask_API.py took 0.046 seconds
[2026-02-09T17:09:00.496+0000] {processor.py:186} INFO - Started process (PID=215) to work on /opt/airflow/dags/Flask_API.py
[2026-02-09T17:09:00.498+0000] {processor.py:914} INFO - Processing file /opt/airflow/dags/Flask_API.py for tasks to queue
[2026-02-09T17:09:00.500+0000] {logging_mixin.py:190} INFO - [2026-02-09T17:09:00.500+0000] {dagbag.py:588} INFO - Filling up the DagBag from /opt/airflow/dags/Flask_API.py
[2026-02-09T17:09:00.518+0000] {processor.py:925} INFO - DAG(s) 'Airflow_Lab2_Flask' retrieved from /opt/airflow/dags/Flask_API.py
[2026-02-09T17:09:00.531+0000] {logging_mixin.py:190} INFO - [2026-02-09T17:09:00.531+0000] {dag.py:3239} INFO - Sync 1 DAGs
[2026-02-09T17:09:00.539+0000] {logging_mixin.py:190} INFO - [2026-02-09T17:09:00.539+0000] {dag.py:4180} INFO - Setting next_dagrun for Airflow_Lab2_Flask to None, run_after=None
[2026-02-09T17:09:00.550+0000] {processor.py:208} INFO - Processing /opt/airflow/dags/Flask_API.py took 0.060 seconds
[2026-02-09T17:09:31.088+0000] {processor.py:186} INFO - Started process (PID=242) to work on /opt/airflow/dags/Flask_API.py
[2026-02-09T17:09:31.089+0000] {processor.py:914} INFO - Processing file /opt/airflow/dags/Flask_API.py for tasks to queue
[2026-02-09T17:09:31.091+0000] {logging_mixin.py:190} INFO - [2026-02-09T17:09:31.091+0000] {dagbag.py:588} INFO - Filling up the DagBag from /opt/airflow/dags/Flask_API.py
[2026-02-09T17:09:31.107+0000] {processor.py:925} INFO - DAG(s) 'Airflow_Lab2_Flask' retrieved from /opt/airflow/dags/Flask_API.py
[2026-02-09T17:09:31.124+0000] {logging_mixin.py:190} INFO - [2026-02-09T17:09:31.124+0000] {dag.py:3239} INFO - Sync 1 DAGs
[2026-02-09T17:09:31.135+0000] {logging_mixin.py:190} INFO - [2026-02-09T17:09:31.134+0000] {dag.py:4180} INFO - Setting next_dagrun for Airflow_Lab2_Flask to None, run_after=None
[2026-02-09T17:09:31.147+0000] {processor.py:208} INFO - Processing /opt/airflow/dags/Flask_API.py took 0.064 seconds
[2026-02-09T17:10:01.524+0000] {processor.py:186} INFO - Started process (PID=269) to work on /opt/airflow/dags/Flask_API.py
[2026-02-09T17:10:01.524+0000] {processor.py:914} INFO - Processing file /opt/airflow/dags/Flask_API.py for tasks to queue
[2026-02-09T17:10:01.527+0000] {logging_mixin.py:190} INFO - [2026-02-09T17:10:01.527+0000] {dagbag.py:588} INFO - Filling up the DagBag from /opt/airflow/dags/Flask_API.py
[2026-02-09T17:10:01.540+0000] {processor.py:925} INFO - DAG(s) 'Airflow_Lab2_Flask' retrieved from /opt/airflow/dags/Flask_API.py
[2026-02-09T17:10:01.557+0000] {logging_mixin.py:190} INFO - [2026-02-09T17:10:01.557+0000] {dag.py:3239} INFO - Sync 1 DAGs
[2026-02-09T17:10:01.566+0000] {logging_mixin.py:190} INFO - [2026-02-09T17:10:01.566+0000] {dag.py:4180} INFO - Setting next_dagrun for Airflow_Lab2_Flask to None, run_after=None
[2026-02-09T17:10:01.690+0000] {processor.py:208} INFO - Processing /opt/airflow/dags/Flask_API.py took 0.172 seconds
[2026-02-09T17:10:26.698+0000] {processor.py:186} INFO - Started process (PID=290) to work on /opt/airflow/dags/Flask_API.py
[2026-02-09T17:10:26.698+0000] {processor.py:914} INFO - Processing file /opt/airflow/dags/Flask_API.py for tasks to queue
[2026-02-09T17:10:26.700+0000] {logging_mixin.py:190} INFO - [2026-02-09T17:10:26.700+0000] {dagbag.py:588} INFO - Filling up the DagBag from /opt/airflow/dags/Flask_API.py
[2026-02-09T17:10:26.711+0000] {processor.py:925} INFO - DAG(s) 'Airflow_Lab2_Flask' retrieved from /opt/airflow/dags/Flask_API.py
[2026-02-09T17:10:26.835+0000] {logging_mixin.py:190} INFO - [2026-02-09T17:10:26.835+0000] {dag.py:3239} INFO - Sync 1 DAGs
[2026-02-09T17:10:26.844+0000] {logging_mixin.py:190} INFO - [2026-02-09T17:10:26.843+0000] {dag.py:4180} INFO - Setting next_dagrun for Airflow_Lab2_Flask to None, run_after=None
[2026-02-09T17:10:26.857+0000] {processor.py:208} INFO - Processing /opt/airflow/dags/Flask_API.py took 0.164 seconds
[2026-02-09T17:10:33.944+0000] {processor.py:186} INFO - Started process (PID=297) to work on /opt/airflow/dags/Flask_API.py
[2026-02-09T17:10:33.945+0000] {processor.py:914} INFO - Processing file /opt/airflow/dags/Flask_API.py for tasks to queue
[2026-02-09T17:10:33.947+0000] {logging_mixin.py:190} INFO - [2026-02-09T17:10:33.946+0000] {dagbag.py:588} INFO - Filling up the DagBag from /opt/airflow/dags/Flask_API.py
[2026-02-09T17:10:33.958+0000] {processor.py:925} INFO - DAG(s) 'Airflow_Lab2_Flask' retrieved from /opt/airflow/dags/Flask_API.py
[2026-02-09T17:10:34.066+0000] {logging_mixin.py:190} INFO - [2026-02-09T17:10:34.066+0000] {dag.py:3239} INFO - Sync 1 DAGs
[2026-02-09T17:10:34.072+0000] {logging_mixin.py:190} INFO - [2026-02-09T17:10:34.071+0000] {dag.py:4180} INFO - Setting next_dagrun for Airflow_Lab2_Flask to None, run_after=None
[2026-02-09T17:10:34.080+0000] {processor.py:208} INFO - Processing /opt/airflow/dags/Flask_API.py took 0.140 seconds
[2026-02-09T17:11:04.377+0000] {processor.py:186} INFO - Started process (PID=325) to work on /opt/airflow/dags/Flask_API.py
[2026-02-09T17:11:04.378+0000] {processor.py:914} INFO - Processing file /opt/airflow/dags/Flask_API.py for tasks to queue
[2026-02-09T17:11:04.381+0000] {logging_mixin.py:190} INFO - [2026-02-09T17:11:04.381+0000] {dagbag.py:588} INFO - Filling up the DagBag from /opt/airflow/dags/Flask_API.py
[2026-02-09T17:11:04.396+0000] {processor.py:925} INFO - DAG(s) 'Airflow_Lab2_Flask' retrieved from /opt/airflow/dags/Flask_API.py
[2026-02-09T17:11:04.416+0000] {logging_mixin.py:190} INFO - [2026-02-09T17:11:04.415+0000] {dag.py:3239} INFO - Sync 1 DAGs
[2026-02-09T17:11:04.426+0000] {logging_mixin.py:190} INFO - [2026-02-09T17:11:04.425+0000] {dag.py:4180} INFO - Setting next_dagrun for Airflow_Lab2_Flask to None, run_after=None
[2026-02-09T17:11:04.436+0000] {processor.py:208} INFO - Processing /opt/airflow/dags/Flask_API.py took 0.066 seconds
[2026-02-09T17:11:10.429+0000] {processor.py:186} INFO - Started process (PID=326) to work on /opt/airflow/dags/Flask_API.py
[2026-02-09T17:11:10.429+0000] {processor.py:914} INFO - Processing file /opt/airflow/dags/Flask_API.py for tasks to queue
[2026-02-09T17:11:10.431+0000] {logging_mixin.py:190} INFO - [2026-02-09T17:11:10.431+0000] {dagbag.py:588} INFO - Filling up the DagBag from /opt/airflow/dags/Flask_API.py
[2026-02-09T17:11:10.441+0000] {processor.py:925} INFO - DAG(s) 'Airflow_Lab2_Flask' retrieved from /opt/airflow/dags/Flask_API.py
[2026-02-09T17:11:10.454+0000] {logging_mixin.py:190} INFO - [2026-02-09T17:11:10.454+0000] {dag.py:3239} INFO - Sync 1 DAGs
[2026-02-09T17:11:10.463+0000] {logging_mixin.py:190} INFO - [2026-02-09T17:11:10.462+0000] {dag.py:4180} INFO - Setting next_dagrun for Airflow_Lab2_Flask to None, run_after=None
[2026-02-09T17:11:10.473+0000] {processor.py:208} INFO - Processing /opt/airflow/dags/Flask_API.py took 0.048 seconds
[2026-02-09T17:11:26.418+0000] {processor.py:186} INFO - Started process (PID=347) to work on /opt/airflow/dags/Flask_API.py
[2026-02-09T17:11:26.419+0000] {processor.py:914} INFO - Processing file /opt/airflow/dags/Flask_API.py for tasks to queue
[2026-02-09T17:11:26.422+0000] {logging_mixin.py:190} INFO - [2026-02-09T17:11:26.421+0000] {dagbag.py:588} INFO - Filling up the DagBag from /opt/airflow/dags/Flask_API.py
[2026-02-09T17:11:26.437+0000] {processor.py:925} INFO - DAG(s) 'Airflow_Lab2_Flask' retrieved from /opt/airflow/dags/Flask_API.py
[2026-02-09T17:11:26.455+0000] {logging_mixin.py:190} INFO - [2026-02-09T17:11:26.454+0000] {dag.py:3239} INFO - Sync 1 DAGs
[2026-02-09T17:11:26.465+0000] {logging_mixin.py:190} INFO - [2026-02-09T17:11:26.465+0000] {dag.py:4180} INFO - Setting next_dagrun for Airflow_Lab2_Flask to None, run_after=None
[2026-02-09T17:11:26.479+0000] {processor.py:208} INFO - Processing /opt/airflow/dags/Flask_API.py took 0.065 seconds
[2026-02-09T17:11:56.771+0000] {processor.py:186} INFO - Started process (PID=374) to work on /opt/airflow/dags/Flask_API.py
[2026-02-09T17:11:56.772+0000] {processor.py:914} INFO - Processing file /opt/airflow/dags/Flask_API.py for tasks to queue
[2026-02-09T17:11:56.775+0000] {logging_mixin.py:190} INFO - [2026-02-09T17:11:56.775+0000] {dagbag.py:588} INFO - Filling up the DagBag from /opt/airflow/dags/Flask_API.py
[2026-02-09T17:11:56.791+0000] {processor.py:925} INFO - DAG(s) 'Airflow_Lab2_Flask' retrieved from /opt/airflow/dags/Flask_API.py
[2026-02-09T17:11:56.812+0000] {logging_mixin.py:190} INFO - [2026-02-09T17:11:56.811+0000] {dag.py:3239} INFO - Sync 1 DAGs
[2026-02-09T17:11:56.819+0000] {logging_mixin.py:190} INFO - [2026-02-09T17:11:56.819+0000] {dag.py:4180} INFO - Setting next_dagrun for Airflow_Lab2_Flask to None, run_after=None
[2026-02-09T17:11:56.830+0000] {processor.py:208} INFO - Processing /opt/airflow/dags/Flask_API.py took 0.067 seconds
[2026-02-09T17:12:26.963+0000] {processor.py:186} INFO - Started process (PID=401) to work on /opt/airflow/dags/Flask_API.py
[2026-02-09T17:12:26.964+0000] {processor.py:914} INFO - Processing file /opt/airflow/dags/Flask_API.py for tasks to queue
[2026-02-09T17:12:26.970+0000] {logging_mixin.py:190} INFO - [2026-02-09T17:12:26.969+0000] {dagbag.py:588} INFO - Filling up the DagBag from /opt/airflow/dags/Flask_API.py
[2026-02-09T17:12:26.989+0000] {processor.py:925} INFO - DAG(s) 'Airflow_Lab2_Flask' retrieved from /opt/airflow/dags/Flask_API.py
[2026-02-09T17:12:27.008+0000] {logging_mixin.py:190} INFO - [2026-02-09T17:12:27.008+0000] {dag.py:3239} INFO - Sync 1 DAGs
[2026-02-09T17:12:27.016+0000] {logging_mixin.py:190} INFO - [2026-02-09T17:12:27.015+0000] {dag.py:4180} INFO - Setting next_dagrun for Airflow_Lab2_Flask to None, run_after=None
[2026-02-09T17:12:27.024+0000] {processor.py:208} INFO - Processing /opt/airflow/dags/Flask_API.py took 0.069 seconds
[2026-02-09T17:12:57.182+0000] {processor.py:186} INFO - Started process (PID=428) to work on /opt/airflow/dags/Flask_API.py
[2026-02-09T17:12:57.183+0000] {processor.py:914} INFO - Processing file /opt/airflow/dags/Flask_API.py for tasks to queue
[2026-02-09T17:12:57.186+0000] {logging_mixin.py:190} INFO - [2026-02-09T17:12:57.186+0000] {dagbag.py:588} INFO - Filling up the DagBag from /opt/airflow/dags/Flask_API.py
[2026-02-09T17:12:57.202+0000] {processor.py:925} INFO - DAG(s) 'Airflow_Lab2_Flask' retrieved from /opt/airflow/dags/Flask_API.py
[2026-02-09T17:12:57.223+0000] {logging_mixin.py:190} INFO - [2026-02-09T17:12:57.223+0000] {dag.py:3239} INFO - Sync 1 DAGs
[2026-02-09T17:12:57.231+0000] {logging_mixin.py:190} INFO - [2026-02-09T17:12:57.231+0000] {dag.py:4180} INFO - Setting next_dagrun for Airflow_Lab2_Flask to None, run_after=None
[2026-02-09T17:12:57.242+0000] {processor.py:208} INFO - Processing /opt/airflow/dags/Flask_API.py took 0.068 seconds
[2026-02-09T17:13:27.323+0000] {processor.py:186} INFO - Started process (PID=456) to work on /opt/airflow/dags/Flask_API.py
[2026-02-09T17:13:27.324+0000] {processor.py:914} INFO - Processing file /opt/airflow/dags/Flask_API.py for tasks to queue
[2026-02-09T17:13:27.327+0000] {logging_mixin.py:190} INFO - [2026-02-09T17:13:27.327+0000] {dagbag.py:588} INFO - Filling up the DagBag from /opt/airflow/dags/Flask_API.py
[2026-02-09T17:13:27.342+0000] {processor.py:925} INFO - DAG(s) 'Airflow_Lab2_Flask' retrieved from /opt/airflow/dags/Flask_API.py
[2026-02-09T17:13:27.362+0000] {logging_mixin.py:190} INFO - [2026-02-09T17:13:27.362+0000] {dag.py:3239} INFO - Sync 1 DAGs
[2026-02-09T17:13:27.370+0000] {logging_mixin.py:190} INFO - [2026-02-09T17:13:27.370+0000] {dag.py:4180} INFO - Setting next_dagrun for Airflow_Lab2_Flask to None, run_after=None
[2026-02-09T17:13:27.378+0000] {processor.py:208} INFO - Processing /opt/airflow/dags/Flask_API.py took 0.062 seconds
[2026-02-09T17:13:57.461+0000] {processor.py:186} INFO - Started process (PID=483) to work on /opt/airflow/dags/Flask_API.py
[2026-02-09T17:13:57.462+0000] {processor.py:914} INFO - Processing file /opt/airflow/dags/Flask_API.py for tasks to queue
[2026-02-09T17:13:57.465+0000] {logging_mixin.py:190} INFO - [2026-02-09T17:13:57.464+0000] {dagbag.py:588} INFO - Filling up the DagBag from /opt/airflow/dags/Flask_API.py
[2026-02-09T17:13:57.479+0000] {processor.py:925} INFO - DAG(s) 'Airflow_Lab2_Flask' retrieved from /opt/airflow/dags/Flask_API.py
[2026-02-09T17:13:57.496+0000] {logging_mixin.py:190} INFO - [2026-02-09T17:13:57.496+0000] {dag.py:3239} INFO - Sync 1 DAGs
[2026-02-09T17:13:57.503+0000] {logging_mixin.py:190} INFO - [2026-02-09T17:13:57.503+0000] {dag.py:4180} INFO - Setting next_dagrun for Airflow_Lab2_Flask to None, run_after=None
[2026-02-09T17:13:57.511+0000] {processor.py:208} INFO - Processing /opt/airflow/dags/Flask_API.py took 0.058 seconds
[2026-02-09T17:14:27.567+0000] {processor.py:186} INFO - Started process (PID=510) to work on /opt/airflow/dags/Flask_API.py
[2026-02-09T17:14:27.568+0000] {processor.py:914} INFO - Processing file /opt/airflow/dags/Flask_API.py for tasks to queue
[2026-02-09T17:14:27.571+0000] {logging_mixin.py:190} INFO - [2026-02-09T17:14:27.571+0000] {dagbag.py:588} INFO - Filling up the DagBag from /opt/airflow/dags/Flask_API.py
[2026-02-09T17:14:27.584+0000] {processor.py:925} INFO - DAG(s) 'Airflow_Lab2_Flask' retrieved from /opt/airflow/dags/Flask_API.py
[2026-02-09T17:14:27.599+0000] {logging_mixin.py:190} INFO - [2026-02-09T17:14:27.599+0000] {dag.py:3239} INFO - Sync 1 DAGs
[2026-02-09T17:14:27.606+0000] {logging_mixin.py:190} INFO - [2026-02-09T17:14:27.606+0000] {dag.py:4180} INFO - Setting next_dagrun for Airflow_Lab2_Flask to None, run_after=None
[2026-02-09T17:14:27.615+0000] {processor.py:208} INFO - Processing /opt/airflow/dags/Flask_API.py took 0.055 seconds
[2026-02-09T17:14:57.682+0000] {processor.py:186} INFO - Started process (PID=537) to work on /opt/airflow/dags/Flask_API.py
[2026-02-09T17:14:57.682+0000] {processor.py:914} INFO - Processing file /opt/airflow/dags/Flask_API.py for tasks to queue
[2026-02-09T17:14:57.684+0000] {logging_mixin.py:190} INFO - [2026-02-09T17:14:57.683+0000] {dagbag.py:588} INFO - Filling up the DagBag from /opt/airflow/dags/Flask_API.py
[2026-02-09T17:14:57.691+0000] {processor.py:925} INFO - DAG(s) 'Airflow_Lab2_Flask' retrieved from /opt/airflow/dags/Flask_API.py
[2026-02-09T17:14:57.703+0000] {logging_mixin.py:190} INFO - [2026-02-09T17:14:57.703+0000] {dag.py:3239} INFO - Sync 1 DAGs
[2026-02-09T17:14:57.709+0000] {logging_mixin.py:190} INFO - [2026-02-09T17:14:57.709+0000] {dag.py:4180} INFO - Setting next_dagrun for Airflow_Lab2_Flask to None, run_after=None
[2026-02-09T17:14:57.718+0000] {processor.py:208} INFO - Processing /opt/airflow/dags/Flask_API.py took 0.040 seconds
[2026-02-09T17:15:27.814+0000] {processor.py:186} INFO - Started process (PID=564) to work on /opt/airflow/dags/Flask_API.py
[2026-02-09T17:15:27.815+0000] {processor.py:914} INFO - Processing file /opt/airflow/dags/Flask_API.py for tasks to queue
[2026-02-09T17:15:27.818+0000] {logging_mixin.py:190} INFO - [2026-02-09T17:15:27.817+0000] {dagbag.py:588} INFO - Filling up the DagBag from /opt/airflow/dags/Flask_API.py
[2026-02-09T17:15:27.833+0000] {processor.py:925} INFO - DAG(s) 'Airflow_Lab2_Flask' retrieved from /opt/airflow/dags/Flask_API.py
[2026-02-09T17:15:27.847+0000] {logging_mixin.py:190} INFO - [2026-02-09T17:15:27.847+0000] {dag.py:3239} INFO - Sync 1 DAGs
[2026-02-09T17:15:27.856+0000] {logging_mixin.py:190} INFO - [2026-02-09T17:15:27.855+0000] {dag.py:4180} INFO - Setting next_dagrun for Airflow_Lab2_Flask to None, run_after=None
[2026-02-09T17:15:27.868+0000] {processor.py:208} INFO - Processing /opt/airflow/dags/Flask_API.py took 0.062 seconds
[2026-02-09T17:15:58.012+0000] {processor.py:186} INFO - Started process (PID=591) to work on /opt/airflow/dags/Flask_API.py
[2026-02-09T17:15:58.014+0000] {processor.py:914} INFO - Processing file /opt/airflow/dags/Flask_API.py for tasks to queue
[2026-02-09T17:15:58.017+0000] {logging_mixin.py:190} INFO - [2026-02-09T17:15:58.016+0000] {dagbag.py:588} INFO - Filling up the DagBag from /opt/airflow/dags/Flask_API.py
[2026-02-09T17:15:58.035+0000] {processor.py:925} INFO - DAG(s) 'Airflow_Lab2_Flask' retrieved from /opt/airflow/dags/Flask_API.py
[2026-02-09T17:15:58.053+0000] {logging_mixin.py:190} INFO - [2026-02-09T17:15:58.053+0000] {dag.py:3239} INFO - Sync 1 DAGs
[2026-02-09T17:15:58.060+0000] {logging_mixin.py:190} INFO - [2026-02-09T17:15:58.060+0000] {dag.py:4180} INFO - Setting next_dagrun for Airflow_Lab2_Flask to None, run_after=None
[2026-02-09T17:15:58.069+0000] {processor.py:208} INFO - Processing /opt/airflow/dags/Flask_API.py took 0.064 seconds
[2026-02-09T17:16:23.345+0000] {processor.py:186} INFO - Started process (PID=598) to work on /opt/airflow/dags/Flask_API.py
[2026-02-09T17:16:23.346+0000] {processor.py:914} INFO - Processing file /opt/airflow/dags/Flask_API.py for tasks to queue
[2026-02-09T17:16:23.349+0000] {logging_mixin.py:190} INFO - [2026-02-09T17:16:23.348+0000] {dagbag.py:588} INFO - Filling up the DagBag from /opt/airflow/dags/Flask_API.py
[2026-02-09T17:16:23.371+0000] {processor.py:925} INFO - DAG(s) 'Airflow_Lab2_Flask' retrieved from /opt/airflow/dags/Flask_API.py
[2026-02-09T17:16:23.387+0000] {logging_mixin.py:190} INFO - [2026-02-09T17:16:23.387+0000] {dag.py:3239} INFO - Sync 1 DAGs
[2026-02-09T17:16:23.396+0000] {logging_mixin.py:190} INFO - [2026-02-09T17:16:23.396+0000] {dag.py:4180} INFO - Setting next_dagrun for Airflow_Lab2_Flask to None, run_after=None
[2026-02-09T17:16:23.409+0000] {processor.py:208} INFO - Processing /opt/airflow/dags/Flask_API.py took 0.072 seconds
[2026-02-09T17:17:21.514+0000] {processor.py:186} INFO - Started process (PID=73) to work on /opt/airflow/dags/Flask_API.py
[2026-02-09T17:17:21.516+0000] {processor.py:914} INFO - Processing file /opt/airflow/dags/Flask_API.py for tasks to queue
[2026-02-09T17:17:21.520+0000] {logging_mixin.py:190} INFO - [2026-02-09T17:17:21.520+0000] {dagbag.py:588} INFO - Filling up the DagBag from /opt/airflow/dags/Flask_API.py
[2026-02-09T17:17:21.544+0000] {processor.py:925} INFO - DAG(s) 'Airflow_Lab2_Flask' retrieved from /opt/airflow/dags/Flask_API.py
[2026-02-09T17:17:21.720+0000] {logging_mixin.py:190} INFO - [2026-02-09T17:17:21.720+0000] {override.py:1900} INFO - Created Permission View: can delete on DAG:Airflow_Lab2_Flask
[2026-02-09T17:17:21.730+0000] {logging_mixin.py:190} INFO - [2026-02-09T17:17:21.729+0000] {override.py:1900} INFO - Created Permission View: can read on DAG:Airflow_Lab2_Flask
[2026-02-09T17:17:21.735+0000] {logging_mixin.py:190} INFO - [2026-02-09T17:17:21.735+0000] {override.py:1900} INFO - Created Permission View: can edit on DAG:Airflow_Lab2_Flask
[2026-02-09T17:17:21.744+0000] {logging_mixin.py:190} INFO - [2026-02-09T17:17:21.744+0000] {override.py:1900} INFO - Created Permission View: can delete on DAG Run:Airflow_Lab2_Flask
[2026-02-09T17:17:21.751+0000] {logging_mixin.py:190} INFO - [2026-02-09T17:17:21.751+0000] {override.py:1900} INFO - Created Permission View: can read on DAG Run:Airflow_Lab2_Flask
[2026-02-09T17:17:21.755+0000] {logging_mixin.py:190} INFO - [2026-02-09T17:17:21.755+0000] {override.py:1900} INFO - Created Permission View: menu access on DAG Run:Airflow_Lab2_Flask
[2026-02-09T17:17:21.762+0000] {logging_mixin.py:190} INFO - [2026-02-09T17:17:21.762+0000] {override.py:1900} INFO - Created Permission View: can create on DAG Run:Airflow_Lab2_Flask
[2026-02-09T17:17:21.763+0000] {logging_mixin.py:190} INFO - [2026-02-09T17:17:21.763+0000] {dag.py:3239} INFO - Sync 1 DAGs
[2026-02-09T17:17:21.771+0000] {logging_mixin.py:190} INFO - [2026-02-09T17:17:21.771+0000] {dag.py:3262} INFO - Creating ORM DAG for Airflow_Lab2_Flask
[2026-02-09T17:17:21.772+0000] {logging_mixin.py:190} INFO - [2026-02-09T17:17:21.772+0000] {dag.py:4180} INFO - Setting next_dagrun for Airflow_Lab2_Flask to None, run_after=None
[2026-02-09T17:17:21.782+0000] {processor.py:208} INFO - Processing /opt/airflow/dags/Flask_API.py took 0.273 seconds
[2026-02-09T17:17:52.672+0000] {processor.py:186} INFO - Started process (PID=106) to work on /opt/airflow/dags/Flask_API.py
[2026-02-09T17:17:52.673+0000] {processor.py:914} INFO - Processing file /opt/airflow/dags/Flask_API.py for tasks to queue
[2026-02-09T17:17:52.675+0000] {logging_mixin.py:190} INFO - [2026-02-09T17:17:52.675+0000] {dagbag.py:588} INFO - Filling up the DagBag from /opt/airflow/dags/Flask_API.py
[2026-02-09T17:17:52.687+0000] {processor.py:925} INFO - DAG(s) 'Airflow_Lab2_Flask' retrieved from /opt/airflow/dags/Flask_API.py
[2026-02-09T17:17:52.700+0000] {logging_mixin.py:190} INFO - [2026-02-09T17:17:52.700+0000] {dag.py:3239} INFO - Sync 1 DAGs
[2026-02-09T17:17:52.708+0000] {logging_mixin.py:190} INFO - [2026-02-09T17:17:52.708+0000] {dag.py:4180} INFO - Setting next_dagrun for Airflow_Lab2_Flask to None, run_after=None
[2026-02-09T17:17:52.717+0000] {processor.py:208} INFO - Processing /opt/airflow/dags/Flask_API.py took 0.050 seconds
[2026-02-09T17:18:22.823+0000] {processor.py:186} INFO - Started process (PID=137) to work on /opt/airflow/dags/Flask_API.py
[2026-02-09T17:18:22.824+0000] {processor.py:914} INFO - Processing file /opt/airflow/dags/Flask_API.py for tasks to queue
[2026-02-09T17:18:22.826+0000] {logging_mixin.py:190} INFO - [2026-02-09T17:18:22.826+0000] {dagbag.py:588} INFO - Filling up the DagBag from /opt/airflow/dags/Flask_API.py
[2026-02-09T17:18:22.840+0000] {processor.py:925} INFO - DAG(s) 'Airflow_Lab2_Flask' retrieved from /opt/airflow/dags/Flask_API.py
[2026-02-09T17:18:22.857+0000] {logging_mixin.py:190} INFO - [2026-02-09T17:18:22.857+0000] {dag.py:3239} INFO - Sync 1 DAGs
[2026-02-09T17:18:22.867+0000] {logging_mixin.py:190} INFO - [2026-02-09T17:18:22.867+0000] {dag.py:4180} INFO - Setting next_dagrun for Airflow_Lab2_Flask to None, run_after=None
[2026-02-09T17:18:22.880+0000] {processor.py:208} INFO - Processing /opt/airflow/dags/Flask_API.py took 0.063 seconds
[2026-02-09T17:18:53.237+0000] {processor.py:186} INFO - Started process (PID=163) to work on /opt/airflow/dags/Flask_API.py
[2026-02-09T17:18:53.239+0000] {processor.py:914} INFO - Processing file /opt/airflow/dags/Flask_API.py for tasks to queue
[2026-02-09T17:18:53.242+0000] {logging_mixin.py:190} INFO - [2026-02-09T17:18:53.241+0000] {dagbag.py:588} INFO - Filling up the DagBag from /opt/airflow/dags/Flask_API.py
[2026-02-09T17:18:53.260+0000] {processor.py:925} INFO - DAG(s) 'Airflow_Lab2_Flask' retrieved from /opt/airflow/dags/Flask_API.py
[2026-02-09T17:18:53.282+0000] {logging_mixin.py:190} INFO - [2026-02-09T17:18:53.282+0000] {dag.py:3239} INFO - Sync 1 DAGs
[2026-02-09T17:18:53.291+0000] {logging_mixin.py:190} INFO - [2026-02-09T17:18:53.291+0000] {dag.py:4180} INFO - Setting next_dagrun for Airflow_Lab2_Flask to None, run_after=None
[2026-02-09T17:18:53.301+0000] {processor.py:208} INFO - Processing /opt/airflow/dags/Flask_API.py took 0.070 seconds
[2026-02-09T17:19:23.407+0000] {processor.py:186} INFO - Started process (PID=190) to work on /opt/airflow/dags/Flask_API.py
[2026-02-09T17:19:23.408+0000] {processor.py:914} INFO - Processing file /opt/airflow/dags/Flask_API.py for tasks to queue
[2026-02-09T17:19:23.409+0000] {logging_mixin.py:190} INFO - [2026-02-09T17:19:23.409+0000] {dagbag.py:588} INFO - Filling up the DagBag from /opt/airflow/dags/Flask_API.py
[2026-02-09T17:19:23.419+0000] {processor.py:925} INFO - DAG(s) 'Airflow_Lab2_Flask' retrieved from /opt/airflow/dags/Flask_API.py
[2026-02-09T17:19:23.433+0000] {logging_mixin.py:190} INFO - [2026-02-09T17:19:23.432+0000] {dag.py:3239} INFO - Sync 1 DAGs
[2026-02-09T17:19:23.441+0000] {logging_mixin.py:190} INFO - [2026-02-09T17:19:23.441+0000] {dag.py:4180} INFO - Setting next_dagrun for Airflow_Lab2_Flask to None, run_after=None
[2026-02-09T17:19:23.451+0000] {processor.py:208} INFO - Processing /opt/airflow/dags/Flask_API.py took 0.047 seconds
[2026-02-09T17:19:53.488+0000] {processor.py:186} INFO - Started process (PID=217) to work on /opt/airflow/dags/Flask_API.py
[2026-02-09T17:19:53.489+0000] {processor.py:914} INFO - Processing file /opt/airflow/dags/Flask_API.py for tasks to queue
[2026-02-09T17:19:53.492+0000] {logging_mixin.py:190} INFO - [2026-02-09T17:19:53.492+0000] {dagbag.py:588} INFO - Filling up the DagBag from /opt/airflow/dags/Flask_API.py
[2026-02-09T17:19:53.509+0000] {processor.py:925} INFO - DAG(s) 'Airflow_Lab2_Flask' retrieved from /opt/airflow/dags/Flask_API.py
[2026-02-09T17:19:53.528+0000] {logging_mixin.py:190} INFO - [2026-02-09T17:19:53.528+0000] {dag.py:3239} INFO - Sync 1 DAGs
[2026-02-09T17:19:53.536+0000] {logging_mixin.py:190} INFO - [2026-02-09T17:19:53.536+0000] {dag.py:4180} INFO - Setting next_dagrun for Airflow_Lab2_Flask to None, run_after=None
[2026-02-09T17:19:53.545+0000] {processor.py:208} INFO - Processing /opt/airflow/dags/Flask_API.py took 0.065 seconds
[2026-02-09T17:23:51.161+0000] {processor.py:186} INFO - Started process (PID=75) to work on /opt/airflow/dags/Flask_API.py
[2026-02-09T17:23:51.162+0000] {processor.py:914} INFO - Processing file /opt/airflow/dags/Flask_API.py for tasks to queue
[2026-02-09T17:23:51.165+0000] {logging_mixin.py:190} INFO - [2026-02-09T17:23:51.165+0000] {dagbag.py:588} INFO - Filling up the DagBag from /opt/airflow/dags/Flask_API.py
[2026-02-09T17:23:51.184+0000] {processor.py:925} INFO - DAG(s) 'Airflow_Lab2_Flask' retrieved from /opt/airflow/dags/Flask_API.py
[2026-02-09T17:23:51.210+0000] {logging_mixin.py:190} INFO - [2026-02-09T17:23:51.210+0000] {dag.py:3239} INFO - Sync 1 DAGs
[2026-02-09T17:23:51.222+0000] {logging_mixin.py:190} INFO - [2026-02-09T17:23:51.222+0000] {dag.py:4180} INFO - Setting next_dagrun for Airflow_Lab2_Flask to None, run_after=None
[2026-02-09T17:23:51.235+0000] {processor.py:208} INFO - Processing /opt/airflow/dags/Flask_API.py took 0.079 seconds
[2026-02-09T17:24:21.555+0000] {processor.py:186} INFO - Started process (PID=102) to work on /opt/airflow/dags/Flask_API.py
[2026-02-09T17:24:21.556+0000] {processor.py:914} INFO - Processing file /opt/airflow/dags/Flask_API.py for tasks to queue
[2026-02-09T17:24:21.559+0000] {logging_mixin.py:190} INFO - [2026-02-09T17:24:21.559+0000] {dagbag.py:588} INFO - Filling up the DagBag from /opt/airflow/dags/Flask_API.py
[2026-02-09T17:24:21.573+0000] {processor.py:925} INFO - DAG(s) 'Airflow_Lab2_Flask' retrieved from /opt/airflow/dags/Flask_API.py
[2026-02-09T17:24:21.585+0000] {logging_mixin.py:190} INFO - [2026-02-09T17:24:21.584+0000] {dag.py:3239} INFO - Sync 1 DAGs
[2026-02-09T17:24:21.592+0000] {logging_mixin.py:190} INFO - [2026-02-09T17:24:21.592+0000] {dag.py:4180} INFO - Setting next_dagrun for Airflow_Lab2_Flask to None, run_after=None
[2026-02-09T17:24:21.601+0000] {processor.py:208} INFO - Processing /opt/airflow/dags/Flask_API.py took 0.052 seconds
[2026-02-09T17:24:51.726+0000] {processor.py:186} INFO - Started process (PID=133) to work on /opt/airflow/dags/Flask_API.py
[2026-02-09T17:24:51.727+0000] {processor.py:914} INFO - Processing file /opt/airflow/dags/Flask_API.py for tasks to queue
[2026-02-09T17:24:51.733+0000] {logging_mixin.py:190} INFO - [2026-02-09T17:24:51.732+0000] {dagbag.py:588} INFO - Filling up the DagBag from /opt/airflow/dags/Flask_API.py
[2026-02-09T17:24:51.761+0000] {processor.py:925} INFO - DAG(s) 'Airflow_Lab2_Flask' retrieved from /opt/airflow/dags/Flask_API.py
[2026-02-09T17:24:51.784+0000] {logging_mixin.py:190} INFO - [2026-02-09T17:24:51.784+0000] {dag.py:3239} INFO - Sync 1 DAGs
[2026-02-09T17:24:51.795+0000] {logging_mixin.py:190} INFO - [2026-02-09T17:24:51.795+0000] {dag.py:4180} INFO - Setting next_dagrun for Airflow_Lab2_Flask to None, run_after=None
[2026-02-09T17:24:51.812+0000] {processor.py:208} INFO - Processing /opt/airflow/dags/Flask_API.py took 0.101 seconds
[2026-02-09T17:25:21.878+0000] {processor.py:186} INFO - Started process (PID=159) to work on /opt/airflow/dags/Flask_API.py
[2026-02-09T17:25:21.879+0000] {processor.py:914} INFO - Processing file /opt/airflow/dags/Flask_API.py for tasks to queue
[2026-02-09T17:25:21.881+0000] {logging_mixin.py:190} INFO - [2026-02-09T17:25:21.881+0000] {dagbag.py:588} INFO - Filling up the DagBag from /opt/airflow/dags/Flask_API.py
[2026-02-09T17:25:21.893+0000] {processor.py:925} INFO - DAG(s) 'Airflow_Lab2_Flask' retrieved from /opt/airflow/dags/Flask_API.py
[2026-02-09T17:25:21.908+0000] {logging_mixin.py:190} INFO - [2026-02-09T17:25:21.908+0000] {dag.py:3239} INFO - Sync 1 DAGs
[2026-02-09T17:25:21.917+0000] {logging_mixin.py:190} INFO - [2026-02-09T17:25:21.917+0000] {dag.py:4180} INFO - Setting next_dagrun for Airflow_Lab2_Flask to None, run_after=None
[2026-02-09T17:25:21.928+0000] {processor.py:208} INFO - Processing /opt/airflow/dags/Flask_API.py took 0.056 seconds
[2026-02-09T17:25:52.096+0000] {processor.py:186} INFO - Started process (PID=186) to work on /opt/airflow/dags/Flask_API.py
[2026-02-09T17:25:52.097+0000] {processor.py:914} INFO - Processing file /opt/airflow/dags/Flask_API.py for tasks to queue
[2026-02-09T17:25:52.102+0000] {logging_mixin.py:190} INFO - [2026-02-09T17:25:52.101+0000] {dagbag.py:588} INFO - Filling up the DagBag from /opt/airflow/dags/Flask_API.py
[2026-02-09T17:25:52.118+0000] {processor.py:925} INFO - DAG(s) 'Airflow_Lab2_Flask' retrieved from /opt/airflow/dags/Flask_API.py
[2026-02-09T17:25:52.139+0000] {logging_mixin.py:190} INFO - [2026-02-09T17:25:52.139+0000] {dag.py:3239} INFO - Sync 1 DAGs
[2026-02-09T17:25:52.148+0000] {logging_mixin.py:190} INFO - [2026-02-09T17:25:52.148+0000] {dag.py:4180} INFO - Setting next_dagrun for Airflow_Lab2_Flask to None, run_after=None
[2026-02-09T17:25:52.157+0000] {processor.py:208} INFO - Processing /opt/airflow/dags/Flask_API.py took 0.070 seconds
[2026-02-09T17:26:22.246+0000] {processor.py:186} INFO - Started process (PID=213) to work on /opt/airflow/dags/Flask_API.py
[2026-02-09T17:26:22.247+0000] {processor.py:914} INFO - Processing file /opt/airflow/dags/Flask_API.py for tasks to queue
[2026-02-09T17:26:22.249+0000] {logging_mixin.py:190} INFO - [2026-02-09T17:26:22.249+0000] {dagbag.py:588} INFO - Filling up the DagBag from /opt/airflow/dags/Flask_API.py
[2026-02-09T17:26:22.261+0000] {processor.py:925} INFO - DAG(s) 'Airflow_Lab2_Flask' retrieved from /opt/airflow/dags/Flask_API.py
[2026-02-09T17:26:22.273+0000] {logging_mixin.py:190} INFO - [2026-02-09T17:26:22.273+0000] {dag.py:3239} INFO - Sync 1 DAGs
[2026-02-09T17:26:22.282+0000] {logging_mixin.py:190} INFO - [2026-02-09T17:26:22.281+0000] {dag.py:4180} INFO - Setting next_dagrun for Airflow_Lab2_Flask to None, run_after=None
[2026-02-09T17:26:22.291+0000] {processor.py:208} INFO - Processing /opt/airflow/dags/Flask_API.py took 0.050 seconds
[2026-02-09T17:26:52.334+0000] {processor.py:186} INFO - Started process (PID=240) to work on /opt/airflow/dags/Flask_API.py
[2026-02-09T17:26:52.334+0000] {processor.py:914} INFO - Processing file /opt/airflow/dags/Flask_API.py for tasks to queue
[2026-02-09T17:26:52.336+0000] {logging_mixin.py:190} INFO - [2026-02-09T17:26:52.336+0000] {dagbag.py:588} INFO - Filling up the DagBag from /opt/airflow/dags/Flask_API.py
[2026-02-09T17:26:52.350+0000] {processor.py:925} INFO - DAG(s) 'Airflow_Lab2_Flask' retrieved from /opt/airflow/dags/Flask_API.py
[2026-02-09T17:26:52.364+0000] {logging_mixin.py:190} INFO - [2026-02-09T17:26:52.364+0000] {dag.py:3239} INFO - Sync 1 DAGs
[2026-02-09T17:26:52.375+0000] {logging_mixin.py:190} INFO - [2026-02-09T17:26:52.375+0000] {dag.py:4180} INFO - Setting next_dagrun for Airflow_Lab2_Flask to None, run_after=None
[2026-02-09T17:26:52.388+0000] {processor.py:208} INFO - Processing /opt/airflow/dags/Flask_API.py took 0.058 seconds
[2026-02-09T17:27:22.780+0000] {processor.py:186} INFO - Started process (PID=273) to work on /opt/airflow/dags/Flask_API.py
[2026-02-09T17:27:22.781+0000] {processor.py:914} INFO - Processing file /opt/airflow/dags/Flask_API.py for tasks to queue
[2026-02-09T17:27:22.784+0000] {logging_mixin.py:190} INFO - [2026-02-09T17:27:22.784+0000] {dagbag.py:588} INFO - Filling up the DagBag from /opt/airflow/dags/Flask_API.py
[2026-02-09T17:27:22.801+0000] {processor.py:925} INFO - DAG(s) 'Airflow_Lab2_Flask' retrieved from /opt/airflow/dags/Flask_API.py
[2026-02-09T17:27:22.821+0000] {logging_mixin.py:190} INFO - [2026-02-09T17:27:22.821+0000] {dag.py:3239} INFO - Sync 1 DAGs
[2026-02-09T17:27:22.829+0000] {logging_mixin.py:190} INFO - [2026-02-09T17:27:22.829+0000] {dag.py:4180} INFO - Setting next_dagrun for Airflow_Lab2_Flask to None, run_after=None
[2026-02-09T17:27:22.942+0000] {processor.py:208} INFO - Processing /opt/airflow/dags/Flask_API.py took 0.170 seconds
[2026-02-09T17:27:53.009+0000] {processor.py:186} INFO - Started process (PID=300) to work on /opt/airflow/dags/Flask_API.py
[2026-02-09T17:27:53.010+0000] {processor.py:914} INFO - Processing file /opt/airflow/dags/Flask_API.py for tasks to queue
[2026-02-09T17:27:53.012+0000] {logging_mixin.py:190} INFO - [2026-02-09T17:27:53.012+0000] {dagbag.py:588} INFO - Filling up the DagBag from /opt/airflow/dags/Flask_API.py
[2026-02-09T17:27:53.024+0000] {processor.py:925} INFO - DAG(s) 'Airflow_Lab2_Flask' retrieved from /opt/airflow/dags/Flask_API.py
[2026-02-09T17:27:53.038+0000] {logging_mixin.py:190} INFO - [2026-02-09T17:27:53.038+0000] {dag.py:3239} INFO - Sync 1 DAGs
[2026-02-09T17:27:53.137+0000] {logging_mixin.py:190} INFO - [2026-02-09T17:27:53.137+0000] {dag.py:4180} INFO - Setting next_dagrun for Airflow_Lab2_Flask to None, run_after=None
[2026-02-09T17:27:53.144+0000] {processor.py:208} INFO - Processing /opt/airflow/dags/Flask_API.py took 0.141 seconds
