[2026-02-07T18:37:16.776+0000] {local_task_job_runner.py:123} INFO - ::group::Pre task execution logs
[2026-02-07T18:37:16.786+0000] {taskinstance.py:2612} INFO - Dependencies all met for dep_context=non-requeueable deps ti=<TaskInstance: Airflow_Lab2.load_model_task scheduled__2026-02-06T00:00:00+00:00 [queued]>
[2026-02-07T18:37:16.790+0000] {taskinstance.py:2612} INFO - Dependencies all met for dep_context=requeueable deps ti=<TaskInstance: Airflow_Lab2.load_model_task scheduled__2026-02-06T00:00:00+00:00 [queued]>
[2026-02-07T18:37:16.791+0000] {taskinstance.py:2865} INFO - Starting attempt 1 of 1
[2026-02-07T18:37:16.797+0000] {taskinstance.py:2888} INFO - Executing <Task(PythonOperator): load_model_task> on 2026-02-06 00:00:00+00:00
[2026-02-07T18:37:16.801+0000] {warnings.py:112} WARNING - /home/***/.local/lib/python3.12/site-packages/***/task/task_runner/standard_task_runner.py:70: DeprecationWarning: This process (pid=146) is multi-threaded, use of fork() may lead to deadlocks in the child.
  pid = os.fork()

[2026-02-07T18:37:16.803+0000] {standard_task_runner.py:72} INFO - Started process 156 to run task
[2026-02-07T18:37:16.803+0000] {standard_task_runner.py:104} INFO - Running: ['***', 'tasks', 'run', 'Airflow_Lab2', 'load_model_task', 'scheduled__2026-02-06T00:00:00+00:00', '--job-id', '21', '--raw', '--subdir', 'DAGS_FOLDER/main.py', '--cfg-path', '/tmp/tmpmrwd8q8p']
[2026-02-07T18:37:16.804+0000] {standard_task_runner.py:105} INFO - Job 21: Subtask load_model_task
[2026-02-07T18:37:16.836+0000] {task_command.py:467} INFO - Running <TaskInstance: Airflow_Lab2.load_model_task scheduled__2026-02-06T00:00:00+00:00 [running]> on host b5a737c6612d
[2026-02-07T18:37:16.889+0000] {taskinstance.py:3131} INFO - Exporting env vars: AIRFLOW_CTX_DAG_OWNER='***' AIRFLOW_CTX_DAG_ID='Airflow_Lab2' AIRFLOW_CTX_TASK_ID='load_model_task' AIRFLOW_CTX_EXECUTION_DATE='2026-02-06T00:00:00+00:00' AIRFLOW_CTX_TRY_NUMBER='1' AIRFLOW_CTX_DAG_RUN_ID='scheduled__2026-02-06T00:00:00+00:00'
[2026-02-07T18:37:16.890+0000] {taskinstance.py:731} INFO - ::endgroup::
[2026-02-07T18:37:16.902+0000] {logging_mixin.py:190} INFO - Model score on test data: 0.97
[2026-02-07T18:37:16.903+0000] {python.py:240} INFO - Done. Returned value was: 1
[2026-02-07T18:37:16.916+0000] {taskinstance.py:340} INFO - ::group::Post task execution logs
[2026-02-07T18:37:16.916+0000] {taskinstance.py:352} INFO - Marking task as SUCCESS. dag_id=Airflow_Lab2, task_id=load_model_task, run_id=scheduled__2026-02-06T00:00:00+00:00, execution_date=20260206T000000, start_date=20260207T183716, end_date=20260207T183716
[2026-02-07T18:37:16.945+0000] {local_task_job_runner.py:266} INFO - Task exited with return code 0
[2026-02-07T18:37:16.958+0000] {taskinstance.py:3900} INFO - 2 downstream tasks scheduled from follow-on schedule check
[2026-02-07T18:37:16.959+0000] {local_task_job_runner.py:245} INFO - ::endgroup::
[2026-02-07T19:03:03.140+0000] {local_task_job_runner.py:123} INFO - ::group::Pre task execution logs
[2026-02-07T19:03:03.148+0000] {taskinstance.py:2612} INFO - Dependencies all met for dep_context=non-requeueable deps ti=<TaskInstance: Airflow_Lab2.load_model_task scheduled__2026-02-06T00:00:00+00:00 [queued]>
[2026-02-07T19:03:03.152+0000] {taskinstance.py:2612} INFO - Dependencies all met for dep_context=requeueable deps ti=<TaskInstance: Airflow_Lab2.load_model_task scheduled__2026-02-06T00:00:00+00:00 [queued]>
[2026-02-07T19:03:03.152+0000] {taskinstance.py:2865} INFO - Starting attempt 1 of 1
[2026-02-07T19:03:03.158+0000] {taskinstance.py:2888} INFO - Executing <Task(PythonOperator): load_model_task> on 2026-02-06 00:00:00+00:00
[2026-02-07T19:03:03.162+0000] {warnings.py:112} WARNING - /home/***/.local/lib/python3.12/site-packages/***/task/task_runner/standard_task_runner.py:70: DeprecationWarning: This process (pid=146) is multi-threaded, use of fork() may lead to deadlocks in the child.
  pid = os.fork()

[2026-02-07T19:03:03.163+0000] {standard_task_runner.py:72} INFO - Started process 156 to run task
[2026-02-07T19:03:03.163+0000] {standard_task_runner.py:104} INFO - Running: ['***', 'tasks', 'run', 'Airflow_Lab2', 'load_model_task', 'scheduled__2026-02-06T00:00:00+00:00', '--job-id', '8', '--raw', '--subdir', 'DAGS_FOLDER/main.py', '--cfg-path', '/tmp/tmpbn0_k0g3']
[2026-02-07T19:03:03.165+0000] {standard_task_runner.py:105} INFO - Job 8: Subtask load_model_task
[2026-02-07T19:03:03.188+0000] {task_command.py:467} INFO - Running <TaskInstance: Airflow_Lab2.load_model_task scheduled__2026-02-06T00:00:00+00:00 [running]> on host 96e0b0316054
[2026-02-07T19:03:03.227+0000] {taskinstance.py:3131} INFO - Exporting env vars: AIRFLOW_CTX_DAG_OWNER='***' AIRFLOW_CTX_DAG_ID='Airflow_Lab2' AIRFLOW_CTX_TASK_ID='load_model_task' AIRFLOW_CTX_EXECUTION_DATE='2026-02-06T00:00:00+00:00' AIRFLOW_CTX_TRY_NUMBER='1' AIRFLOW_CTX_DAG_RUN_ID='scheduled__2026-02-06T00:00:00+00:00'
[2026-02-07T19:03:03.227+0000] {taskinstance.py:731} INFO - ::endgroup::
[2026-02-07T19:03:03.236+0000] {logging_mixin.py:190} INFO - Model score on test data: 0.97
[2026-02-07T19:03:03.236+0000] {python.py:240} INFO - Done. Returned value was: 1
[2026-02-07T19:03:03.247+0000] {taskinstance.py:340} INFO - ::group::Post task execution logs
[2026-02-07T19:03:03.247+0000] {taskinstance.py:352} INFO - Marking task as SUCCESS. dag_id=Airflow_Lab2, task_id=load_model_task, run_id=scheduled__2026-02-06T00:00:00+00:00, execution_date=20260206T000000, start_date=20260207T190303, end_date=20260207T190303
[2026-02-07T19:03:03.260+0000] {local_task_job_runner.py:266} INFO - Task exited with return code 0
[2026-02-07T19:03:03.272+0000] {taskinstance.py:3900} INFO - 2 downstream tasks scheduled from follow-on schedule check
[2026-02-07T19:03:03.273+0000] {local_task_job_runner.py:245} INFO - ::endgroup::
[2026-02-07T19:06:12.260+0000] {local_task_job_runner.py:123} INFO - ::group::Pre task execution logs
[2026-02-07T19:06:12.268+0000] {taskinstance.py:2612} INFO - Dependencies all met for dep_context=non-requeueable deps ti=<TaskInstance: Airflow_Lab2.load_model_task scheduled__2026-02-06T00:00:00+00:00 [queued]>
[2026-02-07T19:06:12.271+0000] {taskinstance.py:2612} INFO - Dependencies all met for dep_context=requeueable deps ti=<TaskInstance: Airflow_Lab2.load_model_task scheduled__2026-02-06T00:00:00+00:00 [queued]>
[2026-02-07T19:06:12.272+0000] {taskinstance.py:2865} INFO - Starting attempt 1 of 1
[2026-02-07T19:06:12.277+0000] {taskinstance.py:2888} INFO - Executing <Task(PythonOperator): load_model_task> on 2026-02-06 00:00:00+00:00
[2026-02-07T19:06:12.281+0000] {warnings.py:112} WARNING - /home/***/.local/lib/python3.12/site-packages/***/task/task_runner/standard_task_runner.py:70: DeprecationWarning: This process (pid=131) is multi-threaded, use of fork() may lead to deadlocks in the child.
  pid = os.fork()

[2026-02-07T19:06:12.282+0000] {standard_task_runner.py:72} INFO - Started process 141 to run task
[2026-02-07T19:06:12.283+0000] {standard_task_runner.py:104} INFO - Running: ['***', 'tasks', 'run', 'Airflow_Lab2', 'load_model_task', 'scheduled__2026-02-06T00:00:00+00:00', '--job-id', '8', '--raw', '--subdir', 'DAGS_FOLDER/main.py', '--cfg-path', '/tmp/tmp22a2jbgo']
[2026-02-07T19:06:12.284+0000] {standard_task_runner.py:105} INFO - Job 8: Subtask load_model_task
[2026-02-07T19:06:12.309+0000] {task_command.py:467} INFO - Running <TaskInstance: Airflow_Lab2.load_model_task scheduled__2026-02-06T00:00:00+00:00 [running]> on host dbe77a8ae8d3
[2026-02-07T19:06:12.350+0000] {taskinstance.py:3131} INFO - Exporting env vars: AIRFLOW_CTX_DAG_OWNER='***' AIRFLOW_CTX_DAG_ID='Airflow_Lab2' AIRFLOW_CTX_TASK_ID='load_model_task' AIRFLOW_CTX_EXECUTION_DATE='2026-02-06T00:00:00+00:00' AIRFLOW_CTX_TRY_NUMBER='1' AIRFLOW_CTX_DAG_RUN_ID='scheduled__2026-02-06T00:00:00+00:00'
[2026-02-07T19:06:12.350+0000] {taskinstance.py:731} INFO - ::endgroup::
[2026-02-07T19:06:12.360+0000] {logging_mixin.py:190} INFO - Model score on test data: 0.97
[2026-02-07T19:06:12.360+0000] {python.py:240} INFO - Done. Returned value was: 1
[2026-02-07T19:06:12.370+0000] {taskinstance.py:340} INFO - ::group::Post task execution logs
[2026-02-07T19:06:12.371+0000] {taskinstance.py:352} INFO - Marking task as SUCCESS. dag_id=Airflow_Lab2, task_id=load_model_task, run_id=scheduled__2026-02-06T00:00:00+00:00, execution_date=20260206T000000, start_date=20260207T190612, end_date=20260207T190612
[2026-02-07T19:06:12.381+0000] {local_task_job_runner.py:266} INFO - Task exited with return code 0
[2026-02-07T19:06:12.394+0000] {taskinstance.py:3900} INFO - 2 downstream tasks scheduled from follow-on schedule check
[2026-02-07T19:06:12.395+0000] {local_task_job_runner.py:245} INFO - ::endgroup::
[2026-02-07T19:11:13.077+0000] {local_task_job_runner.py:123} INFO - ::group::Pre task execution logs
[2026-02-07T19:11:13.084+0000] {taskinstance.py:2612} INFO - Dependencies all met for dep_context=non-requeueable deps ti=<TaskInstance: Airflow_Lab2.load_model_task scheduled__2026-02-06T00:00:00+00:00 [queued]>
[2026-02-07T19:11:13.088+0000] {taskinstance.py:2612} INFO - Dependencies all met for dep_context=requeueable deps ti=<TaskInstance: Airflow_Lab2.load_model_task scheduled__2026-02-06T00:00:00+00:00 [queued]>
[2026-02-07T19:11:13.088+0000] {taskinstance.py:2865} INFO - Starting attempt 1 of 1
[2026-02-07T19:11:13.093+0000] {taskinstance.py:2888} INFO - Executing <Task(PythonOperator): load_model_task> on 2026-02-06 00:00:00+00:00
[2026-02-07T19:11:13.097+0000] {warnings.py:112} WARNING - /home/***/.local/lib/python3.12/site-packages/***/task/task_runner/standard_task_runner.py:70: DeprecationWarning: This process (pid=139) is multi-threaded, use of fork() may lead to deadlocks in the child.
  pid = os.fork()

[2026-02-07T19:11:13.098+0000] {standard_task_runner.py:72} INFO - Started process 149 to run task
[2026-02-07T19:11:13.099+0000] {standard_task_runner.py:104} INFO - Running: ['***', 'tasks', 'run', 'Airflow_Lab2', 'load_model_task', 'scheduled__2026-02-06T00:00:00+00:00', '--job-id', '8', '--raw', '--subdir', 'DAGS_FOLDER/main.py', '--cfg-path', '/tmp/tmptiakub96']
[2026-02-07T19:11:13.100+0000] {standard_task_runner.py:105} INFO - Job 8: Subtask load_model_task
[2026-02-07T19:11:13.123+0000] {task_command.py:467} INFO - Running <TaskInstance: Airflow_Lab2.load_model_task scheduled__2026-02-06T00:00:00+00:00 [running]> on host 5164631d18ac
[2026-02-07T19:11:13.161+0000] {taskinstance.py:3131} INFO - Exporting env vars: AIRFLOW_CTX_DAG_OWNER='***' AIRFLOW_CTX_DAG_ID='Airflow_Lab2' AIRFLOW_CTX_TASK_ID='load_model_task' AIRFLOW_CTX_EXECUTION_DATE='2026-02-06T00:00:00+00:00' AIRFLOW_CTX_TRY_NUMBER='1' AIRFLOW_CTX_DAG_RUN_ID='scheduled__2026-02-06T00:00:00+00:00'
[2026-02-07T19:11:13.161+0000] {taskinstance.py:731} INFO - ::endgroup::
[2026-02-07T19:11:13.171+0000] {logging_mixin.py:190} INFO - Model score on test data: 0.97
[2026-02-07T19:11:13.172+0000] {python.py:240} INFO - Done. Returned value was: 1
[2026-02-07T19:11:13.182+0000] {taskinstance.py:340} INFO - ::group::Post task execution logs
[2026-02-07T19:11:13.182+0000] {taskinstance.py:352} INFO - Marking task as SUCCESS. dag_id=Airflow_Lab2, task_id=load_model_task, run_id=scheduled__2026-02-06T00:00:00+00:00, execution_date=20260206T000000, start_date=20260207T191113, end_date=20260207T191113
[2026-02-07T19:11:13.200+0000] {local_task_job_runner.py:266} INFO - Task exited with return code 0
[2026-02-07T19:11:13.212+0000] {taskinstance.py:3900} INFO - 2 downstream tasks scheduled from follow-on schedule check
[2026-02-07T19:11:13.212+0000] {local_task_job_runner.py:245} INFO - ::endgroup::
[2026-02-07T19:35:22.547+0000] {local_task_job_runner.py:123} INFO - ::group::Pre task execution logs
[2026-02-07T19:35:22.555+0000] {taskinstance.py:2612} INFO - Dependencies all met for dep_context=non-requeueable deps ti=<TaskInstance: Airflow_Lab2.load_model_task scheduled__2026-02-06T00:00:00+00:00 [queued]>
[2026-02-07T19:35:22.558+0000] {taskinstance.py:2612} INFO - Dependencies all met for dep_context=requeueable deps ti=<TaskInstance: Airflow_Lab2.load_model_task scheduled__2026-02-06T00:00:00+00:00 [queued]>
[2026-02-07T19:35:22.558+0000] {taskinstance.py:2865} INFO - Starting attempt 1 of 1
[2026-02-07T19:35:22.563+0000] {taskinstance.py:2888} INFO - Executing <Task(PythonOperator): load_model_task> on 2026-02-06 00:00:00+00:00
[2026-02-07T19:35:22.567+0000] {warnings.py:112} WARNING - /home/***/.local/lib/python3.12/site-packages/***/task/task_runner/standard_task_runner.py:70: DeprecationWarning: This process (pid=140) is multi-threaded, use of fork() may lead to deadlocks in the child.
  pid = os.fork()

[2026-02-07T19:35:22.568+0000] {standard_task_runner.py:72} INFO - Started process 150 to run task
[2026-02-07T19:35:22.569+0000] {standard_task_runner.py:104} INFO - Running: ['***', 'tasks', 'run', 'Airflow_Lab2', 'load_model_task', 'scheduled__2026-02-06T00:00:00+00:00', '--job-id', '8', '--raw', '--subdir', 'DAGS_FOLDER/main.py', '--cfg-path', '/tmp/tmpm99j5wpk']
[2026-02-07T19:35:22.570+0000] {standard_task_runner.py:105} INFO - Job 8: Subtask load_model_task
[2026-02-07T19:35:22.594+0000] {task_command.py:467} INFO - Running <TaskInstance: Airflow_Lab2.load_model_task scheduled__2026-02-06T00:00:00+00:00 [running]> on host 3ceaac666992
[2026-02-07T19:35:22.633+0000] {taskinstance.py:3131} INFO - Exporting env vars: AIRFLOW_CTX_DAG_OWNER='***' AIRFLOW_CTX_DAG_ID='Airflow_Lab2' AIRFLOW_CTX_TASK_ID='load_model_task' AIRFLOW_CTX_EXECUTION_DATE='2026-02-06T00:00:00+00:00' AIRFLOW_CTX_TRY_NUMBER='1' AIRFLOW_CTX_DAG_RUN_ID='scheduled__2026-02-06T00:00:00+00:00'
[2026-02-07T19:35:22.634+0000] {taskinstance.py:731} INFO - ::endgroup::
[2026-02-07T19:35:22.642+0000] {logging_mixin.py:190} INFO - Model score on test data: 0.97
[2026-02-07T19:35:22.643+0000] {python.py:240} INFO - Done. Returned value was: 1
[2026-02-07T19:35:22.653+0000] {taskinstance.py:340} INFO - ::group::Post task execution logs
[2026-02-07T19:35:22.653+0000] {taskinstance.py:352} INFO - Marking task as SUCCESS. dag_id=Airflow_Lab2, task_id=load_model_task, run_id=scheduled__2026-02-06T00:00:00+00:00, execution_date=20260206T000000, start_date=20260207T193522, end_date=20260207T193522
[2026-02-07T19:35:22.669+0000] {local_task_job_runner.py:266} INFO - Task exited with return code 0
[2026-02-07T19:35:22.680+0000] {taskinstance.py:3900} INFO - 2 downstream tasks scheduled from follow-on schedule check
[2026-02-07T19:35:22.681+0000] {local_task_job_runner.py:245} INFO - ::endgroup::
[2026-02-07T20:05:14.082+0000] {local_task_job_runner.py:123} INFO - ::group::Pre task execution logs
[2026-02-07T20:05:14.090+0000] {taskinstance.py:2612} INFO - Dependencies all met for dep_context=non-requeueable deps ti=<TaskInstance: Airflow_Lab2.load_model_task scheduled__2026-02-06T00:00:00+00:00 [queued]>
[2026-02-07T20:05:14.094+0000] {taskinstance.py:2612} INFO - Dependencies all met for dep_context=requeueable deps ti=<TaskInstance: Airflow_Lab2.load_model_task scheduled__2026-02-06T00:00:00+00:00 [queued]>
[2026-02-07T20:05:14.094+0000] {taskinstance.py:2865} INFO - Starting attempt 1 of 1
[2026-02-07T20:05:14.100+0000] {taskinstance.py:2888} INFO - Executing <Task(PythonOperator): load_model_task> on 2026-02-06 00:00:00+00:00
[2026-02-07T20:05:14.104+0000] {warnings.py:112} WARNING - /home/***/.local/lib/python3.12/site-packages/***/task/task_runner/standard_task_runner.py:70: DeprecationWarning: This process (pid=146) is multi-threaded, use of fork() may lead to deadlocks in the child.
  pid = os.fork()

[2026-02-07T20:05:14.105+0000] {standard_task_runner.py:72} INFO - Started process 156 to run task
[2026-02-07T20:05:14.105+0000] {standard_task_runner.py:104} INFO - Running: ['***', 'tasks', 'run', 'Airflow_Lab2', 'load_model_task', 'scheduled__2026-02-06T00:00:00+00:00', '--job-id', '8', '--raw', '--subdir', 'DAGS_FOLDER/main.py', '--cfg-path', '/tmp/tmpalh_6x95']
[2026-02-07T20:05:14.107+0000] {standard_task_runner.py:105} INFO - Job 8: Subtask load_model_task
[2026-02-07T20:05:14.131+0000] {task_command.py:467} INFO - Running <TaskInstance: Airflow_Lab2.load_model_task scheduled__2026-02-06T00:00:00+00:00 [running]> on host b76df3fd2bf8
[2026-02-07T20:05:14.172+0000] {taskinstance.py:3131} INFO - Exporting env vars: AIRFLOW_CTX_DAG_OWNER='***' AIRFLOW_CTX_DAG_ID='Airflow_Lab2' AIRFLOW_CTX_TASK_ID='load_model_task' AIRFLOW_CTX_EXECUTION_DATE='2026-02-06T00:00:00+00:00' AIRFLOW_CTX_TRY_NUMBER='1' AIRFLOW_CTX_DAG_RUN_ID='scheduled__2026-02-06T00:00:00+00:00'
[2026-02-07T20:05:14.173+0000] {taskinstance.py:731} INFO - ::endgroup::
[2026-02-07T20:05:14.181+0000] {logging_mixin.py:190} INFO - Model score on test data: 0.97
[2026-02-07T20:05:14.182+0000] {python.py:240} INFO - Done. Returned value was: 1
[2026-02-07T20:05:14.192+0000] {taskinstance.py:340} INFO - ::group::Post task execution logs
[2026-02-07T20:05:14.193+0000] {taskinstance.py:352} INFO - Marking task as SUCCESS. dag_id=Airflow_Lab2, task_id=load_model_task, run_id=scheduled__2026-02-06T00:00:00+00:00, execution_date=20260206T000000, start_date=20260207T200514, end_date=20260207T200514
[2026-02-07T20:05:14.204+0000] {local_task_job_runner.py:266} INFO - Task exited with return code 0
[2026-02-07T20:05:14.216+0000] {taskinstance.py:3900} INFO - 1 downstream tasks scheduled from follow-on schedule check
[2026-02-07T20:05:14.217+0000] {local_task_job_runner.py:245} INFO - ::endgroup::
[2026-02-07T20:21:23.827+0000] {local_task_job_runner.py:123} INFO - ::group::Pre task execution logs
[2026-02-07T20:21:23.835+0000] {taskinstance.py:2612} INFO - Dependencies all met for dep_context=non-requeueable deps ti=<TaskInstance: Airflow_Lab2.load_model_task scheduled__2026-02-06T00:00:00+00:00 [queued]>
[2026-02-07T20:21:23.839+0000] {taskinstance.py:2612} INFO - Dependencies all met for dep_context=requeueable deps ti=<TaskInstance: Airflow_Lab2.load_model_task scheduled__2026-02-06T00:00:00+00:00 [queued]>
[2026-02-07T20:21:23.839+0000] {taskinstance.py:2865} INFO - Starting attempt 1 of 1
[2026-02-07T20:21:23.844+0000] {taskinstance.py:2888} INFO - Executing <Task(PythonOperator): load_model_task> on 2026-02-06 00:00:00+00:00
[2026-02-07T20:21:23.848+0000] {warnings.py:112} WARNING - /home/***/.local/lib/python3.12/site-packages/***/task/task_runner/standard_task_runner.py:70: DeprecationWarning: This process (pid=140) is multi-threaded, use of fork() may lead to deadlocks in the child.
  pid = os.fork()

[2026-02-07T20:21:23.849+0000] {standard_task_runner.py:72} INFO - Started process 150 to run task
[2026-02-07T20:21:23.850+0000] {standard_task_runner.py:104} INFO - Running: ['***', 'tasks', 'run', 'Airflow_Lab2', 'load_model_task', 'scheduled__2026-02-06T00:00:00+00:00', '--job-id', '8', '--raw', '--subdir', 'DAGS_FOLDER/main.py', '--cfg-path', '/tmp/tmps7lyevn_']
[2026-02-07T20:21:23.851+0000] {standard_task_runner.py:105} INFO - Job 8: Subtask load_model_task
[2026-02-07T20:21:23.874+0000] {task_command.py:467} INFO - Running <TaskInstance: Airflow_Lab2.load_model_task scheduled__2026-02-06T00:00:00+00:00 [running]> on host db8859978f66
[2026-02-07T20:21:23.913+0000] {taskinstance.py:3131} INFO - Exporting env vars: AIRFLOW_CTX_DAG_OWNER='***' AIRFLOW_CTX_DAG_ID='Airflow_Lab2' AIRFLOW_CTX_TASK_ID='load_model_task' AIRFLOW_CTX_EXECUTION_DATE='2026-02-06T00:00:00+00:00' AIRFLOW_CTX_TRY_NUMBER='1' AIRFLOW_CTX_DAG_RUN_ID='scheduled__2026-02-06T00:00:00+00:00'
[2026-02-07T20:21:23.914+0000] {taskinstance.py:731} INFO - ::endgroup::
[2026-02-07T20:21:23.922+0000] {logging_mixin.py:190} INFO - Model score on test data: 0.97
[2026-02-07T20:21:23.922+0000] {python.py:240} INFO - Done. Returned value was: 1
[2026-02-07T20:21:23.932+0000] {taskinstance.py:340} INFO - ::group::Post task execution logs
[2026-02-07T20:21:23.932+0000] {taskinstance.py:352} INFO - Marking task as SUCCESS. dag_id=Airflow_Lab2, task_id=load_model_task, run_id=scheduled__2026-02-06T00:00:00+00:00, execution_date=20260206T000000, start_date=20260207T202123, end_date=20260207T202123
[2026-02-07T20:21:23.948+0000] {local_task_job_runner.py:266} INFO - Task exited with return code 0
[2026-02-07T20:21:23.959+0000] {taskinstance.py:3900} INFO - 1 downstream tasks scheduled from follow-on schedule check
[2026-02-07T20:21:23.960+0000] {local_task_job_runner.py:245} INFO - ::endgroup::
[2026-02-07T20:54:07.921+0000] {local_task_job_runner.py:123} INFO - ::group::Pre task execution logs
[2026-02-07T20:54:07.930+0000] {taskinstance.py:2612} INFO - Dependencies all met for dep_context=non-requeueable deps ti=<TaskInstance: Airflow_Lab2.load_model_task scheduled__2026-02-06T00:00:00+00:00 [queued]>
[2026-02-07T20:54:07.933+0000] {taskinstance.py:2612} INFO - Dependencies all met for dep_context=requeueable deps ti=<TaskInstance: Airflow_Lab2.load_model_task scheduled__2026-02-06T00:00:00+00:00 [queued]>
[2026-02-07T20:54:07.933+0000] {taskinstance.py:2865} INFO - Starting attempt 1 of 1
[2026-02-07T20:54:07.939+0000] {taskinstance.py:2888} INFO - Executing <Task(PythonOperator): load_model_task> on 2026-02-06 00:00:00+00:00
[2026-02-07T20:54:07.943+0000] {warnings.py:112} WARNING - /home/***/.local/lib/python3.12/site-packages/***/task/task_runner/standard_task_runner.py:70: DeprecationWarning: This process (pid=153) is multi-threaded, use of fork() may lead to deadlocks in the child.
  pid = os.fork()

[2026-02-07T20:54:07.944+0000] {standard_task_runner.py:72} INFO - Started process 163 to run task
[2026-02-07T20:54:07.944+0000] {standard_task_runner.py:104} INFO - Running: ['***', 'tasks', 'run', 'Airflow_Lab2', 'load_model_task', 'scheduled__2026-02-06T00:00:00+00:00', '--job-id', '8', '--raw', '--subdir', 'DAGS_FOLDER/main.py', '--cfg-path', '/tmp/tmpw4tec0ul']
[2026-02-07T20:54:07.946+0000] {standard_task_runner.py:105} INFO - Job 8: Subtask load_model_task
[2026-02-07T20:54:07.971+0000] {task_command.py:467} INFO - Running <TaskInstance: Airflow_Lab2.load_model_task scheduled__2026-02-06T00:00:00+00:00 [running]> on host d5c78800a465
[2026-02-07T20:54:08.012+0000] {taskinstance.py:3131} INFO - Exporting env vars: AIRFLOW_CTX_DAG_OWNER='***' AIRFLOW_CTX_DAG_ID='Airflow_Lab2' AIRFLOW_CTX_TASK_ID='load_model_task' AIRFLOW_CTX_EXECUTION_DATE='2026-02-06T00:00:00+00:00' AIRFLOW_CTX_TRY_NUMBER='1' AIRFLOW_CTX_DAG_RUN_ID='scheduled__2026-02-06T00:00:00+00:00'
[2026-02-07T20:54:08.013+0000] {taskinstance.py:731} INFO - ::endgroup::
[2026-02-07T20:54:08.023+0000] {logging_mixin.py:190} INFO - Model score on test data: 0.97
[2026-02-07T20:54:08.024+0000] {python.py:240} INFO - Done. Returned value was: 1
[2026-02-07T20:54:08.034+0000] {taskinstance.py:340} INFO - ::group::Post task execution logs
[2026-02-07T20:54:08.034+0000] {taskinstance.py:352} INFO - Marking task as SUCCESS. dag_id=Airflow_Lab2, task_id=load_model_task, run_id=scheduled__2026-02-06T00:00:00+00:00, execution_date=20260206T000000, start_date=20260207T205407, end_date=20260207T205408
[2026-02-07T20:54:08.084+0000] {local_task_job_runner.py:266} INFO - Task exited with return code 0
[2026-02-07T20:54:08.097+0000] {taskinstance.py:3900} INFO - 1 downstream tasks scheduled from follow-on schedule check
[2026-02-07T20:54:08.098+0000] {local_task_job_runner.py:245} INFO - ::endgroup::
[2026-02-07T21:03:33.118+0000] {local_task_job_runner.py:123} INFO - ::group::Pre task execution logs
[2026-02-07T21:03:33.126+0000] {taskinstance.py:2612} INFO - Dependencies all met for dep_context=non-requeueable deps ti=<TaskInstance: Airflow_Lab2.load_model_task scheduled__2026-02-06T00:00:00+00:00 [queued]>
[2026-02-07T21:03:33.131+0000] {taskinstance.py:2612} INFO - Dependencies all met for dep_context=requeueable deps ti=<TaskInstance: Airflow_Lab2.load_model_task scheduled__2026-02-06T00:00:00+00:00 [queued]>
[2026-02-07T21:03:33.131+0000] {taskinstance.py:2865} INFO - Starting attempt 1 of 1
[2026-02-07T21:03:33.137+0000] {taskinstance.py:2888} INFO - Executing <Task(PythonOperator): load_model_task> on 2026-02-06 00:00:00+00:00
[2026-02-07T21:03:33.141+0000] {warnings.py:112} WARNING - /home/***/.local/lib/python3.12/site-packages/***/task/task_runner/standard_task_runner.py:70: DeprecationWarning: This process (pid=146) is multi-threaded, use of fork() may lead to deadlocks in the child.
  pid = os.fork()

[2026-02-07T21:03:33.142+0000] {standard_task_runner.py:72} INFO - Started process 156 to run task
[2026-02-07T21:03:33.143+0000] {standard_task_runner.py:104} INFO - Running: ['***', 'tasks', 'run', 'Airflow_Lab2', 'load_model_task', 'scheduled__2026-02-06T00:00:00+00:00', '--job-id', '8', '--raw', '--subdir', 'DAGS_FOLDER/main.py', '--cfg-path', '/tmp/tmpiphz1ne7']
[2026-02-07T21:03:33.144+0000] {standard_task_runner.py:105} INFO - Job 8: Subtask load_model_task
[2026-02-07T21:03:33.169+0000] {task_command.py:467} INFO - Running <TaskInstance: Airflow_Lab2.load_model_task scheduled__2026-02-06T00:00:00+00:00 [running]> on host f1e3a507a566
[2026-02-07T21:03:33.212+0000] {taskinstance.py:3131} INFO - Exporting env vars: AIRFLOW_CTX_DAG_OWNER='***' AIRFLOW_CTX_DAG_ID='Airflow_Lab2' AIRFLOW_CTX_TASK_ID='load_model_task' AIRFLOW_CTX_EXECUTION_DATE='2026-02-06T00:00:00+00:00' AIRFLOW_CTX_TRY_NUMBER='1' AIRFLOW_CTX_DAG_RUN_ID='scheduled__2026-02-06T00:00:00+00:00'
[2026-02-07T21:03:33.212+0000] {taskinstance.py:731} INFO - ::endgroup::
[2026-02-07T21:03:33.222+0000] {logging_mixin.py:190} INFO - Model score on test data: 0.97
[2026-02-07T21:03:33.222+0000] {python.py:240} INFO - Done. Returned value was: 1
[2026-02-07T21:03:33.233+0000] {taskinstance.py:340} INFO - ::group::Post task execution logs
[2026-02-07T21:03:33.233+0000] {taskinstance.py:352} INFO - Marking task as SUCCESS. dag_id=Airflow_Lab2, task_id=load_model_task, run_id=scheduled__2026-02-06T00:00:00+00:00, execution_date=20260206T000000, start_date=20260207T210333, end_date=20260207T210333
[2026-02-07T21:03:33.283+0000] {local_task_job_runner.py:266} INFO - Task exited with return code 0
[2026-02-07T21:03:33.297+0000] {taskinstance.py:3900} INFO - 2 downstream tasks scheduled from follow-on schedule check
[2026-02-07T21:03:33.298+0000] {local_task_job_runner.py:245} INFO - ::endgroup::
[2026-02-07T21:07:11.863+0000] {local_task_job_runner.py:123} INFO - ::group::Pre task execution logs
[2026-02-07T21:07:11.873+0000] {taskinstance.py:2612} INFO - Dependencies all met for dep_context=non-requeueable deps ti=<TaskInstance: Airflow_Lab2.load_model_task scheduled__2026-02-06T00:00:00+00:00 [queued]>
[2026-02-07T21:07:11.879+0000] {taskinstance.py:2612} INFO - Dependencies all met for dep_context=requeueable deps ti=<TaskInstance: Airflow_Lab2.load_model_task scheduled__2026-02-06T00:00:00+00:00 [queued]>
[2026-02-07T21:07:11.879+0000] {taskinstance.py:2865} INFO - Starting attempt 1 of 1
[2026-02-07T21:07:11.886+0000] {taskinstance.py:2888} INFO - Executing <Task(PythonOperator): load_model_task> on 2026-02-06 00:00:00+00:00
[2026-02-07T21:07:11.891+0000] {warnings.py:112} WARNING - /home/***/.local/lib/python3.12/site-packages/***/task/task_runner/standard_task_runner.py:70: DeprecationWarning: This process (pid=131) is multi-threaded, use of fork() may lead to deadlocks in the child.
  pid = os.fork()

[2026-02-07T21:07:11.892+0000] {standard_task_runner.py:72} INFO - Started process 141 to run task
[2026-02-07T21:07:11.893+0000] {standard_task_runner.py:104} INFO - Running: ['***', 'tasks', 'run', 'Airflow_Lab2', 'load_model_task', 'scheduled__2026-02-06T00:00:00+00:00', '--job-id', '8', '--raw', '--subdir', 'DAGS_FOLDER/main.py', '--cfg-path', '/tmp/tmpvfwt6krm']
[2026-02-07T21:07:11.895+0000] {standard_task_runner.py:105} INFO - Job 8: Subtask load_model_task
[2026-02-07T21:07:11.922+0000] {task_command.py:467} INFO - Running <TaskInstance: Airflow_Lab2.load_model_task scheduled__2026-02-06T00:00:00+00:00 [running]> on host d0ebec898cbf
[2026-02-07T21:07:11.973+0000] {taskinstance.py:3131} INFO - Exporting env vars: AIRFLOW_CTX_DAG_OWNER='***' AIRFLOW_CTX_DAG_ID='Airflow_Lab2' AIRFLOW_CTX_TASK_ID='load_model_task' AIRFLOW_CTX_EXECUTION_DATE='2026-02-06T00:00:00+00:00' AIRFLOW_CTX_TRY_NUMBER='1' AIRFLOW_CTX_DAG_RUN_ID='scheduled__2026-02-06T00:00:00+00:00'
[2026-02-07T21:07:11.974+0000] {taskinstance.py:731} INFO - ::endgroup::
[2026-02-07T21:07:11.985+0000] {logging_mixin.py:190} INFO - Model score on test data: 0.97
[2026-02-07T21:07:11.986+0000] {python.py:240} INFO - Done. Returned value was: 1
[2026-02-07T21:07:12.003+0000] {taskinstance.py:340} INFO - ::group::Post task execution logs
[2026-02-07T21:07:12.003+0000] {taskinstance.py:352} INFO - Marking task as SUCCESS. dag_id=Airflow_Lab2, task_id=load_model_task, run_id=scheduled__2026-02-06T00:00:00+00:00, execution_date=20260206T000000, start_date=20260207T210711, end_date=20260207T210712
[2026-02-07T21:07:12.031+0000] {local_task_job_runner.py:266} INFO - Task exited with return code 0
[2026-02-07T21:07:12.047+0000] {taskinstance.py:3900} INFO - 2 downstream tasks scheduled from follow-on schedule check
[2026-02-07T21:07:12.048+0000] {local_task_job_runner.py:245} INFO - ::endgroup::
[2026-02-07T21:22:48.497+0000] {local_task_job_runner.py:123} INFO - ::group::Pre task execution logs
[2026-02-07T21:22:48.505+0000] {taskinstance.py:2612} INFO - Dependencies all met for dep_context=non-requeueable deps ti=<TaskInstance: Airflow_Lab2.load_model_task scheduled__2026-02-06T00:00:00+00:00 [queued]>
[2026-02-07T21:22:48.508+0000] {taskinstance.py:2612} INFO - Dependencies all met for dep_context=requeueable deps ti=<TaskInstance: Airflow_Lab2.load_model_task scheduled__2026-02-06T00:00:00+00:00 [queued]>
[2026-02-07T21:22:48.509+0000] {taskinstance.py:2865} INFO - Starting attempt 1 of 1
[2026-02-07T21:22:48.514+0000] {taskinstance.py:2888} INFO - Executing <Task(PythonOperator): load_model_task> on 2026-02-06 00:00:00+00:00
[2026-02-07T21:22:48.518+0000] {warnings.py:112} WARNING - /home/***/.local/lib/python3.12/site-packages/***/task/task_runner/standard_task_runner.py:70: DeprecationWarning: This process (pid=138) is multi-threaded, use of fork() may lead to deadlocks in the child.
  pid = os.fork()

[2026-02-07T21:22:48.519+0000] {standard_task_runner.py:72} INFO - Started process 148 to run task
[2026-02-07T21:22:48.520+0000] {standard_task_runner.py:104} INFO - Running: ['***', 'tasks', 'run', 'Airflow_Lab2', 'load_model_task', 'scheduled__2026-02-06T00:00:00+00:00', '--job-id', '8', '--raw', '--subdir', 'DAGS_FOLDER/main.py', '--cfg-path', '/tmp/tmpjg4r89yn']
[2026-02-07T21:22:48.521+0000] {standard_task_runner.py:105} INFO - Job 8: Subtask load_model_task
[2026-02-07T21:22:48.546+0000] {task_command.py:467} INFO - Running <TaskInstance: Airflow_Lab2.load_model_task scheduled__2026-02-06T00:00:00+00:00 [running]> on host c2a606d02197
[2026-02-07T21:22:48.588+0000] {taskinstance.py:3131} INFO - Exporting env vars: AIRFLOW_CTX_DAG_OWNER='***' AIRFLOW_CTX_DAG_ID='Airflow_Lab2' AIRFLOW_CTX_TASK_ID='load_model_task' AIRFLOW_CTX_EXECUTION_DATE='2026-02-06T00:00:00+00:00' AIRFLOW_CTX_TRY_NUMBER='1' AIRFLOW_CTX_DAG_RUN_ID='scheduled__2026-02-06T00:00:00+00:00'
[2026-02-07T21:22:48.589+0000] {taskinstance.py:731} INFO - ::endgroup::
[2026-02-07T21:22:48.598+0000] {logging_mixin.py:190} INFO - Model score on test data: 0.97
[2026-02-07T21:22:48.598+0000] {python.py:240} INFO - Done. Returned value was: 1
[2026-02-07T21:22:48.609+0000] {taskinstance.py:340} INFO - ::group::Post task execution logs
[2026-02-07T21:22:48.610+0000] {taskinstance.py:352} INFO - Marking task as SUCCESS. dag_id=Airflow_Lab2, task_id=load_model_task, run_id=scheduled__2026-02-06T00:00:00+00:00, execution_date=20260206T000000, start_date=20260207T212248, end_date=20260207T212248
[2026-02-07T21:22:48.619+0000] {local_task_job_runner.py:266} INFO - Task exited with return code 0
[2026-02-07T21:22:48.631+0000] {taskinstance.py:3900} INFO - 2 downstream tasks scheduled from follow-on schedule check
[2026-02-07T21:22:48.631+0000] {local_task_job_runner.py:245} INFO - ::endgroup::
[2026-02-07T21:29:03.132+0000] {local_task_job_runner.py:123} INFO - ::group::Pre task execution logs
[2026-02-07T21:29:03.140+0000] {taskinstance.py:2612} INFO - Dependencies all met for dep_context=non-requeueable deps ti=<TaskInstance: Airflow_Lab2.load_model_task scheduled__2026-02-06T00:00:00+00:00 [queued]>
[2026-02-07T21:29:03.143+0000] {taskinstance.py:2612} INFO - Dependencies all met for dep_context=requeueable deps ti=<TaskInstance: Airflow_Lab2.load_model_task scheduled__2026-02-06T00:00:00+00:00 [queued]>
[2026-02-07T21:29:03.144+0000] {taskinstance.py:2865} INFO - Starting attempt 1 of 1
[2026-02-07T21:29:03.149+0000] {taskinstance.py:2888} INFO - Executing <Task(PythonOperator): load_model_task> on 2026-02-06 00:00:00+00:00
[2026-02-07T21:29:03.153+0000] {warnings.py:112} WARNING - /home/***/.local/lib/python3.12/site-packages/***/task/task_runner/standard_task_runner.py:70: DeprecationWarning: This process (pid=132) is multi-threaded, use of fork() may lead to deadlocks in the child.
  pid = os.fork()

[2026-02-07T21:29:03.154+0000] {standard_task_runner.py:72} INFO - Started process 142 to run task
[2026-02-07T21:29:03.154+0000] {standard_task_runner.py:104} INFO - Running: ['***', 'tasks', 'run', 'Airflow_Lab2', 'load_model_task', 'scheduled__2026-02-06T00:00:00+00:00', '--job-id', '8', '--raw', '--subdir', 'DAGS_FOLDER/main.py', '--cfg-path', '/tmp/tmpmpf8xmn7']
[2026-02-07T21:29:03.155+0000] {standard_task_runner.py:105} INFO - Job 8: Subtask load_model_task
[2026-02-07T21:29:03.178+0000] {task_command.py:467} INFO - Running <TaskInstance: Airflow_Lab2.load_model_task scheduled__2026-02-06T00:00:00+00:00 [running]> on host ae069f5c53d3
[2026-02-07T21:29:03.219+0000] {taskinstance.py:3131} INFO - Exporting env vars: AIRFLOW_CTX_DAG_OWNER='***' AIRFLOW_CTX_DAG_ID='Airflow_Lab2' AIRFLOW_CTX_TASK_ID='load_model_task' AIRFLOW_CTX_EXECUTION_DATE='2026-02-06T00:00:00+00:00' AIRFLOW_CTX_TRY_NUMBER='1' AIRFLOW_CTX_DAG_RUN_ID='scheduled__2026-02-06T00:00:00+00:00'
[2026-02-07T21:29:03.220+0000] {taskinstance.py:731} INFO - ::endgroup::
[2026-02-07T21:29:03.230+0000] {logging_mixin.py:190} INFO - Model score on test data: 0.97
[2026-02-07T21:29:03.230+0000] {python.py:240} INFO - Done. Returned value was: 1
[2026-02-07T21:29:03.240+0000] {taskinstance.py:340} INFO - ::group::Post task execution logs
[2026-02-07T21:29:03.240+0000] {taskinstance.py:352} INFO - Marking task as SUCCESS. dag_id=Airflow_Lab2, task_id=load_model_task, run_id=scheduled__2026-02-06T00:00:00+00:00, execution_date=20260206T000000, start_date=20260207T212903, end_date=20260207T212903
[2026-02-07T21:29:03.253+0000] {local_task_job_runner.py:266} INFO - Task exited with return code 0
[2026-02-07T21:29:03.264+0000] {taskinstance.py:3900} INFO - 2 downstream tasks scheduled from follow-on schedule check
[2026-02-07T21:29:03.264+0000] {local_task_job_runner.py:245} INFO - ::endgroup::
[2026-02-07T22:03:41.366+0000] {local_task_job_runner.py:123} INFO - ::group::Pre task execution logs
[2026-02-07T22:03:41.378+0000] {taskinstance.py:2612} INFO - Dependencies all met for dep_context=non-requeueable deps ti=<TaskInstance: Airflow_Lab2.load_model_task scheduled__2026-02-06T00:00:00+00:00 [queued]>
[2026-02-07T22:03:41.383+0000] {taskinstance.py:2612} INFO - Dependencies all met for dep_context=requeueable deps ti=<TaskInstance: Airflow_Lab2.load_model_task scheduled__2026-02-06T00:00:00+00:00 [queued]>
[2026-02-07T22:03:41.384+0000] {taskinstance.py:2865} INFO - Starting attempt 1 of 1
[2026-02-07T22:03:41.391+0000] {taskinstance.py:2888} INFO - Executing <Task(PythonOperator): load_model_task> on 2026-02-06 00:00:00+00:00
[2026-02-07T22:03:41.396+0000] {warnings.py:112} WARNING - /home/***/.local/lib/python3.12/site-packages/***/task/task_runner/standard_task_runner.py:70: DeprecationWarning: This process (pid=145) is multi-threaded, use of fork() may lead to deadlocks in the child.
  pid = os.fork()

[2026-02-07T22:03:41.397+0000] {standard_task_runner.py:72} INFO - Started process 155 to run task
[2026-02-07T22:03:41.397+0000] {standard_task_runner.py:104} INFO - Running: ['***', 'tasks', 'run', 'Airflow_Lab2', 'load_model_task', 'scheduled__2026-02-06T00:00:00+00:00', '--job-id', '11', '--raw', '--subdir', 'DAGS_FOLDER/main.py', '--cfg-path', '/tmp/tmp4xhys01i']
[2026-02-07T22:03:41.401+0000] {standard_task_runner.py:105} INFO - Job 11: Subtask load_model_task
[2026-02-07T22:03:41.429+0000] {task_command.py:467} INFO - Running <TaskInstance: Airflow_Lab2.load_model_task scheduled__2026-02-06T00:00:00+00:00 [running]> on host 6bd310ee7171
[2026-02-07T22:03:41.477+0000] {taskinstance.py:3131} INFO - Exporting env vars: AIRFLOW_CTX_DAG_OWNER='***' AIRFLOW_CTX_DAG_ID='Airflow_Lab2' AIRFLOW_CTX_TASK_ID='load_model_task' AIRFLOW_CTX_EXECUTION_DATE='2026-02-06T00:00:00+00:00' AIRFLOW_CTX_TRY_NUMBER='1' AIRFLOW_CTX_DAG_RUN_ID='scheduled__2026-02-06T00:00:00+00:00'
[2026-02-07T22:03:41.478+0000] {taskinstance.py:731} INFO - ::endgroup::
[2026-02-07T22:03:41.488+0000] {logging_mixin.py:190} INFO - Model score on test data: 0.97
[2026-02-07T22:03:41.489+0000] {python.py:240} INFO - Done. Returned value was: 1
[2026-02-07T22:03:41.501+0000] {taskinstance.py:340} INFO - ::group::Post task execution logs
[2026-02-07T22:03:41.501+0000] {taskinstance.py:352} INFO - Marking task as SUCCESS. dag_id=Airflow_Lab2, task_id=load_model_task, run_id=scheduled__2026-02-06T00:00:00+00:00, execution_date=20260206T000000, start_date=20260207T220341, end_date=20260207T220341
[2026-02-07T22:03:41.541+0000] {local_task_job_runner.py:266} INFO - Task exited with return code 0
[2026-02-07T22:03:41.554+0000] {taskinstance.py:3900} INFO - 2 downstream tasks scheduled from follow-on schedule check
[2026-02-07T22:03:41.555+0000] {local_task_job_runner.py:245} INFO - ::endgroup::
[2026-02-07T22:06:00.702+0000] {local_task_job_runner.py:123} INFO - ::group::Pre task execution logs
[2026-02-07T22:06:00.712+0000] {taskinstance.py:2612} INFO - Dependencies all met for dep_context=non-requeueable deps ti=<TaskInstance: Airflow_Lab2.load_model_task scheduled__2026-02-06T00:00:00+00:00 [queued]>
[2026-02-07T22:06:00.717+0000] {taskinstance.py:2612} INFO - Dependencies all met for dep_context=requeueable deps ti=<TaskInstance: Airflow_Lab2.load_model_task scheduled__2026-02-06T00:00:00+00:00 [queued]>
[2026-02-07T22:06:00.718+0000] {taskinstance.py:2865} INFO - Starting attempt 1 of 1
[2026-02-07T22:06:00.724+0000] {taskinstance.py:2888} INFO - Executing <Task(PythonOperator): load_model_task> on 2026-02-06 00:00:00+00:00
[2026-02-07T22:06:00.729+0000] {warnings.py:112} WARNING - /home/***/.local/lib/python3.12/site-packages/***/task/task_runner/standard_task_runner.py:70: DeprecationWarning: This process (pid=133) is multi-threaded, use of fork() may lead to deadlocks in the child.
  pid = os.fork()

[2026-02-07T22:06:00.730+0000] {standard_task_runner.py:72} INFO - Started process 143 to run task
[2026-02-07T22:06:00.731+0000] {standard_task_runner.py:104} INFO - Running: ['***', 'tasks', 'run', 'Airflow_Lab2', 'load_model_task', 'scheduled__2026-02-06T00:00:00+00:00', '--job-id', '8', '--raw', '--subdir', 'DAGS_FOLDER/main.py', '--cfg-path', '/tmp/tmpewh1heka']
[2026-02-07T22:06:00.733+0000] {standard_task_runner.py:105} INFO - Job 8: Subtask load_model_task
[2026-02-07T22:06:00.764+0000] {task_command.py:467} INFO - Running <TaskInstance: Airflow_Lab2.load_model_task scheduled__2026-02-06T00:00:00+00:00 [running]> on host eb9540dc5e5e
[2026-02-07T22:06:00.806+0000] {taskinstance.py:3131} INFO - Exporting env vars: AIRFLOW_CTX_DAG_OWNER='***' AIRFLOW_CTX_DAG_ID='Airflow_Lab2' AIRFLOW_CTX_TASK_ID='load_model_task' AIRFLOW_CTX_EXECUTION_DATE='2026-02-06T00:00:00+00:00' AIRFLOW_CTX_TRY_NUMBER='1' AIRFLOW_CTX_DAG_RUN_ID='scheduled__2026-02-06T00:00:00+00:00'
[2026-02-07T22:06:00.808+0000] {taskinstance.py:731} INFO - ::endgroup::
[2026-02-07T22:06:00.817+0000] {logging_mixin.py:190} INFO - Model score on test data: 0.97
[2026-02-07T22:06:00.817+0000] {python.py:240} INFO - Done. Returned value was: 1
[2026-02-07T22:06:00.828+0000] {taskinstance.py:340} INFO - ::group::Post task execution logs
[2026-02-07T22:06:00.828+0000] {taskinstance.py:352} INFO - Marking task as SUCCESS. dag_id=Airflow_Lab2, task_id=load_model_task, run_id=scheduled__2026-02-06T00:00:00+00:00, execution_date=20260206T000000, start_date=20260207T220600, end_date=20260207T220600
[2026-02-07T22:06:00.872+0000] {local_task_job_runner.py:266} INFO - Task exited with return code 0
[2026-02-07T22:06:00.884+0000] {taskinstance.py:3900} INFO - 2 downstream tasks scheduled from follow-on schedule check
[2026-02-07T22:06:00.885+0000] {local_task_job_runner.py:245} INFO - ::endgroup::
