[2026-02-09T16:54:48.145+0000] {processor.py:186} INFO - Started process (PID=86) to work on /opt/airflow/dags/src/model_development.py
[2026-02-09T16:54:48.145+0000] {processor.py:914} INFO - Processing file /opt/airflow/dags/src/model_development.py for tasks to queue
[2026-02-09T16:54:48.147+0000] {logging_mixin.py:190} INFO - [2026-02-09T16:54:48.147+0000] {dagbag.py:588} INFO - Filling up the DagBag from /opt/airflow/dags/src/model_development.py
[2026-02-09T16:54:49.572+0000] {processor.py:927} WARNING - No viable dags retrieved from /opt/airflow/dags/src/model_development.py
[2026-02-09T16:54:49.581+0000] {processor.py:208} INFO - Processing /opt/airflow/dags/src/model_development.py took 1.439 seconds
[2026-02-09T16:58:41.556+0000] {processor.py:186} INFO - Started process (PID=86) to work on /opt/airflow/dags/src/model_development.py
[2026-02-09T16:58:41.557+0000] {processor.py:914} INFO - Processing file /opt/airflow/dags/src/model_development.py for tasks to queue
[2026-02-09T16:58:41.558+0000] {logging_mixin.py:190} INFO - [2026-02-09T16:58:41.558+0000] {dagbag.py:588} INFO - Filling up the DagBag from /opt/airflow/dags/src/model_development.py
[2026-02-09T16:58:42.993+0000] {processor.py:927} WARNING - No viable dags retrieved from /opt/airflow/dags/src/model_development.py
[2026-02-09T16:58:43.000+0000] {processor.py:208} INFO - Processing /opt/airflow/dags/src/model_development.py took 1.449 seconds
[2026-02-09T16:59:13.893+0000] {processor.py:186} INFO - Started process (PID=104) to work on /opt/airflow/dags/src/model_development.py
[2026-02-09T16:59:13.894+0000] {processor.py:914} INFO - Processing file /opt/airflow/dags/src/model_development.py for tasks to queue
[2026-02-09T16:59:13.895+0000] {logging_mixin.py:190} INFO - [2026-02-09T16:59:13.895+0000] {dagbag.py:588} INFO - Filling up the DagBag from /opt/airflow/dags/src/model_development.py
[2026-02-09T16:59:14.628+0000] {processor.py:927} WARNING - No viable dags retrieved from /opt/airflow/dags/src/model_development.py
[2026-02-09T16:59:14.635+0000] {processor.py:208} INFO - Processing /opt/airflow/dags/src/model_development.py took 0.745 seconds
[2026-02-09T16:59:45.047+0000] {processor.py:186} INFO - Started process (PID=122) to work on /opt/airflow/dags/src/model_development.py
[2026-02-09T16:59:45.048+0000] {processor.py:914} INFO - Processing file /opt/airflow/dags/src/model_development.py for tasks to queue
[2026-02-09T16:59:45.049+0000] {logging_mixin.py:190} INFO - [2026-02-09T16:59:45.049+0000] {dagbag.py:588} INFO - Filling up the DagBag from /opt/airflow/dags/src/model_development.py
[2026-02-09T16:59:45.795+0000] {processor.py:927} WARNING - No viable dags retrieved from /opt/airflow/dags/src/model_development.py
[2026-02-09T16:59:45.802+0000] {processor.py:208} INFO - Processing /opt/airflow/dags/src/model_development.py took 0.759 seconds
[2026-02-09T17:00:16.169+0000] {processor.py:186} INFO - Started process (PID=141) to work on /opt/airflow/dags/src/model_development.py
[2026-02-09T17:00:16.170+0000] {processor.py:914} INFO - Processing file /opt/airflow/dags/src/model_development.py for tasks to queue
[2026-02-09T17:00:16.171+0000] {logging_mixin.py:190} INFO - [2026-02-09T17:00:16.171+0000] {dagbag.py:588} INFO - Filling up the DagBag from /opt/airflow/dags/src/model_development.py
[2026-02-09T17:00:16.844+0000] {processor.py:927} WARNING - No viable dags retrieved from /opt/airflow/dags/src/model_development.py
[2026-02-09T17:00:16.850+0000] {processor.py:208} INFO - Processing /opt/airflow/dags/src/model_development.py took 0.684 seconds
[2026-02-09T17:00:47.292+0000] {processor.py:186} INFO - Started process (PID=159) to work on /opt/airflow/dags/src/model_development.py
[2026-02-09T17:00:47.293+0000] {processor.py:914} INFO - Processing file /opt/airflow/dags/src/model_development.py for tasks to queue
[2026-02-09T17:00:47.295+0000] {logging_mixin.py:190} INFO - [2026-02-09T17:00:47.295+0000] {dagbag.py:588} INFO - Filling up the DagBag from /opt/airflow/dags/src/model_development.py
[2026-02-09T17:00:48.137+0000] {processor.py:927} WARNING - No viable dags retrieved from /opt/airflow/dags/src/model_development.py
[2026-02-09T17:00:48.145+0000] {processor.py:208} INFO - Processing /opt/airflow/dags/src/model_development.py took 0.856 seconds
[2026-02-09T17:01:18.580+0000] {processor.py:186} INFO - Started process (PID=177) to work on /opt/airflow/dags/src/model_development.py
[2026-02-09T17:01:18.581+0000] {processor.py:914} INFO - Processing file /opt/airflow/dags/src/model_development.py for tasks to queue
[2026-02-09T17:01:18.583+0000] {logging_mixin.py:190} INFO - [2026-02-09T17:01:18.582+0000] {dagbag.py:588} INFO - Filling up the DagBag from /opt/airflow/dags/src/model_development.py
[2026-02-09T17:01:19.330+0000] {processor.py:927} WARNING - No viable dags retrieved from /opt/airflow/dags/src/model_development.py
[2026-02-09T17:01:19.337+0000] {processor.py:208} INFO - Processing /opt/airflow/dags/src/model_development.py took 0.760 seconds
[2026-02-09T17:01:49.721+0000] {processor.py:186} INFO - Started process (PID=195) to work on /opt/airflow/dags/src/model_development.py
[2026-02-09T17:01:49.721+0000] {processor.py:914} INFO - Processing file /opt/airflow/dags/src/model_development.py for tasks to queue
[2026-02-09T17:01:49.723+0000] {logging_mixin.py:190} INFO - [2026-02-09T17:01:49.723+0000] {dagbag.py:588} INFO - Filling up the DagBag from /opt/airflow/dags/src/model_development.py
[2026-02-09T17:01:50.535+0000] {processor.py:927} WARNING - No viable dags retrieved from /opt/airflow/dags/src/model_development.py
[2026-02-09T17:01:50.541+0000] {processor.py:208} INFO - Processing /opt/airflow/dags/src/model_development.py took 0.825 seconds
[2026-02-09T17:02:20.962+0000] {processor.py:186} INFO - Started process (PID=219) to work on /opt/airflow/dags/src/model_development.py
[2026-02-09T17:02:20.963+0000] {processor.py:914} INFO - Processing file /opt/airflow/dags/src/model_development.py for tasks to queue
[2026-02-09T17:02:20.965+0000] {logging_mixin.py:190} INFO - [2026-02-09T17:02:20.964+0000] {dagbag.py:588} INFO - Filling up the DagBag from /opt/airflow/dags/src/model_development.py
[2026-02-09T17:02:21.787+0000] {processor.py:927} WARNING - No viable dags retrieved from /opt/airflow/dags/src/model_development.py
[2026-02-09T17:02:21.793+0000] {processor.py:208} INFO - Processing /opt/airflow/dags/src/model_development.py took 0.839 seconds
[2026-02-09T17:02:52.330+0000] {processor.py:186} INFO - Started process (PID=237) to work on /opt/airflow/dags/src/model_development.py
[2026-02-09T17:02:52.330+0000] {processor.py:914} INFO - Processing file /opt/airflow/dags/src/model_development.py for tasks to queue
[2026-02-09T17:02:52.332+0000] {logging_mixin.py:190} INFO - [2026-02-09T17:02:52.332+0000] {dagbag.py:588} INFO - Filling up the DagBag from /opt/airflow/dags/src/model_development.py
[2026-02-09T17:02:53.033+0000] {processor.py:927} WARNING - No viable dags retrieved from /opt/airflow/dags/src/model_development.py
[2026-02-09T17:02:53.041+0000] {processor.py:208} INFO - Processing /opt/airflow/dags/src/model_development.py took 0.717 seconds
[2026-02-09T17:03:23.469+0000] {processor.py:186} INFO - Started process (PID=254) to work on /opt/airflow/dags/src/model_development.py
[2026-02-09T17:03:23.470+0000] {processor.py:914} INFO - Processing file /opt/airflow/dags/src/model_development.py for tasks to queue
[2026-02-09T17:03:23.473+0000] {logging_mixin.py:190} INFO - [2026-02-09T17:03:23.472+0000] {dagbag.py:588} INFO - Filling up the DagBag from /opt/airflow/dags/src/model_development.py
[2026-02-09T17:03:24.154+0000] {processor.py:927} WARNING - No viable dags retrieved from /opt/airflow/dags/src/model_development.py
[2026-02-09T17:03:24.163+0000] {processor.py:208} INFO - Processing /opt/airflow/dags/src/model_development.py took 0.702 seconds
[2026-02-09T17:03:54.577+0000] {processor.py:186} INFO - Started process (PID=272) to work on /opt/airflow/dags/src/model_development.py
[2026-02-09T17:03:54.578+0000] {processor.py:914} INFO - Processing file /opt/airflow/dags/src/model_development.py for tasks to queue
[2026-02-09T17:03:54.581+0000] {logging_mixin.py:190} INFO - [2026-02-09T17:03:54.580+0000] {dagbag.py:588} INFO - Filling up the DagBag from /opt/airflow/dags/src/model_development.py
[2026-02-09T17:03:55.229+0000] {processor.py:927} WARNING - No viable dags retrieved from /opt/airflow/dags/src/model_development.py
[2026-02-09T17:03:55.235+0000] {processor.py:208} INFO - Processing /opt/airflow/dags/src/model_development.py took 0.665 seconds
[2026-02-09T17:04:25.993+0000] {processor.py:186} INFO - Started process (PID=289) to work on /opt/airflow/dags/src/model_development.py
[2026-02-09T17:04:25.993+0000] {processor.py:914} INFO - Processing file /opt/airflow/dags/src/model_development.py for tasks to queue
[2026-02-09T17:04:25.995+0000] {logging_mixin.py:190} INFO - [2026-02-09T17:04:25.995+0000] {dagbag.py:588} INFO - Filling up the DagBag from /opt/airflow/dags/src/model_development.py
[2026-02-09T17:04:26.710+0000] {processor.py:927} WARNING - No viable dags retrieved from /opt/airflow/dags/src/model_development.py
[2026-02-09T17:04:26.718+0000] {processor.py:208} INFO - Processing /opt/airflow/dags/src/model_development.py took 0.729 seconds
[2026-02-09T17:04:57.135+0000] {processor.py:186} INFO - Started process (PID=307) to work on /opt/airflow/dags/src/model_development.py
[2026-02-09T17:04:57.135+0000] {processor.py:914} INFO - Processing file /opt/airflow/dags/src/model_development.py for tasks to queue
[2026-02-09T17:04:57.137+0000] {logging_mixin.py:190} INFO - [2026-02-09T17:04:57.136+0000] {dagbag.py:588} INFO - Filling up the DagBag from /opt/airflow/dags/src/model_development.py
[2026-02-09T17:04:57.888+0000] {processor.py:927} WARNING - No viable dags retrieved from /opt/airflow/dags/src/model_development.py
[2026-02-09T17:04:57.896+0000] {processor.py:208} INFO - Processing /opt/airflow/dags/src/model_development.py took 0.765 seconds
[2026-02-09T17:05:28.317+0000] {processor.py:186} INFO - Started process (PID=335) to work on /opt/airflow/dags/src/model_development.py
[2026-02-09T17:05:28.317+0000] {processor.py:914} INFO - Processing file /opt/airflow/dags/src/model_development.py for tasks to queue
[2026-02-09T17:05:28.319+0000] {logging_mixin.py:190} INFO - [2026-02-09T17:05:28.319+0000] {dagbag.py:588} INFO - Filling up the DagBag from /opt/airflow/dags/src/model_development.py
[2026-02-09T17:05:29.050+0000] {processor.py:927} WARNING - No viable dags retrieved from /opt/airflow/dags/src/model_development.py
[2026-02-09T17:05:29.058+0000] {processor.py:208} INFO - Processing /opt/airflow/dags/src/model_development.py took 0.745 seconds
[2026-02-09T17:06:29.137+0000] {processor.py:186} INFO - Started process (PID=74) to work on /opt/airflow/dags/src/model_development.py
[2026-02-09T17:06:29.139+0000] {processor.py:914} INFO - Processing file /opt/airflow/dags/src/model_development.py for tasks to queue
[2026-02-09T17:06:29.142+0000] {logging_mixin.py:190} INFO - [2026-02-09T17:06:29.142+0000] {dagbag.py:588} INFO - Filling up the DagBag from /opt/airflow/dags/src/model_development.py
[2026-02-09T17:06:30.564+0000] {processor.py:927} WARNING - No viable dags retrieved from /opt/airflow/dags/src/model_development.py
[2026-02-09T17:06:30.573+0000] {processor.py:208} INFO - Processing /opt/airflow/dags/src/model_development.py took 1.439 seconds
[2026-02-09T17:07:00.909+0000] {processor.py:186} INFO - Started process (PID=106) to work on /opt/airflow/dags/src/model_development.py
[2026-02-09T17:07:00.910+0000] {processor.py:914} INFO - Processing file /opt/airflow/dags/src/model_development.py for tasks to queue
[2026-02-09T17:07:00.913+0000] {logging_mixin.py:190} INFO - [2026-02-09T17:07:00.912+0000] {dagbag.py:588} INFO - Filling up the DagBag from /opt/airflow/dags/src/model_development.py
[2026-02-09T17:07:01.747+0000] {processor.py:927} WARNING - No viable dags retrieved from /opt/airflow/dags/src/model_development.py
[2026-02-09T17:07:01.755+0000] {processor.py:208} INFO - Processing /opt/airflow/dags/src/model_development.py took 0.853 seconds
[2026-02-09T17:07:32.170+0000] {processor.py:186} INFO - Started process (PID=133) to work on /opt/airflow/dags/src/model_development.py
[2026-02-09T17:07:32.171+0000] {processor.py:914} INFO - Processing file /opt/airflow/dags/src/model_development.py for tasks to queue
[2026-02-09T17:07:32.174+0000] {logging_mixin.py:190} INFO - [2026-02-09T17:07:32.174+0000] {dagbag.py:588} INFO - Filling up the DagBag from /opt/airflow/dags/src/model_development.py
[2026-02-09T17:07:32.913+0000] {processor.py:927} WARNING - No viable dags retrieved from /opt/airflow/dags/src/model_development.py
[2026-02-09T17:07:32.920+0000] {processor.py:208} INFO - Processing /opt/airflow/dags/src/model_development.py took 0.758 seconds
[2026-02-09T17:08:03.346+0000] {processor.py:186} INFO - Started process (PID=159) to work on /opt/airflow/dags/src/model_development.py
[2026-02-09T17:08:03.348+0000] {processor.py:914} INFO - Processing file /opt/airflow/dags/src/model_development.py for tasks to queue
[2026-02-09T17:08:03.350+0000] {logging_mixin.py:190} INFO - [2026-02-09T17:08:03.350+0000] {dagbag.py:588} INFO - Filling up the DagBag from /opt/airflow/dags/src/model_development.py
[2026-02-09T17:08:04.031+0000] {processor.py:927} WARNING - No viable dags retrieved from /opt/airflow/dags/src/model_development.py
[2026-02-09T17:08:04.040+0000] {processor.py:208} INFO - Processing /opt/airflow/dags/src/model_development.py took 0.700 seconds
[2026-02-09T17:08:34.403+0000] {processor.py:186} INFO - Started process (PID=190) to work on /opt/airflow/dags/src/model_development.py
[2026-02-09T17:08:34.404+0000] {processor.py:914} INFO - Processing file /opt/airflow/dags/src/model_development.py for tasks to queue
[2026-02-09T17:08:34.406+0000] {logging_mixin.py:190} INFO - [2026-02-09T17:08:34.405+0000] {dagbag.py:588} INFO - Filling up the DagBag from /opt/airflow/dags/src/model_development.py
[2026-02-09T17:08:35.158+0000] {processor.py:927} WARNING - No viable dags retrieved from /opt/airflow/dags/src/model_development.py
[2026-02-09T17:08:35.168+0000] {processor.py:208} INFO - Processing /opt/airflow/dags/src/model_development.py took 0.770 seconds
[2026-02-09T17:09:05.564+0000] {processor.py:186} INFO - Started process (PID=217) to work on /opt/airflow/dags/src/model_development.py
[2026-02-09T17:09:05.565+0000] {processor.py:914} INFO - Processing file /opt/airflow/dags/src/model_development.py for tasks to queue
[2026-02-09T17:09:05.567+0000] {logging_mixin.py:190} INFO - [2026-02-09T17:09:05.567+0000] {dagbag.py:588} INFO - Filling up the DagBag from /opt/airflow/dags/src/model_development.py
[2026-02-09T17:09:06.767+0000] {processor.py:927} WARNING - No viable dags retrieved from /opt/airflow/dags/src/model_development.py
[2026-02-09T17:09:06.781+0000] {processor.py:208} INFO - Processing /opt/airflow/dags/src/model_development.py took 1.222 seconds
[2026-02-09T17:09:37.175+0000] {processor.py:186} INFO - Started process (PID=244) to work on /opt/airflow/dags/src/model_development.py
[2026-02-09T17:09:37.176+0000] {processor.py:914} INFO - Processing file /opt/airflow/dags/src/model_development.py for tasks to queue
[2026-02-09T17:09:37.180+0000] {logging_mixin.py:190} INFO - [2026-02-09T17:09:37.179+0000] {dagbag.py:588} INFO - Filling up the DagBag from /opt/airflow/dags/src/model_development.py
[2026-02-09T17:09:38.207+0000] {processor.py:927} WARNING - No viable dags retrieved from /opt/airflow/dags/src/model_development.py
[2026-02-09T17:09:38.221+0000] {processor.py:208} INFO - Processing /opt/airflow/dags/src/model_development.py took 1.050 seconds
[2026-02-09T17:10:08.617+0000] {processor.py:186} INFO - Started process (PID=271) to work on /opt/airflow/dags/src/model_development.py
[2026-02-09T17:10:08.618+0000] {processor.py:914} INFO - Processing file /opt/airflow/dags/src/model_development.py for tasks to queue
[2026-02-09T17:10:08.622+0000] {logging_mixin.py:190} INFO - [2026-02-09T17:10:08.621+0000] {dagbag.py:588} INFO - Filling up the DagBag from /opt/airflow/dags/src/model_development.py
[2026-02-09T17:10:09.468+0000] {processor.py:927} WARNING - No viable dags retrieved from /opt/airflow/dags/src/model_development.py
[2026-02-09T17:10:09.477+0000] {processor.py:208} INFO - Processing /opt/airflow/dags/src/model_development.py took 0.864 seconds
[2026-02-09T17:10:40.027+0000] {processor.py:186} INFO - Started process (PID=299) to work on /opt/airflow/dags/src/model_development.py
[2026-02-09T17:10:40.028+0000] {processor.py:914} INFO - Processing file /opt/airflow/dags/src/model_development.py for tasks to queue
[2026-02-09T17:10:40.030+0000] {logging_mixin.py:190} INFO - [2026-02-09T17:10:40.030+0000] {dagbag.py:588} INFO - Filling up the DagBag from /opt/airflow/dags/src/model_development.py
[2026-02-09T17:10:40.963+0000] {processor.py:927} WARNING - No viable dags retrieved from /opt/airflow/dags/src/model_development.py
[2026-02-09T17:10:40.971+0000] {processor.py:208} INFO - Processing /opt/airflow/dags/src/model_development.py took 0.949 seconds
[2026-02-09T17:11:11.439+0000] {processor.py:186} INFO - Started process (PID=328) to work on /opt/airflow/dags/src/model_development.py
[2026-02-09T17:11:11.439+0000] {processor.py:914} INFO - Processing file /opt/airflow/dags/src/model_development.py for tasks to queue
[2026-02-09T17:11:11.441+0000] {logging_mixin.py:190} INFO - [2026-02-09T17:11:11.440+0000] {dagbag.py:588} INFO - Filling up the DagBag from /opt/airflow/dags/src/model_development.py
[2026-02-09T17:11:12.228+0000] {processor.py:927} WARNING - No viable dags retrieved from /opt/airflow/dags/src/model_development.py
[2026-02-09T17:11:12.237+0000] {processor.py:208} INFO - Processing /opt/airflow/dags/src/model_development.py took 0.801 seconds
[2026-02-09T17:11:42.716+0000] {processor.py:186} INFO - Started process (PID=355) to work on /opt/airflow/dags/src/model_development.py
[2026-02-09T17:11:42.717+0000] {processor.py:914} INFO - Processing file /opt/airflow/dags/src/model_development.py for tasks to queue
[2026-02-09T17:11:42.719+0000] {logging_mixin.py:190} INFO - [2026-02-09T17:11:42.719+0000] {dagbag.py:588} INFO - Filling up the DagBag from /opt/airflow/dags/src/model_development.py
[2026-02-09T17:11:43.563+0000] {processor.py:927} WARNING - No viable dags retrieved from /opt/airflow/dags/src/model_development.py
[2026-02-09T17:11:43.572+0000] {processor.py:208} INFO - Processing /opt/airflow/dags/src/model_development.py took 0.860 seconds
[2026-02-09T17:12:13.972+0000] {processor.py:186} INFO - Started process (PID=382) to work on /opt/airflow/dags/src/model_development.py
[2026-02-09T17:12:13.972+0000] {processor.py:914} INFO - Processing file /opt/airflow/dags/src/model_development.py for tasks to queue
[2026-02-09T17:12:13.974+0000] {logging_mixin.py:190} INFO - [2026-02-09T17:12:13.974+0000] {dagbag.py:588} INFO - Filling up the DagBag from /opt/airflow/dags/src/model_development.py
[2026-02-09T17:12:14.749+0000] {processor.py:927} WARNING - No viable dags retrieved from /opt/airflow/dags/src/model_development.py
[2026-02-09T17:12:14.766+0000] {processor.py:208} INFO - Processing /opt/airflow/dags/src/model_development.py took 0.798 seconds
[2026-02-09T17:12:45.203+0000] {processor.py:186} INFO - Started process (PID=409) to work on /opt/airflow/dags/src/model_development.py
[2026-02-09T17:12:45.203+0000] {processor.py:914} INFO - Processing file /opt/airflow/dags/src/model_development.py for tasks to queue
[2026-02-09T17:12:45.207+0000] {logging_mixin.py:190} INFO - [2026-02-09T17:12:45.206+0000] {dagbag.py:588} INFO - Filling up the DagBag from /opt/airflow/dags/src/model_development.py
[2026-02-09T17:12:46.019+0000] {processor.py:927} WARNING - No viable dags retrieved from /opt/airflow/dags/src/model_development.py
[2026-02-09T17:12:46.027+0000] {processor.py:208} INFO - Processing /opt/airflow/dags/src/model_development.py took 0.828 seconds
[2026-02-09T17:13:16.450+0000] {processor.py:186} INFO - Started process (PID=437) to work on /opt/airflow/dags/src/model_development.py
[2026-02-09T17:13:16.453+0000] {processor.py:914} INFO - Processing file /opt/airflow/dags/src/model_development.py for tasks to queue
[2026-02-09T17:13:16.456+0000] {logging_mixin.py:190} INFO - [2026-02-09T17:13:16.455+0000] {dagbag.py:588} INFO - Filling up the DagBag from /opt/airflow/dags/src/model_development.py
[2026-02-09T17:13:17.148+0000] {processor.py:927} WARNING - No viable dags retrieved from /opt/airflow/dags/src/model_development.py
[2026-02-09T17:13:17.160+0000] {processor.py:208} INFO - Processing /opt/airflow/dags/src/model_development.py took 0.717 seconds
[2026-02-09T17:13:47.562+0000] {processor.py:186} INFO - Started process (PID=464) to work on /opt/airflow/dags/src/model_development.py
[2026-02-09T17:13:47.563+0000] {processor.py:914} INFO - Processing file /opt/airflow/dags/src/model_development.py for tasks to queue
[2026-02-09T17:13:47.566+0000] {logging_mixin.py:190} INFO - [2026-02-09T17:13:47.566+0000] {dagbag.py:588} INFO - Filling up the DagBag from /opt/airflow/dags/src/model_development.py
[2026-02-09T17:13:48.298+0000] {processor.py:927} WARNING - No viable dags retrieved from /opt/airflow/dags/src/model_development.py
[2026-02-09T17:13:48.308+0000] {processor.py:208} INFO - Processing /opt/airflow/dags/src/model_development.py took 0.751 seconds
[2026-02-09T17:14:18.751+0000] {processor.py:186} INFO - Started process (PID=491) to work on /opt/airflow/dags/src/model_development.py
[2026-02-09T17:14:18.751+0000] {processor.py:914} INFO - Processing file /opt/airflow/dags/src/model_development.py for tasks to queue
[2026-02-09T17:14:18.754+0000] {logging_mixin.py:190} INFO - [2026-02-09T17:14:18.753+0000] {dagbag.py:588} INFO - Filling up the DagBag from /opt/airflow/dags/src/model_development.py
[2026-02-09T17:14:19.459+0000] {processor.py:927} WARNING - No viable dags retrieved from /opt/airflow/dags/src/model_development.py
[2026-02-09T17:14:19.467+0000] {processor.py:208} INFO - Processing /opt/airflow/dags/src/model_development.py took 0.721 seconds
[2026-02-09T17:14:49.865+0000] {processor.py:186} INFO - Started process (PID=518) to work on /opt/airflow/dags/src/model_development.py
[2026-02-09T17:14:49.866+0000] {processor.py:914} INFO - Processing file /opt/airflow/dags/src/model_development.py for tasks to queue
[2026-02-09T17:14:49.869+0000] {logging_mixin.py:190} INFO - [2026-02-09T17:14:49.868+0000] {dagbag.py:588} INFO - Filling up the DagBag from /opt/airflow/dags/src/model_development.py
[2026-02-09T17:14:50.606+0000] {processor.py:927} WARNING - No viable dags retrieved from /opt/airflow/dags/src/model_development.py
[2026-02-09T17:14:50.613+0000] {processor.py:208} INFO - Processing /opt/airflow/dags/src/model_development.py took 0.754 seconds
[2026-02-09T17:15:20.963+0000] {processor.py:186} INFO - Started process (PID=545) to work on /opt/airflow/dags/src/model_development.py
[2026-02-09T17:15:20.964+0000] {processor.py:914} INFO - Processing file /opt/airflow/dags/src/model_development.py for tasks to queue
[2026-02-09T17:15:20.967+0000] {logging_mixin.py:190} INFO - [2026-02-09T17:15:20.966+0000] {dagbag.py:588} INFO - Filling up the DagBag from /opt/airflow/dags/src/model_development.py
[2026-02-09T17:15:21.725+0000] {processor.py:927} WARNING - No viable dags retrieved from /opt/airflow/dags/src/model_development.py
[2026-02-09T17:15:21.732+0000] {processor.py:208} INFO - Processing /opt/airflow/dags/src/model_development.py took 0.780 seconds
[2026-02-09T17:15:52.151+0000] {processor.py:186} INFO - Started process (PID=572) to work on /opt/airflow/dags/src/model_development.py
[2026-02-09T17:15:52.152+0000] {processor.py:914} INFO - Processing file /opt/airflow/dags/src/model_development.py for tasks to queue
[2026-02-09T17:15:52.154+0000] {logging_mixin.py:190} INFO - [2026-02-09T17:15:52.154+0000] {dagbag.py:588} INFO - Filling up the DagBag from /opt/airflow/dags/src/model_development.py
[2026-02-09T17:15:52.920+0000] {processor.py:927} WARNING - No viable dags retrieved from /opt/airflow/dags/src/model_development.py
[2026-02-09T17:15:52.928+0000] {processor.py:208} INFO - Processing /opt/airflow/dags/src/model_development.py took 0.783 seconds
[2026-02-09T17:16:23.425+0000] {processor.py:186} INFO - Started process (PID=601) to work on /opt/airflow/dags/src/model_development.py
[2026-02-09T17:16:23.426+0000] {processor.py:914} INFO - Processing file /opt/airflow/dags/src/model_development.py for tasks to queue
[2026-02-09T17:16:23.427+0000] {logging_mixin.py:190} INFO - [2026-02-09T17:16:23.427+0000] {dagbag.py:588} INFO - Filling up the DagBag from /opt/airflow/dags/src/model_development.py
[2026-02-09T17:16:24.166+0000] {processor.py:927} WARNING - No viable dags retrieved from /opt/airflow/dags/src/model_development.py
[2026-02-09T17:16:24.176+0000] {processor.py:208} INFO - Processing /opt/airflow/dags/src/model_development.py took 0.755 seconds
[2026-02-09T17:17:21.801+0000] {processor.py:186} INFO - Started process (PID=82) to work on /opt/airflow/dags/src/model_development.py
[2026-02-09T17:17:21.802+0000] {processor.py:914} INFO - Processing file /opt/airflow/dags/src/model_development.py for tasks to queue
[2026-02-09T17:17:21.804+0000] {logging_mixin.py:190} INFO - [2026-02-09T17:17:21.803+0000] {dagbag.py:588} INFO - Filling up the DagBag from /opt/airflow/dags/src/model_development.py
[2026-02-09T17:17:23.311+0000] {processor.py:927} WARNING - No viable dags retrieved from /opt/airflow/dags/src/model_development.py
[2026-02-09T17:17:23.319+0000] {processor.py:208} INFO - Processing /opt/airflow/dags/src/model_development.py took 1.522 seconds
[2026-02-09T17:17:53.711+0000] {processor.py:186} INFO - Started process (PID=108) to work on /opt/airflow/dags/src/model_development.py
[2026-02-09T17:17:53.712+0000] {processor.py:914} INFO - Processing file /opt/airflow/dags/src/model_development.py for tasks to queue
[2026-02-09T17:17:53.714+0000] {logging_mixin.py:190} INFO - [2026-02-09T17:17:53.714+0000] {dagbag.py:588} INFO - Filling up the DagBag from /opt/airflow/dags/src/model_development.py
[2026-02-09T17:17:54.543+0000] {processor.py:927} WARNING - No viable dags retrieved from /opt/airflow/dags/src/model_development.py
[2026-02-09T17:17:54.552+0000] {processor.py:208} INFO - Processing /opt/airflow/dags/src/model_development.py took 0.848 seconds
[2026-02-09T17:18:24.868+0000] {processor.py:186} INFO - Started process (PID=139) to work on /opt/airflow/dags/src/model_development.py
[2026-02-09T17:18:24.869+0000] {processor.py:914} INFO - Processing file /opt/airflow/dags/src/model_development.py for tasks to queue
[2026-02-09T17:18:24.873+0000] {logging_mixin.py:190} INFO - [2026-02-09T17:18:24.873+0000] {dagbag.py:588} INFO - Filling up the DagBag from /opt/airflow/dags/src/model_development.py
[2026-02-09T17:18:25.782+0000] {processor.py:927} WARNING - No viable dags retrieved from /opt/airflow/dags/src/model_development.py
[2026-02-09T17:18:25.801+0000] {processor.py:208} INFO - Processing /opt/airflow/dags/src/model_development.py took 0.939 seconds
[2026-02-09T17:18:56.289+0000] {processor.py:186} INFO - Started process (PID=165) to work on /opt/airflow/dags/src/model_development.py
[2026-02-09T17:18:56.290+0000] {processor.py:914} INFO - Processing file /opt/airflow/dags/src/model_development.py for tasks to queue
[2026-02-09T17:18:56.292+0000] {logging_mixin.py:190} INFO - [2026-02-09T17:18:56.292+0000] {dagbag.py:588} INFO - Filling up the DagBag from /opt/airflow/dags/src/model_development.py
[2026-02-09T17:18:57.053+0000] {processor.py:927} WARNING - No viable dags retrieved from /opt/airflow/dags/src/model_development.py
[2026-02-09T17:18:57.061+0000] {processor.py:208} INFO - Processing /opt/airflow/dags/src/model_development.py took 0.775 seconds
[2026-02-09T17:19:27.463+0000] {processor.py:186} INFO - Started process (PID=192) to work on /opt/airflow/dags/src/model_development.py
[2026-02-09T17:19:27.466+0000] {processor.py:914} INFO - Processing file /opt/airflow/dags/src/model_development.py for tasks to queue
[2026-02-09T17:19:27.470+0000] {logging_mixin.py:190} INFO - [2026-02-09T17:19:27.470+0000] {dagbag.py:588} INFO - Filling up the DagBag from /opt/airflow/dags/src/model_development.py
[2026-02-09T17:19:28.161+0000] {processor.py:927} WARNING - No viable dags retrieved from /opt/airflow/dags/src/model_development.py
[2026-02-09T17:19:28.170+0000] {processor.py:208} INFO - Processing /opt/airflow/dags/src/model_development.py took 0.713 seconds
[2026-02-09T17:19:58.541+0000] {processor.py:186} INFO - Started process (PID=219) to work on /opt/airflow/dags/src/model_development.py
[2026-02-09T17:19:58.542+0000] {processor.py:914} INFO - Processing file /opt/airflow/dags/src/model_development.py for tasks to queue
[2026-02-09T17:19:58.545+0000] {logging_mixin.py:190} INFO - [2026-02-09T17:19:58.545+0000] {dagbag.py:588} INFO - Filling up the DagBag from /opt/airflow/dags/src/model_development.py
[2026-02-09T17:19:59.299+0000] {processor.py:927} WARNING - No viable dags retrieved from /opt/airflow/dags/src/model_development.py
[2026-02-09T17:19:59.306+0000] {processor.py:208} INFO - Processing /opt/airflow/dags/src/model_development.py took 0.769 seconds
[2026-02-09T17:23:51.251+0000] {processor.py:186} INFO - Started process (PID=78) to work on /opt/airflow/dags/src/model_development.py
[2026-02-09T17:23:51.253+0000] {processor.py:914} INFO - Processing file /opt/airflow/dags/src/model_development.py for tasks to queue
[2026-02-09T17:23:51.255+0000] {logging_mixin.py:190} INFO - [2026-02-09T17:23:51.255+0000] {dagbag.py:588} INFO - Filling up the DagBag from /opt/airflow/dags/src/model_development.py
[2026-02-09T17:23:53.194+0000] {processor.py:927} WARNING - No viable dags retrieved from /opt/airflow/dags/src/model_development.py
[2026-02-09T17:23:53.214+0000] {processor.py:208} INFO - Processing /opt/airflow/dags/src/model_development.py took 1.966 seconds
[2026-02-09T17:24:23.624+0000] {processor.py:186} INFO - Started process (PID=110) to work on /opt/airflow/dags/src/model_development.py
[2026-02-09T17:24:23.625+0000] {processor.py:914} INFO - Processing file /opt/airflow/dags/src/model_development.py for tasks to queue
[2026-02-09T17:24:23.628+0000] {logging_mixin.py:190} INFO - [2026-02-09T17:24:23.628+0000] {dagbag.py:588} INFO - Filling up the DagBag from /opt/airflow/dags/src/model_development.py
[2026-02-09T17:24:24.408+0000] {processor.py:927} WARNING - No viable dags retrieved from /opt/airflow/dags/src/model_development.py
[2026-02-09T17:24:24.419+0000] {processor.py:208} INFO - Processing /opt/airflow/dags/src/model_development.py took 0.801 seconds
[2026-02-09T17:24:54.788+0000] {processor.py:186} INFO - Started process (PID=140) to work on /opt/airflow/dags/src/model_development.py
[2026-02-09T17:24:54.789+0000] {processor.py:914} INFO - Processing file /opt/airflow/dags/src/model_development.py for tasks to queue
[2026-02-09T17:24:54.791+0000] {logging_mixin.py:190} INFO - [2026-02-09T17:24:54.791+0000] {dagbag.py:588} INFO - Filling up the DagBag from /opt/airflow/dags/src/model_development.py
[2026-02-09T17:24:55.522+0000] {processor.py:927} WARNING - No viable dags retrieved from /opt/airflow/dags/src/model_development.py
[2026-02-09T17:24:55.528+0000] {processor.py:208} INFO - Processing /opt/airflow/dags/src/model_development.py took 0.749 seconds
[2026-02-09T17:25:25.971+0000] {processor.py:186} INFO - Started process (PID=167) to work on /opt/airflow/dags/src/model_development.py
[2026-02-09T17:25:25.973+0000] {processor.py:914} INFO - Processing file /opt/airflow/dags/src/model_development.py for tasks to queue
[2026-02-09T17:25:25.976+0000] {logging_mixin.py:190} INFO - [2026-02-09T17:25:25.975+0000] {dagbag.py:588} INFO - Filling up the DagBag from /opt/airflow/dags/src/model_development.py
[2026-02-09T17:25:26.704+0000] {processor.py:927} WARNING - No viable dags retrieved from /opt/airflow/dags/src/model_development.py
[2026-02-09T17:25:26.714+0000] {processor.py:208} INFO - Processing /opt/airflow/dags/src/model_development.py took 0.750 seconds
[2026-02-09T17:25:57.223+0000] {processor.py:186} INFO - Started process (PID=194) to work on /opt/airflow/dags/src/model_development.py
[2026-02-09T17:25:57.224+0000] {processor.py:914} INFO - Processing file /opt/airflow/dags/src/model_development.py for tasks to queue
[2026-02-09T17:25:57.227+0000] {logging_mixin.py:190} INFO - [2026-02-09T17:25:57.226+0000] {dagbag.py:588} INFO - Filling up the DagBag from /opt/airflow/dags/src/model_development.py
[2026-02-09T17:25:57.894+0000] {processor.py:927} WARNING - No viable dags retrieved from /opt/airflow/dags/src/model_development.py
[2026-02-09T17:25:57.901+0000] {processor.py:208} INFO - Processing /opt/airflow/dags/src/model_development.py took 0.685 seconds
[2026-02-09T17:26:28.315+0000] {processor.py:186} INFO - Started process (PID=221) to work on /opt/airflow/dags/src/model_development.py
[2026-02-09T17:26:28.316+0000] {processor.py:914} INFO - Processing file /opt/airflow/dags/src/model_development.py for tasks to queue
[2026-02-09T17:26:28.318+0000] {logging_mixin.py:190} INFO - [2026-02-09T17:26:28.318+0000] {dagbag.py:588} INFO - Filling up the DagBag from /opt/airflow/dags/src/model_development.py
[2026-02-09T17:26:29.054+0000] {processor.py:927} WARNING - No viable dags retrieved from /opt/airflow/dags/src/model_development.py
[2026-02-09T17:26:29.061+0000] {processor.py:208} INFO - Processing /opt/airflow/dags/src/model_development.py took 0.749 seconds
[2026-02-09T17:26:59.422+0000] {processor.py:186} INFO - Started process (PID=248) to work on /opt/airflow/dags/src/model_development.py
[2026-02-09T17:26:59.423+0000] {processor.py:914} INFO - Processing file /opt/airflow/dags/src/model_development.py for tasks to queue
[2026-02-09T17:26:59.424+0000] {logging_mixin.py:190} INFO - [2026-02-09T17:26:59.424+0000] {dagbag.py:588} INFO - Filling up the DagBag from /opt/airflow/dags/src/model_development.py
[2026-02-09T17:27:00.496+0000] {processor.py:927} WARNING - No viable dags retrieved from /opt/airflow/dags/src/model_development.py
[2026-02-09T17:27:00.504+0000] {processor.py:208} INFO - Processing /opt/airflow/dags/src/model_development.py took 1.087 seconds
[2026-02-09T17:27:30.898+0000] {processor.py:186} INFO - Started process (PID=275) to work on /opt/airflow/dags/src/model_development.py
[2026-02-09T17:27:30.899+0000] {processor.py:914} INFO - Processing file /opt/airflow/dags/src/model_development.py for tasks to queue
[2026-02-09T17:27:30.900+0000] {logging_mixin.py:190} INFO - [2026-02-09T17:27:30.900+0000] {dagbag.py:588} INFO - Filling up the DagBag from /opt/airflow/dags/src/model_development.py
[2026-02-09T17:27:31.753+0000] {processor.py:927} WARNING - No viable dags retrieved from /opt/airflow/dags/src/model_development.py
[2026-02-09T17:27:31.760+0000] {processor.py:208} INFO - Processing /opt/airflow/dags/src/model_development.py took 0.866 seconds
[2026-02-09T17:28:02.118+0000] {processor.py:186} INFO - Started process (PID=302) to work on /opt/airflow/dags/src/model_development.py
[2026-02-09T17:28:02.119+0000] {processor.py:914} INFO - Processing file /opt/airflow/dags/src/model_development.py for tasks to queue
[2026-02-09T17:28:02.120+0000] {logging_mixin.py:190} INFO - [2026-02-09T17:28:02.120+0000] {dagbag.py:588} INFO - Filling up the DagBag from /opt/airflow/dags/src/model_development.py
[2026-02-09T17:28:02.910+0000] {processor.py:927} WARNING - No viable dags retrieved from /opt/airflow/dags/src/model_development.py
[2026-02-09T17:28:02.924+0000] {processor.py:208} INFO - Processing /opt/airflow/dags/src/model_development.py took 0.809 seconds
