[2026-02-09T16:54:48.057+0000] {manager.py:483} INFO - Processing files using up to 2 processes at a time 
[2026-02-09T16:54:48.057+0000] {manager.py:484} INFO - Process each file at most once every 30 seconds
[2026-02-09T16:54:48.057+0000] {manager.py:485} INFO - Checking for new files in /opt/airflow/dags every 300 seconds
[2026-02-09T16:54:48.057+0000] {manager.py:821} INFO - Searching for files in /opt/airflow/dags
[2026-02-09T16:54:48.063+0000] {manager.py:824} INFO - There are 3 files in /opt/airflow/dags
[2026-02-09T16:54:48.111+0000] {manager.py:997} INFO - 
================================================================================
DAG File Processing Stats

File Path                                     PID  Runtime      # DAGs    # Errors  Last Runtime    Last Run      Last # of DB Queries
------------------------------------------  -----  ---------  --------  ----------  --------------  ----------  ----------------------
/opt/airflow/dags/main.py                      84  0.02s             0           0                                                   0
/opt/airflow/dags/Flask_API.py                 85  0.02s             0           0                                                   0
/opt/airflow/dags/src/model_development.py                           0           0                                                   0
================================================================================
[2026-02-09T16:55:17.589+0000] {manager.py:465} INFO - Exiting gracefully upon receiving signal 15
[2026-02-09T16:58:41.453+0000] {manager.py:483} INFO - Processing files using up to 2 processes at a time 
[2026-02-09T16:58:41.453+0000] {manager.py:484} INFO - Process each file at most once every 30 seconds
[2026-02-09T16:58:41.454+0000] {manager.py:485} INFO - Checking for new files in /opt/airflow/dags every 300 seconds
[2026-02-09T16:58:41.454+0000] {manager.py:821} INFO - Searching for files in /opt/airflow/dags
[2026-02-09T16:58:41.469+0000] {manager.py:824} INFO - There are 3 files in /opt/airflow/dags
[2026-02-09T16:58:41.521+0000] {manager.py:997} INFO - 
================================================================================
DAG File Processing Stats

File Path                                     PID  Runtime      # DAGs    # Errors  Last Runtime    Last Run      Last # of DB Queries
------------------------------------------  -----  ---------  --------  ----------  --------------  ----------  ----------------------
/opt/airflow/dags/main.py                      84  0.02s             0           0                                                   0
/opt/airflow/dags/Flask_API.py                 85  0.02s             0           0                                                   0
/opt/airflow/dags/src/model_development.py                           0           0                                                   0
================================================================================
[2026-02-09T16:59:11.835+0000] {manager.py:997} INFO - 
================================================================================
DAG File Processing Stats

File Path                                     PID  Runtime      # DAGs    # Errors  Last Runtime    Last Run               Last # of DB Queries
------------------------------------------  -----  ---------  --------  ----------  --------------  -------------------  ----------------------
/opt/airflow/dags/src/model_development.py                           0           0  1.46s           2026-02-09T16:58:43                       3
/opt/airflow/dags/main.py                     102  0.01s             0           1  0.05s           2026-02-09T16:58:41                       3
/opt/airflow/dags/Flask_API.py                103  0.00s             0           1  0.05s           2026-02-09T16:58:41                       3
================================================================================
[2026-02-09T16:59:41.979+0000] {manager.py:997} INFO - 
================================================================================
DAG File Processing Stats

File Path                                     PID  Runtime      # DAGs    # Errors  Last Runtime    Last Run               Last # of DB Queries
------------------------------------------  -----  ---------  --------  ----------  --------------  -------------------  ----------------------
/opt/airflow/dags/src/model_development.py                           0           0  0.76s           2026-02-09T16:59:14                       3
/opt/airflow/dags/Flask_API.py                121  0.00s             0           1  0.04s           2026-02-09T16:59:11                       5
/opt/airflow/dags/main.py                     120  0.01s             0           1  0.04s           2026-02-09T16:59:11                       5
================================================================================
[2026-02-09T17:00:12.116+0000] {manager.py:997} INFO - 
================================================================================
DAG File Processing Stats

File Path                                     PID  Runtime      # DAGs    # Errors  Last Runtime    Last Run               Last # of DB Queries
------------------------------------------  -----  ---------  --------  ----------  --------------  -------------------  ----------------------
/opt/airflow/dags/src/model_development.py                           0           0  0.77s           2026-02-09T16:59:45                       3
/opt/airflow/dags/main.py                     139  0.01s             0           1  0.04s           2026-02-09T16:59:42                       5
/opt/airflow/dags/Flask_API.py                140  0.00s             0           1  0.04s           2026-02-09T16:59:42                       5
================================================================================
[2026-02-09T17:00:42.181+0000] {manager.py:997} INFO - 
================================================================================
DAG File Processing Stats

File Path                                     PID  Runtime      # DAGs    # Errors  Last Runtime    Last Run               Last # of DB Queries
------------------------------------------  -----  ---------  --------  ----------  --------------  -------------------  ----------------------
/opt/airflow/dags/src/model_development.py                           0           0  0.69s           2026-02-09T17:00:16                       3
/opt/airflow/dags/main.py                     157  0.01s             0           1  0.04s           2026-02-09T17:00:12                       5
/opt/airflow/dags/Flask_API.py                158  0.00s             0           1  0.03s           2026-02-09T17:00:12                       5
================================================================================
[2026-02-09T17:01:12.460+0000] {manager.py:997} INFO - 
================================================================================
DAG File Processing Stats

File Path                                     PID  Runtime      # DAGs    # Errors  Last Runtime    Last Run               Last # of DB Queries
------------------------------------------  -----  ---------  --------  ----------  --------------  -------------------  ----------------------
/opt/airflow/dags/src/model_development.py                           0           0  0.87s           2026-02-09T17:00:48                       3
/opt/airflow/dags/Flask_API.py                176  0.00s             0           1  0.03s           2026-02-09T17:00:42                       5
/opt/airflow/dags/main.py                     175  0.02s             0           1  0.03s           2026-02-09T17:00:42                       5
================================================================================
[2026-02-09T17:01:42.626+0000] {manager.py:997} INFO - 
================================================================================
DAG File Processing Stats

File Path                                     PID  Runtime      # DAGs    # Errors  Last Runtime    Last Run               Last # of DB Queries
------------------------------------------  -----  ---------  --------  ----------  --------------  -------------------  ----------------------
/opt/airflow/dags/src/model_development.py                           0           0  0.77s           2026-02-09T17:01:19                       3
/opt/airflow/dags/main.py                     193  0.01s             0           1  0.05s           2026-02-09T17:01:12                       5
/opt/airflow/dags/Flask_API.py                194  0.00s             0           1  0.04s           2026-02-09T17:01:12                       5
================================================================================
[2026-02-09T17:02:12.827+0000] {manager.py:997} INFO - 
================================================================================
DAG File Processing Stats

File Path                                     PID  Runtime      # DAGs    # Errors  Last Runtime    Last Run               Last # of DB Queries
------------------------------------------  -----  ---------  --------  ----------  --------------  -------------------  ----------------------
/opt/airflow/dags/src/model_development.py                           0           0  0.84s           2026-02-09T17:01:50                       3
/opt/airflow/dags/main.py                     211  0.02s             0           1  0.05s           2026-02-09T17:01:42                       5
/opt/airflow/dags/Flask_API.py                212  0.00s             0           1  0.04s           2026-02-09T17:01:42                       5
================================================================================
[2026-02-09T17:02:43.199+0000] {manager.py:997} INFO - 
================================================================================
DAG File Processing Stats

File Path                                     PID  Runtime      # DAGs    # Errors  Last Runtime    Last Run               Last # of DB Queries
------------------------------------------  -----  ---------  --------  ----------  --------------  -------------------  ----------------------
/opt/airflow/dags/src/model_development.py                           0           0  0.85s           2026-02-09T17:02:21                       3
/opt/airflow/dags/main.py                     229  0.02s             0           1  0.05s           2026-02-09T17:02:12                       5
/opt/airflow/dags/Flask_API.py                230  0.00s             0           1  0.04s           2026-02-09T17:02:12                       5
================================================================================
[2026-02-09T17:03:13.287+0000] {manager.py:997} INFO - 
================================================================================
DAG File Processing Stats

File Path                                     PID  Runtime      # DAGs    # Errors  Last Runtime    Last Run               Last # of DB Queries
------------------------------------------  -----  ---------  --------  ----------  --------------  -------------------  ----------------------
/opt/airflow/dags/src/model_development.py                           0           0  0.74s           2026-02-09T17:02:53                       3
/opt/airflow/dags/main.py                     247  0.02s             0           1  0.06s           2026-02-09T17:02:43                       5
/opt/airflow/dags/Flask_API.py                248  0.00s             0           1  0.04s           2026-02-09T17:02:43                       5
================================================================================
[2026-02-09T17:03:41.658+0000] {manager.py:821} INFO - Searching for files in /opt/airflow/dags
[2026-02-09T17:03:41.672+0000] {manager.py:824} INFO - There are 3 files in /opt/airflow/dags
[2026-02-09T17:03:43.401+0000] {manager.py:997} INFO - 
================================================================================
DAG File Processing Stats

File Path                                     PID  Runtime      # DAGs    # Errors  Last Runtime    Last Run               Last # of DB Queries
------------------------------------------  -----  ---------  --------  ----------  --------------  -------------------  ----------------------
/opt/airflow/dags/src/model_development.py                           0           0  0.72s           2026-02-09T17:03:24                       3
/opt/airflow/dags/main.py                     264  0.02s             0           1  0.05s           2026-02-09T17:03:13                       5
/opt/airflow/dags/Flask_API.py                265  0.00s             0           1  0.04s           2026-02-09T17:03:13                       5
================================================================================
[2026-02-09T17:04:13.796+0000] {manager.py:997} INFO - 
================================================================================
DAG File Processing Stats

File Path                                     PID  Runtime      # DAGs    # Errors  Last Runtime    Last Run               Last # of DB Queries
------------------------------------------  -----  ---------  --------  ----------  --------------  -------------------  ----------------------
/opt/airflow/dags/src/model_development.py                           0           0  0.68s           2026-02-09T17:03:55                       3
/opt/airflow/dags/main.py                     282  0.02s             0           1  0.06s           2026-02-09T17:03:43                       5
/opt/airflow/dags/Flask_API.py                283  0.00s             0           1  0.05s           2026-02-09T17:03:43                       5
================================================================================
[2026-02-09T17:04:43.938+0000] {manager.py:997} INFO - 
================================================================================
DAG File Processing Stats

File Path                                     PID  Runtime      # DAGs    # Errors  Last Runtime    Last Run               Last # of DB Queries
------------------------------------------  -----  ---------  --------  ----------  --------------  -------------------  ----------------------
/opt/airflow/dags/src/model_development.py                           0           0  0.75s           2026-02-09T17:04:26                       3
/opt/airflow/dags/main.py                     299  0.02s             0           1  0.06s           2026-02-09T17:04:13                       5
/opt/airflow/dags/Flask_API.py                300  0.00s             0           1  0.06s           2026-02-09T17:04:13                       5
================================================================================
[2026-02-09T17:05:14.107+0000] {manager.py:997} INFO - 
================================================================================
DAG File Processing Stats

File Path                                     PID  Runtime      # DAGs    # Errors  Last Runtime    Last Run               Last # of DB Queries
------------------------------------------  -----  ---------  --------  ----------  --------------  -------------------  ----------------------
/opt/airflow/dags/src/model_development.py                           0           0  0.78s           2026-02-09T17:04:57                       3
/opt/airflow/dags/main.py                     317  0.01s             0           1  0.04s           2026-02-09T17:04:43                       5
/opt/airflow/dags/Flask_API.py                318  0.00s             0           1  0.04s           2026-02-09T17:04:43                       5
================================================================================
[2026-02-09T17:05:35.044+0000] {manager.py:465} INFO - Exiting gracefully upon receiving signal 15
[2026-02-09T17:06:28.806+0000] {manager.py:483} INFO - Processing files using up to 2 processes at a time 
[2026-02-09T17:06:28.806+0000] {manager.py:484} INFO - Process each file at most once every 30 seconds
[2026-02-09T17:06:28.807+0000] {manager.py:485} INFO - Checking for new files in /opt/airflow/dags every 300 seconds
[2026-02-09T17:06:28.807+0000] {manager.py:821} INFO - Searching for files in /opt/airflow/dags
[2026-02-09T17:06:28.826+0000] {manager.py:824} INFO - There are 3 files in /opt/airflow/dags
[2026-02-09T17:06:28.915+0000] {manager.py:997} INFO - 
================================================================================
DAG File Processing Stats

File Path                                     PID  Runtime      # DAGs    # Errors  Last Runtime    Last Run      Last # of DB Queries
------------------------------------------  -----  ---------  --------  ----------  --------------  ----------  ----------------------
/opt/airflow/dags/main.py                      72  0.01s             0           0                                                   0
/opt/airflow/dags/Flask_API.py                 71  0.05s             0           0                                                   0
/opt/airflow/dags/src/model_development.py                           0           0                                                   0
================================================================================
[2026-02-09T17:06:58.982+0000] {manager.py:997} INFO - 
================================================================================
DAG File Processing Stats

File Path                                   PID    Runtime      # DAGs    # Errors  Last Runtime    Last Run               Last # of DB Queries
------------------------------------------  -----  ---------  --------  ----------  --------------  -------------------  ----------------------
/opt/airflow/dags/main.py                                            1           0  1.87s           2026-02-09T17:06:30                      45
/opt/airflow/dags/src/model_development.py                           0           0  1.45s           2026-02-09T17:06:30                       3
/opt/airflow/dags/Flask_API.py                                       1           0  0.26s           2026-02-09T17:06:29                      43
================================================================================
[2026-02-09T17:07:29.085+0000] {manager.py:997} INFO - 
================================================================================
DAG File Processing Stats

File Path                                   PID    Runtime      # DAGs    # Errors  Last Runtime    Last Run               Last # of DB Queries
------------------------------------------  -----  ---------  --------  ----------  --------------  -------------------  ----------------------
/opt/airflow/dags/main.py                                            1           0  0.90s           2026-02-09T17:07:01                      12
/opt/airflow/dags/src/model_development.py                           0           0  0.87s           2026-02-09T17:07:01                       3
/opt/airflow/dags/Flask_API.py                                       1           0  0.06s           2026-02-09T17:06:59                      10
================================================================================
[2026-02-09T17:07:59.264+0000] {manager.py:997} INFO - 
================================================================================
DAG File Processing Stats

File Path                                   PID    Runtime      # DAGs    # Errors  Last Runtime    Last Run               Last # of DB Queries
------------------------------------------  -----  ---------  --------  ----------  --------------  -------------------  ----------------------
/opt/airflow/dags/main.py                                            1           0  0.89s           2026-02-09T17:07:33                      12
/opt/airflow/dags/src/model_development.py                           0           0  0.77s           2026-02-09T17:07:32                       3
/opt/airflow/dags/Flask_API.py                                       1           0  0.07s           2026-02-09T17:07:30                      10
================================================================================
[2026-02-09T17:08:29.345+0000] {manager.py:997} INFO - 
================================================================================
DAG File Processing Stats

File Path                                   PID    Runtime      # DAGs    # Errors  Last Runtime    Last Run               Last # of DB Queries
------------------------------------------  -----  ---------  --------  ----------  --------------  -------------------  ----------------------
/opt/airflow/dags/main.py                                            1           0  0.83s           2026-02-09T17:08:04                      12
/opt/airflow/dags/src/model_development.py                           0           0  0.71s           2026-02-09T17:08:04                       3
/opt/airflow/dags/Flask_API.py                                       1           0  0.07s           2026-02-09T17:08:00                      10
================================================================================
[2026-02-09T17:08:59.463+0000] {manager.py:997} INFO - 
================================================================================
DAG File Processing Stats

File Path                                   PID    Runtime      # DAGs    # Errors  Last Runtime    Last Run               Last # of DB Queries
------------------------------------------  -----  ---------  --------  ----------  --------------  -------------------  ----------------------
/opt/airflow/dags/main.py                                            1           0  0.89s           2026-02-09T17:08:35                      12
/opt/airflow/dags/src/model_development.py                           0           0  0.78s           2026-02-09T17:08:35                       3
/opt/airflow/dags/Flask_API.py                                       1           0  0.06s           2026-02-09T17:08:30                      10
================================================================================
[2026-02-09T17:09:30.064+0000] {manager.py:997} INFO - 
================================================================================
DAG File Processing Stats

File Path                                   PID    Runtime      # DAGs    # Errors  Last Runtime    Last Run               Last # of DB Queries
------------------------------------------  -----  ---------  --------  ----------  --------------  -------------------  ----------------------
/opt/airflow/dags/main.py                                            1           0  1.29s           2026-02-09T17:09:06                      12
/opt/airflow/dags/src/model_development.py                           0           0  1.24s           2026-02-09T17:09:06                       3
/opt/airflow/dags/Flask_API.py                                       1           0  0.07s           2026-02-09T17:09:00                      10
================================================================================
[2026-02-09T17:10:00.494+0000] {manager.py:997} INFO - 
================================================================================
DAG File Processing Stats

File Path                                   PID    Runtime      # DAGs    # Errors  Last Runtime    Last Run               Last # of DB Queries
------------------------------------------  -----  ---------  --------  ----------  --------------  -------------------  ----------------------
/opt/airflow/dags/main.py                                            1           0  1.08s           2026-02-09T17:09:38                      12
/opt/airflow/dags/src/model_development.py                           0           0  1.07s           2026-02-09T17:09:38                       3
/opt/airflow/dags/Flask_API.py                                       1           0  0.07s           2026-02-09T17:09:31                      10
================================================================================
[2026-02-09T17:10:30.743+0000] {manager.py:997} INFO - 
================================================================================
DAG File Processing Stats

File Path                                   PID    Runtime      # DAGs    # Errors  Last Runtime    Last Run               Last # of DB Queries
------------------------------------------  -----  ---------  --------  ----------  --------------  -------------------  ----------------------
/opt/airflow/dags/main.py                                            1           0  0.92s           2026-02-09T17:10:09                      12
/opt/airflow/dags/src/model_development.py                           0           0  0.89s           2026-02-09T17:10:09                       3
/opt/airflow/dags/Flask_API.py                                       1           0  0.18s           2026-02-09T17:10:26                      10
================================================================================
[2026-02-09T17:11:01.318+0000] {manager.py:997} INFO - 
================================================================================
DAG File Processing Stats

File Path                                   PID    Runtime      # DAGs    # Errors  Last Runtime    Last Run               Last # of DB Queries
------------------------------------------  -----  ---------  --------  ----------  --------------  -------------------  ----------------------
/opt/airflow/dags/main.py                                            1           0  1.02s           2026-02-09T17:10:41                      12
/opt/airflow/dags/src/model_development.py                           0           0  0.97s           2026-02-09T17:10:40                       3
/opt/airflow/dags/Flask_API.py                                       1           0  0.15s           2026-02-09T17:10:34                      10
================================================================================
[2026-02-09T17:11:29.450+0000] {manager.py:821} INFO - Searching for files in /opt/airflow/dags
[2026-02-09T17:11:29.464+0000] {manager.py:824} INFO - There are 3 files in /opt/airflow/dags
[2026-02-09T17:11:31.495+0000] {manager.py:997} INFO - 
================================================================================
DAG File Processing Stats

File Path                                   PID    Runtime      # DAGs    # Errors  Last Runtime    Last Run               Last # of DB Queries
------------------------------------------  -----  ---------  --------  ----------  --------------  -------------------  ----------------------
/opt/airflow/dags/main.py                                            1           0  0.85s           2026-02-09T17:11:12                      12
/opt/airflow/dags/src/model_development.py                           0           0  0.81s           2026-02-09T17:11:12                       3
/opt/airflow/dags/Flask_API.py                                       1           0  0.08s           2026-02-09T17:11:26                      10
================================================================================
[2026-02-09T17:12:01.820+0000] {manager.py:997} INFO - 
================================================================================
DAG File Processing Stats

File Path                                   PID    Runtime      # DAGs    # Errors  Last Runtime    Last Run               Last # of DB Queries
------------------------------------------  -----  ---------  --------  ----------  --------------  -------------------  ----------------------
/opt/airflow/dags/main.py                                            1           0  0.91s           2026-02-09T17:11:43                      12
/opt/airflow/dags/src/model_development.py                           0           0  0.88s           2026-02-09T17:11:43                       3
/opt/airflow/dags/Flask_API.py                                       1           0  0.08s           2026-02-09T17:11:56                      10
================================================================================
[2026-02-09T17:12:32.025+0000] {manager.py:997} INFO - 
================================================================================
DAG File Processing Stats

File Path                                   PID    Runtime      # DAGs    # Errors  Last Runtime    Last Run               Last # of DB Queries
------------------------------------------  -----  ---------  --------  ----------  --------------  -------------------  ----------------------
/opt/airflow/dags/main.py                                            1           0  0.89s           2026-02-09T17:12:14                      12
/opt/airflow/dags/src/model_development.py                           0           0  0.82s           2026-02-09T17:12:14                       3
/opt/airflow/dags/Flask_API.py                                       1           0  0.09s           2026-02-09T17:12:27                      10
================================================================================
[2026-02-09T17:13:02.242+0000] {manager.py:997} INFO - 
================================================================================
DAG File Processing Stats

File Path                                   PID    Runtime      # DAGs    # Errors  Last Runtime    Last Run               Last # of DB Queries
------------------------------------------  -----  ---------  --------  ----------  --------------  -------------------  ----------------------
/opt/airflow/dags/main.py                                            1           0  0.87s           2026-02-09T17:12:46                      12
/opt/airflow/dags/src/model_development.py                           0           0  0.84s           2026-02-09T17:12:46                       3
/opt/airflow/dags/Flask_API.py                                       1           0  0.08s           2026-02-09T17:12:57                      10
================================================================================
[2026-02-09T17:13:32.383+0000] {manager.py:997} INFO - 
================================================================================
DAG File Processing Stats

File Path                                   PID    Runtime      # DAGs    # Errors  Last Runtime    Last Run               Last # of DB Queries
------------------------------------------  -----  ---------  --------  ----------  --------------  -------------------  ----------------------
/opt/airflow/dags/main.py                                            1           0  0.77s           2026-02-09T17:13:17                      12
/opt/airflow/dags/src/model_development.py                           0           0  0.74s           2026-02-09T17:13:17                       3
/opt/airflow/dags/Flask_API.py                                       1           0  0.08s           2026-02-09T17:13:27                      10
================================================================================
[2026-02-09T17:14:02.521+0000] {manager.py:997} INFO - 
================================================================================
DAG File Processing Stats

File Path                                   PID    Runtime      # DAGs    # Errors  Last Runtime    Last Run               Last # of DB Queries
------------------------------------------  -----  ---------  --------  ----------  --------------  -------------------  ----------------------
/opt/airflow/dags/main.py                                            1           0  0.79s           2026-02-09T17:13:48                      12
/opt/airflow/dags/src/model_development.py                           0           0  0.77s           2026-02-09T17:13:48                       3
/opt/airflow/dags/Flask_API.py                                       1           0  0.07s           2026-02-09T17:13:57                      10
================================================================================
[2026-02-09T17:14:32.622+0000] {manager.py:997} INFO - 
================================================================================
DAG File Processing Stats

File Path                                   PID    Runtime      # DAGs    # Errors  Last Runtime    Last Run               Last # of DB Queries
------------------------------------------  -----  ---------  --------  ----------  --------------  -------------------  ----------------------
/opt/airflow/dags/main.py                                            1           0  0.77s           2026-02-09T17:14:19                      12
/opt/airflow/dags/src/model_development.py                           0           0  0.74s           2026-02-09T17:14:19                       3
/opt/airflow/dags/Flask_API.py                                       1           0  0.07s           2026-02-09T17:14:27                      10
================================================================================
[2026-02-09T17:15:02.721+0000] {manager.py:997} INFO - 
================================================================================
DAG File Processing Stats

File Path                                   PID    Runtime      # DAGs    # Errors  Last Runtime    Last Run               Last # of DB Queries
------------------------------------------  -----  ---------  --------  ----------  --------------  -------------------  ----------------------
/opt/airflow/dags/main.py                                            1           0  0.84s           2026-02-09T17:14:50                      12
/opt/airflow/dags/src/model_development.py                           0           0  0.77s           2026-02-09T17:14:50                       3
/opt/airflow/dags/Flask_API.py                                       1           0  0.05s           2026-02-09T17:14:57                      10
================================================================================
[2026-02-09T17:15:32.887+0000] {manager.py:997} INFO - 
================================================================================
DAG File Processing Stats

File Path                                   PID    Runtime      # DAGs    # Errors  Last Runtime    Last Run               Last # of DB Queries
------------------------------------------  -----  ---------  --------  ----------  --------------  -------------------  ----------------------
/opt/airflow/dags/main.py                                            1           0  0.86s           2026-02-09T17:15:21                      12
/opt/airflow/dags/src/model_development.py                           0           0  0.80s           2026-02-09T17:15:21                       3
/opt/airflow/dags/Flask_API.py                                       1           0  0.08s           2026-02-09T17:15:27                      10
================================================================================
[2026-02-09T17:16:03.070+0000] {manager.py:997} INFO - 
================================================================================
DAG File Processing Stats

File Path                                   PID    Runtime      # DAGs    # Errors  Last Runtime    Last Run               Last # of DB Queries
------------------------------------------  -----  ---------  --------  ----------  --------------  -------------------  ----------------------
/opt/airflow/dags/main.py                                            1           0  0.86s           2026-02-09T17:15:52                      12
/opt/airflow/dags/src/model_development.py                           0           0  0.80s           2026-02-09T17:15:52                       3
/opt/airflow/dags/Flask_API.py                                       1           0  0.08s           2026-02-09T17:15:58                      10
================================================================================
[2026-02-09T17:16:26.106+0000] {manager.py:465} INFO - Exiting gracefully upon receiving signal 15
[2026-02-09T17:17:21.464+0000] {manager.py:483} INFO - Processing files using up to 2 processes at a time 
[2026-02-09T17:17:21.464+0000] {manager.py:484} INFO - Process each file at most once every 30 seconds
[2026-02-09T17:17:21.465+0000] {manager.py:485} INFO - Checking for new files in /opt/airflow/dags every 300 seconds
[2026-02-09T17:17:21.465+0000] {manager.py:821} INFO - Searching for files in /opt/airflow/dags
[2026-02-09T17:17:21.473+0000] {manager.py:824} INFO - There are 3 files in /opt/airflow/dags
[2026-02-09T17:17:21.550+0000] {manager.py:997} INFO - 
================================================================================
DAG File Processing Stats

File Path                                     PID  Runtime      # DAGs    # Errors  Last Runtime    Last Run      Last # of DB Queries
------------------------------------------  -----  ---------  --------  ----------  --------------  ----------  ----------------------
/opt/airflow/dags/main.py                      74  0.01s             0           0                                                   0
/opt/airflow/dags/Flask_API.py                 73  0.04s             0           0                                                   0
/opt/airflow/dags/src/model_development.py                           0           0                                                   0
================================================================================
[2026-02-09T17:17:51.633+0000] {manager.py:997} INFO - 
================================================================================
DAG File Processing Stats

File Path                                   PID    Runtime      # DAGs    # Errors  Last Runtime    Last Run               Last # of DB Queries
------------------------------------------  -----  ---------  --------  ----------  --------------  -------------------  ----------------------
/opt/airflow/dags/main.py                                            1           0  1.96s           2026-02-09T17:17:23                      45
/opt/airflow/dags/src/model_development.py                           0           0  1.54s           2026-02-09T17:17:23                       3
/opt/airflow/dags/Flask_API.py                                       1           0  0.28s           2026-02-09T17:17:21                      43
================================================================================
[2026-02-09T17:18:21.794+0000] {manager.py:997} INFO - 
================================================================================
DAG File Processing Stats

File Path                                   PID    Runtime      # DAGs    # Errors  Last Runtime    Last Run               Last # of DB Queries
------------------------------------------  -----  ---------  --------  ----------  --------------  -------------------  ----------------------
/opt/airflow/dags/main.py                                            1           0  0.91s           2026-02-09T17:17:54                      12
/opt/airflow/dags/src/model_development.py                           0           0  0.87s           2026-02-09T17:17:54                       3
/opt/airflow/dags/Flask_API.py                                       1           0  0.06s           2026-02-09T17:17:52                      10
================================================================================
[2026-02-09T17:18:52.201+0000] {manager.py:997} INFO - 
================================================================================
DAG File Processing Stats

File Path                                   PID    Runtime      # DAGs    # Errors  Last Runtime    Last Run               Last # of DB Queries
------------------------------------------  -----  ---------  --------  ----------  --------------  -------------------  ----------------------
/opt/airflow/dags/main.py                                            1           0  1.10s           2026-02-09T17:18:25                      12
/opt/airflow/dags/src/model_development.py                           0           0  0.96s           2026-02-09T17:18:25                       3
/opt/airflow/dags/Flask_API.py                                       1           0  0.07s           2026-02-09T17:18:22                      10
================================================================================
[2026-02-09T17:19:22.389+0000] {manager.py:997} INFO - 
================================================================================
DAG File Processing Stats

File Path                                   PID    Runtime      # DAGs    # Errors  Last Runtime    Last Run               Last # of DB Queries
------------------------------------------  -----  ---------  --------  ----------  --------------  -------------------  ----------------------
/opt/airflow/dags/main.py                                            1           0  0.92s           2026-02-09T17:18:57                      12
/opt/airflow/dags/src/model_development.py                           0           0  0.79s           2026-02-09T17:18:57                       3
/opt/airflow/dags/Flask_API.py                                       1           0  0.09s           2026-02-09T17:18:53                      10
================================================================================
[2026-02-09T17:19:52.453+0000] {manager.py:997} INFO - 
================================================================================
DAG File Processing Stats

File Path                                   PID    Runtime      # DAGs    # Errors  Last Runtime    Last Run               Last # of DB Queries
------------------------------------------  -----  ---------  --------  ----------  --------------  -------------------  ----------------------
/opt/airflow/dags/main.py                                            1           0  0.86s           2026-02-09T17:19:28                      12
/opt/airflow/dags/src/model_development.py                           0           0  0.73s           2026-02-09T17:19:28                       3
/opt/airflow/dags/Flask_API.py                                       1           0  0.05s           2026-02-09T17:19:23                      10
================================================================================
[2026-02-09T17:20:18.601+0000] {manager.py:465} INFO - Exiting gracefully upon receiving signal 15
[2026-02-09T17:23:51.107+0000] {manager.py:483} INFO - Processing files using up to 2 processes at a time 
[2026-02-09T17:23:51.107+0000] {manager.py:484} INFO - Process each file at most once every 30 seconds
[2026-02-09T17:23:51.108+0000] {manager.py:485} INFO - Checking for new files in /opt/airflow/dags every 300 seconds
[2026-02-09T17:23:51.108+0000] {manager.py:821} INFO - Searching for files in /opt/airflow/dags
[2026-02-09T17:23:51.117+0000] {manager.py:824} INFO - There are 3 files in /opt/airflow/dags
[2026-02-09T17:23:51.196+0000] {manager.py:997} INFO - 
================================================================================
DAG File Processing Stats

File Path                                     PID  Runtime      # DAGs    # Errors  Last Runtime    Last Run      Last # of DB Queries
------------------------------------------  -----  ---------  --------  ----------  --------------  ----------  ----------------------
/opt/airflow/dags/main.py                      76  0.01s             0           0                                                   0
/opt/airflow/dags/Flask_API.py                 75  0.04s             0           0                                                   0
/opt/airflow/dags/src/model_development.py                           0           0                                                   0
================================================================================
[2026-02-09T17:24:21.544+0000] {manager.py:997} INFO - 
================================================================================
DAG File Processing Stats

File Path                                     PID  Runtime      # DAGs    # Errors  Last Runtime    Last Run               Last # of DB Queries
------------------------------------------  -----  ---------  --------  ----------  --------------  -------------------  ----------------------
/opt/airflow/dags/main.py                                            1           0  2.20s           2026-02-09T17:23:53                      12
/opt/airflow/dags/src/model_development.py                           0           0  1.98s           2026-02-09T17:23:53                       3
/opt/airflow/dags/Flask_API.py                102  0.01s             1           0  0.09s           2026-02-09T17:23:51                      10
================================================================================
[2026-02-09T17:24:51.708+0000] {manager.py:997} INFO - 
================================================================================
DAG File Processing Stats

File Path                                     PID  Runtime      # DAGs    # Errors  Last Runtime    Last Run               Last # of DB Queries
------------------------------------------  -----  ---------  --------  ----------  --------------  -------------------  ----------------------
/opt/airflow/dags/main.py                                            1           0  0.85s           2026-02-09T17:24:24                      12
/opt/airflow/dags/src/model_development.py                           0           0  0.82s           2026-02-09T17:24:24                       3
/opt/airflow/dags/Flask_API.py                133  0.00s             1           0  0.07s           2026-02-09T17:24:21                      10
================================================================================
[2026-02-09T17:25:21.867+0000] {manager.py:997} INFO - 
================================================================================
DAG File Processing Stats

File Path                                     PID  Runtime      # DAGs    # Errors  Last Runtime    Last Run               Last # of DB Queries
------------------------------------------  -----  ---------  --------  ----------  --------------  -------------------  ----------------------
/opt/airflow/dags/main.py                                            1           0  0.88s           2026-02-09T17:24:55                      12
/opt/airflow/dags/src/model_development.py                           0           0  0.77s           2026-02-09T17:24:55                       3
/opt/airflow/dags/Flask_API.py                159  0.00s             1           0  0.12s           2026-02-09T17:24:51                      10
================================================================================
[2026-02-09T17:25:52.080+0000] {manager.py:997} INFO - 
================================================================================
DAG File Processing Stats

File Path                                     PID  Runtime      # DAGs    # Errors  Last Runtime    Last Run               Last # of DB Queries
------------------------------------------  -----  ---------  --------  ----------  --------------  -------------------  ----------------------
/opt/airflow/dags/main.py                                            1           0  0.91s           2026-02-09T17:25:26                      12
/opt/airflow/dags/src/model_development.py                           0           0  0.77s           2026-02-09T17:25:26                       3
/opt/airflow/dags/Flask_API.py                186  0.01s             1           0  0.07s           2026-02-09T17:25:21                      10
================================================================================
[2026-02-09T17:26:22.241+0000] {manager.py:997} INFO - 
================================================================================
DAG File Processing Stats

File Path                                     PID  Runtime      # DAGs    # Errors  Last Runtime    Last Run               Last # of DB Queries
------------------------------------------  -----  ---------  --------  ----------  --------------  -------------------  ----------------------
/opt/airflow/dags/main.py                                            1           0  0.81s           2026-02-09T17:25:58                      12
/opt/airflow/dags/src/model_development.py                           0           0  0.70s           2026-02-09T17:25:57                       3
/opt/airflow/dags/Flask_API.py                213  0.00s             1           0  0.09s           2026-02-09T17:25:52                      10
================================================================================
[2026-02-09T17:26:52.328+0000] {manager.py:997} INFO - 
================================================================================
DAG File Processing Stats

File Path                                     PID  Runtime      # DAGs    # Errors  Last Runtime    Last Run               Last # of DB Queries
------------------------------------------  -----  ---------  --------  ----------  --------------  -------------------  ----------------------
/opt/airflow/dags/main.py                                            1           0  0.82s           2026-02-09T17:26:29                      12
/opt/airflow/dags/src/model_development.py                           0           0  0.76s           2026-02-09T17:26:29                       3
/opt/airflow/dags/Flask_API.py                240  0.00s             1           0  0.06s           2026-02-09T17:26:22                      10
================================================================================
[2026-02-09T17:27:22.766+0000] {manager.py:997} INFO - 
================================================================================
DAG File Processing Stats

File Path                                     PID  Runtime      # DAGs    # Errors  Last Runtime    Last Run               Last # of DB Queries
------------------------------------------  -----  ---------  --------  ----------  --------------  -------------------  ----------------------
/opt/airflow/dags/main.py                                            1           0  1.14s           2026-02-09T17:27:00                      12
/opt/airflow/dags/src/model_development.py                           0           0  1.10s           2026-02-09T17:27:00                       3
/opt/airflow/dags/Flask_API.py                273  0.01s             1           0  0.07s           2026-02-09T17:26:52                      10
================================================================================
[2026-02-09T17:27:52.999+0000] {manager.py:997} INFO - 
================================================================================
DAG File Processing Stats

File Path                                     PID  Runtime      # DAGs    # Errors  Last Runtime    Last Run               Last # of DB Queries
------------------------------------------  -----  ---------  --------  ----------  --------------  -------------------  ----------------------
/opt/airflow/dags/main.py                                            1           0  0.92s           2026-02-09T17:27:31                      12
/opt/airflow/dags/src/model_development.py                           0           0  0.88s           2026-02-09T17:27:31                       3
/opt/airflow/dags/Flask_API.py                300  0.00s             1           0  0.19s           2026-02-09T17:27:22                      10
================================================================================
[2026-02-09T17:28:12.085+0000] {manager.py:465} INFO - Exiting gracefully upon receiving signal 15
